#
# A fatal error has been detected by the Java Runtime Environment:
#
#  EXCEPTION_ACCESS_VIOLATION (0xc0000005) at pc=0x00007ffe0ec864f7, pid=105916, tid=104860
#
# JRE version: Java(TM) SE Runtime Environment (23.0+37) (build 23+37-2369)
# Java VM: Java HotSpot(TM) 64-Bit Server VM (23+37-2369, mixed mode, sharing, tiered, compressed oops, compressed class ptrs, g1 gc, windows-amd64)
# Problematic frame:
# C  [glass.dll+0x264f7]
#
# No core dump will be written. Minidumps are not enabled by default on client versions of Windows
#
# If you would like to submit a bug report, please visit:
#   https://bugreport.java.com/bugreport/crash.jsp
#

---------------  S U M M A R Y ------------

Command Line: -javaagent:C:\Program Files\JetBrains\IntelliJ IDEA 2024.3.3\lib\idea_rt.jar=49856 -Dfile.encoding=UTF-8 -Dsun.stdout.encoding=UTF-8 -Dsun.stderr.encoding=UTF-8 --module-path=C:\Users\andre\.m2\repository\org\openjfx\javafx-web\17.0.6\javafx-web-17.0.6-win.jar;C:\Users\andre\.m2\repository\eu\hansolo\tilesfx\21.0.3\tilesfx-21.0.3.jar;C:\Users\andre\.m2\repository\org\controlsfx\controlsfx\11.2.1\controlsfx-11.2.1.jar;C:\Users\andre\.m2\repository\eu\hansolo\toolbox\21.0.5\toolbox-21.0.5.jar;C:\Users\andre\.m2\repository\org\openjfx\javafx-graphics\21.0.2\javafx-graphics-21.0.2-win.jar;C:\Users\andre\Desktop\PROJ_2\DesktopApp\target\classes;C:\Users\andre\.m2\repository\org\openjfx\javafx-swing\17.0.6\javafx-swing-17.0.6-win.jar;C:\Users\andre\.m2\repository\org\jetbrains\kotlin\kotlin-stdlib\1.8.10\kotlin-stdlib-1.8.10.jar;C:\Users\andre\.m2\repository\com\github\almasb\fxgl-scene\17.3\fxgl-scene-17.3.jar;C:\Users\andre\.m2\repository\com\github\almasb\fxgl-core\17.3\fxgl-core-17.3.jar;C:\Users\andre\.m2\repository\eu\hansolo\fx\countries\21.0.3\countries-21.0.3.jar;C:\Users\andre\.m2\repository\jakarta\validation\jakarta.validation-api\3.1.1\jakarta.validation-api-3.1.1.jar;C:\Users\andre\.m2\repository\net\synedra\validatorfx\0.5.0\validatorfx-0.5.0.jar;C:\Users\andre\.m2\repository\com\gluonhq\attach\lifecycle\4.0.17\lifecycle-4.0.17.jar;C:\Users\andre\.m2\repository\com\dlsc\formsfx\formsfx-core\11.6.0\formsfx-core-11.6.0.jar;C:\Users\andre\.m2\repository\eu\hansolo\toolboxfx\21.0.3\toolboxfx-21.0.3.jar;C:\Users\andre\.m2\repository\com\github\almasb\fxgl-gameplay\17.3\fxgl-gameplay-17.3.jar;C:\Users\andre\.m2\repository\com\gluonhq\attach\util\4.0.17\util-4.0.17.jar;C:\Users\andre\.m2\repository\com\gluonhq\attach\audio\4.0.17\audio-4.0.17.jar;C:\Users\andre\.m2\repository\org\kordamp\bootstrapfx\bootstrapfx-core\0.4.0\bootstrapfx-core-0.4.0.jar;C:\Users\andre\.m2\repository\com\github\almasb\fxgl-io\17.3\fxgl-io-17.3.jar;C:\Users\andre\.m2\repository\org\kordamp\ikonli\ikonli-javafx\12.3.1\ikonli-javafx-12.3.1.jar;C:\Users\andre\.m2\repository\org\openjfx\javafx-base\21.0.2\javafx-base-21.0.2-win.jar;C:\Users\andre\.-Djdk.module.main=com.dashboard.desktopapp com.dashboard.desktopapp/com.dashboard.desktopapp.StartApplication

Host: 13th Gen Intel(R) Core(TM) i7-13700H, 20 cores, 31G,  Windows 11 , 64 bit Build 26100 (10.0.26100.3775)
Time: Mon Apr 28 11:36:09 2025 Hora de Verão de GMT elapsed time: 94.840544 seconds (0d 0h 1m 34s)

---------------  T H R E A D  ---------------

Current thread (0x00000253b33bc3e0):  VMThread "VM Thread"          [id=104860, stack(0x000000b614500000,0x000000b614600000) (1024K)]

Stack: [0x000000b614500000,0x000000b614600000],  sp=0x000000b6145fee30,  free space=1019k
Native frames: (J=compiled Java code, j=interpreted, Vv=VM code, C=native code)
C  [glass.dll+0x264f7]  (no source info available)
C  [ucrtbase.dll+0x4bc75]  (no source info available)
C  [ucrtbase.dll+0x4b897]  (no source info available)
C  [ucrtbase.dll+0x4b84d]  (no source info available)
C  [glass.dll+0x23ccd]  (no source info available)
C  [glass.dll+0x23df2]  (no source info available)
C  [ntdll.dll+0x38830]  (no source info available)
C  [ntdll.dll+0xb24f0]  (no source info available)
C  [ntdll.dll+0xb16b4]  (no source info available)
C  [KERNEL32.DLL+0x418ab]  (no source info available)
C  [ucrtbase.dll+0xa0093]  (no source info available)
V  [jvm.dll+0x6d98fc]  (no source info available)
V  [jvm.dll+0x6d9430]  (no source info available)
V  [jvm.dll+0x3da534]  (no source info available)
V  [jvm.dll+0x886500]  (no source info available)
V  [jvm.dll+0x887827]  (no source info available)
V  [jvm.dll+0x887d58]  (no source info available)
V  [jvm.dll+0x887ff3]  (no source info available)
V  [jvm.dll+0x824f1b]  (no source info available)
V  [jvm.dll+0x6df055]  (no source info available)
C  [ucrtbase.dll+0x37b0]  (no source info available)
C  [KERNEL32.DLL+0x2e8d7]  (no source info available)
C  [ntdll.dll+0xb14fc]  (no source info available)


siginfo: EXCEPTION_ACCESS_VIOLATION (0xc0000005), reading address 0x0000000000000000


Registers:
RAX=0x0000000000000000, RBX=0x00000253b03b9e82, RCX=0x00000253b33bc3e0, RDX=0x000000b6145fee30
RSP=0x000000b6145fee30, RBP=0x00004a9b99259bb5, RSI=0x00000253fa283b48, RDI=0x00000253fa283b20
R8 =0x0000000000010002, R9 =0x00004a9b99259bb5, R10=0x000002538b990e10, R11=0x00000253fa0986a0
R12=0x0000000000000001, R13=0x000000007ffe0385, R14=0x000000b6145fef38, R15=0x00000253fa283b20
RIP=0x00007ffe0ec864f7, EFLAGS=0x0000000000010206


Register to memory mapping:

RAX=0x0 is null
RBX=0x00000253b03b9e82 is a global jni handle
RCX=0x00000253b33bc3e0 points into unknown readable memory: 0x00007ffd885ef698 | 98 f6 5e 88 fd 7f 00 00
RDX=0x000000b6145fee30 points into unknown readable memory: 0x0000000000000000 | 00 00 00 00 00 00 00 00
RSP=0x000000b6145fee30 points into unknown readable memory: 0x0000000000000000 | 00 00 00 00 00 00 00 00
RBP=0x00004a9b99259bb5 is an unknown value
RSI=0x00000253fa283b48 points into unknown readable memory: 0x00004a9b99259bb5 | b5 9b 25 99 9b 4a 00 00
RDI=0x00000253fa283b20 points into unknown readable memory: 0x2b004a9466e442b2 | b2 42 e4 66 94 4a 00 2b
R8 =0x0000000000010002 is an unknown value
R9 =0x00004a9b99259bb5 is an unknown value
R10=0x000002538b990e10 points into unknown readable memory: 0x000000000200001e | 1e 00 00 02 00 00 00 00
R11=0x00000253fa0986a0 points into unknown readable memory: 0x00000253fa06cbc0 | c0 cb 06 fa 53 02 00 00
R12=0x0000000000000001 is an unknown value
R13=0x000000007ffe0385 points into unknown readable memory: 00 00 00
R14=0x000000b6145fef38 points into unknown readable memory: 0x000000b6145fef20 | 20 ef 5f 14 b6 00 00 00
R15=0x00000253fa283b20 points into unknown readable memory: 0x2b004a9466e442b2 | b2 42 e4 66 94 4a 00 2b

Top of Stack: (sp=0x000000b6145fee30)
0x000000b6145fee30:   0000000000000000 0000025300000000
0x000000b6145fee40:   00000253fa097220 0000000000000001
0x000000b6145fee50:   00000253fa283b28 00007ffe24a0bc75
0x000000b6145fee60:   00000253fa283b20 0000025300000000
0x000000b6145fee70:   00000253fa283b40 00004a9b99259bb5
0x000000b6145fee80:   fffffffffffffffe 000000b6145fef08
0x000000b6145fee90:   00007ffe0ec60000 00007ffe0ec60000
0x000000b6145feea0:   000000b6145fef28 00007ffe24a0b897
0x000000b6145feeb0:   000000b6145fef00 000000b6145fef38
0x000000b6145feec0:   000000b6145ff460 00007ffe24af88c0
0x000000b6145feed0:   0000000000000001 00007ffe24a0b84d
0x000000b6145feee0:   0000000000000000 0000000000000001
0x000000b6145feef0:   00007ffe0b1e7720 000000b6145fef28
0x000000b6145fef00:   fffffffffffffffe 000000b6145feef0
0x000000b6145fef10:   0000000000000000 00007ffe0ec83ccd
0x000000b6145fef20:   00007ffe0ec9a008 0000000000000002
0x000000b6145fef30:   0000000000000002 000000b6145fef20
0x000000b6145fef40:   0000000000000000 00007ffe25170000
0x000000b6145fef50:   0000000000000000 00007ffe0ec83df2
0x000000b6145fef60:   0000000000000001 000000b6145ff460
0x000000b6145fef70:   0000000000000001 0000000000000000
0x000000b6145fef80:   00007ffe24016540 0000000000000000
0x000000b6145fef90:   0000000000000001 00000000000000bc
0x000000b6145fefa0:   0000000000000000 0000000000000001
0x000000b6145fefb0:   00007ffe0ec83e40 00007ffe27698830
0x000000b6145fefc0:   00007ffe0ec60000 00007ffe00000000
0x000000b6145fefd0:   0000000000000001 000000007ffe0384
0x000000b6145fefe0:   000000000000008d 0000000000000000
0x000000b6145feff0:   0000000000000000 0000000000000000
0x000000b6145ff000:   00007ffe0ec60000 fffffc0f00000000
0x000000b6145ff010:   00000000000000ba 0000000000000000
0x000000b6145ff020:   0000000000000000 000002538bf066d0 

Instructions: (pc=0x00007ffe0ec864f7)
0x00007ffe0ec863f7:   8b 4d 58 e8 8d cf ff ff 48 8b 4d 60 e8 84 cf ff
0x00007ffe0ec86407:   ff 48 8b 95 80 00 00 00 48 8b 8d 18 01 00 00 e8
0x00007ffe0ec86417:   76 c4 ff ff 33 d2 33 c9 e8 cc e1 ff ff 90 48 89
0x00007ffe0ec86427:   54 24 10 55 48 83 ec 20 48 8b ea 48 b8 00 00 00
0x00007ffe0ec86437:   00 00 00 00 00 48 83 c4 20 5d c3 cc 40 55 48 8b
0x00007ffe0ec86447:   ea 48 8b 01 33 c9 81 38 05 00 00 c0 0f 94 c1 8b
0x00007ffe0ec86457:   c1 5d c3 cc 40 55 48 83 ec 20 48 8b ea 8a 4d 40
0x00007ffe0ec86467:   48 83 c4 20 5d e9 73 d3 ff ff cc 40 55 48 83 ec
0x00007ffe0ec86477:   20 48 8b ea 8a 4d 20 e8 61 d3 ff ff 90 48 83 c4
0x00007ffe0ec86487:   20 5d c3 cc 40 55 48 83 ec 20 48 8b ea 48 83 c4
0x00007ffe0ec86497:   20 5d e9 c2 d1 ff ff cc 40 55 48 83 ec 30 48 8b
0x00007ffe0ec864a7:   ea 48 8b 01 8b 10 48 89 4c 24 28 89 54 24 20 4c
0x00007ffe0ec864b7:   8d 0d 63 d6 ff ff 4c 8b 45 70 8b 55 68 48 8b 4d
0x00007ffe0ec864c7:   60 e8 03 d1 ff ff 90 48 83 c4 30 5d c3 cc cc cc
0x00007ffe0ec864d7:   cc cc cc cc cc cc cc cc cc 40 53 48 83 ec 20 48
0x00007ffe0ec864e7:   8b 1d 1b 35 01 00 48 85 db 74 16 e8 89 8f ff ff
0x00007ffe0ec864f7:   4c 8b 00 48 8b d3 48 8b c8 41 ff 90 b0 00 00 00
0x00007ffe0ec86507:   90 48 83 c4 20 5b c3 cc cc 40 53 48 83 ec 20 48
0x00007ffe0ec86517:   8b 1d 8b 36 01 00 48 85 db 74 57 b8 ff ff ff ff
0x00007ffe0ec86527:   f0 0f c1 43 10 83 f8 01 75 3d 48 85 db 74 38 48
0x00007ffe0ec86537:   8b 0b 48 85 c9 74 0d ff 15 64 0d 00 00 48 c7 03
0x00007ffe0ec86547:   00 00 00 00 48 8b 4b 08 48 85 c9 74 0d e8 33 ce
0x00007ffe0ec86557:   ff ff 48 c7 43 08 00 00 00 00 ba 18 00 00 00 48
0x00007ffe0ec86567:   8b cb e8 1e ce ff ff 48 c7 05 2f 36 01 00 00 00
0x00007ffe0ec86577:   00 00 48 83 c4 20 5b c3 cc 40 53 48 83 ec 20 48
0x00007ffe0ec86587:   8b 1d fb 35 01 00 48 85 db 74 57 b8 ff ff ff ff
0x00007ffe0ec86597:   f0 0f c1 43 10 83 f8 01 75 3d 48 85 db 74 38 48
0x00007ffe0ec865a7:   8b 0b 48 85 c9 74 0d ff 15 f4 0c 00 00 48 c7 03
0x00007ffe0ec865b7:   00 00 00 00 48 8b 4b 08 48 85 c9 74 0d e8 c3 cd
0x00007ffe0ec865c7:   ff ff 48 c7 43 08 00 00 00 00 ba 18 00 00 00 48
0x00007ffe0ec865d7:   8b cb e8 ae cd ff ff 48 c7 05 9f 35 01 00 00 00
0x00007ffe0ec865e7:   00 00 48 83 c4 20 5b c3 cc 40 53 48 83 ec 20 48 


Stack slot to memory mapping:

stack at sp + 0 slots: 0x0 is null
stack at sp + 1 slots: 0x0000025300000000 is an unknown value
stack at sp + 2 slots: 0x00000253fa097220 points into unknown readable memory: 0x00000253fa02a710 | 10 a7 02 fa 53 02 00 00
stack at sp + 3 slots: 0x0000000000000001 is an unknown value
stack at sp + 4 slots: 0x00000253fa283b28 points into unknown readable memory: 0x00004a9b99259bb5 | b5 9b 25 99 9b 4a 00 00
stack at sp + 5 slots: 0x00007ffe24a0bc75 ucrtbase.dll
stack at sp + 6 slots: 0x00000253fa283b20 points into unknown readable memory: 0x2b004a9466e442b2 | b2 42 e4 66 94 4a 00 2b
stack at sp + 7 slots: 0x0000025300000000 is an unknown value

VM_Operation (0x000000b613bfeec0): Exit, mode: safepoint, requested by thread 0x00000253851a09f0


---------------  P R O C E S S  ---------------

Threads class SMR info:
_java_thread_list=0x00000254294b86e0, length=23, elements={
0x000002538be26850, 0x00000253b33d1d10, 0x00000253b33d3690, 0x00000253b33d8f00,
0x00000253b33d9960, 0x00000253b33db0e0, 0x00000253b33e1db0, 0x00000253b33e8b00,
0x00000253b35a8ac0, 0x00000253f9f89bd0, 0x00000253f94fb3a0, 0x00000253b3927a90,
0x00000253b3eb21f0, 0x00000253fa9bd810, 0x00000253fa9bc940, 0x00000253fa3fbe60,
0x00000253f9a5c040, 0x00000253fa950b60, 0x00000253fa94ea90, 0x00000253fa94d6e0,
0x00000253fa94f7b0, 0x00000253fa94f120, 0x00000253851a09f0
}

Java Threads: ( => current thread )
  0x000002538be26850 JavaThread "main"                              [_thread_blocked, id=58824, stack(0x000000b613e00000,0x000000b613f00000) (1024K)]
  0x00000253b33d1d10 JavaThread "Reference Handler"          daemon [_thread_blocked, id=105348, stack(0x000000b614600000,0x000000b614700000) (1024K)]
  0x00000253b33d3690 JavaThread "Finalizer"                  daemon [_thread_blocked, id=106436, stack(0x000000b614700000,0x000000b614800000) (1024K)]
  0x00000253b33d8f00 JavaThread "Attach Listener"            daemon [_thread_blocked, id=91856, stack(0x000000b614900000,0x000000b614a00000) (1024K)]
  0x00000253b33d9960 JavaThread "Service Thread"             daemon [_thread_blocked, id=106420, stack(0x000000b614a00000,0x000000b614b00000) (1024K)]
  0x00000253b33db0e0 JavaThread "Monitor Deflation Thread"   daemon [_thread_blocked, id=105820, stack(0x000000b614b00000,0x000000b614c00000) (1024K)]
  0x00000253b33e1db0 JavaThread "C2 CompilerThread0"         daemon [_thread_blocked, id=104548, stack(0x000000b614c00000,0x000000b614d00000) (1024K)]
  0x00000253b33e8b00 JavaThread "C1 CompilerThread0"         daemon [_thread_blocked, id=84332, stack(0x000000b614d00000,0x000000b614e00000) (1024K)]
  0x00000253b35a8ac0 JavaThread "Common-Cleaner"             daemon [_thread_blocked, id=59932, stack(0x000000b614f00000,0x000000b615000000) (1024K)]
  0x00000253f9f89bd0 JavaThread "Monitor Ctrl-Break"         daemon [_thread_in_native, id=96584, stack(0x000000b615900000,0x000000b615a00000) (1024K)]
  0x00000253f94fb3a0 JavaThread "Notification Thread"        daemon [_thread_blocked, id=13844, stack(0x000000b615a00000,0x000000b615b00000) (1024K)]
  0x00000253b3927a90 JavaThread "QuantumRenderer-0"          daemon [_thread_blocked, id=95820, stack(0x000000b616600000,0x000000b616700000) (1024K)]
  0x00000253b3eb21f0 JavaThread "RMI TCP Accept-0"           daemon [_thread_in_native, id=14880, stack(0x000000b616700000,0x000000b616800000) (1024K)]
  0x00000253fa9bd810 JavaThread "RMI TCP Connection(1)-172.25.16.1" daemon [_thread_blocked, id=102192, stack(0x000000b616800000,0x000000b616900000) (1024K)]
  0x00000253fa9bc940 JavaThread "RMI Scheduler(0)"           daemon [_thread_blocked, id=95828, stack(0x000000b616900000,0x000000b616a00000) (1024K)]
  0x00000253fa3fbe60 JavaThread "JMX server connection timeout 47" daemon [_thread_blocked, id=95300, stack(0x000000b616a00000,0x000000b616b00000) (1024K)]
  0x00000253f9a5c040 JavaThread "InvokeLaterDispatcher"      daemon [_thread_blocked, id=104700, stack(0x000000b616b00000,0x000000b616c00000) (1024K)]
  0x00000253fa950b60 JavaThread "JavaFX Application Thread"         [_thread_in_native, id=88240, stack(0x000000b616c00000,0x000000b616d00000) (1024K)]
  0x00000253fa94ea90 JavaThread "JavaFX-Launcher"                   [_thread_blocked, id=104208, stack(0x000000b615300000,0x000000b615400000) (1024K)]
  0x00000253fa94d6e0 JavaThread "Thread-2"                   daemon [_thread_in_native, id=91580, stack(0x000000b615200000,0x000000b615300000) (1024K)]
  0x00000253fa94f7b0 JavaThread "Prism Font Disposer"        daemon [_thread_blocked, id=86008, stack(0x000000b614e00000,0x000000b614f00000) (1024K)]
  0x00000253fa94f120 JavaThread "Cleaner-0"                  daemon [_thread_blocked, id=103728, stack(0x000000b618900000,0x000000b618a00000) (1024K)]
  0x00000253851a09f0 JavaThread "SIGINT handler"             daemon [_thread_blocked, id=82988, stack(0x000000b613b00000,0x000000b613c00000) (1024K)]
Total: 23

Other Threads:
=>0x00000253b33bc3e0 VMThread "VM Thread"                           [id=104860, stack(0x000000b614500000,0x000000b614600000) (1024K)]
  0x000002538be8da60 WorkerThread "GC Thread#0"                     [id=102980, stack(0x000000b613f00000,0x000000b614000000) (1024K)]
  0x00000253f9cb4e40 WorkerThread "GC Thread#1"                     [id=102704, stack(0x000000b615b00000,0x000000b615c00000) (1024K)]
  0x00000253f9cb51f0 WorkerThread "GC Thread#2"                     [id=99628, stack(0x000000b615c00000,0x000000b615d00000) (1024K)]
  0x00000253fa5a5040 WorkerThread "GC Thread#3"                     [id=99784, stack(0x000000b615d00000,0x000000b615e00000) (1024K)]
  0x00000253fa5a53f0 WorkerThread "GC Thread#4"                     [id=92668, stack(0x000000b615e00000,0x000000b615f00000) (1024K)]
  0x00000253fa7e3250 WorkerThread "GC Thread#5"                     [id=101352, stack(0x000000b615f00000,0x000000b616000000) (1024K)]
  0x00000253fa7e3600 WorkerThread "GC Thread#6"                     [id=95384, stack(0x000000b616000000,0x000000b616100000) (1024K)]
  0x00000253fa7e39b0 WorkerThread "GC Thread#7"                     [id=87512, stack(0x000000b616100000,0x000000b616200000) (1024K)]
  0x00000253f99da010 WorkerThread "GC Thread#8"                     [id=105224, stack(0x000000b616200000,0x000000b616300000) (1024K)]
  0x00000253f99da7d0 WorkerThread "GC Thread#9"                     [id=104936, stack(0x000000b616300000,0x000000b616400000) (1024K)]
  0x00000253f99dab80 WorkerThread "GC Thread#10"                    [id=105532, stack(0x000000b616400000,0x000000b616500000) (1024K)]
  0x00000253fa607c00 WorkerThread "GC Thread#11"                    [id=85508, stack(0x000000b616500000,0x000000b616600000) (1024K)]
  0x00000253fa069a70 WorkerThread "GC Thread#12"                    [id=73408, stack(0x000000b615500000,0x000000b615600000) (1024K)]
  0x00000253fa0696c0 WorkerThread "GC Thread#13"                    [id=104304, stack(0x000000b615600000,0x000000b615700000) (1024K)]
  0x00000253fa06a1d0 WorkerThread "GC Thread#14"                    [id=104524, stack(0x000000b615700000,0x000000b615800000) (1024K)]
  0x000002538bea2550 ConcurrentGCThread "G1 Main Marker"            terminated
  0x000002538bea3f80 WorkerThread "G1 Conc#0"                       [id=68884, stack(0x000000b614100000,0x000000b614200000) (1024K)]
  0x00000253fa06a580 WorkerThread "G1 Conc#1"                       [id=105860, stack(0x000000b615800000,0x000000b615900000) (1024K)]
  0x00000253fa067940 WorkerThread "G1 Conc#2"                       [id=95692, stack(0x000000b618400000,0x000000b618500000) (1024K)]
  0x00000253fa067cf0 WorkerThread "G1 Conc#3"                       [id=68768, stack(0x000000b618500000,0x000000b618600000) (1024K)]
  0x00000253b0281180 ConcurrentGCThread "G1 Refine#0"               terminated
  0x00000253b0281d00 ConcurrentGCThread "G1 Service"                terminated
Total: 23

Threads with active compile tasks:
Total: 0

VM state: at safepoint (shutting down)

VM Mutex/Monitor currently owned by a thread:  ([mutex/lock_event])
[0x00007ffd887c3910] Threads_lock - owner thread: 0x00000253b33bc3e0
[0x00007ffd887c3a10] Heap_lock - owner thread: 0x00000253851a09f0

Heap address: 0x0000000605800000, size: 8104 MB, Compressed Oops mode: Zero based, Oop shift amount: 3

CDS archive(s) mapped at: [0x00000253b4000000-0x00000253b4d70000-0x00000253b4d70000), size 14090240, SharedBaseAddress: 0x00000253b4000000, ArchiveRelocationMode: 1.
Compressed class space mapped at: 0x00000253b5000000-0x00000253f5000000, reserved size: 1073741824
Narrow klass base: 0x00000253b4000000, Narrow klass shift: 0, Narrow klass range: 0x41000000

GC Precious Log:
 CardTable entry size: 512
 Card Set container configuration: InlinePtr #cards 4 size 8 Array Of Cards #cards 32 size 80 Howl #buckets 8 coarsen threshold 7372 Howl Bitmap #cards 1024 size 144 coarsen threshold 921 Card regions per heap region 1 cards per card region 8192
 CPUs: 20 total, 20 available
 Memory: 32400M
 Large Page Support: Disabled
 NUMA Support: Disabled
 Compressed Oops: Enabled (Zero based)
 Heap Region Size: 4M
 Heap Min Capacity: 8M
 Heap Initial Capacity: 508M
 Heap Max Capacity: 8104M
 Pre-touch: Disabled
 Parallel Workers: 15
 Concurrent Workers: 4
 Concurrent Refinement Workers: 15
 Periodic GC: Disabled

Heap:
 garbage-first heap   total reserved 8298496K, committed 630784K, used 506864K [0x0000000605800000, 0x0000000800000000)
  region size 4096K, 7 young (28672K), 3 survivors (12288K)
 Metaspace       used 38081K, committed 38528K, reserved 1114112K
  class space    used 5102K, committed 5312K, reserved 1048576K

Heap Regions: E=young(eden), S=young(survivor), O=old, HS=humongous(starts), HC=humongous(continues), CS=collection set, F=free, TAMS=top-at-mark-start, PB=parsable bottom
|   0|0x0000000605800000, 0x0000000605c00000, 0x0000000605c00000|100%| O|  |TAMS 0x0000000605800000| PB 0x0000000605800000| Untracked |  0
|   1|0x0000000605c00000, 0x0000000606000000, 0x0000000606000000|100%| O|  |TAMS 0x0000000605c00000| PB 0x0000000605c00000| Untracked |  0
|   2|0x0000000606000000, 0x0000000606400000, 0x0000000606400000|100%|HS|  |TAMS 0x0000000606000000| PB 0x0000000606000000| Complete |  0
|   3|0x0000000606400000, 0x0000000606800000, 0x0000000606800000|100%|HC|  |TAMS 0x0000000606400000| PB 0x0000000606400000| Complete |  0
|   4|0x0000000606800000, 0x0000000606c00000, 0x0000000606c00000|100%|HC|  |TAMS 0x0000000606800000| PB 0x0000000606800000| Complete |  0
|   5|0x0000000606c00000, 0x0000000607000000, 0x0000000607000000|100%|HC|  |TAMS 0x0000000606c00000| PB 0x0000000606c00000| Complete |  0
|   6|0x0000000607000000, 0x0000000607400000, 0x0000000607400000|100%|HC|  |TAMS 0x0000000607000000| PB 0x0000000607000000| Complete |  0
|   7|0x0000000607400000, 0x0000000607800000, 0x0000000607800000|100%|HC|  |TAMS 0x0000000607400000| PB 0x0000000607400000| Complete |  0
|   8|0x0000000607800000, 0x0000000607c00000, 0x0000000607c00000|100%|HC|  |TAMS 0x0000000607800000| PB 0x0000000607800000| Complete |  0
|   9|0x0000000607c00000, 0x0000000608000000, 0x0000000608000000|100%|HC|  |TAMS 0x0000000607c00000| PB 0x0000000607c00000| Complete |  0
|  10|0x0000000608000000, 0x0000000608400000, 0x0000000608400000|100%|HC|  |TAMS 0x0000000608000000| PB 0x0000000608000000| Complete |  0
|  11|0x0000000608400000, 0x0000000608800000, 0x0000000608800000|100%| O|  |TAMS 0x0000000608400000| PB 0x0000000608400000| Untracked |  0
|  12|0x0000000608800000, 0x0000000608c00000, 0x0000000608c00000|100%|HS|  |TAMS 0x0000000608800000| PB 0x0000000608800000| Complete |  0
|  13|0x0000000608c00000, 0x0000000609000000, 0x0000000609000000|100%|HC|  |TAMS 0x0000000608c00000| PB 0x0000000608c00000| Complete |  0
|  14|0x0000000609000000, 0x0000000609400000, 0x0000000609400000|100%|HC|  |TAMS 0x0000000609000000| PB 0x0000000609000000| Complete |  0
|  15|0x0000000609400000, 0x0000000609800000, 0x0000000609800000|100%|HC|  |TAMS 0x0000000609400000| PB 0x0000000609400000| Complete |  0
|  16|0x0000000609800000, 0x0000000609c00000, 0x0000000609c00000|100%|HC|  |TAMS 0x0000000609800000| PB 0x0000000609800000| Complete |  0
|  17|0x0000000609c00000, 0x000000060a000000, 0x000000060a000000|100%|HC|  |TAMS 0x0000000609c00000| PB 0x0000000609c00000| Complete |  0
|  18|0x000000060a000000, 0x000000060a400000, 0x000000060a400000|100%|HC|  |TAMS 0x000000060a000000| PB 0x000000060a000000| Complete |  0
|  19|0x000000060a400000, 0x000000060a800000, 0x000000060a800000|100%|HC|  |TAMS 0x000000060a400000| PB 0x000000060a400000| Complete |  0
|  20|0x000000060a800000, 0x000000060ac00000, 0x000000060ac00000|100%|HC|  |TAMS 0x000000060a800000| PB 0x000000060a800000| Complete |  0
|  21|0x000000060ac00000, 0x000000060b000000, 0x000000060b000000|100%|HC|  |TAMS 0x000000060ac00000| PB 0x000000060ac00000| Complete |  0
|  22|0x000000060b000000, 0x000000060b400000, 0x000000060b400000|100%|HS|  |TAMS 0x000000060b000000| PB 0x000000060b000000| Complete |  0
|  23|0x000000060b400000, 0x000000060b800000, 0x000000060b800000|100%|HC|  |TAMS 0x000000060b400000| PB 0x000000060b400000| Complete |  0
|  24|0x000000060b800000, 0x000000060bc00000, 0x000000060bc00000|100%|HC|  |TAMS 0x000000060b800000| PB 0x000000060b800000| Complete |  0
|  25|0x000000060bc00000, 0x000000060c000000, 0x000000060c000000|100%|HC|  |TAMS 0x000000060bc00000| PB 0x000000060bc00000| Complete |  0
|  26|0x000000060c000000, 0x000000060c400000, 0x000000060c400000|100%|HC|  |TAMS 0x000000060c000000| PB 0x000000060c000000| Complete |  0
|  27|0x000000060c400000, 0x000000060c800000, 0x000000060c800000|100%|HC|  |TAMS 0x000000060c400000| PB 0x000000060c400000| Complete |  0
|  28|0x000000060c800000, 0x000000060cc00000, 0x000000060cc00000|100%|HC|  |TAMS 0x000000060c800000| PB 0x000000060c800000| Complete |  0
|  29|0x000000060cc00000, 0x000000060d000000, 0x000000060d000000|100%|HC|  |TAMS 0x000000060cc00000| PB 0x000000060cc00000| Complete |  0
|  30|0x000000060d000000, 0x000000060d400000, 0x000000060d400000|100%|HC|  |TAMS 0x000000060d000000| PB 0x000000060d000000| Complete |  0
|  31|0x000000060d400000, 0x000000060d800000, 0x000000060d800000|100%|HC|  |TAMS 0x000000060d400000| PB 0x000000060d400000| Complete |  0
|  32|0x000000060d800000, 0x000000060dc00000, 0x000000060dc00000|100%|HC|  |TAMS 0x000000060d800000| PB 0x000000060d800000| Complete |  0
|  33|0x000000060dc00000, 0x000000060e000000, 0x000000060e000000|100%|HC|  |TAMS 0x000000060dc00000| PB 0x000000060dc00000| Complete |  0
|  34|0x000000060e000000, 0x000000060e2697b0, 0x000000060e400000| 60%| O|  |TAMS 0x000000060e000000| PB 0x000000060e000000| Untracked |  0
|  35|0x000000060e400000, 0x000000060e800000, 0x000000060e800000|100%| O|Cm|TAMS 0x000000060e400000| PB 0x000000060e400000| Complete |  0
|  36|0x000000060e800000, 0x000000060ec00000, 0x000000060ec00000|100%| O|  |TAMS 0x000000060e800000| PB 0x000000060e800000| Untracked |  0
|  37|0x000000060ec00000, 0x000000060f000000, 0x000000060f000000|100%| O|  |TAMS 0x000000060ec00000| PB 0x000000060ec00000| Untracked |  0
|  38|0x000000060f000000, 0x000000060f400000, 0x000000060f400000|100%| O|  |TAMS 0x000000060f000000| PB 0x000000060f000000| Untracked |  0
|  39|0x000000060f400000, 0x000000060f400000, 0x000000060f800000|  0%| F|  |TAMS 0x000000060f400000| PB 0x000000060f400000| Untracked |  0
|  40|0x000000060f800000, 0x000000060f800000, 0x000000060fc00000|  0%| F|  |TAMS 0x000000060f800000| PB 0x000000060f800000| Untracked |  0
|  41|0x000000060fc00000, 0x0000000610000000, 0x0000000610000000|100%|HS|  |TAMS 0x000000060fc00000| PB 0x000000060fc00000| Complete |  0
|  42|0x0000000610000000, 0x0000000610400000, 0x0000000610400000|100%|HC|  |TAMS 0x0000000610000000| PB 0x0000000610000000| Complete |  0
|  43|0x0000000610400000, 0x0000000610800000, 0x0000000610800000|100%|HC|  |TAMS 0x0000000610400000| PB 0x0000000610400000| Complete |  0
|  44|0x0000000610800000, 0x0000000610c00000, 0x0000000610c00000|100%|HC|  |TAMS 0x0000000610800000| PB 0x0000000610800000| Complete |  0
|  45|0x0000000610c00000, 0x0000000611000000, 0x0000000611000000|100%|HC|  |TAMS 0x0000000610c00000| PB 0x0000000610c00000| Complete |  0
|  46|0x0000000611000000, 0x0000000611400000, 0x0000000611400000|100%|HC|  |TAMS 0x0000000611000000| PB 0x0000000611000000| Complete |  0
|  47|0x0000000611400000, 0x0000000611800000, 0x0000000611800000|100%|HC|  |TAMS 0x0000000611400000| PB 0x0000000611400000| Complete |  0
|  48|0x0000000611800000, 0x0000000611c00000, 0x0000000611c00000|100%|HC|  |TAMS 0x0000000611800000| PB 0x0000000611800000| Complete |  0
|  49|0x0000000611c00000, 0x0000000612000000, 0x0000000612000000|100%|HC|  |TAMS 0x0000000611c00000| PB 0x0000000611c00000| Complete |  0
|  50|0x0000000612000000, 0x0000000612400000, 0x0000000612400000|100%|HC|  |TAMS 0x0000000612000000| PB 0x0000000612000000| Complete |  0
|  51|0x0000000612400000, 0x0000000612800000, 0x0000000612800000|100%|HS|  |TAMS 0x0000000612400000| PB 0x0000000612400000| Complete |  0
|  52|0x0000000612800000, 0x0000000612c00000, 0x0000000612c00000|100%|HC|  |TAMS 0x0000000612800000| PB 0x0000000612800000| Complete |  0
|  53|0x0000000612c00000, 0x0000000613000000, 0x0000000613000000|100%|HC|  |TAMS 0x0000000612c00000| PB 0x0000000612c00000| Complete |  0
|  54|0x0000000613000000, 0x0000000613400000, 0x0000000613400000|100%|HC|  |TAMS 0x0000000613000000| PB 0x0000000613000000| Complete |  0
|  55|0x0000000613400000, 0x0000000613800000, 0x0000000613800000|100%|HC|  |TAMS 0x0000000613400000| PB 0x0000000613400000| Complete |  0
|  56|0x0000000613800000, 0x0000000613c00000, 0x0000000613c00000|100%|HC|  |TAMS 0x0000000613800000| PB 0x0000000613800000| Complete |  0
|  57|0x0000000613c00000, 0x0000000614000000, 0x0000000614000000|100%|HC|  |TAMS 0x0000000613c00000| PB 0x0000000613c00000| Complete |  0
|  58|0x0000000614000000, 0x0000000614400000, 0x0000000614400000|100%|HC|  |TAMS 0x0000000614000000| PB 0x0000000614000000| Complete |  0
|  59|0x0000000614400000, 0x0000000614800000, 0x0000000614800000|100%|HC|  |TAMS 0x0000000614400000| PB 0x0000000614400000| Complete |  0
|  60|0x0000000614800000, 0x0000000614c00000, 0x0000000614c00000|100%|HC|  |TAMS 0x0000000614800000| PB 0x0000000614800000| Complete |  0
|  61|0x0000000614c00000, 0x0000000615000000, 0x0000000615000000|100%|HS|  |TAMS 0x0000000614c00000| PB 0x0000000614c00000| Complete |  0
|  62|0x0000000615000000, 0x0000000615400000, 0x0000000615400000|100%|HC|  |TAMS 0x0000000615000000| PB 0x0000000615000000| Complete |  0
|  63|0x0000000615400000, 0x0000000615800000, 0x0000000615800000|100%|HC|  |TAMS 0x0000000615400000| PB 0x0000000615400000| Complete |  0
|  64|0x0000000615800000, 0x0000000615c00000, 0x0000000615c00000|100%|HC|  |TAMS 0x0000000615800000| PB 0x0000000615800000| Complete |  0
|  65|0x0000000615c00000, 0x0000000616000000, 0x0000000616000000|100%|HC|  |TAMS 0x0000000615c00000| PB 0x0000000615c00000| Complete |  0
|  66|0x0000000616000000, 0x0000000616400000, 0x0000000616400000|100%|HC|  |TAMS 0x0000000616000000| PB 0x0000000616000000| Complete |  0
|  67|0x0000000616400000, 0x0000000616800000, 0x0000000616800000|100%|HC|  |TAMS 0x0000000616400000| PB 0x0000000616400000| Complete |  0
|  68|0x0000000616800000, 0x0000000616c00000, 0x0000000616c00000|100%|HC|  |TAMS 0x0000000616800000| PB 0x0000000616800000| Complete |  0
|  69|0x0000000616c00000, 0x0000000617000000, 0x0000000617000000|100%|HC|  |TAMS 0x0000000616c00000| PB 0x0000000616c00000| Complete |  0
|  70|0x0000000617000000, 0x0000000617400000, 0x0000000617400000|100%|HC|  |TAMS 0x0000000617000000| PB 0x0000000617000000| Complete |  0
|  71|0x0000000617400000, 0x0000000617400000, 0x0000000617800000|  0%| F|  |TAMS 0x0000000617400000| PB 0x0000000617400000| Untracked |  0
|  72|0x0000000617800000, 0x0000000617800000, 0x0000000617c00000|  0%| F|  |TAMS 0x0000000617800000| PB 0x0000000617800000| Untracked |  0
|  73|0x0000000617c00000, 0x0000000617c00000, 0x0000000618000000|  0%| F|  |TAMS 0x0000000617c00000| PB 0x0000000617c00000| Untracked |  0
|  74|0x0000000618000000, 0x0000000618000000, 0x0000000618400000|  0%| F|  |TAMS 0x0000000618000000| PB 0x0000000618000000| Untracked |  0
|  75|0x0000000618400000, 0x0000000618400000, 0x0000000618800000|  0%| F|  |TAMS 0x0000000618400000| PB 0x0000000618400000| Untracked |  0
|  76|0x0000000618800000, 0x0000000618c00000, 0x0000000618c00000|100%|HS|  |TAMS 0x0000000618800000| PB 0x0000000618800000| Complete |  0
|  77|0x0000000618c00000, 0x0000000619000000, 0x0000000619000000|100%|HC|  |TAMS 0x0000000618c00000| PB 0x0000000618c00000| Complete |  0
|  78|0x0000000619000000, 0x0000000619400000, 0x0000000619400000|100%|HC|  |TAMS 0x0000000619000000| PB 0x0000000619000000| Complete |  0
|  79|0x0000000619400000, 0x0000000619800000, 0x0000000619800000|100%|HC|  |TAMS 0x0000000619400000| PB 0x0000000619400000| Complete |  0
|  80|0x0000000619800000, 0x0000000619c00000, 0x0000000619c00000|100%|HC|  |TAMS 0x0000000619800000| PB 0x0000000619800000| Complete |  0
|  81|0x0000000619c00000, 0x000000061a000000, 0x000000061a000000|100%|HC|  |TAMS 0x0000000619c00000| PB 0x0000000619c00000| Complete |  0
|  82|0x000000061a000000, 0x000000061a400000, 0x000000061a400000|100%|HC|  |TAMS 0x000000061a000000| PB 0x000000061a000000| Complete |  0
|  83|0x000000061a400000, 0x000000061a800000, 0x000000061a800000|100%|HC|  |TAMS 0x000000061a400000| PB 0x000000061a400000| Complete |  0
|  84|0x000000061a800000, 0x000000061ac00000, 0x000000061ac00000|100%|HC|  |TAMS 0x000000061a800000| PB 0x000000061a800000| Complete |  0
|  85|0x000000061ac00000, 0x000000061b000000, 0x000000061b000000|100%|HS|  |TAMS 0x000000061ac00000| PB 0x000000061ac00000| Complete |  0
|  86|0x000000061b000000, 0x000000061b400000, 0x000000061b400000|100%|HC|  |TAMS 0x000000061b000000| PB 0x000000061b000000| Complete |  0
|  87|0x000000061b400000, 0x000000061b800000, 0x000000061b800000|100%|HC|  |TAMS 0x000000061b400000| PB 0x000000061b400000| Complete |  0
|  88|0x000000061b800000, 0x000000061bc00000, 0x000000061bc00000|100%|HC|  |TAMS 0x000000061b800000| PB 0x000000061b800000| Complete |  0
|  89|0x000000061bc00000, 0x000000061c000000, 0x000000061c000000|100%|HC|  |TAMS 0x000000061bc00000| PB 0x000000061bc00000| Complete |  0
|  90|0x000000061c000000, 0x000000061c400000, 0x000000061c400000|100%|HC|  |TAMS 0x000000061c000000| PB 0x000000061c000000| Complete |  0
|  91|0x000000061c400000, 0x000000061c800000, 0x000000061c800000|100%|HC|  |TAMS 0x000000061c400000| PB 0x000000061c400000| Complete |  0
|  92|0x000000061c800000, 0x000000061cc00000, 0x000000061cc00000|100%|HC|  |TAMS 0x000000061c800000| PB 0x000000061c800000| Complete |  0
|  93|0x000000061cc00000, 0x000000061d000000, 0x000000061d000000|100%|HC|  |TAMS 0x000000061cc00000| PB 0x000000061cc00000| Complete |  0
|  94|0x000000061d000000, 0x000000061d400000, 0x000000061d400000|100%|HC|  |TAMS 0x000000061d000000| PB 0x000000061d000000| Complete |  0
|  95|0x000000061d400000, 0x000000061d800000, 0x000000061d800000|100%|HS|  |TAMS 0x000000061d400000| PB 0x000000061d400000| Complete |  0
|  96|0x000000061d800000, 0x000000061dc00000, 0x000000061dc00000|100%|HC|  |TAMS 0x000000061d800000| PB 0x000000061d800000| Complete |  0
|  97|0x000000061dc00000, 0x000000061e000000, 0x000000061e000000|100%|HC|  |TAMS 0x000000061dc00000| PB 0x000000061dc00000| Complete |  0
|  98|0x000000061e000000, 0x000000061e400000, 0x000000061e400000|100%|HC|  |TAMS 0x000000061e000000| PB 0x000000061e000000| Complete |  0
|  99|0x000000061e400000, 0x000000061e800000, 0x000000061e800000|100%|HC|  |TAMS 0x000000061e400000| PB 0x000000061e400000| Complete |  0
| 100|0x000000061e800000, 0x000000061ec00000, 0x000000061ec00000|100%|HC|  |TAMS 0x000000061e800000| PB 0x000000061e800000| Complete |  0
| 101|0x000000061ec00000, 0x000000061f000000, 0x000000061f000000|100%|HC|  |TAMS 0x000000061ec00000| PB 0x000000061ec00000| Complete |  0
| 102|0x000000061f000000, 0x000000061f400000, 0x000000061f400000|100%|HC|  |TAMS 0x000000061f000000| PB 0x000000061f000000| Complete |  0
| 103|0x000000061f400000, 0x000000061f800000, 0x000000061f800000|100%|HC|  |TAMS 0x000000061f400000| PB 0x000000061f400000| Complete |  0
| 104|0x000000061f800000, 0x000000061fc00000, 0x000000061fc00000|100%|HC|  |TAMS 0x000000061f800000| PB 0x000000061f800000| Complete |  0
| 105|0x000000061fc00000, 0x000000061fc00000, 0x0000000620000000|  0%| F|  |TAMS 0x000000061fc00000| PB 0x000000061fc00000| Untracked |  0
| 106|0x0000000620000000, 0x0000000620000000, 0x0000000620400000|  0%| F|  |TAMS 0x0000000620000000| PB 0x0000000620000000| Untracked |  0
| 107|0x0000000620400000, 0x0000000620400000, 0x0000000620800000|  0%| F|  |TAMS 0x0000000620400000| PB 0x0000000620400000| Untracked |  0
| 108|0x0000000620800000, 0x0000000620800000, 0x0000000620c00000|  0%| F|  |TAMS 0x0000000620800000| PB 0x0000000620800000| Untracked |  0
| 109|0x0000000620c00000, 0x0000000620c00000, 0x0000000621000000|  0%| F|  |TAMS 0x0000000620c00000| PB 0x0000000620c00000| Untracked |  0
| 110|0x0000000621000000, 0x0000000621000000, 0x0000000621400000|  0%| F|  |TAMS 0x0000000621000000| PB 0x0000000621000000| Untracked |  0
| 111|0x0000000621400000, 0x0000000621400000, 0x0000000621800000|  0%| F|  |TAMS 0x0000000621400000| PB 0x0000000621400000| Untracked |  0
| 112|0x0000000621800000, 0x0000000621800000, 0x0000000621c00000|  0%| F|  |TAMS 0x0000000621800000| PB 0x0000000621800000| Untracked |  0
| 113|0x0000000621c00000, 0x0000000621c00000, 0x0000000622000000|  0%| F|  |TAMS 0x0000000621c00000| PB 0x0000000621c00000| Untracked |  0
| 114|0x0000000622000000, 0x0000000622000000, 0x0000000622400000|  0%| F|  |TAMS 0x0000000622000000| PB 0x0000000622000000| Untracked |  0
| 115|0x0000000622400000, 0x0000000622492910, 0x0000000622800000| 14%| S|CS|TAMS 0x0000000622400000| PB 0x0000000622400000| Complete |  0
| 116|0x0000000622800000, 0x0000000622c00000, 0x0000000622c00000|100%|HS|  |TAMS 0x0000000622800000| PB 0x0000000622800000| Complete |  0
| 117|0x0000000622c00000, 0x0000000623000000, 0x0000000623000000|100%|HC|  |TAMS 0x0000000622c00000| PB 0x0000000622c00000| Complete |  0
| 118|0x0000000623000000, 0x0000000623400000, 0x0000000623400000|100%|HC|  |TAMS 0x0000000623000000| PB 0x0000000623000000| Complete |  0
| 119|0x0000000623400000, 0x0000000623800000, 0x0000000623800000|100%|HC|  |TAMS 0x0000000623400000| PB 0x0000000623400000| Complete |  0
| 120|0x0000000623800000, 0x0000000623c00000, 0x0000000623c00000|100%|HC|  |TAMS 0x0000000623800000| PB 0x0000000623800000| Complete |  0
| 121|0x0000000623c00000, 0x0000000624000000, 0x0000000624000000|100%|HC|  |TAMS 0x0000000623c00000| PB 0x0000000623c00000| Complete |  0
| 122|0x0000000624000000, 0x0000000624400000, 0x0000000624400000|100%|HC|  |TAMS 0x0000000624000000| PB 0x0000000624000000| Complete |  0
| 123|0x0000000624400000, 0x0000000624800000, 0x0000000624800000|100%|HC|  |TAMS 0x0000000624400000| PB 0x0000000624400000| Complete |  0
| 124|0x0000000624800000, 0x0000000624c00000, 0x0000000624c00000|100%|HC|  |TAMS 0x0000000624800000| PB 0x0000000624800000| Complete |  0
| 125|0x0000000624c00000, 0x0000000625000000, 0x0000000625000000|100%|HC|  |TAMS 0x0000000624c00000| PB 0x0000000624c00000| Complete |  0
| 126|0x0000000625000000, 0x0000000625400000, 0x0000000625400000|100%| S|CS|TAMS 0x0000000625000000| PB 0x0000000625000000| Complete |  0
| 127|0x0000000625400000, 0x0000000625800000, 0x0000000625800000|100%| S|CS|TAMS 0x0000000625400000| PB 0x0000000625400000| Complete |  0
| 128|0x0000000625800000, 0x0000000625800000, 0x0000000625c00000|  0%| F|  |TAMS 0x0000000625800000| PB 0x0000000625800000| Untracked |  0
| 129|0x0000000625c00000, 0x0000000625c00000, 0x0000000626000000|  0%| F|  |TAMS 0x0000000625c00000| PB 0x0000000625c00000| Untracked |  0
| 130|0x0000000626000000, 0x0000000626000000, 0x0000000626400000|  0%| F|  |TAMS 0x0000000626000000| PB 0x0000000626000000| Untracked |  0
| 131|0x0000000626400000, 0x0000000626400000, 0x0000000626800000|  0%| F|  |TAMS 0x0000000626400000| PB 0x0000000626400000| Untracked |  0
| 132|0x0000000626800000, 0x0000000626800000, 0x0000000626c00000|  0%| F|  |TAMS 0x0000000626800000| PB 0x0000000626800000| Untracked |  0
| 133|0x0000000626c00000, 0x0000000626c00000, 0x0000000627000000|  0%| F|  |TAMS 0x0000000626c00000| PB 0x0000000626c00000| Untracked |  0
| 134|0x0000000627000000, 0x0000000627000000, 0x0000000627400000|  0%| F|  |TAMS 0x0000000627000000| PB 0x0000000627000000| Untracked |  0
| 135|0x0000000627400000, 0x0000000627400000, 0x0000000627800000|  0%| F|  |TAMS 0x0000000627400000| PB 0x0000000627400000| Untracked |  0
| 136|0x0000000627800000, 0x0000000627c00000, 0x0000000627c00000|100%| E|CS|TAMS 0x0000000627800000| PB 0x0000000627800000| Complete |  0
| 137|0x0000000627c00000, 0x0000000628000000, 0x0000000628000000|100%|HS|  |TAMS 0x0000000627c00000| PB 0x0000000627c00000| Complete |  0
| 138|0x0000000628000000, 0x0000000628400000, 0x0000000628400000|100%|HC|  |TAMS 0x0000000628000000| PB 0x0000000628000000| Complete |  0
| 139|0x0000000628400000, 0x0000000628800000, 0x0000000628800000|100%|HC|  |TAMS 0x0000000628400000| PB 0x0000000628400000| Complete |  0
| 140|0x0000000628800000, 0x0000000628c00000, 0x0000000628c00000|100%|HC|  |TAMS 0x0000000628800000| PB 0x0000000628800000| Complete |  0
| 141|0x0000000628c00000, 0x0000000629000000, 0x0000000629000000|100%|HC|  |TAMS 0x0000000628c00000| PB 0x0000000628c00000| Complete |  0
| 142|0x0000000629000000, 0x0000000629400000, 0x0000000629400000|100%|HC|  |TAMS 0x0000000629000000| PB 0x0000000629000000| Complete |  0
| 143|0x0000000629400000, 0x0000000629800000, 0x0000000629800000|100%|HC|  |TAMS 0x0000000629400000| PB 0x0000000629400000| Complete |  0
| 144|0x0000000629800000, 0x0000000629c00000, 0x0000000629c00000|100%|HC|  |TAMS 0x0000000629800000| PB 0x0000000629800000| Complete |  0
| 145|0x0000000629c00000, 0x000000062a000000, 0x000000062a000000|100%|HC|  |TAMS 0x0000000629c00000| PB 0x0000000629c00000| Complete |  0
| 146|0x000000062a000000, 0x000000062a000000, 0x000000062a400000|  0%| F|  |TAMS 0x000000062a000000| PB 0x000000062a000000| Untracked |  0
| 147|0x000000062a400000, 0x000000062a400000, 0x000000062a800000|  0%| F|  |TAMS 0x000000062a400000| PB 0x000000062a400000| Untracked |  0
| 148|0x000000062a800000, 0x000000062a800000, 0x000000062ac00000|  0%| F|  |TAMS 0x000000062a800000| PB 0x000000062a800000| Untracked |  0
| 149|0x000000062ac00000, 0x000000062afe3330, 0x000000062b000000| 97%| E|  |TAMS 0x000000062ac00000| PB 0x000000062ac00000| Complete |  0
| 150|0x000000062b000000, 0x000000062b400000, 0x000000062b400000|100%| E|CS|TAMS 0x000000062b000000| PB 0x000000062b000000| Complete |  0
| 151|0x000000062b400000, 0x000000062b800000, 0x000000062b800000|100%| E|CS|TAMS 0x000000062b400000| PB 0x000000062b400000| Complete |  0
|2024|0x00000007ff800000, 0x00000007ffc00000, 0x00000007ffc00000|100%| O|  |TAMS 0x00000007ff800000| PB 0x00000007ff800000| Untracked |  0
|2025|0x00000007ffc00000, 0x0000000800000000, 0x0000000800000000|100%| O|  |TAMS 0x00000007ffc00000| PB 0x00000007ffc00000| Untracked |  0

Card table byte_map: [0x00000253a7230000,0x00000253a8210000] _byte_map_base: 0x00000253a4204000

Marking Bits: (CMBitMap*) 0x000002538be8df80
 Bits: [0x00000253a8210000, 0x00000253b00b0000)

Polling page: 0x000002538bae0000

Metaspace:

Usage:
  Non-class:     32.21 MB used.
      Class:      4.98 MB used.
       Both:     37.19 MB used.

Virtual space:
  Non-class space:       64.00 MB reserved,      32.44 MB ( 51%) committed,  1 nodes.
      Class space:        1.00 GB reserved,       5.19 MB ( <1%) committed,  1 nodes.
             Both:        1.06 GB reserved,      37.62 MB (  3%) committed. 

Chunk freelists:
   Non-Class:  15.06 MB
       Class:  10.67 MB
        Both:  25.73 MB

MaxMetaspaceSize: unlimited
CompressedClassSpaceSize: 1.00 GB
Initial GC threshold: 21.00 MB
Current GC threshold: 62.31 MB
CDS: on
 - commit_granule_bytes: 65536.
 - commit_granule_words: 8192.
 - virtual_space_node_default_size: 8388608.
 - enlarge_chunks_in_place: 1.
 - use_allocation_guard: 0.


Internal statistics:

num_allocs_failed_limit: 3.
num_arena_births: 584.
num_arena_deaths: 0.
num_vsnodes_births: 2.
num_vsnodes_deaths: 0.
num_space_committed: 602.
num_space_uncommitted: 0.
num_chunks_returned_to_freelist: 3.
num_chunks_taken_from_freelist: 1610.
num_chunk_merges: 0.
num_chunk_splits: 1093.
num_chunks_enlarged: 762.
num_inconsistent_stats: 0.

CodeHeap 'non-profiled nmethods': size=119232Kb used=3199Kb max_used=3199Kb free=116032Kb
 bounds [0x000002539dc00000, 0x000002539df20000, 0x00000253a5070000]
CodeHeap 'profiled nmethods': size=119104Kb used=13460Kb max_used=13460Kb free=105643Kb
 bounds [0x0000025396070000, 0x0000025396da0000, 0x000002539d4c0000]
CodeHeap 'non-nmethods': size=7424Kb used=1968Kb max_used=3736Kb free=5455Kb
 bounds [0x000002539d4c0000, 0x000002539d8c0000, 0x000002539dc00000]
CodeCache: size=245760Kb, used=18627Kb, max_used=20395Kb, free=227130Kb
 total_blobs=8989, nmethods=8015, adapters=878, full_count=0
Compilation: enabled, stopped_count=0, restarted_count=0

Compilation events (20 events):
Event: 93.056 Thread 0x00000253b33e8b00 8586       3       java.io.ObjectInputStream$FieldValues::<init> (217 bytes)
Event: 93.058 Thread 0x00000253b33e8b00 nmethod 8586 0x0000025396d8e888 code [0x0000025396d8ea60, 0x0000025396d8f6d0]
Event: 93.058 Thread 0x00000253b33e8b00 8581       3       java.io.ObjectStreamClass::checkDeserialize (20 bytes)
Event: 93.059 Thread 0x00000253b33e8b00 nmethod 8581 0x0000025396d8f788 code [0x0000025396d8f8e0, 0x0000025396d8fc98]
Event: 93.059 Thread 0x00000253b33e8b00 8582       3       java.io.ObjectStreamClass::isInstantiable (17 bytes)
Event: 93.059 Thread 0x00000253b33e8b00 nmethod 8582 0x0000025396d8fd08 code [0x0000025396d8fe40, 0x0000025396d900f8]
Event: 93.059 Thread 0x00000253b33e8b00 8583   !   3       java.io.ObjectStreamClass::newInstance (191 bytes)
Event: 93.063 Thread 0x00000253b33e8b00 nmethod 8583 0x0000025396d90188 code [0x0000025396d90560, 0x0000025396d92328]
Event: 93.063 Thread 0x00000253b33e8b00 8585       3       java.io.ObjectStreamClass::hasReadObjectMethod (17 bytes)
Event: 93.063 Thread 0x00000253b33e8b00 nmethod 8585 0x0000025396d92408 code [0x0000025396d92540, 0x0000025396d927f8]
Event: 93.063 Thread 0x00000253b33e8b00 8587       3       java.io.ObjectStreamClass::hasReadResolveMethod (17 bytes)
Event: 93.064 Thread 0x00000253b33e8b00 nmethod 8587 0x0000025396d92888 code [0x0000025396d929c0, 0x0000025396d92c78]
Event: 93.215 Thread 0x00000253b33e8b00 8589       3       java.rmi.server.UID::equals (54 bytes)
Event: 93.215 Thread 0x00000253b33e8b00 nmethod 8589 0x0000025396d92d08 code [0x0000025396d92e40, 0x0000025396d93210]
Event: 93.216 Thread 0x00000253b33e8b00 8588       3       sun.rmi.transport.ObjectEndpoint::<init> (60 bytes)
Event: 93.216 Thread 0x00000253b33e8b00 nmethod 8588 0x0000025396d93288 code [0x0000025396d933c0, 0x0000025396d936f8]
Event: 93.216 Thread 0x00000253b33e8b00 8590       3       sun.rmi.transport.Target::getImpl (11 bytes)
Event: 93.216 Thread 0x00000253b33e8b00 nmethod 8590 0x0000025396d93788 code [0x0000025396d938a0, 0x0000025396d93b68]
Event: 94.294 Thread 0x00000253b33e8b00 8591   !   3       java.util.logging.LogManager::ensureLogManagerInitialized (144 bytes)
Event: 94.296 Thread 0x00000253b33e8b00 nmethod 8591 0x0000025396d93b88 code [0x0000025396d93e20, 0x0000025396d95018]

GC Heap History (16 events):
Event: 0.577 GC heap before
{Heap before GC invocations=0 (full 0):
 garbage-first heap   total reserved 8298496K, committed 520192K, used 20480K [0x0000000605800000, 0x0000000800000000)
  region size 4096K, 6 young (24576K), 0 survivors (0K)
 Metaspace       used 2400K, committed 2560K, reserved 1114112K
  class space    used 239K, committed 320K, reserved 1048576K
}
Event: 0.587 GC heap after
{Heap after GC invocations=1 (full 0):
 garbage-first heap   total reserved 8298496K, committed 520192K, used 5115K [0x0000000605800000, 0x0000000800000000)
  region size 4096K, 1 young (4096K), 1 survivors (4096K)
 Metaspace       used 2400K, committed 2560K, reserved 1114112K
  class space    used 239K, committed 320K, reserved 1048576K
}
Event: 1.207 GC heap before
{Heap before GC invocations=1 (full 0):
 garbage-first heap   total reserved 8298496K, committed 520192K, used 25595K [0x0000000605800000, 0x0000000800000000)
  region size 4096K, 6 young (24576K), 1 survivors (4096K)
 Metaspace       used 9314K, committed 9664K, reserved 1114112K
  class space    used 1054K, committed 1216K, reserved 1048576K
}
Event: 1.213 GC heap after
{Heap after GC invocations=2 (full 0):
 garbage-first heap   total reserved 8298496K, committed 520192K, used 8555K [0x0000000605800000, 0x0000000800000000)
  region size 4096K, 1 young (4096K), 1 survivors (4096K)
 Metaspace       used 9314K, committed 9664K, reserved 1114112K
  class space    used 1054K, committed 1216K, reserved 1048576K
}
Event: 2.681 GC heap before
{Heap before GC invocations=2 (full 0):
 garbage-first heap   total reserved 8298496K, committed 520192K, used 78187K [0x0000000605800000, 0x0000000800000000)
  region size 4096K, 11 young (45056K), 1 survivors (4096K)
 Metaspace       used 21038K, committed 21504K, reserved 1114112K
  class space    used 2722K, committed 2944K, reserved 1048576K
}
Event: 2.691 GC heap after
{Heap after GC invocations=3 (full 0):
 garbage-first heap   total reserved 8298496K, committed 520192K, used 50213K [0x0000000605800000, 0x0000000800000000)
  region size 4096K, 2 young (8192K), 2 survivors (8192K)
 Metaspace       used 21038K, committed 21504K, reserved 1114112K
  class space    used 2722K, committed 2944K, reserved 1048576K
}
Event: 13.842 GC heap before
{Heap before GC invocations=4 (full 0):
 garbage-first heap   total reserved 8298496K, committed 180224K, used 58405K [0x0000000605800000, 0x0000000800000000)
  region size 4096K, 5 young (20480K), 2 survivors (8192K)
 Metaspace       used 22385K, committed 22784K, reserved 1114112K
  class space    used 2882K, committed 3072K, reserved 1048576K
}
Event: 13.851 GC heap after
{Heap after GC invocations=5 (full 0):
 garbage-first heap   total reserved 8298496K, committed 180224K, used 50774K [0x0000000605800000, 0x0000000800000000)
  region size 4096K, 2 young (8192K), 2 survivors (8192K)
 Metaspace       used 22385K, committed 22784K, reserved 1114112K
  class space    used 2882K, committed 3072K, reserved 1048576K
}
Event: 14.261 GC heap before
{Heap before GC invocations=5 (full 0):
 garbage-first heap   total reserved 8298496K, committed 180224K, used 95830K [0x0000000605800000, 0x0000000800000000)
  region size 4096K, 4 young (16384K), 2 survivors (8192K)
 Metaspace       used 23101K, committed 23488K, reserved 1114112K
  class space    used 3001K, committed 3200K, reserved 1048576K
}
Event: 14.268 GC heap after
{Heap after GC invocations=6 (full 0):
 garbage-first heap   total reserved 8298496K, committed 180224K, used 92013K [0x0000000605800000, 0x0000000800000000)
  region size 4096K, 2 young (8192K), 2 survivors (8192K)
 Metaspace       used 23101K, committed 23488K, reserved 1114112K
  class space    used 3001K, committed 3200K, reserved 1048576K
}
Event: 21.814 GC heap before
{Heap before GC invocations=7 (full 0):
 garbage-first heap   total reserved 8298496K, committed 360448K, used 345965K [0x0000000605800000, 0x0000000800000000)
  region size 4096K, 15 young (61440K), 2 survivors (8192K)
 Metaspace       used 32110K, committed 32576K, reserved 1114112K
  class space    used 4338K, committed 4544K, reserved 1048576K
}
Event: 21.827 GC heap after
{Heap after GC invocations=8 (full 0):
 garbage-first heap   total reserved 8298496K, committed 372736K, used 228038K [0x0000000605800000, 0x0000000800000000)
  region size 4096K, 2 young (8192K), 2 survivors (8192K)
 Metaspace       used 32110K, committed 32576K, reserved 1114112K
  class space    used 4338K, committed 4544K, reserved 1048576K
}
Event: 38.752 GC heap before
{Heap before GC invocations=8 (full 0):
 garbage-first heap   total reserved 8298496K, committed 573440K, used 535238K [0x0000000605800000, 0x0000000800000000)
  region size 4096K, 20 young (81920K), 2 survivors (8192K)
 Metaspace       used 37449K, committed 37888K, reserved 1114112K
  class space    used 5062K, committed 5248K, reserved 1048576K
}
Event: 38.761 GC heap after
{Heap after GC invocations=9 (full 0):
 garbage-first heap   total reserved 8298496K, committed 573440K, used 361632K [0x0000000605800000, 0x0000000800000000)
  region size 4096K, 3 young (12288K), 3 survivors (12288K)
 Metaspace       used 37449K, committed 37888K, reserved 1114112K
  class space    used 5062K, committed 5248K, reserved 1048576K
}
Event: 41.187 GC heap before
{Heap before GC invocations=9 (full 0):
 garbage-first heap   total reserved 8298496K, committed 573440K, used 394400K [0x0000000605800000, 0x0000000800000000)
  region size 4096K, 12 young (49152K), 3 survivors (12288K)
 Metaspace       used 37769K, committed 38272K, reserved 1114112K
  class space    used 5085K, committed 5312K, reserved 1048576K
}
Event: 41.197 GC heap after
{Heap after GC invocations=10 (full 0):
 garbage-first heap   total reserved 8298496K, committed 573440K, used 367600K [0x0000000605800000, 0x0000000800000000)
  region size 4096K, 3 young (12288K), 3 survivors (12288K)
 Metaspace       used 37769K, committed 38272K, reserved 1114112K
  class space    used 5085K, committed 5312K, reserved 1048576K
}

Dll operation events (20 events):
Event: 0.835 Loaded shared library C:\Users\andre\.openjfx\cache\21.0.2+5\amd64\api-ms-win-crt-locale-l1-1-0.dll
Event: 0.840 Loaded shared library C:\Users\andre\.openjfx\cache\21.0.2+5\amd64\api-ms-win-crt-math-l1-1-0.dll
Event: 0.845 Loaded shared library C:\Users\andre\.openjfx\cache\21.0.2+5\amd64\api-ms-win-crt-multibyte-l1-1-0.dll
Event: 0.851 Loaded shared library C:\Users\andre\.openjfx\cache\21.0.2+5\amd64\api-ms-win-crt-private-l1-1-0.dll
Event: 0.856 Loaded shared library C:\Users\andre\.openjfx\cache\21.0.2+5\amd64\api-ms-win-crt-process-l1-1-0.dll
Event: 0.861 Loaded shared library C:\Users\andre\.openjfx\cache\21.0.2+5\amd64\api-ms-win-crt-runtime-l1-1-0.dll
Event: 0.866 Loaded shared library C:\Users\andre\.openjfx\cache\21.0.2+5\amd64\api-ms-win-crt-stdio-l1-1-0.dll
Event: 0.870 Loaded shared library C:\Users\andre\.openjfx\cache\21.0.2+5\amd64\api-ms-win-crt-string-l1-1-0.dll
Event: 0.874 Loaded shared library C:\Users\andre\.openjfx\cache\21.0.2+5\amd64\api-ms-win-crt-time-l1-1-0.dll
Event: 0.878 Loaded shared library C:\Users\andre\.openjfx\cache\21.0.2+5\amd64\api-ms-win-crt-utility-l1-1-0.dll
Event: 0.898 Loaded shared library C:\Users\andre\.openjfx\cache\21.0.2+5\amd64\ucrtbase.dll
Event: 0.904 Loaded shared library C:\Users\andre\.openjfx\cache\21.0.2+5\amd64\vcruntime140.dll
Event: 0.908 Loaded shared library C:\Users\andre\.openjfx\cache\21.0.2+5\amd64\vcruntime140_1.dll
Event: 0.919 Loaded shared library C:\Users\andre\.openjfx\cache\21.0.2+5\amd64\msvcp140.dll
Event: 0.923 Loaded shared library C:\Users\andre\.openjfx\cache\21.0.2+5\amd64\msvcp140_1.dll
Event: 0.930 Loaded shared library C:\Users\andre\.openjfx\cache\21.0.2+5\amd64\msvcp140_2.dll
Event: 0.979 Loaded shared library C:\Users\andre\.openjfx\cache\21.0.2+5\amd64\prism_d3d.dll
Event: 1.075 Loaded shared library C:\Users\andre\.openjfx\cache\21.0.2+5\amd64\glass.dll
Event: 1.781 Loaded shared library C:\Users\andre\.openjfx\cache\21.0.2+5\amd64\javafx_font.dll
Event: 2.185 Loaded shared library C:\Program Files\Java\jdk-23\bin\sunmscapi.dll

Deoptimization events (20 events):
Event: 42.517 Thread 0x00000253fa950b60 Uncommon trap: trap_request=0xffffffbe fr.pc=0x000002539dcfec4c relative=0x0000000000000a2c
Event: 42.517 Thread 0x00000253fa950b60 Uncommon trap: reason=profile_predicate action=maybe_recompile pc=0x000002539dcfec4c method=java.util.TimSort.binarySort([Ljava/lang/Object;IIILjava/util/Comparator;)V @ 73 c2
Event: 42.517 Thread 0x00000253fa950b60 DEOPT PACKING pc=0x000002539dcfec4c sp=0x000000b616cf9230
Event: 42.517 Thread 0x00000253fa950b60 DEOPT UNPACKING pc=0x000002539d514402 sp=0x000000b616cf91e0 mode 2
Event: 44.610 Thread 0x00000253fa950b60 Uncommon trap: trap_request=0xffffffde fr.pc=0x000002539dd7accc relative=0x000000000000004c
Event: 44.610 Thread 0x00000253fa950b60 Uncommon trap: reason=class_check action=maybe_recompile pc=0x000002539dd7accc method=java.lang.StringConcatHelper.stringOf(Ljava/lang/Object;)Ljava/lang/String; @ 5 c2
Event: 44.610 Thread 0x00000253fa950b60 DEOPT PACKING pc=0x000002539dd7accc sp=0x000000b616cf9e80
Event: 44.610 Thread 0x00000253fa950b60 DEOPT UNPACKING pc=0x000002539d514402 sp=0x000000b616cf9e10 mode 2
Event: 44.615 Thread 0x00000253fa950b60 Uncommon trap: trap_request=0xffffffde fr.pc=0x000002539dd7accc relative=0x000000000000004c
Event: 44.615 Thread 0x00000253fa950b60 Uncommon trap: reason=class_check action=maybe_recompile pc=0x000002539dd7accc method=java.lang.StringConcatHelper.stringOf(Ljava/lang/Object;)Ljava/lang/String; @ 5 c2
Event: 44.615 Thread 0x00000253fa950b60 DEOPT PACKING pc=0x000002539dd7accc sp=0x000000b616cf9f10
Event: 44.615 Thread 0x00000253fa950b60 DEOPT UNPACKING pc=0x000002539d514402 sp=0x000000b616cf9ea0 mode 2
Event: 44.615 Thread 0x00000253fa950b60 Uncommon trap: trap_request=0xffffffde fr.pc=0x000002539dd7accc relative=0x000000000000004c
Event: 44.615 Thread 0x00000253fa950b60 Uncommon trap: reason=class_check action=maybe_recompile pc=0x000002539dd7accc method=java.lang.StringConcatHelper.stringOf(Ljava/lang/Object;)Ljava/lang/String; @ 5 c2
Event: 44.615 Thread 0x00000253fa950b60 DEOPT PACKING pc=0x000002539dd7accc sp=0x000000b616cf9ff0
Event: 44.615 Thread 0x00000253fa950b60 DEOPT UNPACKING pc=0x000002539d514402 sp=0x000000b616cf9f80 mode 2
Event: 44.615 Thread 0x00000253fa950b60 Uncommon trap: trap_request=0xffffffde fr.pc=0x000002539dd7accc relative=0x000000000000004c
Event: 44.615 Thread 0x00000253fa950b60 Uncommon trap: reason=class_check action=maybe_recompile pc=0x000002539dd7accc method=java.lang.StringConcatHelper.stringOf(Ljava/lang/Object;)Ljava/lang/String; @ 5 c2
Event: 44.615 Thread 0x00000253fa950b60 DEOPT PACKING pc=0x000002539dd7accc sp=0x000000b616cf9ff0
Event: 44.615 Thread 0x00000253fa950b60 DEOPT UNPACKING pc=0x000002539d514402 sp=0x000000b616cf9f80 mode 2

Classes loaded (20 events):
Event: 40.564 Loading class java/util/stream/ReferencePipeline$15$1
Event: 40.564 Loading class java/util/stream/ReferencePipeline$15$1 done
Event: 40.564 Loading class java/util/stream/IntPipeline$10$1
Event: 40.564 Loading class java/util/stream/IntPipeline$10$1 done
Event: 40.564 Loading class java/util/stream/ReferencePipeline$4$1
Event: 40.564 Loading class java/util/stream/ReferencePipeline$4$1 done
Event: 40.565 Loading class java/util/stream/IntPipeline$11
Event: 40.565 Loading class java/util/stream/IntPipeline$11 done
Event: 40.565 Loading class java/util/stream/ReduceOps$9
Event: 40.565 Loading class java/util/stream/ReduceOps$9 done
Event: 40.566 Loading class java/util/stream/ReduceOps$CountingSink$OfInt
Event: 40.566 Loading class java/util/stream/ReduceOps$CountingSink
Event: 40.566 Loading class java/util/stream/ReduceOps$CountingSink done
Event: 40.566 Loading class java/util/stream/ReduceOps$CountingSink$OfInt done
Event: 40.566 Loading class java/util/stream/IntPipeline$11$1
Event: 40.566 Loading class java/util/stream/IntPipeline$11$1 done
Event: 44.624 Loading class sun/net/www/protocol/http/HttpURLConnection$10
Event: 44.624 Loading class sun/net/www/protocol/http/HttpURLConnection$10 done
Event: 94.292 Loading class jdk/internal/misc/Signal$1
Event: 94.292 Loading class jdk/internal/misc/Signal$1 done

Classes unloaded (0 events):
No events

Classes redefined (0 events):
No events

Internal exceptions (20 events):
Event: 15.039 Thread 0x00000253fa950b60 Exception <a 'java/lang/NoSuchMethodError'{0x00000006134c3780}: 'java.lang.Object java.lang.invoke.DirectMethodHandle$Holder.newInvokeSpecial(java.lang.Object, java.lang.Object, int)'> (0x00000006134c3780) 
thrown [s\open\src\hotspot\share\interpreter\linkResolver.cpp, line 796]
Event: 15.269 Thread 0x00000253b3927a90 Exception <a 'java/lang/NoSuchMethodError'{0x0000000613702ea0}: 'java.lang.Object java.lang.invoke.DirectMethodHandle$Holder.invokeStaticInit(java.lang.Object, int)'> (0x0000000613702ea0) 
thrown [s\open\src\hotspot\share\interpreter\linkResolver.cpp, line 796]
Event: 15.554 Thread 0x00000253fa950b60 Exception <a 'java/lang/NoSuchMethodError'{0x00000006130cb098}: 'long java.lang.invoke.DirectMethodHandle$Holder.invokeStatic(java.lang.Object, java.lang.Object, java.lang.Object)'> (0x00000006130cb098) 
thrown [s\open\src\hotspot\share\interpreter\linkResolver.cpp, line 796]
Event: 15.554 Thread 0x00000253fa950b60 Exception <a 'java/lang/NoSuchMethodError'{0x00000006130ce480}: 'long java.lang.invoke.DirectMethodHandle$Holder.invokeStaticInit(java.lang.Object, java.lang.Object, java.lang.Object)'> (0x00000006130ce480) 
thrown [s\open\src\hotspot\share\interpreter\linkResolver.cpp, line 796]
Event: 15.555 Thread 0x00000253fa950b60 Exception <a 'java/lang/NoSuchMethodError'{0x00000006130e2c20}: 'java.lang.Object java.lang.invoke.DirectMethodHandle$Holder.newInvokeSpecial(java.lang.Object, java.lang.Object, long)'> (0x00000006130e2c20) 
thrown [s\open\src\hotspot\share\interpreter\linkResolver.cpp, line 796]
Event: 17.176 Thread 0x00000253fa950b60 Exception <a 'java/io/FileNotFoundException'{0x0000000612e39df0}> (0x0000000612e39df0) 
thrown [s\open\src\hotspot\share\prims\jni.cpp, line 520]
Event: 19.811 Thread 0x00000253fa950b60 Implicit null exception at 0x000002539dd5534e to 0x000002539dd553d4
Event: 21.859 Thread 0x00000253fa950b60 Implicit null exception at 0x000002539dd4cf55 to 0x000002539dd4d1a0
Event: 21.931 Thread 0x00000253fa950b60 Exception <a 'java/lang/NoSuchMethodError'{0x000000062253dcb8}: 'void java.lang.invoke.DirectMethodHandle$Holder.invokeVirtual(java.lang.Object, java.lang.Object, int)'> (0x000000062253dcb8) 
thrown [s\open\src\hotspot\share\interpreter\linkResolver.cpp, line 796]
Event: 23.871 Thread 0x00000253fa950b60 Exception <a 'java/lang/NoSuchMethodError'{0x0000000614bb11a0}: 'java.lang.Object java.lang.invoke.DirectMethodHandle$Holder.newInvokeSpecial(java.lang.Object, java.lang.Object, int, int, int, int, int, java.lang.Object)'> (0x0000000614bb11a0) 
thrown [s\open\src\hotspot\share\interpreter\linkResolver.cpp, line 796]
Event: 23.879 Thread 0x00000253fa950b60 Exception <a 'java/lang/NoSuchMethodError'{0x0000000614bc2f50}: 'java.lang.Object java.lang.invoke.DirectMethodHandle$Holder.newInvokeSpecial(java.lang.Object, java.lang.Object, java.lang.Object, int, int, int, int, int)'> (0x0000000614bc2f50) 
thrown [s\open\src\hotspot\share\interpreter\linkResolver.cpp, line 796]
Event: 23.880 Thread 0x00000253fa950b60 Exception <a 'java/lang/NoSuchMethodError'{0x0000000614bca2f0}: 'java.lang.Object java.lang.invoke.Invokers$Holder.linkToTargetMethod(java.lang.Object, java.lang.Object, int, int, int, int, int, java.lang.Object)'> (0x0000000614bca2f0) 
thrown [s\open\src\hotspot\share\interpreter\linkResolver.cpp, line 796]
Event: 24.137 Thread 0x00000253fa950b60 Implicit null exception at 0x000002539de0b081 to 0x000002539de13268
Event: 27.051 Thread 0x00000253fa950b60 Exception <a 'java/lang/NoSuchMethodError'{0x0000000613a0be88}: 'long java.lang.invoke.DirectMethodHandle$Holder.invokeStatic(java.lang.Object, java.lang.Object)'> (0x0000000613a0be88) 
thrown [s\open\src\hotspot\share\interpreter\linkResolver.cpp, line 796]
Event: 27.051 Thread 0x00000253fa950b60 Exception <a 'java/lang/NoSuchMethodError'{0x0000000613a0f768}: 'long java.lang.invoke.DirectMethodHandle$Holder.invokeStaticInit(java.lang.Object, java.lang.Object)'> (0x0000000613a0f768) 
thrown [s\open\src\hotspot\share\interpreter\linkResolver.cpp, line 796]
Event: 27.053 Thread 0x00000253fa950b60 Exception <a 'java/lang/NoSuchMethodError'{0x0000000613a1bf10}: 'long java.lang.invoke.DirectMethodHandle$Holder.invokeInterface(java.lang.Object, java.lang.Object)'> (0x0000000613a1bf10) 
thrown [s\open\src\hotspot\share\interpreter\linkResolver.cpp, line 796]
Event: 27.053 Thread 0x00000253fa950b60 Exception <a 'java/lang/IncompatibleClassChangeError'{0x0000000613a1f738}: Found class java.lang.Object, but interface was expected> (0x0000000613a1f738) 
thrown [s\open\src\hotspot\share\interpreter\linkResolver.cpp, line 863]
Event: 27.268 Thread 0x00000253fa950b60 Implicit null exception at 0x000002539de24c03 to 0x000002539de2ccfc
Event: 40.563 Thread 0x00000253fa950b60 Exception <a 'java/lang/NoSuchMethodError'{0x00000006262d4d48}: 'int java.lang.invoke.DirectMethodHandle$Holder.invokeVirtual(java.lang.Object, java.lang.Object)'> (0x00000006262d4d48) 
thrown [s\open\src\hotspot\share\interpreter\linkResolver.cpp, line 796]
Event: 41.595 Thread 0x00000253b3927a90 Implicit null exception at 0x000002539deeb3da to 0x000002539deeb468

VM Operations (20 events):
Event: 22.018 Executing VM operation: HandshakeAllThreads (Deoptimize) done
Event: 28.585 Executing VM operation: HandshakeAllThreads (Deoptimize)
Event: 28.586 Executing VM operation: HandshakeAllThreads (Deoptimize) done
Event: 38.752 Executing VM operation: G1CollectForAllocation (G1 Evacuation Pause)
Event: 38.761 Executing VM operation: G1CollectForAllocation (G1 Evacuation Pause) done
Event: 40.566 Executing VM operation: HandshakeAllThreads (Deoptimize)
Event: 40.566 Executing VM operation: HandshakeAllThreads (Deoptimize) done
Event: 40.570 Executing VM operation: HandshakeAllThreads (Deoptimize)
Event: 40.570 Executing VM operation: HandshakeAllThreads (Deoptimize) done
Event: 41.187 Executing VM operation: G1TryInitiateConcMark (G1 Humongous Allocation)
Event: 41.197 Executing VM operation: G1TryInitiateConcMark (G1 Humongous Allocation) done
Event: 41.215 Executing VM operation: G1PauseRemark
Event: 41.220 Executing VM operation: G1PauseRemark done
Event: 41.227 Executing VM operation: G1PauseCleanup
Event: 41.227 Executing VM operation: G1PauseCleanup done
Event: 60.142 Executing VM operation: HandshakeAllThreads (HandshakeForDeflation)
Event: 60.142 Executing VM operation: HandshakeAllThreads (HandshakeForDeflation) done
Event: 60.142 Executing VM operation: RendezvousGCThreads
Event: 60.142 Executing VM operation: RendezvousGCThreads done
Event: 94.302 Executing VM operation: Exit

Memory protections (0 events):
No events

Nmethod flushes (20 events):
Event: 41.218 Thread 0x00000253b33bc3e0 flushing  nmethod 0x00000253964fdc08
Event: 41.218 Thread 0x00000253b33bc3e0 flushing  nmethod 0x0000025396500488
Event: 41.218 Thread 0x00000253b33bc3e0 flushing  nmethod 0x0000025396502908
Event: 41.218 Thread 0x00000253b33bc3e0 flushing  nmethod 0x000002539dcdda08
Event: 41.218 Thread 0x00000253b33bc3e0 flushing  nmethod 0x000002539dcddd08
Event: 41.218 Thread 0x00000253b33bc3e0 flushing  nmethod 0x0000025396082108
Event: 41.218 Thread 0x00000253b33bc3e0 flushing  nmethod 0x00000253960f0408
Event: 41.218 Thread 0x00000253b33bc3e0 flushing  nmethod 0x00000253961ea288
Event: 41.218 Thread 0x00000253b33bc3e0 flushing  nmethod 0x00000253963a6188
Event: 41.218 Thread 0x00000253b33bc3e0 flushing  nmethod 0x0000025396415288
Event: 41.218 Thread 0x00000253b33bc3e0 flushing  nmethod 0x00000253964ab688
Event: 41.218 Thread 0x00000253b33bc3e0 flushing osr nmethod 0x000002539655d208
Event: 41.218 Thread 0x00000253b33bc3e0 flushing  nmethod 0x000002539655e288
Event: 41.218 Thread 0x00000253b33bc3e0 flushing  nmethod 0x000002539dce6188
Event: 41.218 Thread 0x00000253b33bc3e0 flushing  nmethod 0x0000025396074308
Event: 41.218 Thread 0x00000253b33bc3e0 flushing  nmethod 0x00000253960d1108
Event: 41.218 Thread 0x00000253b33bc3e0 flushing  nmethod 0x0000025396134988
Event: 41.218 Thread 0x00000253b33bc3e0 flushing  nmethod 0x0000025396136208
Event: 41.218 Thread 0x00000253b33bc3e0 flushing  nmethod 0x00000253964fa908
Event: 41.218 Thread 0x00000253b33bc3e0 flushing  nmethod 0x000002539654d588

Events (20 events):
Event: 41.183 Thread 0x00000253b33e8b00 Thread added: 0x00000253f9604210
Event: 41.184 Thread 0x00000253b33e8b00 Thread added: 0x00000253f96048e0
Event: 41.304 Thread 0x00000253f96071c0 Thread exited: 0x00000253f96071c0
Event: 41.433 Thread 0x00000253b33e6fc0 Thread added: 0x00000253f96071c0
Event: 41.455 Thread 0x00000253b33e8b00 Thread added: 0x00000253f9604fb0
Event: 42.071 Thread 0x00000253f96048e0 Thread exited: 0x00000253f96048e0
Event: 42.071 Thread 0x00000253f9604210 Thread exited: 0x00000253f9604210
Event: 42.072 Thread 0x00000253f9604fb0 Thread exited: 0x00000253f9604fb0
Event: 42.074 Thread 0x00000253f96071c0 Thread exited: 0x00000253f96071c0
Event: 46.472 Thread 0x00000253b33e6fc0 Thread exited: 0x00000253b33e6fc0
Event: 52.953 Thread 0x00000253fa94fe40 Thread exited: 0x00000253fa94fe40
Event: 94.293 Thread 0x00000253b33d6490 Thread added: 0x00000253851a09f0
Event: 94.294 Thread 0x00000253851a09f0 Thread added: 0x00000253851a2ac0
Event: 94.294 Thread 0x00000253851a09f0 Thread added: 0x00000253851a1080
Event: 94.294 Thread 0x00000253851a09f0 Thread added: 0x00000253851a2430
Event: 94.295 Thread 0x00000253851a2ac0 Thread exited: 0x00000253851a2ac0
Event: 94.297 Thread 0x00000253851a2430 Thread exited: 0x00000253851a2430
Event: 94.302 Thread 0x00000253851a1080 Thread exited: 0x00000253851a1080
Event: 94.302 Thread 0x00000253851a09f0 Before exit entered
Event: 94.302 Thread 0x00000253b33d6490 Thread exited: 0x00000253b33d6490


Dynamic libraries:
0x00007ff715c10000 - 0x00007ff715c20000 	C:\Program Files\Java\jdk-23\bin\java.exe
0x00007ffe27660000 - 0x00007ffe278c0000 	C:\WINDOWS\SYSTEM32\ntdll.dll
0x00007ffe269a0000 - 0x00007ffe26a67000 	C:\WINDOWS\System32\KERNEL32.DLL
0x00007ffe24da0000 - 0x00007ffe2516a000 	C:\WINDOWS\System32\KERNELBASE.dll
0x00007ffe249c0000 - 0x00007ffe24b0b000 	C:\WINDOWS\System32\ucrtbase.dll
0x00007ffe0fd30000 - 0x00007ffe0fd47000 	C:\Program Files\Java\jdk-23\bin\jli.dll
0x00007ffde39e0000 - 0x00007ffde39fb000 	C:\Program Files\Java\jdk-23\bin\VCRUNTIME140.dll
0x00007ffe25560000 - 0x00007ffe2572c000 	C:\WINDOWS\System32\USER32.dll
0x00007ffe09930000 - 0x00007ffe09bc7000 	C:\WINDOWS\WinSxS\amd64_microsoft.windows.common-controls_6595b64144ccf1df_6.0.26100.3624_none_3e086962e3345f24\COMCTL32.dll
0x00007ffe24900000 - 0x00007ffe24927000 	C:\WINDOWS\System32\win32u.dll
0x00007ffe27540000 - 0x00007ffe275e9000 	C:\WINDOWS\System32\msvcrt.dll
0x00007ffe275f0000 - 0x00007ffe2761a000 	C:\WINDOWS\System32\GDI32.dll
0x00007ffe24b10000 - 0x00007ffe24c41000 	C:\WINDOWS\System32\gdi32full.dll
0x00007ffe24cf0000 - 0x00007ffe24d93000 	C:\WINDOWS\System32\msvcp_win.dll
0x00007ffe26740000 - 0x00007ffe2676f000 	C:\WINDOWS\System32\IMM32.DLL
0x00007ffe0f170000 - 0x00007ffe0f17c000 	C:\Program Files\Java\jdk-23\bin\vcruntime140_1.dll
0x00007ffdacfc0000 - 0x00007ffdad04e000 	C:\Program Files\Java\jdk-23\bin\msvcp140.dll
0x00007ffd87b50000 - 0x00007ffd8889f000 	C:\Program Files\Java\jdk-23\bin\server\jvm.dll
0x00007ffe273e0000 - 0x00007ffe27492000 	C:\WINDOWS\System32\ADVAPI32.dll
0x00007ffe26a70000 - 0x00007ffe26b16000 	C:\WINDOWS\System32\sechost.dll
0x00007ffe26780000 - 0x00007ffe26896000 	C:\WINDOWS\System32\RPCRT4.dll
0x00007ffe254e0000 - 0x00007ffe25554000 	C:\WINDOWS\System32\WS2_32.dll
0x00007ffe24690000 - 0x00007ffe246ee000 	C:\WINDOWS\SYSTEM32\POWRPROF.dll
0x00007ffe1b2e0000 - 0x00007ffe1b316000 	C:\WINDOWS\SYSTEM32\WINMM.dll
0x00007ffe110e0000 - 0x00007ffe110eb000 	C:\WINDOWS\SYSTEM32\VERSION.dll
0x00007ffe24670000 - 0x00007ffe24684000 	C:\WINDOWS\SYSTEM32\UMPDC.dll
0x00007ffe23650000 - 0x00007ffe2366a000 	C:\WINDOWS\SYSTEM32\kernel.appcore.dll
0x00007ffe00170000 - 0x00007ffe0017a000 	C:\Program Files\Java\jdk-23\bin\jimage.dll
0x00007ffe21ee0000 - 0x00007ffe22121000 	C:\WINDOWS\SYSTEM32\DBGHELP.DLL
0x00007ffe26b20000 - 0x00007ffe26ea2000 	C:\WINDOWS\System32\combase.dll
0x00007ffe25d50000 - 0x00007ffe25e26000 	C:\WINDOWS\System32\OLEAUT32.dll
0x00007ffe07400000 - 0x00007ffe07439000 	C:\WINDOWS\SYSTEM32\dbgcore.DLL
0x00007ffe24c50000 - 0x00007ffe24ce9000 	C:\WINDOWS\System32\bcryptPrimitives.dll
0x00007ffdfd2b0000 - 0x00007ffdfd2bf000 	C:\Program Files\Java\jdk-23\bin\instrument.dll
0x00007ffde39c0000 - 0x00007ffde39de000 	C:\Program Files\Java\jdk-23\bin\java.dll
0x00007ffe27020000 - 0x00007ffe271b6000 	C:\WINDOWS\System32\ole32.dll
0x00007ffe25e30000 - 0x00007ffe26559000 	C:\WINDOWS\System32\SHELL32.dll
0x00007ffe252f0000 - 0x00007ffe25458000 	C:\WINDOWS\System32\wintypes.dll
0x00007ffe22350000 - 0x00007ffe22ba2000 	C:\WINDOWS\SYSTEM32\windows.storage.dll
0x00007ffe26eb0000 - 0x00007ffe26f9d000 	C:\WINDOWS\System32\SHCORE.dll
0x00007ffe26fa0000 - 0x00007ffe27004000 	C:\WINDOWS\System32\shlwapi.dll
0x00007ffe24750000 - 0x00007ffe2477f000 	C:\WINDOWS\SYSTEM32\profapi.dll
0x00007ffe0f3f0000 - 0x00007ffe0f4c7000 	C:\Program Files\Java\jdk-23\bin\jsvml.dll
0x00007ffdffea0000 - 0x00007ffdffeb0000 	C:\Program Files\Java\jdk-23\bin\net.dll
0x00007ffe23b70000 - 0x00007ffe23bda000 	C:\WINDOWS\system32\mswsock.dll
0x00007ffde2c80000 - 0x00007ffde2c96000 	C:\Program Files\Java\jdk-23\bin\nio.dll
0x00007ffde2c60000 - 0x00007ffde2c77000 	C:\Program Files\Java\jdk-23\bin\zip.dll
0x00007ffe23130000 - 0x00007ffe23255000 	C:\WINDOWS\SYSTEM32\DNSAPI.dll
0x00007ffe230f0000 - 0x00007ffe23123000 	C:\WINDOWS\SYSTEM32\IPHLPAPI.DLL
0x00007ffe27010000 - 0x00007ffe2701a000 	C:\WINDOWS\System32\NSI.dll
0x00007ffe1c970000 - 0x00007ffe1c97b000 	C:\Windows\System32\rasadhlp.dll
0x00007ffe1e8f0000 - 0x00007ffe1e975000 	C:\WINDOWS\System32\fwpuclnt.dll
0x00007ffdf7160000 - 0x00007ffdf716a000 	C:\Program Files\Java\jdk-23\bin\management.dll
0x00007ffdf5c70000 - 0x00007ffdf5c7b000 	C:\Program Files\Java\jdk-23\bin\management_ext.dll
0x00007ffe271f0000 - 0x00007ffe271f8000 	C:\WINDOWS\System32\PSAPI.DLL
0x000002538bb20000 - 0x000002538bb23000 	C:\Users\andre\.openjfx\cache\21.0.2+5\amd64\api-ms-win-core-console-l1-1-0.dll
0x000002538bee0000 - 0x000002538bee3000 	C:\Users\andre\.openjfx\cache\21.0.2+5\amd64\api-ms-win-core-console-l1-2-0.dll
0x000002538bef0000 - 0x000002538bef3000 	C:\Users\andre\.openjfx\cache\21.0.2+5\amd64\api-ms-win-core-datetime-l1-1-0.dll
0x000002538d7e0000 - 0x000002538d7e3000 	C:\Users\andre\.openjfx\cache\21.0.2+5\amd64\api-ms-win-core-debug-l1-1-0.dll
0x000002538d7f0000 - 0x000002538d7f3000 	C:\Users\andre\.openjfx\cache\21.0.2+5\amd64\api-ms-win-core-errorhandling-l1-1-0.dll
0x000002538d800000 - 0x000002538d804000 	C:\Users\andre\.openjfx\cache\21.0.2+5\amd64\api-ms-win-core-file-l1-1-0.dll
0x000002538d810000 - 0x000002538d813000 	C:\Users\andre\.openjfx\cache\21.0.2+5\amd64\api-ms-win-core-file-l1-2-0.dll
0x000002538d820000 - 0x000002538d823000 	C:\Users\andre\.openjfx\cache\21.0.2+5\amd64\api-ms-win-core-file-l2-1-0.dll
0x000002538d830000 - 0x000002538d833000 	C:\Users\andre\.openjfx\cache\21.0.2+5\amd64\api-ms-win-core-handle-l1-1-0.dll
0x000002538d840000 - 0x000002538d843000 	C:\Users\andre\.openjfx\cache\21.0.2+5\amd64\api-ms-win-core-heap-l1-1-0.dll
0x000002538d850000 - 0x000002538d853000 	C:\Users\andre\.openjfx\cache\21.0.2+5\amd64\api-ms-win-core-interlocked-l1-1-0.dll
0x000002538d860000 - 0x000002538d863000 	C:\Users\andre\.openjfx\cache\21.0.2+5\amd64\api-ms-win-core-libraryloader-l1-1-0.dll
0x00000253b3fb0000 - 0x00000253b3fb3000 	C:\Users\andre\.openjfx\cache\21.0.2+5\amd64\api-ms-win-core-localization-l1-2-0.dll
0x00000253b3fc0000 - 0x00000253b3fc3000 	C:\Users\andre\.openjfx\cache\21.0.2+5\amd64\api-ms-win-core-memory-l1-1-0.dll
0x00000253b3fd0000 - 0x00000253b3fd3000 	C:\Users\andre\.openjfx\cache\21.0.2+5\amd64\api-ms-win-core-namedpipe-l1-1-0.dll
0x00000253b3fe0000 - 0x00000253b3fe3000 	C:\Users\andre\.openjfx\cache\21.0.2+5\amd64\api-ms-win-core-processenvironment-l1-1-0.dll
0x00000253b3ff0000 - 0x00000253b3ff3000 	C:\Users\andre\.openjfx\cache\21.0.2+5\amd64\api-ms-win-core-processthreads-l1-1-0.dll
0x00000253fafa0000 - 0x00000253fafa3000 	C:\Users\andre\.openjfx\cache\21.0.2+5\amd64\api-ms-win-core-processthreads-l1-1-1.dll
0x00000253fafb0000 - 0x00000253fafb3000 	C:\Users\andre\.openjfx\cache\21.0.2+5\amd64\api-ms-win-core-profile-l1-1-0.dll
0x00000253fafc0000 - 0x00000253fafc3000 	C:\Users\andre\.openjfx\cache\21.0.2+5\amd64\api-ms-win-core-rtlsupport-l1-1-0.dll
0x00000253fafd0000 - 0x00000253fafd3000 	C:\Users\andre\.openjfx\cache\21.0.2+5\amd64\api-ms-win-core-string-l1-1-0.dll
0x00000253fafe0000 - 0x00000253fafe3000 	C:\Users\andre\.openjfx\cache\21.0.2+5\amd64\api-ms-win-core-synch-l1-1-0.dll
0x00000253faff0000 - 0x00000253faff3000 	C:\Users\andre\.openjfx\cache\21.0.2+5\amd64\api-ms-win-core-synch-l1-2-0.dll
0x00000253fb000000 - 0x00000253fb003000 	C:\Users\andre\.openjfx\cache\21.0.2+5\amd64\api-ms-win-core-sysinfo-l1-1-0.dll
0x00000253fb010000 - 0x00000253fb013000 	C:\Users\andre\.openjfx\cache\21.0.2+5\amd64\api-ms-win-core-timezone-l1-1-0.dll
0x00000253fb020000 - 0x00000253fb023000 	C:\Users\andre\.openjfx\cache\21.0.2+5\amd64\api-ms-win-core-util-l1-1-0.dll
0x00000253fb030000 - 0x00000253fb033000 	C:\Users\andre\.openjfx\cache\21.0.2+5\amd64\api-ms-win-crt-conio-l1-1-0.dll
0x00000253fb040000 - 0x00000253fb044000 	C:\Users\andre\.openjfx\cache\21.0.2+5\amd64\api-ms-win-crt-convert-l1-1-0.dll
0x00000253fb050000 - 0x00000253fb053000 	C:\Users\andre\.openjfx\cache\21.0.2+5\amd64\api-ms-win-crt-environment-l1-1-0.dll
0x00000253fb060000 - 0x00000253fb063000 	C:\Users\andre\.openjfx\cache\21.0.2+5\amd64\api-ms-win-crt-filesystem-l1-1-0.dll
0x00000253fb070000 - 0x00000253fb073000 	C:\Users\andre\.openjfx\cache\21.0.2+5\amd64\api-ms-win-crt-heap-l1-1-0.dll
0x00000253fb080000 - 0x00000253fb083000 	C:\Users\andre\.openjfx\cache\21.0.2+5\amd64\api-ms-win-crt-locale-l1-1-0.dll
0x00000253fb090000 - 0x00000253fb095000 	C:\Users\andre\.openjfx\cache\21.0.2+5\amd64\api-ms-win-crt-math-l1-1-0.dll
0x00000253fb0a0000 - 0x00000253fb0a5000 	C:\Users\andre\.openjfx\cache\21.0.2+5\amd64\api-ms-win-crt-multibyte-l1-1-0.dll
0x00000253fb0b0000 - 0x00000253fb0c0000 	C:\Users\andre\.openjfx\cache\21.0.2+5\amd64\api-ms-win-crt-private-l1-1-0.dll
0x00000253fb400000 - 0x00000253fb403000 	C:\Users\andre\.openjfx\cache\21.0.2+5\amd64\api-ms-win-crt-process-l1-1-0.dll
0x00000253fb410000 - 0x00000253fb414000 	C:\Users\andre\.openjfx\cache\21.0.2+5\amd64\api-ms-win-crt-runtime-l1-1-0.dll
0x00000253fb420000 - 0x00000253fb424000 	C:\Users\andre\.openjfx\cache\21.0.2+5\amd64\api-ms-win-crt-stdio-l1-1-0.dll
0x00000253fb430000 - 0x00000253fb434000 	C:\Users\andre\.openjfx\cache\21.0.2+5\amd64\api-ms-win-crt-string-l1-1-0.dll
0x00000253fb440000 - 0x00000253fb443000 	C:\Users\andre\.openjfx\cache\21.0.2+5\amd64\api-ms-win-crt-time-l1-1-0.dll
0x00000253fb450000 - 0x00000253fb453000 	C:\Users\andre\.openjfx\cache\21.0.2+5\amd64\api-ms-win-crt-utility-l1-1-0.dll
0x00007ffe0ecb0000 - 0x00007ffe0edac000 	C:\Users\andre\.openjfx\cache\21.0.2+5\amd64\ucrtbase.dll
0x00007ffe10070000 - 0x00007ffe1008b000 	C:\Users\andre\.openjfx\cache\21.0.2+5\amd64\vcruntime140.dll
0x00007ffe11ce0000 - 0x00007ffe11cec000 	C:\Users\andre\.openjfx\cache\21.0.2+5\amd64\vcruntime140_1.dll
0x00007ffe0f600000 - 0x00007ffe0f68e000 	C:\Users\andre\.openjfx\cache\21.0.2+5\amd64\msvcp140.dll
0x00007ffe116f0000 - 0x00007ffe116f9000 	C:\Users\andre\.openjfx\cache\21.0.2+5\amd64\msvcp140_1.dll
0x00007ffe0f3a0000 - 0x00007ffe0f3e1000 	C:\Users\andre\.openjfx\cache\21.0.2+5\amd64\msvcp140_2.dll
0x00007ffe23e20000 - 0x00007ffe23e3c000 	C:\WINDOWS\SYSTEM32\CRYPTSP.dll
0x00007ffe235b0000 - 0x00007ffe235ea000 	C:\WINDOWS\system32\rsaenh.dll
0x00007ffe23c10000 - 0x00007ffe23c3b000 	C:\WINDOWS\SYSTEM32\USERENV.dll
0x00007ffe24720000 - 0x00007ffe24746000 	C:\WINDOWS\SYSTEM32\bcrypt.dll
0x00007ffe23e10000 - 0x00007ffe23e1c000 	C:\WINDOWS\SYSTEM32\CRYPTBASE.dll
0x00007ffe0f370000 - 0x00007ffe0f3a0000 	C:\Users\andre\.openjfx\cache\21.0.2+5\amd64\prism_d3d.dll
0x00007ffddee10000 - 0x00007ffddefbc000 	C:\WINDOWS\system32\d3d9.dll
0x00007ffe218a0000 - 0x00007ffe218d6000 	C:\WINDOWS\SYSTEM32\dwmapi.dll
0x00007ffe218e0000 - 0x00007ffe21927000 	C:\WINDOWS\SYSTEM32\dxcore.dll
0x00007ffe214a0000 - 0x00007ffe2154e000 	C:\WINDOWS\system32\uxtheme.dll
0x00007ffe0a0a0000 - 0x00007ffe0a0b8000 	C:\WINDOWS\system32\napinsp.dll
0x00007ffe01670000 - 0x00007ffe01682000 	C:\WINDOWS\System32\winrnr.dll
0x00007ffe01630000 - 0x00007ffe01660000 	C:\WINDOWS\system32\nlansp_c.dll
0x00007ffe01610000 - 0x00007ffe01626000 	C:\WINDOWS\system32\wshbth.dll
0x00007ffe215d0000 - 0x00007ffe2162e000 	C:\WINDOWS\SYSTEM32\directxdatabasehelper.dll
0x00007ffe24380000 - 0x00007ffe243df000 	C:\WINDOWS\SYSTEM32\cfgmgr32.dll
0x00007ffe0ec60000 - 0x00007ffe0eca2000 	C:\Users\andre\.openjfx\cache\21.0.2+5\amd64\glass.dll
0x00007ffe268a0000 - 0x00007ffe26994000 	C:\WINDOWS\System32\COMDLG32.dll
0x00007ffe26560000 - 0x00007ffe266bd000 	C:\WINDOWS\System32\MSCTF.dll
0x00007ffe0b1a0000 - 0x00007ffe0b1ee000 	C:\WINDOWS\SYSTEM32\pdh.dll
0x00007ffe1f090000 - 0x00007ffe1f0a2000 	C:\WINDOWS\System32\perfproc.dll
0x00007ffe0f5e0000 - 0x00007ffe0f5f4000 	C:\Users\andre\.openjfx\cache\21.0.2+5\amd64\javafx_font.dll
0x00007ffe1fc40000 - 0x00007ffe1fea9000 	C:\WINDOWS\SYSTEM32\dwrite.dll
0x00007ffdf6500000 - 0x00007ffdf6511000 	C:\WINDOWS\System32\perfos.dll
0x00007ffe22d40000 - 0x00007ffe22d52000 	C:\WINDOWS\SYSTEM32\pfclient.dll
0x00007ffdf7080000 - 0x00007ffdf708e000 	C:\Program Files\Java\jdk-23\bin\sunmscapi.dll

dbghelp: loaded successfully - version: 4.0.5 - missing functions: none
symbol engine: initialized successfully - sym options: 0x614 - pdb path: .;C:\Program Files\Java\jdk-23\bin;C:\WINDOWS\SYSTEM32;C:\WINDOWS\WinSxS\amd64_microsoft.windows.common-controls_6595b64144ccf1df_6.0.26100.3624_none_3e086962e3345f24;C:\Program Files\Java\jdk-23\bin\server;C:\Users\andre\.openjfx\cache\21.0.2+5\amd64;C:\WINDOWS\System32\DriverStore\FileRepository\iigd_dch.inf_amd64_c2201cfb126f0796;C:\Program Files\Common Files\Microsoft Shared\Ink

VM Arguments:
jvm_args: -javaagent:C:\Program Files\JetBrains\IntelliJ IDEA 2024.3.3\lib\idea_rt.jar=49856 -Dfile.encoding=UTF-8 -Dsun.stdout.encoding=UTF-8 -Dsun.stderr.encoding=UTF-8 --module-path=C:\Users\andre\.m2\repository\org\openjfx\javafx-web\17.0.6\javafx-web-17.0.6-win.jar;C:\Users\andre\.m2\repository\eu\hansolo\tilesfx\21.0.3\tilesfx-21.0.3.jar;C:\Users\andre\.m2\repository\org\controlsfx\controlsfx\11.2.1\controlsfx-11.2.1.jar;C:\Users\andre\.m2\repository\eu\hansolo\toolbox\21.0.5\toolbox-21.0.5.jar;C:\Users\andre\.m2\repository\org\openjfx\javafx-graphics\21.0.2\javafx-graphics-21.0.2-win.jar;C:\Users\andre\Desktop\PROJ_2\DesktopApp\target\classes;C:\Users\andre\.m2\repository\org\openjfx\javafx-swing\17.0.6\javafx-swing-17.0.6-win.jar;C:\Users\andre\.m2\repository\org\jetbrains\kotlin\kotlin-stdlib\1.8.10\kotlin-stdlib-1.8.10.jar;C:\Users\andre\.m2\repository\com\github\almasb\fxgl-scene\17.3\fxgl-scene-17.3.jar;C:\Users\andre\.m2\repository\com\github\almasb\fxgl-core\17.3\fxgl-core-17.3.jar;C:\Users\andre\.m2\repository\eu\hansolo\fx\countries\21.0.3\countries-21.0.3.jar;C:\Users\andre\.m2\repository\jakarta\validation\jakarta.validation-api\3.1.1\jakarta.validation-api-3.1.1.jar;C:\Users\andre\.m2\repository\net\synedra\validatorfx\0.5.0\validatorfx-0.5.0.jar;C:\Users\andre\.m2\repository\com\gluonhq\attach\lifecycle\4.0.17\lifecycle-4.0.17.jar;C:\Users\andre\.m2\repository\com\dlsc\formsfx\formsfx-core\11.6.0\formsfx-core-11.6.0.jar;C:\Users\andre\.m2\repository\eu\hansolo\toolboxfx\21.0.3\toolboxfx-21.0.3.jar;C:\Users\andre\.m2\repository\com\github\almasb\fxgl-gameplay\17.3\fxgl-gameplay-17.3.jar;C:\Users\andre\.m2\repository\com\gluonhq\attach\util\4.0.17\util-4.0.17.jar;C:\Users\andre\.m2\repository\com\gluonhq\attach\audio\4.0.17\audio-4.0.17.jar;C:\Users\andre\.m2\repository\org\kordamp\bootstrapfx\bootstrapfx-core\0.4.0\bootstrapfx-core-0.4.0.jar;C:\Users\andre\.m2\repository\com\github\almasb\fxgl-io\17.3\fxgl-io-17.3.jar;C:\Users\andre\.m2\repository\org\kordamp\ikonli\ikonli-javafx\12.3.1\ikonli-javafx-12.3.1.jar;C:\Users\andre\.m2\repository\org\openjfx\javafx-base\21.0.2\javafx-base-21.0.2-win.jar;C:\Users\andre\.-Djdk.module.main=com.dashboard.desktopapp 
java_command: com.dashboard.desktopapp/com.dashboard.desktopapp.StartApplication
java_class_path (initial): C:\Users\andre\.m2\repository\org\openjfx\javafx-controls\21.0.2\javafx-controls-21.0.2.jar;C:\Users\andre\.m2\repository\org\openjfx\javafx-graphics\21.0.2\javafx-graphics-21.0.2.jar;C:\Users\andre\.m2\repository\org\openjfx\javafx-base\21.0.2\javafx-base-21.0.2.jar;C:\Users\andre\.m2\repository\org\openjfx\javafx-fxml\17.0.6\javafx-fxml-17.0.6.jar;C:\Users\andre\.m2\repository\org\openjfx\javafx-web\17.0.6\javafx-web-17.0.6.jar;C:\Users\andre\.m2\repository\org\openjfx\javafx-swing\17.0.6\javafx-swing-17.0.6.jar;C:\Users\andre\.m2\repository\org\openjfx\javafx-media\17.0.6\javafx-media-17.0.6.jar;C:\Users\andre\.m2\repository\org\jetbrains\kotlin\kotlin-stdlib-common\1.8.10\kotlin-stdlib-common-1.8.10.jar;C:\Users\andre\.m2\repository\org\jetbrains\annotations\13.0\annotations-13.0.jar;C:\Users\andre\.m2\repository\com\gluonhq\gluonfx-maven-plugin\1.0.26\gluonfx-maven-plugin-1.0.26.jar;C:\Users\andre\.m2\repository\com\gluonhq\substrate\0.0.66\substrate-0.0.66.jar;C:\Users\andre\.m2\repository\com\googlecode\plist\dd-plist\1.23\dd-plist-1.23.jar;C:\Users\andre\.m2\repository\org\bouncycastle\bcpkix-jdk15on\1.49\bcpkix-jdk15on-1.49.jar;C:\Users\andre\.m2\repository\org\bouncycastle\bcprov-jdk15on\1.49\bcprov-jdk15on-1.49.jar;C:\Users\andre\.m2\repository\org\graalvm\nativeimage\svm\21.1.0\svm-21.1.0.jar;C:\Users\andre\.m2\repository\org\graalvm\sdk\graal-sdk\21.1.0\graal-sdk-21.1.0.jar;C:\Users\andre\.m2\repository\org\graalvm\nativeimage\objectfile\21.1.0\objectfile-21.1.0.jar;C:\Users\andre\.m2\repository\org\graalvm\nativeimage\pointsto\21.1.0\pointsto-21.1.0.jar;C:\Users\andre\.m2\repository\org\graalvm\compiler\compiler\21.1.0\compiler-21.1.0.jar;C:\Users\andre\.m2\repository\org\graalvm\truffle\truffle-api\21.1.0\truffle-api-21.1.0.jar;C:\Users\andre\.m2\repository\org\apidesign\bck2brwsr\aot\0.53\aot-0.53.jar;C:\Users\andre\.m2\repository\org\apidesign\bck2brwsr\vm4brwsr\0.53\vm4brwsr-0.53.jar;C:\Users\andre\.m2\repository\org\apidesign\bck2brwsr\core\0.53\core-0.53.jar;C:\Users\andre\.m2\repository\com\google\javascript\closure-compiler\v20210601\closure-compiler-v20210601.jar;C:\Users\andre\.m2\repository\org\ow2\asm\asm\9.2\asm-9.2.jar;C:\Users\andre\.m2\repository\org\apache\maven\resolver\maven-resolver-util\2.0.1\maven-resolver-util-2.0.1.jar;C:\Users\andre\.m2\repository\org\apache\maven\resolver\maven-resolver-api\2.0.1\maven-resolver-api-2.0.1.jar;C:\Users\andre\.m2\repository\org\apache\maven\shared\maven-invoker\3.3.0\maven-invoker-3.3.0.jar;C:\Users\andre\.m2\repository\org\apache\maven\shared\maven-shared-utils\3.4.2\maven-shared-utils-3.4.2.jar;C:\Users\andre\.m2\repository\org\slf4j\slf4j-api\1.7.36\slf4j-api-1.7.36.jar;C:\Users\andre\.m2\repository\commons-io\commons-io\2.11.0\commons-io-2.11.0.jar;C:\Users\andre\.m2\repository\javax\inject\javax.inject\1\javax.inject-1.jar;C:\Users\andre\.m2\repository\org\apache\commons\commons-exec\1.4.0\commons-exec-1.4.0.jar
Launcher Type: SUN_STANDARD

[Global flags]
     intx CICompilerCount                          = 12                                        {product} {ergonomic}
     uint ConcGCThreads                            = 4                                         {product} {ergonomic}
     uint G1ConcRefinementThreads                  = 15                                        {product} {ergonomic}
   size_t G1HeapRegionSize                         = 4194304                                   {product} {ergonomic}
   size_t InitialHeapSize                          = 532676608                                 {product} {ergonomic}
   size_t MarkStackSize                            = 4194304                                   {product} {ergonomic}
   size_t MarkStackSizeMax                         = 536870912                                 {product} {ergonomic}
   size_t MaxHeapSize                              = 8497659904                                {product} {ergonomic}
   size_t MaxNewSize                               = 5096079360                                {product} {ergonomic}
   size_t MinHeapDeltaBytes                        = 4194304                                   {product} {ergonomic}
   size_t MinHeapSize                              = 8388608                                   {product} {ergonomic}
    uintx NonNMethodCodeHeapSize                   = 7602176                                {pd product} {ergonomic}
    uintx NonProfiledCodeHeapSize                  = 122093568                              {pd product} {ergonomic}
    uintx ProfiledCodeHeapSize                     = 121962496                              {pd product} {ergonomic}
    uintx ReservedCodeCacheSize                    = 251658240                              {pd product} {ergonomic}
     bool SegmentedCodeCache                       = true                                      {product} {ergonomic}
   size_t SoftMaxHeapSize                          = 8497659904                             {manageable} {ergonomic}
     bool UseCompressedOops                        = true                           {product lp64_product} {ergonomic}
     bool UseG1GC                                  = true                                      {product} {ergonomic}
     bool UseLargePagesIndividualAllocation        = false                                  {pd product} {ergonomic}

Logging:
Log output configuration:
 #0: stdout all=off uptime,level,tags foldmultilines=false
 #1: stderr all=off uptime,level,tags foldmultilines=false

Environment Variables:
JAVA_HOME=C:\Program Files\Java\jdk-23
PATH=C:\Program Files\Common Files\Oracle\Java\javapath;C:\Program Files (x86)\Common Files\Oracle\Java\java8path;C:\Program Files (x86)\Common Files\Oracle\Java\javapath;C:\WINDOWS\system32;C:\WINDOWS;C:\WINDOWS\System32\Wbem;C:\WINDOWS\System32\WindowsPowerShell\v1.0\;C:\WINDOWS\System32\OpenSSH\;C:\Program Files\Microsoft VS Code\bin;C:\Program Files (x86)\Microsoft SQL Server\160\Tools\Binn\;C:\Program Files\Microsoft SQL Server\160\Tools\Binn\;C:\Program Files\Microsoft SQL Server\Client SDK\ODBC\170\Tools\Binn\;C:\Program Files\Microsoft SQL Server\160\DTS\Binn\;C:\Program Files\Git\cmd;C:\Program Files\nodejs\;C:\Program Files\dotnet\;C:\Python\;;C:\Program Files\Docker\Docker\resources\bin;C:\Program Files\Portugal Identity Card\;C:\Program Files (x86)\Windows Kits\10\Windows Performance Toolkit\;C:\Users\andre\.pyenv\pyenv-win\bin;C:\Users\andre\.pyenv\pyenv-win\shims;C:\Users\andre\AppData\Local\Programs\Python\Python311\Scripts\;C:\Users\andre\AppData\Local\Programs\Python\Python311\;C:\Users\andre\AppData\Local\Programs\Python\Launcher\;C:\Users\andre\AppData\Local\Microsoft\WindowsApps;C:\Users\andre\AppData\Roaming\npm;C:\Users\andre\.dotnet\tools;C:\Users\andre\AppData\Local\Programs\mongosh\;C:\Python\;C:\Users\andre\AppData\Local\GitHubDesktop\bin;
USERNAME=andre
OS=Windows_NT
PROCESSOR_IDENTIFIER=Intel64 Family 6 Model 186 Stepping 2, GenuineIntel
TMP=C:\Users\andre\AppData\Local\Temp
TEMP=C:\Users\andre\AppData\Local\Temp




Periodic native trim disabled

---------------  S Y S T E M  ---------------

OS:
 Windows 11 , 64 bit Build 26100 (10.0.26100.3775)
OS uptime: 5 days 17:20 hours
Hyper-V role detected

CPU: total 20 (initial active 20) (10 cores per cpu, 2 threads per core) family 6 model 186 stepping 2 microcode 0x411f, cx8, cmov, fxsr, ht, mmx, 3dnowpref, sse, sse2, sse3, ssse3, sse4.1, sse4.2, popcnt, lzcnt, tsc, tscinvbit, avx, avx2, aes, erms, clmul, bmi1, bmi2, adx, sha, fma, vzeroupper, clflush, clflushopt, clwb, hv, serialize, rdtscp, rdpid, fsrm, gfni, f16c, cet_ibt, cet_ss
Processor Information for processor 0
  Max Mhz: 2400, Current Mhz: 2400, Mhz Limit: 2400
Processor Information for processor 1
  Max Mhz: 2400, Current Mhz: 1520, Mhz Limit: 2400
Processor Information for processor 2
  Max Mhz: 2400, Current Mhz: 2400, Mhz Limit: 2400
Processor Information for processor 3
  Max Mhz: 2400, Current Mhz: 2400, Mhz Limit: 2400
Processor Information for processor 4
  Max Mhz: 2400, Current Mhz: 2400, Mhz Limit: 2400
Processor Information for processor 5
  Max Mhz: 2400, Current Mhz: 1520, Mhz Limit: 2400
Processor Information for processor 6
  Max Mhz: 2400, Current Mhz: 1520, Mhz Limit: 2400
Processor Information for processor 7
  Max Mhz: 2400, Current Mhz: 2400, Mhz Limit: 2400
Processor Information for processor 8
  Max Mhz: 2400, Current Mhz: 1520, Mhz Limit: 2400
Processor Information for processor 9
  Max Mhz: 2400, Current Mhz: 1520, Mhz Limit: 2400
Processor Information for processor 10
  Max Mhz: 2400, Current Mhz: 1520, Mhz Limit: 2400
Processor Information for processor 11
  Max Mhz: 2400, Current Mhz: 1520, Mhz Limit: 2400
Processor Information for processor 12
  Max Mhz: 2400, Current Mhz: 1500, Mhz Limit: 1800
Processor Information for processor 13
  Max Mhz: 2400, Current Mhz: 1500, Mhz Limit: 1800
Processor Information for processor 14
  Max Mhz: 2400, Current Mhz: 1800, Mhz Limit: 1800
Processor Information for processor 15
  Max Mhz: 2400, Current Mhz: 1800, Mhz Limit: 1800
Processor Information for processor 16
  Max Mhz: 2400, Current Mhz: 1800, Mhz Limit: 1800
Processor Information for processor 17
  Max Mhz: 2400, Current Mhz: 1800, Mhz Limit: 1800
Processor Information for processor 18
  Max Mhz: 2400, Current Mhz: 1500, Mhz Limit: 1800
Processor Information for processor 19
  Max Mhz: 2400, Current Mhz: 1500, Mhz Limit: 1800

Memory: 4k page, system-wide physical 32400M (14095M free)
TotalPageFile size 34448M (AvailPageFile size 11363M)
current process WorkingSet (physical memory assigned to process): 1071M, peak: 1666M
current process commit charge ("private bytes"): 1169M, peak: 1735M

vm_info: Java HotSpot(TM) 64-Bit Server VM (23+37-2369) for windows-amd64 JRE (23+37-2369), built on 2024-08-20T16:01:23Z with MS VC++ 17.6 (VS2022)

END.
