#
# A fatal error has been detected by the Java Runtime Environment:
#
#  EXCEPTION_ACCESS_VIOLATION (0xc0000005) at pc=0x00007ffe0fa564f7, pid=61328, tid=21840
#
# JRE version: Java(TM) SE Runtime Environment (23.0+37) (build 23+37-2369)
# Java VM: Java HotSpot(TM) 64-Bit Server VM (23+37-2369, mixed mode, sharing, tiered, compressed oops, compressed class ptrs, g1 gc, windows-amd64)
# Problematic frame:
# C  [glass.dll+0x264f7]
#
# No core dump will be written. Minidumps are not enabled by default on client versions of Windows
#
# If you would like to submit a bug report, please visit:
#   https://bugreport.java.com/bugreport/crash.jsp
#

---------------  S U M M A R Y ------------

Command Line: -agentlib:jdwp=transport=dt_socket,address=127.0.0.1:52217,suspend=y,server=n -agentpath:C:\Users\andre\AppData\Local\Temp\idea_libasyncProfiler_dll_temp_folder7\libasyncProfiler.dll=version,jfr,event=wall,interval=10ms,cstack=no,file=C:\Users\andre\IdeaSnapshots\StartApplication_2025_04_24_093238.jfr,dbghelppath=C:\Users\andre\AppData\Local\Temp\idea_dbghelp_dll_temp_folder1\dbghelp.dll,log=C:\Users\andre\AppData\Local\Temp\StartApplication_2025_04_24_093238.jfr.log.txt,logLevel=DEBUG -javaagent:C:\Users\andre\AppData\Local\JetBrains\IntelliJIdea2024.3\captureAgent\debugger-agent.jar -Dkotlinx.coroutines.debug.enable.creation.stack.trace=false -Ddebugger.agent.enable.coroutines=true -Dkotlinx.coroutines.debug.enable.flows.stack.trace=true -Dkotlinx.coroutines.debug.enable.mutable.state.flows.stack.trace=true -Dfile.encoding=UTF-8 -Dsun.stdout.encoding=UTF-8 -Dsun.stderr.encoding=UTF-8 --module-path=C:\Users\andre\.m2\repository\org\openjfx\javafx-media\17.0.6\javafx-media-17.0.6-win.jar;C:\Users\andre\.m2\repository\com\gluonhq\attach\audio\4.0.17\audio-4.0.17.jar;C:\Users\andre\.m2\repository\com\fasterxml\jackson\core\jackson-databind\2.15.2\jackson-databind-2.15.2.jar;C:\Users\andre\.m2\repository\com\github\almasb\fxgl-gameplay\17.3\fxgl-gameplay-17.3.jar;C:\Users\andre\Desktop\PROJ_2\DesktopApp\target\classes;C:\Users\andre\.m2\repository\jakarta\validation\jakarta.validation-api\3.1.1\jakarta.validation-api-3.1.1.jar;C:\Users\andre\.m2\repository\com\fasterxml\jackson\datatype\jackson-datatype-jsr310\2.15.3\jackson-datatype-jsr310-2.15.3.jar;C:\Users\andre\.m2\repository\org\openjfx\javafx-graphics\21.0.2\javafx-graphics-21.0.2-win.jar;C:\Users\andre\.m2\repository\eu\hansolo\fx\countries\21.0.3\countries-21.0.3.jar;C:\Users\andre\.m2\repository\org\json\json\20231013\json-20231013.jar;C:\Users\andre\.m2\repository\org\jetbrains\kotlin\kotlin-stdlib\1.8.10\kotlin-stdlib-1.8.10.jar;C:\Users\andre\.m2\repository\com\gluonhq\attach\util\4.0.17\util-4.0.17.jar;C:\Users\andre\.m2\repository\com\github\almasb\fxgl-io\17.3\fxgl-io-17.3.jar;C:\Users\andre\.m2\repository\org\openjfx\javafx-web\17.0.6\javafx-web-17.0.6-win.jar;C:\Users\andre\.m2\repository\org\kordamp\ikonli\ikonli-javafx\12.3.1\ikonli-javafx-12.3.1.jar;C:\Users\andre\.m2\repository\com\fasterxml\jackson\core\jackson-core\2.15.2\jackson-core-2.15.2.jar;C:\Users\andre\.m2\repository\com\github\almasb\fxgl-core\17.3\fxgl-core-17.3.jar;C:\Users\andre\.m2\repository\eu\hansolo\fx\heatmap\21.0.3\heatmap-21.0.3.jar;C:\Users\andre\.m2\repository\org\openjfx\javafx-fxml\17.0.6\javafx-fxml-17.0.6-win.jar;C:\Users\andre\.m2\repository\org\kordamp\bootstrapfx\bootstrapfx-core\0.4.0\bootstrapfx-core-0.4.0.jar;C:\Users\andre\.m2\repository\org\kordamp\ikonli\ikonli-core\12.3.1\ikonli-core-12.3.1.jar;C:\Users\andre\.m2\repository\org\openjfx\javafx-swing\17.0.6\javafx-swing-17.0.6-win.jar;C:\User-Djdk.module.main=com.dashboard.desktopapp com.dashboard.desktopapp/com.dashboard.desktopapp.StartApplication

Host: 13th Gen Intel(R) Core(TM) i7-13700H, 20 cores, 31G,  Windows 11 , 64 bit Build 26100 (10.0.26100.3775)
Time: Thu Apr 24 09:34:27 2025 Hora de Verão de GMT elapsed time: 108.180242 seconds (0d 0h 1m 48s)

---------------  T H R E A D  ---------------

Current thread (0x000002422b12e090):  VMThread "VM Thread"          [id=21840, stack(0x00000084de900000,0x00000084dea00000) (1024K)]

Stack: [0x00000084de900000,0x00000084dea00000],  sp=0x00000084de9ff0e0,  free space=1020k
Native frames: (J=compiled Java code, j=interpreted, Vv=VM code, C=native code)
C  [glass.dll+0x264f7]  (no source info available)
C  [ucrtbase.dll+0x4bc75]  (no source info available)
C  [ucrtbase.dll+0x4b897]  (no source info available)
C  [ucrtbase.dll+0x4b84d]  (no source info available)
C  [glass.dll+0x23ccd]  (no source info available)
C  [glass.dll+0x23df2]  (no source info available)
C  [ntdll.dll+0x38830]  (no source info available)
C  [ntdll.dll+0xb24f0]  (no source info available)
C  [ntdll.dll+0xb16b4]  (no source info available)
C  [KERNEL32.DLL+0x418ab]  (no source info available)
C  [ucrtbase.dll+0xa0093]  (no source info available)
V  [jvm.dll+0x6d98fc]  (no source info available)
V  [jvm.dll+0x6d9430]  (no source info available)
V  [jvm.dll+0x3da534]  (no source info available)
V  [jvm.dll+0x886500]  (no source info available)
V  [jvm.dll+0x887827]  (no source info available)
V  [jvm.dll+0x887d58]  (no source info available)
V  [jvm.dll+0x887ff3]  (no source info available)
V  [jvm.dll+0x824f1b]  (no source info available)
V  [jvm.dll+0x6df055]  (no source info available)
C  [ucrtbase.dll+0x37b0]  (no source info available)
C  [KERNEL32.DLL+0x2e8d7]  (no source info available)
C  [ntdll.dll+0xb14fc]  (no source info available)


siginfo: EXCEPTION_ACCESS_VIOLATION (0xc0000005), reading address 0x0000000000000000


Registers:
RAX=0x0000000000000000, RBX=0x000002423045fa8a, RCX=0x000002422b12e090, RDX=0x00000084de9ff0e0
RSP=0x00000084de9ff0e0, RBP=0x0000825f839565e2, RSI=0x0000024230aaa0c8, RDI=0x0000024230aaa0a0
R8 =0x0000000000010002, R9 =0x0000825f839565e2, R10=0x00000241c1c60000, R11=0x00000084de9ff1c8
R12=0x0000000000000001, R13=0x000000007ffe0385, R14=0x00000084de9ff1e8, R15=0x0000024230aaa0a0
RIP=0x00007ffe0fa564f7, EFLAGS=0x0000000000010206


Register to memory mapping:

RAX=0x0 is null
RBX=0x000002423045fa8a is a global jni handle
RCX=0x000002422b12e090 points into unknown readable memory: 0x00007ffd9e87f698 | 98 f6 87 9e fd 7f 00 00
RDX=0x00000084de9ff0e0 points into unknown readable memory: 0x0000000000000000 | 00 00 00 00 00 00 00 00
RSP=0x00000084de9ff0e0 points into unknown readable memory: 0x0000000000000000 | 00 00 00 00 00 00 00 00
RBP=0x0000825f839565e2 is an unknown value
RSI=0x0000024230aaa0c8 points into unknown readable memory: 0x0000825f839565e2 | e2 65 95 83 5f 82 00 00
RDI=0x0000024230aaa0a0 points into unknown readable memory: 0x3e94673f83949a1a | 1a 9a 94 83 3f 67 94 3e
R8 =0x0000000000010002 is an unknown value
R9 =0x0000825f839565e2 is an unknown value
R10=0x00000241c1c60000 points into unknown readable memory: 0x0000000000000000 | 00 00 00 00 00 00 00 00
R11=0x00000084de9ff1c8 points into unknown readable memory: 0x00007ffe0fa53ccd | cd 3c a5 0f fe 7f 00 00
R12=0x0000000000000001 is an unknown value
R13=0x000000007ffe0385 points into unknown readable memory: 00 00 00
R14=0x00000084de9ff1e8 points into unknown readable memory: 0x00000084de9ff1d0 | d0 f1 9f de 84 00 00 00
R15=0x0000024230aaa0a0 points into unknown readable memory: 0x3e94673f83949a1a | 1a 9a 94 83 3f 67 94 3e

Top of Stack: (sp=0x00000084de9ff0e0)
0x00000084de9ff0e0:   0000000000000000 0000024200000000
0x00000084de9ff0f0:   0000024231897520 0000000000000001
0x00000084de9ff100:   0000024230aaa0a8 00007ffe24a0bc75
0x00000084de9ff110:   0000024230aaa0a0 0000024200000000
0x00000084de9ff120:   0000024230aaa0c0 0000825f839565e2
0x00000084de9ff130:   fffffffffffffffe 00007ffe0ffc0000
0x00000084de9ff140:   00007ffe0fa30000 00007ffe0fa30000
0x00000084de9ff150:   00000084de9ff1d8 00007ffe24a0b897
0x00000084de9ff160:   00000084de9ff100 00000084de9ff1e8
0x00000084de9ff170:   00000084de9ff710 00007ffe24af88c0
0x00000084de9ff180:   0000000000000001 00007ffe24a0b84d
0x00000084de9ff190:   0000000000000000 0000000000000001
0x00000084de9ff1a0:   00007ffe1fe6cd80 00000084de9ff1d8
0x00000084de9ff1b0:   fffffffffffffffe 00000084de9ff1a0
0x00000084de9ff1c0:   0000000000000000 00007ffe0fa53ccd
0x00000084de9ff1d0:   00007ffe0fa6a008 0000000000000002
0x00000084de9ff1e0:   00007ffe00000002 00000084de9ff1d0
0x00000084de9ff1f0:   0000000000000000 00007ffe23e25d97
0x00000084de9ff200:   0000000000000000 00007ffe0fa53df2
0x00000084de9ff210:   0000000000000001 0000000000000000
0x00000084de9ff220:   0000000000000001 00007ffe23e28ed1
0x00000084de9ff230:   00007ffe23e20000 00000084de9ff710
0x00000084de9ff240:   0000000000000001 0000000000000000
0x00000084de9ff250:   0000000000000000 0000000000000001
0x00000084de9ff260:   00007ffe0fa53e40 00007ffe27698830
0x00000084de9ff270:   00007ffe0fa30000 00007ffe00000000
0x00000084de9ff280:   0000000000000001 000000007ffe0384
0x00000084de9ff290:   00000000000000bc 0000000000000000
0x00000084de9ff2a0:   0000000000000000 0000000000000000
0x00000084de9ff2b0:   00007ffe0fa30000 ffff0a1700000000
0x00000084de9ff2c0:   000000000000003b 0000000000000000
0x00000084de9ff2d0:   0000000000000000 000002422b131aa0 

Instructions: (pc=0x00007ffe0fa564f7)
0x00007ffe0fa563f7:   8b 4d 58 e8 8d cf ff ff 48 8b 4d 60 e8 84 cf ff
0x00007ffe0fa56407:   ff 48 8b 95 80 00 00 00 48 8b 8d 18 01 00 00 e8
0x00007ffe0fa56417:   76 c4 ff ff 33 d2 33 c9 e8 cc e1 ff ff 90 48 89
0x00007ffe0fa56427:   54 24 10 55 48 83 ec 20 48 8b ea 48 b8 00 00 00
0x00007ffe0fa56437:   00 00 00 00 00 48 83 c4 20 5d c3 cc 40 55 48 8b
0x00007ffe0fa56447:   ea 48 8b 01 33 c9 81 38 05 00 00 c0 0f 94 c1 8b
0x00007ffe0fa56457:   c1 5d c3 cc 40 55 48 83 ec 20 48 8b ea 8a 4d 40
0x00007ffe0fa56467:   48 83 c4 20 5d e9 73 d3 ff ff cc 40 55 48 83 ec
0x00007ffe0fa56477:   20 48 8b ea 8a 4d 20 e8 61 d3 ff ff 90 48 83 c4
0x00007ffe0fa56487:   20 5d c3 cc 40 55 48 83 ec 20 48 8b ea 48 83 c4
0x00007ffe0fa56497:   20 5d e9 c2 d1 ff ff cc 40 55 48 83 ec 30 48 8b
0x00007ffe0fa564a7:   ea 48 8b 01 8b 10 48 89 4c 24 28 89 54 24 20 4c
0x00007ffe0fa564b7:   8d 0d 63 d6 ff ff 4c 8b 45 70 8b 55 68 48 8b 4d
0x00007ffe0fa564c7:   60 e8 03 d1 ff ff 90 48 83 c4 30 5d c3 cc cc cc
0x00007ffe0fa564d7:   cc cc cc cc cc cc cc cc cc 40 53 48 83 ec 20 48
0x00007ffe0fa564e7:   8b 1d 1b 35 01 00 48 85 db 74 16 e8 89 8f ff ff
0x00007ffe0fa564f7:   4c 8b 00 48 8b d3 48 8b c8 41 ff 90 b0 00 00 00
0x00007ffe0fa56507:   90 48 83 c4 20 5b c3 cc cc 40 53 48 83 ec 20 48
0x00007ffe0fa56517:   8b 1d 8b 36 01 00 48 85 db 74 57 b8 ff ff ff ff
0x00007ffe0fa56527:   f0 0f c1 43 10 83 f8 01 75 3d 48 85 db 74 38 48
0x00007ffe0fa56537:   8b 0b 48 85 c9 74 0d ff 15 64 0d 00 00 48 c7 03
0x00007ffe0fa56547:   00 00 00 00 48 8b 4b 08 48 85 c9 74 0d e8 33 ce
0x00007ffe0fa56557:   ff ff 48 c7 43 08 00 00 00 00 ba 18 00 00 00 48
0x00007ffe0fa56567:   8b cb e8 1e ce ff ff 48 c7 05 2f 36 01 00 00 00
0x00007ffe0fa56577:   00 00 48 83 c4 20 5b c3 cc 40 53 48 83 ec 20 48
0x00007ffe0fa56587:   8b 1d fb 35 01 00 48 85 db 74 57 b8 ff ff ff ff
0x00007ffe0fa56597:   f0 0f c1 43 10 83 f8 01 75 3d 48 85 db 74 38 48
0x00007ffe0fa565a7:   8b 0b 48 85 c9 74 0d ff 15 f4 0c 00 00 48 c7 03
0x00007ffe0fa565b7:   00 00 00 00 48 8b 4b 08 48 85 c9 74 0d e8 c3 cd
0x00007ffe0fa565c7:   ff ff 48 c7 43 08 00 00 00 00 ba 18 00 00 00 48
0x00007ffe0fa565d7:   8b cb e8 ae cd ff ff 48 c7 05 9f 35 01 00 00 00
0x00007ffe0fa565e7:   00 00 48 83 c4 20 5b c3 cc 40 53 48 83 ec 20 48 


Stack slot to memory mapping:

stack at sp + 0 slots: 0x0 is null
stack at sp + 1 slots: 0x0000024200000000 is an unknown value
stack at sp + 2 slots: 0x0000024231897520 points into unknown readable memory: 0x0000024231897b50 | 50 7b 89 31 42 02 00 00
stack at sp + 3 slots: 0x0000000000000001 is an unknown value
stack at sp + 4 slots: 0x0000024230aaa0a8 points into unknown readable memory: 0x0000825f839565e2 | e2 65 95 83 5f 82 00 00
stack at sp + 5 slots: 0x00007ffe24a0bc75 ucrtbase.dll
stack at sp + 6 slots: 0x0000024230aaa0a0 points into unknown readable memory: 0x3e94673f83949a1a | 1a 9a 94 83 3f 67 94 3e
stack at sp + 7 slots: 0x0000024200000000 is an unknown value

VM_Operation (0x00000084ddfff310): Exit, mode: safepoint, requested by thread 0x000002423cb2b750


---------------  P R O C E S S  ---------------

Threads class SMR info:
_java_thread_list=0x0000024231fde250, length=19, elements={
0x00000241c41fdf70, 0x000002422b14f0d0, 0x000002422b151b40, 0x000002422b152d20,
0x000002422b153a40, 0x000002422b155b10, 0x000002422b160380, 0x000002422b16b9d0,
0x000002422b1533b0, 0x000002423046c450, 0x000002422b154760, 0x000002422b154df0,
0x000002422b155480, 0x000002422b1561a0, 0x0000024231f85530, 0x0000024231f84180,
0x000002423b802700, 0x0000024254ad9610, 0x000002423cb2b750
}

Java Threads: ( => current thread )
  0x00000241c41fdf70 JavaThread "main"                              [_thread_blocked, id=60572, stack(0x00000084de200000,0x00000084de300000) (1024K)]
  0x000002422b14f0d0 JavaThread "Reference Handler"          daemon [_thread_blocked, id=9728, stack(0x00000084dea00000,0x00000084deb00000) (1024K)]
  0x000002422b151b40 JavaThread "Finalizer"                  daemon [_thread_blocked, id=4892, stack(0x00000084deb00000,0x00000084dec00000) (1024K)]
  0x000002422b152d20 JavaThread "Attach Listener"            daemon [_thread_blocked, id=47332, stack(0x00000084ded00000,0x00000084dee00000) (1024K)]
  0x000002422b153a40 JavaThread "Service Thread"             daemon [_thread_blocked, id=57836, stack(0x00000084dee00000,0x00000084def00000) (1024K)]
  0x000002422b155b10 JavaThread "Monitor Deflation Thread"   daemon [_thread_blocked, id=58240, stack(0x00000084def00000,0x00000084df000000) (1024K)]
  0x000002422b160380 JavaThread "C2 CompilerThread0"         daemon [_thread_blocked, id=48248, stack(0x00000084df000000,0x00000084df100000) (1024K)]
  0x000002422b16b9d0 JavaThread "C1 CompilerThread0"         daemon [_thread_blocked, id=28800, stack(0x00000084df100000,0x00000084df200000) (1024K)]
  0x000002422b1533b0 JavaThread "Common-Cleaner"             daemon [_thread_blocked, id=39960, stack(0x00000084df300000,0x00000084df400000) (1024K)]
  0x000002423046c450 JavaThread "JDWP Event Helper Thread"   daemon [_thread_blocked, id=29396, stack(0x00000084dfe00000,0x00000084dff00000) (1024K)]
  0x000002422b154760 JavaThread "Notification Thread"        daemon [_thread_blocked, id=50696, stack(0x00000084e0000000,0x00000084e0100000) (1024K)]
  0x000002422b154df0 JavaThread "QuantumRenderer-0"          daemon [_thread_blocked, id=14424, stack(0x00000084e0c00000,0x00000084e0d00000) (1024K)]
  0x000002422b155480 JavaThread "InvokeLaterDispatcher"      daemon [_thread_blocked, id=24748, stack(0x00000084dfb00000,0x00000084dfc00000) (1024K)]
  0x000002422b1561a0 JavaThread "JavaFX Application Thread"         [_thread_blocked, id=50764, stack(0x00000084dfc00000,0x00000084dfd00000) (1024K)]
  0x0000024231f85530 JavaThread "Thread-1"                   daemon [_thread_in_native, id=59468, stack(0x00000084dfa00000,0x00000084dfb00000) (1024K)]
  0x0000024231f84180 JavaThread "JavaFX-Launcher"                   [_thread_blocked, id=43348, stack(0x00000084e2400000,0x00000084e2500000) (1024K)]
  0x000002423b802700 JavaThread "Prism Font Disposer"        daemon [_thread_blocked, id=54156, stack(0x00000084e2c00000,0x00000084e2d00000) (1024K)]
  0x0000024254ad9610 JavaThread "Cleaner-0"                  daemon [_thread_blocked, id=49252, stack(0x00000084df800000,0x00000084df900000) (1024K)]
  0x000002423cb2b750 JavaThread "SIGINT handler"             daemon [_thread_blocked, id=55392, stack(0x00000084ddf00000,0x00000084de000000) (1024K)]
Total: 19

Other Threads:
=>0x000002422b12e090 VMThread "VM Thread"                           [id=21840, stack(0x00000084de900000,0x00000084dea00000) (1024K)]
  0x00000241c3e51d90 WorkerThread "GC Thread#0"                     [id=56220, stack(0x00000084de300000,0x00000084de400000) (1024K)]
  0x0000024230a378e0 WorkerThread "GC Thread#1"                     [id=47148, stack(0x00000084e0100000,0x00000084e0200000) (1024K)]
  0x0000024230a3b030 WorkerThread "GC Thread#2"                     [id=45684, stack(0x00000084e0200000,0x00000084e0300000) (1024K)]
  0x0000024230a37530 WorkerThread "GC Thread#3"                     [id=48080, stack(0x00000084e0300000,0x00000084e0400000) (1024K)]
  0x0000024230a37c90 WorkerThread "GC Thread#4"                     [id=57376, stack(0x00000084e0400000,0x00000084e0500000) (1024K)]
  0x0000024230a3a8d0 WorkerThread "GC Thread#5"                     [id=57372, stack(0x00000084e0500000,0x00000084e0600000) (1024K)]
  0x0000024230a39660 WorkerThread "GC Thread#6"                     [id=44856, stack(0x00000084e0600000,0x00000084e0700000) (1024K)]
  0x0000024230a38b50 WorkerThread "GC Thread#7"                     [id=14936, stack(0x00000084e0700000,0x00000084e0800000) (1024K)]
  0x0000024230a383f0 WorkerThread "GC Thread#8"                     [id=59200, stack(0x00000084e0800000,0x00000084e0900000) (1024K)]
  0x0000024230a38f00 WorkerThread "GC Thread#9"                     [id=59056, stack(0x00000084e0900000,0x00000084e0a00000) (1024K)]
  0x0000024230a3ac80 WorkerThread "GC Thread#10"                    [id=57032, stack(0x00000084e0a00000,0x00000084e0b00000) (1024K)]
  0x0000024230a39dc0 WorkerThread "GC Thread#11"                    [id=60984, stack(0x00000084e0b00000,0x00000084e0c00000) (1024K)]
  0x0000024230a39a10 WorkerThread "GC Thread#12"                    [id=23208, stack(0x00000084e2500000,0x00000084e2600000) (1024K)]
  0x000002422b12f300 WorkerThread "GC Thread#13"                    [id=25048, stack(0x00000084e2600000,0x00000084e2700000) (1024K)]
  0x000002422b12dce0 WorkerThread "GC Thread#14"                    [id=41348, stack(0x00000084e2700000,0x00000084e2800000) (1024K)]
  0x00000241c3e677a0 ConcurrentGCThread "G1 Main Marker"            terminated
  0x00000241c3e68860 WorkerThread "G1 Conc#0"                       [id=50064, stack(0x00000084de500000,0x00000084de600000) (1024K)]
  0x00000242326cd0e0 WorkerThread "G1 Conc#1"                       [id=29432, stack(0x00000084e2800000,0x00000084e2900000) (1024K)]
  0x00000242326cd490 WorkerThread "G1 Conc#2"                       [id=8372, stack(0x00000084e2900000,0x00000084e2a00000) (1024K)]
  0x00000242326cdfa0 WorkerThread "G1 Conc#3"                       [id=50040, stack(0x00000084e2a00000,0x00000084e2b00000) (1024K)]
  0x00000241c3f28bf0 ConcurrentGCThread "G1 Refine#0"               terminated
  0x00000241c3f29420 ConcurrentGCThread "G1 Service"                terminated
Total: 23

Threads with active compile tasks:
Total: 0

VM state: at safepoint (shutting down)

VM Mutex/Monitor currently owned by a thread:  ([mutex/lock_event])
[0x00007ffd9ea53910] Threads_lock - owner thread: 0x000002422b12e090
[0x00007ffd9ea53a10] Heap_lock - owner thread: 0x000002423cb2b750

Heap address: 0x0000000605800000, size: 8104 MB, Compressed Oops mode: Zero based, Oop shift amount: 3

CDS archive(s) mapped at: [0x00000241ea000000-0x00000241ead70000-0x00000241ead70000), size 14090240, SharedBaseAddress: 0x00000241ea000000, ArchiveRelocationMode: 1.
Compressed class space mapped at: 0x00000241eb000000-0x000002422b000000, reserved size: 1073741824
Narrow klass base: 0x00000241ea000000, Narrow klass shift: 0, Narrow klass range: 0x41000000

GC Precious Log:
 CardTable entry size: 512
 Card Set container configuration: InlinePtr #cards 4 size 8 Array Of Cards #cards 32 size 80 Howl #buckets 8 coarsen threshold 7372 Howl Bitmap #cards 1024 size 144 coarsen threshold 921 Card regions per heap region 1 cards per card region 8192
 CPUs: 20 total, 20 available
 Memory: 32400M
 Large Page Support: Disabled
 NUMA Support: Disabled
 Compressed Oops: Enabled (Zero based)
 Heap Region Size: 4M
 Heap Min Capacity: 8M
 Heap Initial Capacity: 508M
 Heap Max Capacity: 8104M
 Pre-touch: Disabled
 Parallel Workers: 15
 Concurrent Workers: 4
 Concurrent Refinement Workers: 15
 Periodic GC: Disabled

Heap:
 garbage-first heap   total reserved 8298496K, committed 540672K, used 290954K [0x0000000605800000, 0x0000000800000000)
  region size 4096K, 3 young (12288K), 1 survivors (4096K)
 Metaspace       used 37417K, committed 37888K, reserved 1114112K
  class space    used 4935K, committed 5184K, reserved 1048576K

Heap Regions: E=young(eden), S=young(survivor), O=old, HS=humongous(starts), HC=humongous(continues), CS=collection set, F=free, TAMS=top-at-mark-start, PB=parsable bottom
|   0|0x0000000605800000, 0x0000000605c00000, 0x0000000605c00000|100%| O|  |TAMS 0x0000000605800000| PB 0x0000000605800000| Untracked |  0
|   1|0x0000000605c00000, 0x0000000605c00000, 0x0000000606000000|  0%| F|  |TAMS 0x0000000605c00000| PB 0x0000000605c00000| Untracked |  0
|   2|0x0000000606000000, 0x0000000606000000, 0x0000000606400000|  0%| F|  |TAMS 0x0000000606000000| PB 0x0000000606000000| Untracked |  0
|   3|0x0000000606400000, 0x0000000606400000, 0x0000000606800000|  0%| F|  |TAMS 0x0000000606400000| PB 0x0000000606400000| Untracked |  0
|   4|0x0000000606800000, 0x0000000606800000, 0x0000000606c00000|  0%| F|  |TAMS 0x0000000606800000| PB 0x0000000606800000| Untracked |  0
|   5|0x0000000606c00000, 0x0000000606c00000, 0x0000000607000000|  0%| F|  |TAMS 0x0000000606c00000| PB 0x0000000606c00000| Untracked |  0
|   6|0x0000000607000000, 0x0000000607000000, 0x0000000607400000|  0%| F|  |TAMS 0x0000000607000000| PB 0x0000000607000000| Untracked |  0
|   7|0x0000000607400000, 0x0000000607400000, 0x0000000607800000|  0%| F|  |TAMS 0x0000000607400000| PB 0x0000000607400000| Untracked |  0
|   8|0x0000000607800000, 0x0000000607800000, 0x0000000607c00000|  0%| F|  |TAMS 0x0000000607800000| PB 0x0000000607800000| Untracked |  0
|   9|0x0000000607c00000, 0x0000000607c00000, 0x0000000608000000|  0%| F|  |TAMS 0x0000000607c00000| PB 0x0000000607c00000| Untracked |  0
|  10|0x0000000608000000, 0x0000000608400000, 0x0000000608400000|100%| O|  |TAMS 0x0000000608000000| PB 0x0000000608000000| Untracked |  0
|  11|0x0000000608400000, 0x0000000608800000, 0x0000000608800000|100%| O|  |TAMS 0x0000000608400000| PB 0x0000000608400000| Untracked |  0
|  12|0x0000000608800000, 0x0000000608c00000, 0x0000000608c00000|100%| O|  |TAMS 0x0000000608800000| PB 0x0000000608800000| Untracked |  0
|  13|0x0000000608c00000, 0x0000000609000000, 0x0000000609000000|100%|HS|  |TAMS 0x0000000608c00000| PB 0x0000000608c00000| Complete |  0
|  14|0x0000000609000000, 0x0000000609400000, 0x0000000609400000|100%|HC|  |TAMS 0x0000000609000000| PB 0x0000000609000000| Complete |  0
|  15|0x0000000609400000, 0x0000000609800000, 0x0000000609800000|100%|HC|  |TAMS 0x0000000609400000| PB 0x0000000609400000| Complete |  0
|  16|0x0000000609800000, 0x0000000609c00000, 0x0000000609c00000|100%|HC|  |TAMS 0x0000000609800000| PB 0x0000000609800000| Complete |  0
|  17|0x0000000609c00000, 0x000000060a000000, 0x000000060a000000|100%|HC|  |TAMS 0x0000000609c00000| PB 0x0000000609c00000| Complete |  0
|  18|0x000000060a000000, 0x000000060a400000, 0x000000060a400000|100%|HC|  |TAMS 0x000000060a000000| PB 0x000000060a000000| Complete |  0
|  19|0x000000060a400000, 0x000000060a800000, 0x000000060a800000|100%|HC|  |TAMS 0x000000060a400000| PB 0x000000060a400000| Complete |  0
|  20|0x000000060a800000, 0x000000060ac00000, 0x000000060ac00000|100%|HC|  |TAMS 0x000000060a800000| PB 0x000000060a800000| Complete |  0
|  21|0x000000060ac00000, 0x000000060b000000, 0x000000060b000000|100%|HC|  |TAMS 0x000000060ac00000| PB 0x000000060ac00000| Complete |  0
|  22|0x000000060b000000, 0x000000060b400000, 0x000000060b400000|100%|HC|  |TAMS 0x000000060b000000| PB 0x000000060b000000| Complete |  0
|  23|0x000000060b400000, 0x000000060b800000, 0x000000060b800000|100%|HS|  |TAMS 0x000000060b400000| PB 0x000000060b400000| Complete |  0
|  24|0x000000060b800000, 0x000000060bc00000, 0x000000060bc00000|100%|HC|  |TAMS 0x000000060b800000| PB 0x000000060b800000| Complete |  0
|  25|0x000000060bc00000, 0x000000060c000000, 0x000000060c000000|100%|HC|  |TAMS 0x000000060bc00000| PB 0x000000060bc00000| Complete |  0
|  26|0x000000060c000000, 0x000000060c400000, 0x000000060c400000|100%|HC|  |TAMS 0x000000060c000000| PB 0x000000060c000000| Complete |  0
|  27|0x000000060c400000, 0x000000060c800000, 0x000000060c800000|100%|HC|  |TAMS 0x000000060c400000| PB 0x000000060c400000| Complete |  0
|  28|0x000000060c800000, 0x000000060cc00000, 0x000000060cc00000|100%|HC|  |TAMS 0x000000060c800000| PB 0x000000060c800000| Complete |  0
|  29|0x000000060cc00000, 0x000000060d000000, 0x000000060d000000|100%|HC|  |TAMS 0x000000060cc00000| PB 0x000000060cc00000| Complete |  0
|  30|0x000000060d000000, 0x000000060d400000, 0x000000060d400000|100%|HC|  |TAMS 0x000000060d000000| PB 0x000000060d000000| Complete |  0
|  31|0x000000060d400000, 0x000000060d800000, 0x000000060d800000|100%|HC|  |TAMS 0x000000060d400000| PB 0x000000060d400000| Complete |  0
|  32|0x000000060d800000, 0x000000060dc00000, 0x000000060dc00000|100%|HC|  |TAMS 0x000000060d800000| PB 0x000000060d800000| Complete |  0
|  33|0x000000060dc00000, 0x000000060e000000, 0x000000060e000000|100%|HC|  |TAMS 0x000000060dc00000| PB 0x000000060dc00000| Complete |  0
|  34|0x000000060e000000, 0x000000060e400000, 0x000000060e400000|100%|HC|  |TAMS 0x000000060e000000| PB 0x000000060e000000| Complete |  0
|  35|0x000000060e400000, 0x000000060e800000, 0x000000060e800000|100%|HS|  |TAMS 0x000000060e400000| PB 0x000000060e400000| Complete |  0
|  36|0x000000060e800000, 0x000000060ec00000, 0x000000060ec00000|100%|HC|  |TAMS 0x000000060e800000| PB 0x000000060e800000| Complete |  0
|  37|0x000000060ec00000, 0x000000060f000000, 0x000000060f000000|100%|HC|  |TAMS 0x000000060ec00000| PB 0x000000060ec00000| Complete |  0
|  38|0x000000060f000000, 0x000000060f400000, 0x000000060f400000|100%|HC|  |TAMS 0x000000060f000000| PB 0x000000060f000000| Complete |  0
|  39|0x000000060f400000, 0x000000060f800000, 0x000000060f800000|100%|HC|  |TAMS 0x000000060f400000| PB 0x000000060f400000| Complete |  0
|  40|0x000000060f800000, 0x000000060fc00000, 0x000000060fc00000|100%|HC|  |TAMS 0x000000060f800000| PB 0x000000060f800000| Complete |  0
|  41|0x000000060fc00000, 0x0000000610000000, 0x0000000610000000|100%|HC|  |TAMS 0x000000060fc00000| PB 0x000000060fc00000| Complete |  0
|  42|0x0000000610000000, 0x0000000610400000, 0x0000000610400000|100%|HC|  |TAMS 0x0000000610000000| PB 0x0000000610000000| Complete |  0
|  43|0x0000000610400000, 0x0000000610800000, 0x0000000610800000|100%|HC|  |TAMS 0x0000000610400000| PB 0x0000000610400000| Complete |  0
|  44|0x0000000610800000, 0x0000000610c00000, 0x0000000610c00000|100%|HC|  |TAMS 0x0000000610800000| PB 0x0000000610800000| Complete |  0
|  45|0x0000000610c00000, 0x0000000611000000, 0x0000000611000000|100%| O|Cm|TAMS 0x0000000610c00000| PB 0x0000000610c00000| Complete |  0
|  46|0x0000000611000000, 0x0000000611400000, 0x0000000611400000|100%| O|  |TAMS 0x0000000611000000| PB 0x0000000611000000| Untracked |  0
|  47|0x0000000611400000, 0x00000006115cf810, 0x0000000611800000| 45%| O|  |TAMS 0x0000000611400000| PB 0x0000000611400000| Untracked |  0
|  48|0x0000000611800000, 0x0000000611800000, 0x0000000611c00000|  0%| F|  |TAMS 0x0000000611800000| PB 0x0000000611800000| Untracked |  0
|  49|0x0000000611c00000, 0x0000000611c00000, 0x0000000612000000|  0%| F|  |TAMS 0x0000000611c00000| PB 0x0000000611c00000| Untracked |  0
|  50|0x0000000612000000, 0x0000000612000000, 0x0000000612400000|  0%| F|  |TAMS 0x0000000612000000| PB 0x0000000612000000| Untracked |  0
|  51|0x0000000612400000, 0x0000000612400000, 0x0000000612800000|  0%| F|  |TAMS 0x0000000612400000| PB 0x0000000612400000| Untracked |  0
|  52|0x0000000612800000, 0x0000000612800000, 0x0000000612c00000|  0%| F|  |TAMS 0x0000000612800000| PB 0x0000000612800000| Untracked |  0
|  53|0x0000000612c00000, 0x0000000612c00000, 0x0000000613000000|  0%| F|  |TAMS 0x0000000612c00000| PB 0x0000000612c00000| Untracked |  0
|  54|0x0000000613000000, 0x0000000613000000, 0x0000000613400000|  0%| F|  |TAMS 0x0000000613000000| PB 0x0000000613000000| Untracked |  0
|  55|0x0000000613400000, 0x0000000613400000, 0x0000000613800000|  0%| F|  |TAMS 0x0000000613400000| PB 0x0000000613400000| Untracked |  0
|  56|0x0000000613800000, 0x0000000613800000, 0x0000000613c00000|  0%| F|  |TAMS 0x0000000613800000| PB 0x0000000613800000| Untracked |  0
|  57|0x0000000613c00000, 0x0000000613c00000, 0x0000000614000000|  0%| F|  |TAMS 0x0000000613c00000| PB 0x0000000613c00000| Untracked |  0
|  58|0x0000000614000000, 0x0000000614000000, 0x0000000614400000|  0%| F|  |TAMS 0x0000000614000000| PB 0x0000000614000000| Untracked |  0
|  59|0x0000000614400000, 0x0000000614400000, 0x0000000614800000|  0%| F|  |TAMS 0x0000000614400000| PB 0x0000000614400000| Untracked |  0
|  60|0x0000000614800000, 0x0000000614800000, 0x0000000614c00000|  0%| F|  |TAMS 0x0000000614800000| PB 0x0000000614800000| Untracked |  0
|  61|0x0000000614c00000, 0x0000000614c00000, 0x0000000615000000|  0%| F|  |TAMS 0x0000000614c00000| PB 0x0000000614c00000| Untracked |  0
|  62|0x0000000615000000, 0x0000000615000000, 0x0000000615400000|  0%| F|  |TAMS 0x0000000615000000| PB 0x0000000615000000| Untracked |  0
|  63|0x0000000615400000, 0x0000000615400000, 0x0000000615800000|  0%| F|  |TAMS 0x0000000615400000| PB 0x0000000615400000| Untracked |  0
|  64|0x0000000615800000, 0x0000000615800000, 0x0000000615c00000|  0%| F|  |TAMS 0x0000000615800000| PB 0x0000000615800000| Untracked |  0
|  65|0x0000000615c00000, 0x0000000615c00000, 0x0000000616000000|  0%| F|  |TAMS 0x0000000615c00000| PB 0x0000000615c00000| Untracked |  0
|  66|0x0000000616000000, 0x0000000616000000, 0x0000000616400000|  0%| F|  |TAMS 0x0000000616000000| PB 0x0000000616000000| Untracked |  0
|  67|0x0000000616400000, 0x0000000616800000, 0x0000000616800000|100%|HS|  |TAMS 0x0000000616400000| PB 0x0000000616400000| Complete |  0
|  68|0x0000000616800000, 0x0000000616c00000, 0x0000000616c00000|100%|HC|  |TAMS 0x0000000616800000| PB 0x0000000616800000| Complete |  0
|  69|0x0000000616c00000, 0x0000000617000000, 0x0000000617000000|100%|HC|  |TAMS 0x0000000616c00000| PB 0x0000000616c00000| Complete |  0
|  70|0x0000000617000000, 0x0000000617400000, 0x0000000617400000|100%|HC|  |TAMS 0x0000000617000000| PB 0x0000000617000000| Complete |  0
|  71|0x0000000617400000, 0x0000000617800000, 0x0000000617800000|100%|HC|  |TAMS 0x0000000617400000| PB 0x0000000617400000| Complete |  0
|  72|0x0000000617800000, 0x0000000617c00000, 0x0000000617c00000|100%|HC|  |TAMS 0x0000000617800000| PB 0x0000000617800000| Complete |  0
|  73|0x0000000617c00000, 0x0000000618000000, 0x0000000618000000|100%|HC|  |TAMS 0x0000000617c00000| PB 0x0000000617c00000| Complete |  0
|  74|0x0000000618000000, 0x0000000618400000, 0x0000000618400000|100%|HC|  |TAMS 0x0000000618000000| PB 0x0000000618000000| Complete |  0
|  75|0x0000000618400000, 0x0000000618800000, 0x0000000618800000|100%|HC|  |TAMS 0x0000000618400000| PB 0x0000000618400000| Complete |  0
|  76|0x0000000618800000, 0x0000000618c00000, 0x0000000618c00000|100%|HS|  |TAMS 0x0000000618800000| PB 0x0000000618800000| Complete |  0
|  77|0x0000000618c00000, 0x0000000619000000, 0x0000000619000000|100%|HC|  |TAMS 0x0000000618c00000| PB 0x0000000618c00000| Complete |  0
|  78|0x0000000619000000, 0x0000000619400000, 0x0000000619400000|100%|HC|  |TAMS 0x0000000619000000| PB 0x0000000619000000| Complete |  0
|  79|0x0000000619400000, 0x0000000619800000, 0x0000000619800000|100%|HC|  |TAMS 0x0000000619400000| PB 0x0000000619400000| Complete |  0
|  80|0x0000000619800000, 0x0000000619c00000, 0x0000000619c00000|100%|HC|  |TAMS 0x0000000619800000| PB 0x0000000619800000| Complete |  0
|  81|0x0000000619c00000, 0x000000061a000000, 0x000000061a000000|100%|HC|  |TAMS 0x0000000619c00000| PB 0x0000000619c00000| Complete |  0
|  82|0x000000061a000000, 0x000000061a400000, 0x000000061a400000|100%|HC|  |TAMS 0x000000061a000000| PB 0x000000061a000000| Complete |  0
|  83|0x000000061a400000, 0x000000061a800000, 0x000000061a800000|100%|HC|  |TAMS 0x000000061a400000| PB 0x000000061a400000| Complete |  0
|  84|0x000000061a800000, 0x000000061ac00000, 0x000000061ac00000|100%|HC|  |TAMS 0x000000061a800000| PB 0x000000061a800000| Complete |  0
|  85|0x000000061ac00000, 0x000000061b000000, 0x000000061b000000|100%|HC|  |TAMS 0x000000061ac00000| PB 0x000000061ac00000| Complete |  0
|  86|0x000000061b000000, 0x000000061b400000, 0x000000061b400000|100%|HS|  |TAMS 0x000000061b000000| PB 0x000000061b000000| Complete |  0
|  87|0x000000061b400000, 0x000000061b800000, 0x000000061b800000|100%|HC|  |TAMS 0x000000061b400000| PB 0x000000061b400000| Complete |  0
|  88|0x000000061b800000, 0x000000061bc00000, 0x000000061bc00000|100%|HC|  |TAMS 0x000000061b800000| PB 0x000000061b800000| Complete |  0
|  89|0x000000061bc00000, 0x000000061c000000, 0x000000061c000000|100%|HC|  |TAMS 0x000000061bc00000| PB 0x000000061bc00000| Complete |  0
|  90|0x000000061c000000, 0x000000061c400000, 0x000000061c400000|100%|HC|  |TAMS 0x000000061c000000| PB 0x000000061c000000| Complete |  0
|  91|0x000000061c400000, 0x000000061c800000, 0x000000061c800000|100%|HC|  |TAMS 0x000000061c400000| PB 0x000000061c400000| Complete |  0
|  92|0x000000061c800000, 0x000000061cc00000, 0x000000061cc00000|100%|HC|  |TAMS 0x000000061c800000| PB 0x000000061c800000| Complete |  0
|  93|0x000000061cc00000, 0x000000061d000000, 0x000000061d000000|100%|HC|  |TAMS 0x000000061cc00000| PB 0x000000061cc00000| Complete |  0
|  94|0x000000061d000000, 0x000000061d400000, 0x000000061d400000|100%|HC|  |TAMS 0x000000061d000000| PB 0x000000061d000000| Complete |  0
|  95|0x000000061d400000, 0x000000061d800000, 0x000000061d800000|100%|HC|  |TAMS 0x000000061d400000| PB 0x000000061d400000| Complete |  0
|  96|0x000000061d800000, 0x000000061d800000, 0x000000061dc00000|  0%| F|  |TAMS 0x000000061d800000| PB 0x000000061d800000| Untracked |  0
|  97|0x000000061dc00000, 0x000000061dc00000, 0x000000061e000000|  0%| F|  |TAMS 0x000000061dc00000| PB 0x000000061dc00000| Untracked |  0
|  98|0x000000061e000000, 0x000000061e000000, 0x000000061e400000|  0%| F|  |TAMS 0x000000061e000000| PB 0x000000061e000000| Untracked |  0
|  99|0x000000061e400000, 0x000000061e400000, 0x000000061e800000|  0%| F|  |TAMS 0x000000061e400000| PB 0x000000061e400000| Untracked |  0
| 100|0x000000061e800000, 0x000000061e800000, 0x000000061ec00000|  0%| F|  |TAMS 0x000000061e800000| PB 0x000000061e800000| Untracked |  0
| 101|0x000000061ec00000, 0x000000061ec00000, 0x000000061f000000|  0%| F|  |TAMS 0x000000061ec00000| PB 0x000000061ec00000| Untracked |  0
| 102|0x000000061f000000, 0x000000061f000000, 0x000000061f400000|  0%| F|  |TAMS 0x000000061f000000| PB 0x000000061f000000| Untracked |  0
| 103|0x000000061f400000, 0x000000061f400000, 0x000000061f800000|  0%| F|  |TAMS 0x000000061f400000| PB 0x000000061f400000| Untracked |  0
| 104|0x000000061f800000, 0x000000061f800000, 0x000000061fc00000|  0%| F|  |TAMS 0x000000061f800000| PB 0x000000061f800000| Untracked |  0
| 105|0x000000061fc00000, 0x000000061fc00000, 0x0000000620000000|  0%| F|  |TAMS 0x000000061fc00000| PB 0x000000061fc00000| Untracked |  0
| 106|0x0000000620000000, 0x0000000620000000, 0x0000000620400000|  0%| F|  |TAMS 0x0000000620000000| PB 0x0000000620000000| Untracked |  0
| 107|0x0000000620400000, 0x0000000620400000, 0x0000000620800000|  0%| F|  |TAMS 0x0000000620400000| PB 0x0000000620400000| Untracked |  0
| 108|0x0000000620800000, 0x0000000620800000, 0x0000000620c00000|  0%| F|  |TAMS 0x0000000620800000| PB 0x0000000620800000| Untracked |  0
| 109|0x0000000620c00000, 0x0000000620c00000, 0x0000000621000000|  0%| F|  |TAMS 0x0000000620c00000| PB 0x0000000620c00000| Untracked |  0
| 110|0x0000000621000000, 0x0000000621000000, 0x0000000621400000|  0%| F|  |TAMS 0x0000000621000000| PB 0x0000000621000000| Untracked |  0
| 111|0x0000000621400000, 0x0000000621400000, 0x0000000621800000|  0%| F|  |TAMS 0x0000000621400000| PB 0x0000000621400000| Untracked |  0
| 112|0x0000000621800000, 0x0000000621800000, 0x0000000621c00000|  0%| F|  |TAMS 0x0000000621800000| PB 0x0000000621800000| Untracked |  0
| 113|0x0000000621c00000, 0x0000000621c00000, 0x0000000622000000|  0%| F|  |TAMS 0x0000000621c00000| PB 0x0000000621c00000| Untracked |  0
| 114|0x0000000622000000, 0x0000000622000000, 0x0000000622400000|  0%| F|  |TAMS 0x0000000622000000| PB 0x0000000622000000| Untracked |  0
| 115|0x0000000622400000, 0x0000000622400000, 0x0000000622800000|  0%| F|  |TAMS 0x0000000622400000| PB 0x0000000622400000| Untracked |  0
| 116|0x0000000622800000, 0x0000000622800000, 0x0000000622c00000|  0%| F|  |TAMS 0x0000000622800000| PB 0x0000000622800000| Untracked |  0
| 117|0x0000000622c00000, 0x0000000622c00000, 0x0000000623000000|  0%| F|  |TAMS 0x0000000622c00000| PB 0x0000000622c00000| Untracked |  0
| 118|0x0000000623000000, 0x0000000623000000, 0x0000000623400000|  0%| F|  |TAMS 0x0000000623000000| PB 0x0000000623000000| Untracked |  0
| 119|0x0000000623400000, 0x0000000623400000, 0x0000000623800000|  0%| F|  |TAMS 0x0000000623400000| PB 0x0000000623400000| Untracked |  0
| 120|0x0000000623800000, 0x0000000623800000, 0x0000000623c00000|  0%| F|  |TAMS 0x0000000623800000| PB 0x0000000623800000| Untracked |  0
| 121|0x0000000623c00000, 0x0000000623c00000, 0x0000000624000000|  0%| F|  |TAMS 0x0000000623c00000| PB 0x0000000623c00000| Untracked |  0
| 122|0x0000000624000000, 0x0000000624000000, 0x0000000624400000|  0%| F|  |TAMS 0x0000000624000000| PB 0x0000000624000000| Untracked |  0
| 123|0x0000000624400000, 0x0000000624400000, 0x0000000624800000|  0%| F|  |TAMS 0x0000000624400000| PB 0x0000000624400000| Untracked |  0
| 124|0x0000000624800000, 0x0000000624800000, 0x0000000624c00000|  0%| F|  |TAMS 0x0000000624800000| PB 0x0000000624800000| Untracked |  0
| 125|0x0000000624c00000, 0x0000000624c00000, 0x0000000625000000|  0%| F|  |TAMS 0x0000000624c00000| PB 0x0000000624c00000| Untracked |  0
| 126|0x0000000625000000, 0x0000000625000000, 0x0000000625400000|  0%| F|  |TAMS 0x0000000625000000| PB 0x0000000625000000| Untracked |  0
| 127|0x0000000625400000, 0x0000000625653290, 0x0000000625800000| 58%| S|CS|TAMS 0x0000000625400000| PB 0x0000000625400000| Complete |  0
| 128|0x0000000625800000, 0x0000000625a2cdb0, 0x0000000625c00000| 54%| E|  |TAMS 0x0000000625800000| PB 0x0000000625800000| Complete |  0
| 129|0x0000000625c00000, 0x0000000626000000, 0x0000000626000000|100%| E|CS|TAMS 0x0000000625c00000| PB 0x0000000625c00000| Complete |  0
|2024|0x00000007ff800000, 0x00000007ffc00000, 0x00000007ffc00000|100%| O|  |TAMS 0x00000007ff800000| PB 0x00000007ff800000| Untracked |  0
|2025|0x00000007ffc00000, 0x0000000800000000, 0x0000000800000000|100%| O|  |TAMS 0x00000007ffc00000| PB 0x00000007ffc00000| Untracked |  0

Card table byte_map: [0x00000241de000000,0x00000241defe0000] _byte_map_base: 0x00000241dafd4000

Marking Bits: (CMBitMap*) 0x00000241c3e522b0
 Bits: [0x00000241defe0000, 0x00000241e6e80000)

Polling page: 0x00000241c1e80000

Metaspace:

Usage:
  Non-class:     31.72 MB used.
      Class:      4.82 MB used.
       Both:     36.54 MB used.

Virtual space:
  Non-class space:       64.00 MB reserved,      31.94 MB ( 50%) committed,  1 nodes.
      Class space:        1.00 GB reserved,       5.06 MB ( <1%) committed,  1 nodes.
             Both:        1.06 GB reserved,      37.00 MB (  3%) committed. 

Chunk freelists:
   Non-Class:  15.51 MB
       Class:  11.00 MB
        Both:  26.51 MB

MaxMetaspaceSize: unlimited
CompressedClassSpaceSize: 1.00 GB
Initial GC threshold: 21.00 MB
Current GC threshold: 60.62 MB
CDS: on
 - commit_granule_bytes: 65536.
 - commit_granule_words: 8192.
 - virtual_space_node_default_size: 8388608.
 - enlarge_chunks_in_place: 1.
 - use_allocation_guard: 0.


Internal statistics:

num_allocs_failed_limit: 3.
num_arena_births: 442.
num_arena_deaths: 0.
num_vsnodes_births: 2.
num_vsnodes_deaths: 0.
num_space_committed: 592.
num_space_uncommitted: 0.
num_chunks_returned_to_freelist: 3.
num_chunks_taken_from_freelist: 1363.
num_chunk_merges: 0.
num_chunk_splits: 955.
num_chunks_enlarged: 712.
num_inconsistent_stats: 0.

CodeHeap 'non-profiled nmethods': size=119232Kb used=2300Kb max_used=2300Kb free=116931Kb
 bounds [0x00000241d4cb0000, 0x00000241d4f20000, 0x00000241dc120000]
CodeHeap 'profiled nmethods': size=119104Kb used=9563Kb max_used=9563Kb free=109540Kb
 bounds [0x00000241cd120000, 0x00000241cda80000, 0x00000241d4570000]
CodeHeap 'non-nmethods': size=7424Kb used=2008Kb max_used=3768Kb free=5415Kb
 bounds [0x00000241d4570000, 0x00000241d4940000, 0x00000241d4cb0000]
CodeCache: size=245760Kb, used=13871Kb, max_used=15631Kb, free=231886Kb
 total_blobs=6831, nmethods=5880, adapters=856, full_count=0
Compilation: enabled, stopped_count=0, restarted_count=0

Compilation events (20 events):
Event: 12.054 Thread 0x00000242548293a0 6722       3       javafx.scene.control.skin.LabeledSkinBase::computeMaxWidth (12 bytes)
Event: 12.054 Thread 0x00000242548293a0 nmethod 6722 0x00000241cda70488 code [0x00000241cda705c0, 0x00000241cda70820]
Event: 12.054 Thread 0x000002422b3abc00 6723   !   3       com.sun.javafx.sg.prism.NGNode::accumulateGroupDirtyRegion (652 bytes)
Event: 12.056 Thread 0x000002422b3abc00 nmethod 6723 0x00000241cda70888 code [0x00000241cda70d40, 0x00000241cda73cb8]
Event: 12.809 Thread 0x000002422b203760 6724       3       jdk.internal.misc.Unsafe::ensureClassInitialized (18 bytes)
Event: 12.809 Thread 0x000002422b3abc00 6726       3       java.lang.invoke.MethodHandles::argumentsWithCombinerChecks (197 bytes)
Event: 12.809 Thread 0x000002422b16b9d0 6725       3       java.lang.invoke.MethodHandles::argumentsWithCombiner (130 bytes)
Event: 12.809 Thread 0x000002422b203760 nmethod 6724 0x00000241cda73d88 code [0x00000241cda73ec0, 0x00000241cda74118]
Event: 12.810 Thread 0x000002422b16b9d0 nmethod 6725 0x00000241cda74188 code [0x00000241cda743c0, 0x00000241cda752c0]
Event: 12.811 Thread 0x000002422b3abc00 nmethod 6726 0x00000241cda75388 code [0x00000241cda75760, 0x00000241cda770d0]
Event: 12.811 Thread 0x000002422b160380 6731       4       jdk.internal.org.objectweb.asm.Frame::execute (2305 bytes)
Event: 12.823 Thread 0x000002422b160380 nmethod 6731 0x00000241d4d3ef88 code [0x00000241d4d3f320, 0x00000241d4d40520]
Event: 90.976 Thread 0x000002422b160380 6737       4       com.sun.javafx.tk.quantum.QuantumToolkit::postPulse (133 bytes)
Event: 90.978 Thread 0x000002422b160380 nmethod 6737 0x00000241d4d42f08 code [0x00000241d4d43060, 0x00000241d4d43330]
Event: 107.615 Thread 0x000002422b160380 6738       4       com.sun.javafx.tk.quantum.QuantumToolkit$$Lambda/0x00000241eb085a00::run (8 bytes)
Event: 107.618 Thread 0x000002422b160380 nmethod 6738 0x00000241d4d42888 code [0x00000241d4d429e0, 0x00000241d4d42e10]
Event: 107.654 Thread 0x000002422b160380 6739       4       java.lang.ref.Reference::refersTo (6 bytes)
Event: 107.655 Thread 0x000002422b160380 nmethod 6739 0x00000241d4d42588 code [0x00000241d4d42680, 0x00000241d4d42720]
Event: 107.657 Thread 0x000002422b160380 6740       4       java.util.LinkedList$ListItr::hasNext (20 bytes)
Event: 107.658 Thread 0x000002422b160380 nmethod 6740 0x00000241d4d3eb08 code [0x00000241d4d3ec00, 0x00000241d4d3ecb0]

GC Heap History (18 events):
Event: 0.520 GC heap before
{Heap before GC invocations=0 (full 0):
 garbage-first heap   total reserved 8298496K, committed 520192K, used 24576K [0x0000000605800000, 0x0000000800000000)
  region size 4096K, 6 young (24576K), 0 survivors (0K)
 Metaspace       used 3288K, committed 3456K, reserved 1114112K
  class space    used 327K, committed 448K, reserved 1048576K
}
Event: 0.523 GC heap after
{Heap after GC invocations=1 (full 0):
 garbage-first heap   total reserved 8298496K, committed 520192K, used 2241K [0x0000000605800000, 0x0000000800000000)
  region size 4096K, 1 young (4096K), 1 survivors (4096K)
 Metaspace       used 3288K, committed 3456K, reserved 1114112K
  class space    used 327K, committed 448K, reserved 1048576K
}
Event: 0.854 GC heap before
{Heap before GC invocations=1 (full 0):
 garbage-first heap   total reserved 8298496K, committed 520192K, used 22721K [0x0000000605800000, 0x0000000800000000)
  region size 4096K, 7 young (28672K), 1 survivors (4096K)
 Metaspace       used 9942K, committed 10112K, reserved 1114112K
  class space    used 1188K, committed 1280K, reserved 1048576K
}
Event: 0.859 GC heap after
{Heap after GC invocations=2 (full 0):
 garbage-first heap   total reserved 8298496K, committed 520192K, used 7329K [0x0000000605800000, 0x0000000800000000)
  region size 4096K, 1 young (4096K), 1 survivors (4096K)
 Metaspace       used 9942K, committed 10112K, reserved 1114112K
  class space    used 1188K, committed 1280K, reserved 1048576K
}
Event: 1.588 GC heap before
{Heap before GC invocations=2 (full 0):
 garbage-first heap   total reserved 8298496K, committed 520192K, used 81057K [0x0000000605800000, 0x0000000800000000)
  region size 4096K, 11 young (45056K), 1 survivors (4096K)
 Metaspace       used 21172K, committed 21504K, reserved 1114112K
  class space    used 2602K, committed 2752K, reserved 1048576K
}
Event: 1.593 GC heap after
{Heap after GC invocations=3 (full 0):
 garbage-first heap   total reserved 8298496K, committed 520192K, used 48660K [0x0000000605800000, 0x0000000800000000)
  region size 4096K, 2 young (8192K), 2 survivors (8192K)
 Metaspace       used 21172K, committed 21504K, reserved 1114112K
  class space    used 2602K, committed 2752K, reserved 1048576K
}
Event: 2.033 GC heap before
{Heap before GC invocations=4 (full 0):
 garbage-first heap   total reserved 8298496K, committed 163840K, used 52756K [0x0000000605800000, 0x0000000800000000)
  region size 4096K, 5 young (20480K), 2 survivors (8192K)
 Metaspace       used 22176K, committed 22592K, reserved 1114112K
  class space    used 2744K, committed 2944K, reserved 1048576K
}
Event: 2.037 GC heap after
{Heap after GC invocations=5 (full 0):
 garbage-first heap   total reserved 8298496K, committed 163840K, used 49769K [0x0000000605800000, 0x0000000800000000)
  region size 4096K, 1 young (4096K), 1 survivors (4096K)
 Metaspace       used 22176K, committed 22592K, reserved 1114112K
  class space    used 2744K, committed 2944K, reserved 1048576K
}
Event: 2.259 GC heap before
{Heap before GC invocations=5 (full 0):
 garbage-first heap   total reserved 8298496K, committed 163840K, used 94825K [0x0000000605800000, 0x0000000800000000)
  region size 4096K, 3 young (12288K), 1 survivors (4096K)
 Metaspace       used 22909K, committed 23296K, reserved 1114112K
  class space    used 2863K, committed 3072K, reserved 1048576K
}
Event: 2.261 GC heap after
{Heap after GC invocations=6 (full 0):
 garbage-first heap   total reserved 8298496K, committed 163840K, used 90473K [0x0000000605800000, 0x0000000800000000)
  region size 4096K, 1 young (4096K), 1 survivors (4096K)
 Metaspace       used 22909K, committed 23296K, reserved 1114112K
  class space    used 2863K, committed 3072K, reserved 1048576K
}
Event: 5.361 GC heap before
{Heap before GC invocations=7 (full 0):
 garbage-first heap   total reserved 8298496K, committed 286720K, used 258409K [0x0000000605800000, 0x0000000800000000)
  region size 4096K, 11 young (45056K), 1 survivors (4096K)
 Metaspace       used 30333K, committed 30656K, reserved 1114112K
  class space    used 3952K, committed 4096K, reserved 1048576K
}
Event: 5.364 GC heap after
{Heap after GC invocations=8 (full 0):
 garbage-first heap   total reserved 8298496K, committed 286720K, used 184745K [0x0000000605800000, 0x0000000800000000)
  region size 4096K, 2 young (8192K), 2 survivors (8192K)
 Metaspace       used 30333K, committed 30656K, reserved 1114112K
  class space    used 3952K, committed 4096K, reserved 1048576K
}
Event: 6.928 GC heap before
{Heap before GC invocations=8 (full 0):
 garbage-first heap   total reserved 8298496K, committed 323584K, used 311721K [0x0000000605800000, 0x0000000800000000)
  region size 4096K, 16 young (65536K), 2 survivors (8192K)
 Metaspace       used 35632K, committed 35968K, reserved 1114112K
  class space    used 4718K, committed 4864K, reserved 1048576K
}
Event: 6.937 GC heap after
{Heap after GC invocations=9 (full 0):
 garbage-first heap   total reserved 8298496K, committed 344064K, used 272246K [0x0000000605800000, 0x0000000800000000)
  region size 4096K, 3 young (12288K), 3 survivors (12288K)
 Metaspace       used 35632K, committed 35968K, reserved 1114112K
  class space    used 4718K, committed 4864K, reserved 1048576K
}
Event: 8.126 GC heap before
{Heap before GC invocations=9 (full 0):
 garbage-first heap   total reserved 8298496K, committed 344064K, used 284534K [0x0000000605800000, 0x0000000800000000)
  region size 4096K, 7 young (28672K), 3 survivors (12288K)
 Metaspace       used 36317K, committed 36672K, reserved 1114112K
  class space    used 4792K, committed 4928K, reserved 1048576K
}
Event: 8.132 GC heap after
{Heap after GC invocations=10 (full 0):
 garbage-first heap   total reserved 8298496K, committed 344064K, used 276115K [0x0000000605800000, 0x0000000800000000)
  region size 4096K, 2 young (8192K), 2 survivors (8192K)
 Metaspace       used 36317K, committed 36672K, reserved 1114112K
  class space    used 4792K, committed 4928K, reserved 1048576K
}
Event: 8.355 GC heap before
{Heap before GC invocations=11 (full 0):
 garbage-first heap   total reserved 8298496K, committed 540672K, used 325267K [0x0000000605800000, 0x0000000800000000)
  region size 4096K, 5 young (20480K), 2 survivors (8192K)
 Metaspace       used 36878K, committed 37248K, reserved 1114112K
  class space    used 4895K, committed 5056K, reserved 1048576K
}
Event: 8.357 GC heap after
{Heap after GC invocations=12 (full 0):
 garbage-first heap   total reserved 8298496K, committed 540672K, used 319626K [0x0000000605800000, 0x0000000800000000)
  region size 4096K, 1 young (4096K), 1 survivors (4096K)
 Metaspace       used 36878K, committed 37248K, reserved 1114112K
  class space    used 4895K, committed 5056K, reserved 1048576K
}

Dll operation events (20 events):
Event: 0.470 Loaded shared library C:\Users\andre\.openjfx\cache\21.0.2+5\amd64\api-ms-win-crt-private-l1-1-0.dll
Event: 0.472 Loaded shared library C:\Users\andre\.openjfx\cache\21.0.2+5\amd64\api-ms-win-crt-process-l1-1-0.dll
Event: 0.474 Loaded shared library C:\Users\andre\.openjfx\cache\21.0.2+5\amd64\api-ms-win-crt-runtime-l1-1-0.dll
Event: 0.476 Loaded shared library C:\Users\andre\.openjfx\cache\21.0.2+5\amd64\api-ms-win-crt-stdio-l1-1-0.dll
Event: 0.477 Loaded shared library C:\Users\andre\.openjfx\cache\21.0.2+5\amd64\api-ms-win-crt-string-l1-1-0.dll
Event: 0.479 Loaded shared library C:\Users\andre\.openjfx\cache\21.0.2+5\amd64\api-ms-win-crt-time-l1-1-0.dll
Event: 0.481 Loaded shared library C:\Users\andre\.openjfx\cache\21.0.2+5\amd64\api-ms-win-crt-utility-l1-1-0.dll
Event: 0.493 Loaded shared library C:\Users\andre\.openjfx\cache\21.0.2+5\amd64\ucrtbase.dll
Event: 0.497 Loaded shared library C:\Users\andre\.openjfx\cache\21.0.2+5\amd64\vcruntime140.dll
Event: 0.499 Loaded shared library C:\Users\andre\.openjfx\cache\21.0.2+5\amd64\vcruntime140_1.dll
Event: 0.506 Loaded shared library C:\Users\andre\.openjfx\cache\21.0.2+5\amd64\msvcp140.dll
Event: 0.508 Loaded shared library C:\Users\andre\.openjfx\cache\21.0.2+5\amd64\msvcp140_1.dll
Event: 0.512 Loaded shared library C:\Users\andre\.openjfx\cache\21.0.2+5\amd64\msvcp140_2.dll
Event: 0.548 Loaded shared library C:\Users\andre\.openjfx\cache\21.0.2+5\amd64\prism_d3d.dll
Event: 0.599 Loaded shared library C:\Users\andre\.openjfx\cache\21.0.2+5\amd64\glass.dll
Event: 0.763 Loaded shared library C:\Program Files\Java\jdk-23\bin\jimage.dll
Event: 1.109 Loaded shared library C:\Users\andre\.openjfx\cache\21.0.2+5\amd64\javafx_font.dll
Event: 1.398 Loaded shared library C:\Program Files\Java\jdk-23\bin\sunmscapi.dll
Event: 46.974 Loaded shared library C:\Users\andre\AppData\Local\Temp\idea_libasyncProfiler_dll_temp_folder7\libasyncProfiler.dll
Event: 58.100 Loaded shared library C:\Users\andre\AppData\Local\Temp\idea_libasyncProfiler_dll_temp_folder7\libasyncProfiler.dll

Deoptimization events (20 events):
Event: 11.703 Thread 0x000002423b802070 DEOPT PACKING pc=0x00000241cd5a6f54 sp=0x00000084e2bff180
Event: 11.703 Thread 0x000002423b802070 DEOPT UNPACKING pc=0x00000241d45c4b22 sp=0x00000084e2bfe628 mode 1
Event: 11.703 Thread 0x000002423b802070 DEOPT PACKING pc=0x00000241cd5985dc sp=0x00000084e2bff1e0
Event: 11.703 Thread 0x000002423b802070 DEOPT UNPACKING pc=0x00000241d45c4b22 sp=0x00000084e2bfe698 mode 1
Event: 11.703 Thread 0x000002423b802070 DEOPT PACKING pc=0x00000241cd596bb4 sp=0x00000084e2bff260
Event: 11.703 Thread 0x000002423b802070 DEOPT UNPACKING pc=0x00000241d45c4b22 sp=0x00000084e2bfe730 mode 1
Event: 11.705 Thread 0x000002423b802070 DEOPT PACKING pc=0x00000241cd5a9c3c sp=0x00000084e2bfef90
Event: 11.705 Thread 0x000002423b802070 DEOPT UNPACKING pc=0x00000241d45c4b22 sp=0x00000084e2bfe4a0 mode 1
Event: 11.705 Thread 0x000002423b802070 DEOPT PACKING pc=0x00000241cd5a8adc sp=0x00000084e2bff080
Event: 11.705 Thread 0x000002423b802070 DEOPT UNPACKING pc=0x00000241d45c4b22 sp=0x00000084e2bfe5a8 mode 1
Event: 11.705 Thread 0x000002423b802070 DEOPT PACKING pc=0x00000241cd5a6f54 sp=0x00000084e2bff180
Event: 11.705 Thread 0x000002423b802070 DEOPT UNPACKING pc=0x00000241d45c4b22 sp=0x00000084e2bfe628 mode 1
Event: 11.705 Thread 0x000002423b802070 DEOPT PACKING pc=0x00000241cd5985dc sp=0x00000084e2bff1e0
Event: 11.705 Thread 0x000002423b802070 DEOPT UNPACKING pc=0x00000241d45c4b22 sp=0x00000084e2bfe698 mode 1
Event: 11.705 Thread 0x000002423b802070 DEOPT PACKING pc=0x00000241cd596bb4 sp=0x00000084e2bff260
Event: 11.705 Thread 0x000002423b802070 DEOPT UNPACKING pc=0x00000241d45c4b22 sp=0x00000084e2bfe730 mode 1
Event: 107.656 Thread 0x000002422b154df0 DEOPT PACKING pc=0x00000241cd4d3a24 sp=0x00000084e0cff110
Event: 107.656 Thread 0x000002422b154df0 DEOPT UNPACKING pc=0x00000241d45c4b22 sp=0x00000084e0cfe648 mode 1
Event: 107.656 Thread 0x000002423cb2cb00 DEOPT PACKING pc=0x00000241cd3113dc sp=0x00000084df2ff410
Event: 107.656 Thread 0x000002423cb2cb00 DEOPT UNPACKING pc=0x00000241d45c4b22 sp=0x00000084df2fe870 mode 1

Classes loaded (20 events):
Event: 12.403 Loading class com/intellij/rt/debugger/BatchEvaluatorServer
Event: 12.403 Loading class com/intellij/rt/debugger/BatchEvaluatorServer done
Event: 12.403 Loading class jdk/internal/loader/URLClassPath$JarLoader$2
Event: 12.403 Loading class jdk/internal/loader/URLClassPath$JarLoader$2 done
Event: 12.808 Loading class java/io/DataOutputStream
Event: 12.808 Loading class java/io/DataOutputStream done
Event: 46.959 Loading class kotlinx/coroutines/debug/internal/DebugProbesImpl
Event: 46.959 Loading class kotlinx/coroutines/debug/internal/DebugProbesImpl done
Event: 107.614 Loading class java/util/IdentityHashMap$KeyIterator
Event: 107.614 Loading class java/util/IdentityHashMap$KeyIterator done
Event: 107.644 Loading class com/sun/javafx/tk/quantum/WindowStage
Event: 107.644 Loading class com/sun/javafx/tk/quantum/WindowStage done
Event: 107.653 Loading class jdk/internal/misc/Signal$1
Event: 107.654 Loading class jdk/internal/misc/Signal$1 done
Event: 107.655 Loading class com/sun/javafx/font/PrismFontFile
Event: 107.655 Loading class com/sun/javafx/font/PrismFontFile done
Event: 107.655 Loading class com/sun/javafx/tk/quantum/QuantumRenderer
Event: 107.655 Loading class com/sun/javafx/tk/quantum/QuantumRenderer done
Event: 107.656 Loading class com/sun/javafx/tk/quantum/QuantumToolkit
Event: 107.656 Loading class com/sun/javafx/tk/quantum/QuantumToolkit done

Classes unloaded (0 events):
No events

Classes redefined (1 events):
Event: 0.291 Thread 0x000002422b12e090 redefined class name=java.lang.Throwable, count=1

Internal exceptions (20 events):
Event: 2.533 Thread 0x000002422b1561a0 Exception <a 'java/lang/IncompatibleClassChangeError'{0x00000006252e4f28}: Found class java.lang.Object, but interface was expected> (0x00000006252e4f28) 
thrown [s\open\src\hotspot\share\interpreter\linkResolver.cpp, line 863]
Event: 2.558 Thread 0x000002422b1561a0 Exception <a 'java/lang/ClassNotFoundException'{0x000000062260c710}: com/sun/javafx/scene/control/skin/resources/controls> (0x000000062260c710) 
thrown [s\open\src\hotspot\share\prims\jni.cpp, line 539]
Event: 2.559 Thread 0x000002422b1561a0 Exception <a 'java/lang/ClassNotFoundException'{0x000000062261a970}: com/sun/javafx/scene/control/skin/resources/controls_pt> (0x000000062261a970) 
thrown [s\open\src\hotspot\share\prims\jni.cpp, line 539]
Event: 2.559 Thread 0x000002422b1561a0 Exception <a 'java/lang/ClassNotFoundException'{0x000000062261bed8}: com/sun/javafx/scene/control/skin/resources/controls_pt_PT> (0x000000062261bed8) 
thrown [s\open\src\hotspot\share\prims\jni.cpp, line 539]
Event: 2.579 Thread 0x000002422b1561a0 Implicit null exception at 0x00000241d4d54d8f to 0x00000241d4d550a8
Event: 2.580 Thread 0x000002422b1561a0 Exception <a 'java/lang/NoSuchMethodError'{0x0000000613893ba0}: 'void java.lang.invoke.DirectMethodHandle$Holder.invokeSpecial(java.lang.Object, java.lang.Object, java.lang.Object, java.lang.Object, java.lang.Object, java.lang.Object)'> (0x0000000613893ba0) 
thrown [s\open\src\hotspot\share\interpreter\linkResolver.cpp, line 796]
Event: 2.582 Thread 0x000002422b1561a0 Implicit null exception at 0x00000241d4d5530f to 0x00000241d4d55660
Event: 2.635 Thread 0x000002422b1561a0 Exception <a 'java/lang/NoSuchMethodError'{0x00000006135c50c0}: 'int java.lang.invoke.DirectMethodHandle$Holder.invokeSpecial(java.lang.Object, java.lang.Object, int)'> (0x00000006135c50c0) 
thrown [s\open\src\hotspot\share\interpreter\linkResolver.cpp, line 796]
Event: 2.647 Thread 0x000002422b1561a0 Exception <a 'java/lang/NoSuchMethodError'{0x0000000613609ad8}: 'java.lang.Object java.lang.invoke.DirectMethodHandle$Holder.newInvokeSpecial(java.lang.Object, java.lang.Object, int)'> (0x0000000613609ad8) 
thrown [s\open\src\hotspot\share\interpreter\linkResolver.cpp, line 796]
Event: 2.716 Thread 0x000002422b154df0 Exception <a 'java/lang/NoSuchMethodError'{0x0000000613748288}: 'int java.lang.invoke.DirectMethodHandle$Holder.invokeStaticInit(java.lang.Object, java.lang.Object)'> (0x0000000613748288) 
thrown [s\open\src\hotspot\share\interpreter\linkResolver.cpp, line 796]
Event: 2.914 Thread 0x000002422b154df0 Exception <a 'java/lang/NoSuchMethodError'{0x0000000613065278}: 'java.lang.Object java.lang.invoke.DirectMethodHandle$Holder.invokeStaticInit(java.lang.Object, int)'> (0x0000000613065278) 
thrown [s\open\src\hotspot\share\interpreter\linkResolver.cpp, line 796]
Event: 3.180 Thread 0x000002422b1561a0 Exception <a 'java/lang/NoSuchMethodError'{0x0000000613282710}: 'long java.lang.invoke.DirectMethodHandle$Holder.invokeStatic(java.lang.Object, java.lang.Object, java.lang.Object)'> (0x0000000613282710) 
thrown [s\open\src\hotspot\share\interpreter\linkResolver.cpp, line 796]
Event: 3.180 Thread 0x000002422b1561a0 Exception <a 'java/lang/NoSuchMethodError'{0x0000000613285b58}: 'long java.lang.invoke.DirectMethodHandle$Holder.invokeStaticInit(java.lang.Object, java.lang.Object, java.lang.Object)'> (0x0000000613285b58) 
thrown [s\open\src\hotspot\share\interpreter\linkResolver.cpp, line 796]
Event: 3.182 Thread 0x000002422b1561a0 Exception <a 'java/lang/NoSuchMethodError'{0x000000061329a448}: 'java.lang.Object java.lang.invoke.DirectMethodHandle$Holder.newInvokeSpecial(java.lang.Object, java.lang.Object, long)'> (0x000000061329a448) 
thrown [s\open\src\hotspot\share\interpreter\linkResolver.cpp, line 796]
Event: 3.182 Thread 0x000002422b1561a0 Exception <a 'java/lang/NoSuchMethodError'{0x000000061329ddd8}: 'java.lang.Object java.lang.invoke.Invokers$Holder.linkToTargetMethod(java.lang.Object, long, java.lang.Object)'> (0x000000061329ddd8) 
thrown [s\open\src\hotspot\share\interpreter\linkResolver.cpp, line 796]
Event: 4.741 Thread 0x000002422b1561a0 Exception <a 'java/io/FileNotFoundException'{0x0000000612864e58}> (0x0000000612864e58) 
thrown [s\open\src\hotspot\share\prims\jni.cpp, line 520]
Event: 5.619 Thread 0x000002422b1561a0 Implicit null exception at 0x00000241d4e06ad2 to 0x00000241d4e06b64
Event: 6.427 Thread 0x000002422b1561a0 Implicit null exception at 0x00000241d4e004dc to 0x00000241d4e00770
Event: 6.468 Thread 0x000002422b1561a0 Exception <a 'java/lang/NoSuchMethodError'{0x0000000615472d40}: 'void java.lang.invoke.DirectMethodHandle$Holder.invokeVirtual(java.lang.Object, java.lang.Object, int)'> (0x0000000615472d40) 
thrown [s\open\src\hotspot\share\interpreter\linkResolver.cpp, line 796]
Event: 8.229 Thread 0x000002422b1561a0 Implicit null exception at 0x00000241d4eb9281 to 0x00000241d4ec47b8

VM Operations (20 events):
Event: 84.984 Executing VM operation: get/set locals done
Event: 90.975 Executing VM operation: ChangeSingleStep
Event: 90.975 Executing VM operation: ChangeSingleStep done
Event: 90.978 Executing VM operation: ChangeSingleStep
Event: 90.978 Executing VM operation: ChangeSingleStep done
Event: 90.982 Executing VM operation: get/set locals
Event: 90.982 Executing VM operation: get/set locals done
Event: 91.007 Executing VM operation: get/set locals
Event: 91.007 Executing VM operation: get/set locals done
Event: 91.007 Executing VM operation: get/set locals
Event: 91.007 Executing VM operation: get/set locals done
Event: 107.615 Executing VM operation: ChangeBreakpoints
Event: 107.615 Executing VM operation: ChangeBreakpoints done
Event: 107.616 Executing VM operation: ChangeBreakpoints
Event: 107.616 Executing VM operation: ChangeBreakpoints done
Event: 107.616 Executing VM operation: ChangeBreakpoints
Event: 107.616 Executing VM operation: ChangeBreakpoints done
Event: 107.616 Executing VM operation: ChangeBreakpoints
Event: 107.616 Executing VM operation: ChangeBreakpoints done
Event: 107.659 Executing VM operation: Exit

Memory protections (0 events):
No events

Nmethod flushes (20 events):
Event: 8.371 Thread 0x000002422b12e090 flushing  nmethod 0x00000241cd376408
Event: 8.371 Thread 0x000002422b12e090 flushing  nmethod 0x00000241cd376988
Event: 8.371 Thread 0x000002422b12e090 flushing  nmethod 0x00000241cd376d88
Event: 8.371 Thread 0x000002422b12e090 flushing  nmethod 0x00000241cd378d08
Event: 8.371 Thread 0x000002422b12e090 flushing  nmethod 0x00000241cd379008
Event: 8.371 Thread 0x000002422b12e090 flushing  nmethod 0x00000241cd37c588
Event: 8.371 Thread 0x000002422b12e090 flushing  nmethod 0x00000241cd37c908
Event: 8.371 Thread 0x000002422b12e090 flushing  nmethod 0x00000241cd37d588
Event: 8.371 Thread 0x000002422b12e090 flushing  nmethod 0x00000241cd3a7f88
Event: 8.371 Thread 0x000002422b12e090 flushing  nmethod 0x00000241cd3af908
Event: 8.371 Thread 0x000002422b12e090 flushing  nmethod 0x00000241cd47bd88
Event: 8.371 Thread 0x000002422b12e090 flushing  nmethod 0x00000241cd4d2708
Event: 8.371 Thread 0x000002422b12e090 flushing  nmethod 0x00000241cd4d2c88
Event: 8.371 Thread 0x000002422b12e090 flushing  nmethod 0x00000241cd5ec808
Event: 8.371 Thread 0x000002422b12e090 flushing  nmethod 0x00000241cd638488
Event: 8.371 Thread 0x000002422b12e090 flushing  nmethod 0x00000241cd638e08
Event: 8.371 Thread 0x000002422b12e090 flushing  nmethod 0x00000241cd639608
Event: 8.371 Thread 0x000002422b12e090 flushing  nmethod 0x00000241cd63a588
Event: 8.371 Thread 0x000002422b12e090 flushing  nmethod 0x00000241cd7dc188
Event: 8.371 Thread 0x000002422b12e090 flushing  nmethod 0x00000241cd7e4d88

Events (20 events):
Event: 8.838 Thread 0x000002425482b5b0 Thread exited: 0x000002425482b5b0
Event: 12.809 Thread 0x00000242548293a0 Thread exited: 0x00000242548293a0
Event: 17.812 Thread 0x000002422b3abc00 Thread exited: 0x000002422b3abc00
Event: 22.813 Thread 0x000002422b203760 Thread exited: 0x000002422b203760
Event: 47.072 Thread 0x000002423cb2b750 Thread added: 0x000002423cb2b750
Event: 56.415 Thread 0x000002422b152d20 Thread added: 0x000002423cb2bde0
Event: 58.115 Thread 0x000002423cb2b750 Thread exited: 0x000002423cb2b750
Event: 58.115 Thread 0x000002423cb2bde0 Thread exited: 0x000002423cb2bde0
Event: 107.616 Thread 0x000002422bb298a0 Thread exited: 0x000002422bb298a0
Event: 107.616 Thread 0x000002423b802070 Thread exited: 0x000002423b802070
Event: 107.623 Thread 0x000002423042d4a0 Thread exited: 0x000002423042d4a0
Event: 107.654 Thread 0x000002422b1540d0 Thread added: 0x000002423cb2b750
Event: 107.654 Thread 0x000002423cb2b750 Thread added: 0x000002423cb2bde0
Event: 107.654 Thread 0x000002423cb2b750 Thread added: 0x000002423cb2c470
Event: 107.654 Thread 0x000002423cb2b750 Thread added: 0x000002423cb2cb00
Event: 107.655 Thread 0x000002423cb2bde0 Thread exited: 0x000002423cb2bde0
Event: 107.656 Thread 0x000002423cb2cb00 Thread exited: 0x000002423cb2cb00
Event: 107.658 Thread 0x000002423cb2c470 Thread exited: 0x000002423cb2c470
Event: 107.658 Thread 0x000002423cb2b750 Before exit entered
Event: 107.659 Thread 0x000002422b1540d0 Thread exited: 0x000002422b1540d0


Dynamic libraries:
0x00007ff695bf0000 - 0x00007ff695c00000 	C:\Program Files\Java\jdk-23\bin\java.exe
0x00007ffe27660000 - 0x00007ffe278c0000 	C:\WINDOWS\SYSTEM32\ntdll.dll
0x00007ffe269a0000 - 0x00007ffe26a67000 	C:\WINDOWS\System32\KERNEL32.DLL
0x00007ffe24da0000 - 0x00007ffe2516a000 	C:\WINDOWS\System32\KERNELBASE.dll
0x00007ffe249c0000 - 0x00007ffe24b0b000 	C:\WINDOWS\System32\ucrtbase.dll
0x00007ffe1e710000 - 0x00007ffe1e72b000 	C:\Program Files\Java\jdk-23\bin\VCRUNTIME140.dll
0x00007ffe1f0b0000 - 0x00007ffe1f0c7000 	C:\Program Files\Java\jdk-23\bin\jli.dll
0x00007ffe25560000 - 0x00007ffe2572c000 	C:\WINDOWS\System32\USER32.dll
0x00007ffe09930000 - 0x00007ffe09bc7000 	C:\WINDOWS\WinSxS\amd64_microsoft.windows.common-controls_6595b64144ccf1df_6.0.26100.3624_none_3e086962e3345f24\COMCTL32.dll
0x00007ffe24900000 - 0x00007ffe24927000 	C:\WINDOWS\System32\win32u.dll
0x00007ffe27540000 - 0x00007ffe275e9000 	C:\WINDOWS\System32\msvcrt.dll
0x00007ffe275f0000 - 0x00007ffe2761a000 	C:\WINDOWS\System32\GDI32.dll
0x00007ffe24b10000 - 0x00007ffe24c41000 	C:\WINDOWS\System32\gdi32full.dll
0x00007ffe24cf0000 - 0x00007ffe24d93000 	C:\WINDOWS\System32\msvcp_win.dll
0x00007ffe26740000 - 0x00007ffe2676f000 	C:\WINDOWS\System32\IMM32.DLL
0x00007ffe1eb80000 - 0x00007ffe1eb8c000 	C:\Program Files\Java\jdk-23\bin\vcruntime140_1.dll
0x00007ffe10350000 - 0x00007ffe103de000 	C:\Program Files\Java\jdk-23\bin\msvcp140.dll
0x00007ffd9dde0000 - 0x00007ffd9eb2f000 	C:\Program Files\Java\jdk-23\bin\server\jvm.dll
0x00007ffe273e0000 - 0x00007ffe27492000 	C:\WINDOWS\System32\ADVAPI32.dll
0x00007ffe26a70000 - 0x00007ffe26b16000 	C:\WINDOWS\System32\sechost.dll
0x00007ffe26780000 - 0x00007ffe26896000 	C:\WINDOWS\System32\RPCRT4.dll
0x00007ffe254e0000 - 0x00007ffe25554000 	C:\WINDOWS\System32\WS2_32.dll
0x00007ffe24690000 - 0x00007ffe246ee000 	C:\WINDOWS\SYSTEM32\POWRPROF.dll
0x00007ffe110e0000 - 0x00007ffe110eb000 	C:\WINDOWS\SYSTEM32\VERSION.dll
0x00007ffe1b2e0000 - 0x00007ffe1b316000 	C:\WINDOWS\SYSTEM32\WINMM.dll
0x00007ffe24670000 - 0x00007ffe24684000 	C:\WINDOWS\SYSTEM32\UMPDC.dll
0x00007ffe23650000 - 0x00007ffe2366a000 	C:\WINDOWS\SYSTEM32\kernel.appcore.dll
0x00007ffe1e700000 - 0x00007ffe1e70a000 	C:\Program Files\Java\jdk-23\bin\jimage.dll
0x00007ffe21ee0000 - 0x00007ffe22121000 	C:\WINDOWS\SYSTEM32\DBGHELP.DLL
0x00007ffe26b20000 - 0x00007ffe26ea2000 	C:\WINDOWS\System32\combase.dll
0x00007ffe25d50000 - 0x00007ffe25e26000 	C:\WINDOWS\System32\OLEAUT32.dll
0x00007ffe07400000 - 0x00007ffe07439000 	C:\WINDOWS\SYSTEM32\dbgcore.DLL
0x00007ffe24c50000 - 0x00007ffe24ce9000 	C:\WINDOWS\System32\bcryptPrimitives.dll
0x00007ffe13c80000 - 0x00007ffe13cbc000 	C:\Program Files\Java\jdk-23\bin\jdwp.dll
0x00007ffdb8ec0000 - 0x00007ffdb90ce000 	C:\Users\andre\AppData\Local\Temp\idea_libasyncProfiler_dll_temp_folder7\libasyncProfiler.dll
0x00007ffe11e60000 - 0x00007ffe11e6f000 	C:\Program Files\Java\jdk-23\bin\instrument.dll
0x00007ffe10220000 - 0x00007ffe1023e000 	C:\Program Files\Java\jdk-23\bin\java.dll
0x00007ffe27020000 - 0x00007ffe271b6000 	C:\WINDOWS\System32\ole32.dll
0x00007ffe25e30000 - 0x00007ffe26559000 	C:\WINDOWS\System32\SHELL32.dll
0x00007ffe252f0000 - 0x00007ffe25458000 	C:\WINDOWS\System32\wintypes.dll
0x00007ffe0ff10000 - 0x00007ffe0ff27000 	C:\Program Files\Java\jdk-23\bin\zip.dll
0x00007ffe22350000 - 0x00007ffe22ba2000 	C:\WINDOWS\SYSTEM32\windows.storage.dll
0x00007ffe26eb0000 - 0x00007ffe26f9d000 	C:\WINDOWS\System32\SHCORE.dll
0x00007ffe26fa0000 - 0x00007ffe27004000 	C:\WINDOWS\System32\shlwapi.dll
0x00007ffe24750000 - 0x00007ffe2477f000 	C:\WINDOWS\SYSTEM32\profapi.dll
0x00007ffe0fda0000 - 0x00007ffe0fe77000 	C:\Program Files\Java\jdk-23\bin\jsvml.dll
0x00007ffe14000000 - 0x00007ffe14010000 	C:\Program Files\Java\jdk-23\bin\net.dll
0x00007ffe23b70000 - 0x00007ffe23bda000 	C:\WINDOWS\system32\mswsock.dll
0x00007ffe0ff30000 - 0x00007ffe0ff46000 	C:\Program Files\Java\jdk-23\bin\nio.dll
0x00007ffe1f430000 - 0x00007ffe1f43c000 	C:\Program Files\Java\jdk-23\bin\dt_socket.dll
0x00007ffe230f0000 - 0x00007ffe23123000 	C:\WINDOWS\SYSTEM32\IPHLPAPI.DLL
0x00000241c1ee0000 - 0x00000241c1ee3000 	C:\Users\andre\.openjfx\cache\21.0.2+5\amd64\api-ms-win-core-console-l1-1-0.dll
0x00000241c1ef0000 - 0x00000241c1ef3000 	C:\Users\andre\.openjfx\cache\21.0.2+5\amd64\api-ms-win-core-console-l1-2-0.dll
0x00000241c4140000 - 0x00000241c4143000 	C:\Users\andre\.openjfx\cache\21.0.2+5\amd64\api-ms-win-core-datetime-l1-1-0.dll
0x00000241c4150000 - 0x00000241c4153000 	C:\Users\andre\.openjfx\cache\21.0.2+5\amd64\api-ms-win-core-debug-l1-1-0.dll
0x00000241c4160000 - 0x00000241c4163000 	C:\Users\andre\.openjfx\cache\21.0.2+5\amd64\api-ms-win-core-errorhandling-l1-1-0.dll
0x00000241c4170000 - 0x00000241c4174000 	C:\Users\andre\.openjfx\cache\21.0.2+5\amd64\api-ms-win-core-file-l1-1-0.dll
0x00000241c4180000 - 0x00000241c4183000 	C:\Users\andre\.openjfx\cache\21.0.2+5\amd64\api-ms-win-core-file-l1-2-0.dll
0x00000241c4190000 - 0x00000241c4193000 	C:\Users\andre\.openjfx\cache\21.0.2+5\amd64\api-ms-win-core-file-l2-1-0.dll
0x00000241c41a0000 - 0x00000241c41a3000 	C:\Users\andre\.openjfx\cache\21.0.2+5\amd64\api-ms-win-core-handle-l1-1-0.dll
0x00000241e9fb0000 - 0x00000241e9fb3000 	C:\Users\andre\.openjfx\cache\21.0.2+5\amd64\api-ms-win-core-heap-l1-1-0.dll
0x00000241e9fc0000 - 0x00000241e9fc3000 	C:\Users\andre\.openjfx\cache\21.0.2+5\amd64\api-ms-win-core-interlocked-l1-1-0.dll
0x00000241e9fd0000 - 0x00000241e9fd3000 	C:\Users\andre\.openjfx\cache\21.0.2+5\amd64\api-ms-win-core-libraryloader-l1-1-0.dll
0x00000241e9fe0000 - 0x00000241e9fe3000 	C:\Users\andre\.openjfx\cache\21.0.2+5\amd64\api-ms-win-core-localization-l1-2-0.dll
0x00000241e9ff0000 - 0x00000241e9ff3000 	C:\Users\andre\.openjfx\cache\21.0.2+5\amd64\api-ms-win-core-memory-l1-1-0.dll
0x000002422bc00000 - 0x000002422bc03000 	C:\Users\andre\.openjfx\cache\21.0.2+5\amd64\api-ms-win-core-namedpipe-l1-1-0.dll
0x000002422bc10000 - 0x000002422bc13000 	C:\Users\andre\.openjfx\cache\21.0.2+5\amd64\api-ms-win-core-processenvironment-l1-1-0.dll
0x000002422bc20000 - 0x000002422bc23000 	C:\Users\andre\.openjfx\cache\21.0.2+5\amd64\api-ms-win-core-processthreads-l1-1-0.dll
0x000002422bc30000 - 0x000002422bc33000 	C:\Users\andre\.openjfx\cache\21.0.2+5\amd64\api-ms-win-core-processthreads-l1-1-1.dll
0x000002422bc40000 - 0x000002422bc43000 	C:\Users\andre\.openjfx\cache\21.0.2+5\amd64\api-ms-win-core-profile-l1-1-0.dll
0x000002422bc50000 - 0x000002422bc53000 	C:\Users\andre\.openjfx\cache\21.0.2+5\amd64\api-ms-win-core-rtlsupport-l1-1-0.dll
0x000002422bc60000 - 0x000002422bc63000 	C:\Users\andre\.openjfx\cache\21.0.2+5\amd64\api-ms-win-core-string-l1-1-0.dll
0x000002422bc70000 - 0x000002422bc73000 	C:\Users\andre\.openjfx\cache\21.0.2+5\amd64\api-ms-win-core-synch-l1-1-0.dll
0x000002422bc80000 - 0x000002422bc83000 	C:\Users\andre\.openjfx\cache\21.0.2+5\amd64\api-ms-win-core-synch-l1-2-0.dll
0x000002422bc90000 - 0x000002422bc93000 	C:\Users\andre\.openjfx\cache\21.0.2+5\amd64\api-ms-win-core-sysinfo-l1-1-0.dll
0x000002422bca0000 - 0x000002422bca3000 	C:\Users\andre\.openjfx\cache\21.0.2+5\amd64\api-ms-win-core-timezone-l1-1-0.dll
0x000002422bcb0000 - 0x000002422bcb3000 	C:\Users\andre\.openjfx\cache\21.0.2+5\amd64\api-ms-win-core-util-l1-1-0.dll
0x000002422bcc0000 - 0x000002422bcc3000 	C:\Users\andre\.openjfx\cache\21.0.2+5\amd64\api-ms-win-crt-conio-l1-1-0.dll
0x000002422bcd0000 - 0x000002422bcd4000 	C:\Users\andre\.openjfx\cache\21.0.2+5\amd64\api-ms-win-crt-convert-l1-1-0.dll
0x000002422bce0000 - 0x000002422bce3000 	C:\Users\andre\.openjfx\cache\21.0.2+5\amd64\api-ms-win-crt-environment-l1-1-0.dll
0x000002422bcf0000 - 0x000002422bcf3000 	C:\Users\andre\.openjfx\cache\21.0.2+5\amd64\api-ms-win-crt-filesystem-l1-1-0.dll
0x000002422bd00000 - 0x000002422bd03000 	C:\Users\andre\.openjfx\cache\21.0.2+5\amd64\api-ms-win-crt-heap-l1-1-0.dll
0x000002422bd10000 - 0x000002422bd13000 	C:\Users\andre\.openjfx\cache\21.0.2+5\amd64\api-ms-win-crt-locale-l1-1-0.dll
0x000002422bd20000 - 0x000002422bd25000 	C:\Users\andre\.openjfx\cache\21.0.2+5\amd64\api-ms-win-crt-math-l1-1-0.dll
0x000002422bd30000 - 0x000002422bd35000 	C:\Users\andre\.openjfx\cache\21.0.2+5\amd64\api-ms-win-crt-multibyte-l1-1-0.dll
0x000002422bd40000 - 0x000002422bd50000 	C:\Users\andre\.openjfx\cache\21.0.2+5\amd64\api-ms-win-crt-private-l1-1-0.dll
0x000002422bd50000 - 0x000002422bd53000 	C:\Users\andre\.openjfx\cache\21.0.2+5\amd64\api-ms-win-crt-process-l1-1-0.dll
0x000002422bd60000 - 0x000002422bd64000 	C:\Users\andre\.openjfx\cache\21.0.2+5\amd64\api-ms-win-crt-runtime-l1-1-0.dll
0x000002422bd70000 - 0x000002422bd74000 	C:\Users\andre\.openjfx\cache\21.0.2+5\amd64\api-ms-win-crt-stdio-l1-1-0.dll
0x000002422bd80000 - 0x000002422bd84000 	C:\Users\andre\.openjfx\cache\21.0.2+5\amd64\api-ms-win-crt-string-l1-1-0.dll
0x000002422bd90000 - 0x000002422bd93000 	C:\Users\andre\.openjfx\cache\21.0.2+5\amd64\api-ms-win-crt-time-l1-1-0.dll
0x000002422bda0000 - 0x000002422bda3000 	C:\Users\andre\.openjfx\cache\21.0.2+5\amd64\api-ms-win-crt-utility-l1-1-0.dll
0x00007ffe100e0000 - 0x00007ffe101dc000 	C:\Users\andre\.openjfx\cache\21.0.2+5\amd64\ucrtbase.dll
0x00007ffe1f130000 - 0x00007ffe1f14b000 	C:\Users\andre\.openjfx\cache\21.0.2+5\amd64\vcruntime140.dll
0x00007ffe1da10000 - 0x00007ffe1da1c000 	C:\Users\andre\.openjfx\cache\21.0.2+5\amd64\vcruntime140_1.dll
0x00007ffe10000000 - 0x00007ffe1008e000 	C:\Users\andre\.openjfx\cache\21.0.2+5\amd64\msvcp140.dll
0x00007ffe1da00000 - 0x00007ffe1da09000 	C:\Users\andre\.openjfx\cache\21.0.2+5\amd64\msvcp140_1.dll
0x00007ffe0fd50000 - 0x00007ffe0fd91000 	C:\Users\andre\.openjfx\cache\21.0.2+5\amd64\msvcp140_2.dll
0x00007ffe13ae0000 - 0x00007ffe13b10000 	C:\Users\andre\.openjfx\cache\21.0.2+5\amd64\prism_d3d.dll
0x00007ffdeb030000 - 0x00007ffdeb1dc000 	C:\WINDOWS\system32\d3d9.dll
0x00007ffe218a0000 - 0x00007ffe218d6000 	C:\WINDOWS\SYSTEM32\dwmapi.dll
0x00007ffe218e0000 - 0x00007ffe21927000 	C:\WINDOWS\SYSTEM32\dxcore.dll
0x00007ffe214a0000 - 0x00007ffe2154e000 	C:\WINDOWS\system32\uxtheme.dll
0x00007ffe215d0000 - 0x00007ffe2162e000 	C:\WINDOWS\SYSTEM32\directxdatabasehelper.dll
0x00007ffe24380000 - 0x00007ffe243df000 	C:\WINDOWS\SYSTEM32\cfgmgr32.dll
0x00007ffe0fa30000 - 0x00007ffe0fa72000 	C:\Users\andre\.openjfx\cache\21.0.2+5\amd64\glass.dll
0x00007ffe268a0000 - 0x00007ffe26994000 	C:\WINDOWS\System32\COMDLG32.dll
0x00007ffe26560000 - 0x00007ffe266bd000 	C:\WINDOWS\System32\MSCTF.dll
0x00007ffe0ffc0000 - 0x00007ffe0ffd4000 	C:\Users\andre\.openjfx\cache\21.0.2+5\amd64\javafx_font.dll
0x00007ffe1fc40000 - 0x00007ffe1fea9000 	C:\WINDOWS\SYSTEM32\dwrite.dll
0x00007ffe23e20000 - 0x00007ffe23e3c000 	C:\WINDOWS\SYSTEM32\CRYPTSP.dll
0x00007ffe235b0000 - 0x00007ffe235ea000 	C:\WINDOWS\system32\rsaenh.dll
0x00007ffe23c10000 - 0x00007ffe23c3b000 	C:\WINDOWS\SYSTEM32\USERENV.dll
0x00007ffe24720000 - 0x00007ffe24746000 	C:\WINDOWS\SYSTEM32\bcrypt.dll
0x00007ffe23e10000 - 0x00007ffe23e1c000 	C:\WINDOWS\SYSTEM32\CRYPTBASE.dll
0x00007ffe27010000 - 0x00007ffe2701a000 	C:\WINDOWS\System32\NSI.dll
0x00007ffe10340000 - 0x00007ffe1034e000 	C:\Program Files\Java\jdk-23\bin\sunmscapi.dll
0x00007ffe25170000 - 0x00007ffe252e7000 	C:\WINDOWS\System32\CRYPT32.dll
0x00007ffe24010000 - 0x00007ffe24040000 	C:\WINDOWS\SYSTEM32\ncrypt.dll
0x00007ffe23fc0000 - 0x00007ffe23fff000 	C:\WINDOWS\SYSTEM32\NTASN1.dll
0x00007ffe23130000 - 0x00007ffe23255000 	C:\WINDOWS\SYSTEM32\DNSAPI.dll
0x00007ffe1c970000 - 0x00007ffe1c97b000 	C:\Windows\System32\rasadhlp.dll
0x00007ffe1e8f0000 - 0x00007ffe1e975000 	C:\WINDOWS\System32\fwpuclnt.dll
0x00007ffe25730000 - 0x00007ffe257d8000 	C:\WINDOWS\System32\clbcatq.dll
0x00007ffe1fa00000 - 0x00007ffe1fc2e000 	C:\WINDOWS\SYSTEM32\WindowsCodecs.dll
0x00007ffe0d230000 - 0x00007ffe0d28a000 	C:\WINDOWS\system32\dataexchange.dll
0x00007ffe131e0000 - 0x00007ffe1341b000 	C:\WINDOWS\system32\twinapi.appcore.dll
0x00007ffe100b0000 - 0x00007ffe100dc000 	C:\Program Files\Common Files\Microsoft Shared\Ink\rtscom.dll

dbghelp: loaded successfully - version: 4.0.5 - missing functions: none
symbol engine: initialized successfully - sym options: 0x614 - pdb path: .;C:\Program Files\Java\jdk-23\bin;C:\WINDOWS\SYSTEM32;C:\WINDOWS\WinSxS\amd64_microsoft.windows.common-controls_6595b64144ccf1df_6.0.26100.3624_none_3e086962e3345f24;C:\Program Files\Java\jdk-23\bin\server;C:\Users\andre\AppData\Local\Temp\idea_libasyncProfiler_dll_temp_folder7;C:\Users\andre\.openjfx\cache\21.0.2+5\amd64;C:\WINDOWS\System32\DriverStore\FileRepository\iigd_dch.inf_amd64_c2201cfb126f0796;C:\Program Files\Common Files\Microsoft Shared\Ink

VM Arguments:
jvm_args: -agentlib:jdwp=transport=dt_socket,address=127.0.0.1:52217,suspend=y,server=n -agentpath:C:\Users\andre\AppData\Local\Temp\idea_libasyncProfiler_dll_temp_folder7\libasyncProfiler.dll=version,jfr,event=wall,interval=10ms,cstack=no,file=C:\Users\andre\IdeaSnapshots\StartApplication_2025_04_24_093238.jfr,dbghelppath=C:\Users\andre\AppData\Local\Temp\idea_dbghelp_dll_temp_folder1\dbghelp.dll,log=C:\Users\andre\AppData\Local\Temp\StartApplication_2025_04_24_093238.jfr.log.txt,logLevel=DEBUG -javaagent:C:\Users\andre\AppData\Local\JetBrains\IntelliJIdea2024.3\captureAgent\debugger-agent.jar -Dkotlinx.coroutines.debug.enable.creation.stack.trace=false -Ddebugger.agent.enable.coroutines=true -Dkotlinx.coroutines.debug.enable.flows.stack.trace=true -Dkotlinx.coroutines.debug.enable.mutable.state.flows.stack.trace=true -Dfile.encoding=UTF-8 -Dsun.stdout.encoding=UTF-8 -Dsun.stderr.encoding=UTF-8 --module-path=C:\Users\andre\.m2\repository\org\openjfx\javafx-media\17.0.6\javafx-media-17.0.6-win.jar;C:\Users\andre\.m2\repository\com\gluonhq\attach\audio\4.0.17\audio-4.0.17.jar;C:\Users\andre\.m2\repository\com\fasterxml\jackson\core\jackson-databind\2.15.2\jackson-databind-2.15.2.jar;C:\Users\andre\.m2\repository\com\github\almasb\fxgl-gameplay\17.3\fxgl-gameplay-17.3.jar;C:\Users\andre\Desktop\PROJ_2\DesktopApp\target\classes;C:\Users\andre\.m2\repository\jakarta\validation\jakarta.validation-api\3.1.1\jakarta.validation-api-3.1.1.jar;C:\Users\andre\.m2\repository\com\fasterxml\jackson\datatype\jackson-datatype-jsr310\2.15.3\jackson-datatype-jsr310-2.15.3.jar;C:\Users\andre\.m2\repository\org\openjfx\javafx-graphics\21.0.2\javafx-graphics-21.0.2-win.jar;C:\Users\andre\.m2\repository\eu\hansolo\fx\countries\21.0.3\countries-21.0.3.jar;C:\Users\andre\.m2\repository\org\json\json\20231013\json-20231013.jar;C:\Users\andre\.m2\repository\org\jetbrains\kotlin\kotlin-stdlib\1.8.10\kotlin-stdlib-1.8.10.jar;C:\Users\andre\.m2\repository\com\gluonhq\attach\util\4.0.17\util-4.0.17.jar;C:\Users\andre\.m2\repository\com\github\almasb\fxgl-io\17.3\fxgl-io-17.3.jar;C:\Users\andre\.m2\repository\org\openjfx\javafx-web\17.0.6\javafx-web-17.0.6-win.jar;C:\Users\andre\.m2\repository\org\kordamp\ikonli\ikonli-javafx\12.3.1\ikonli-javafx-12.3.1.jar;C:\Users\andre\.m2\repository\com\fasterxml\jackson\core\jackson-core\2.15.2\jackson-core-2.15.2.jar;C:\Users\andre\.m2\repository\com\github\almasb\fxgl-core\17.3\fxgl-core-17.3.jar;C:\Users\andre\.m2\repository\eu\hansolo\fx\heatmap\21.0.3\heatmap-21.0.3.jar;C:\Users\andre\.m2\repository\org\openjfx\javafx-fxml\17.0.6\javafx-fxml-17.0.6-win.jar;C:\Users\andre\.m2\repository\org\kordamp\bootstrapfx\bootstrapfx-core\0.4.0\bootstrapfx-core-0.4.0.jar;C:\Users\andre\.m2\repository\org\kordamp\ikonli\ikonli-core\12.3.1\ikonli-core-12.3.1.jar;C:\Users\andre\.m2\repository\org\openjfx\javafx-swing\17.0.6\javafx-swing-17.0.6-win.jar;C:\User-Djdk.module.main=com.dashboard.desktopapp 
java_command: com.dashboard.desktopapp/com.dashboard.desktopapp.StartApplication
java_class_path (initial): C:\Users\andre\.m2\repository\org\openjfx\javafx-controls\21.0.2\javafx-controls-21.0.2.jar;C:\Users\andre\.m2\repository\org\openjfx\javafx-graphics\21.0.2\javafx-graphics-21.0.2.jar;C:\Users\andre\.m2\repository\org\openjfx\javafx-base\21.0.2\javafx-base-21.0.2.jar;C:\Users\andre\.m2\repository\org\openjfx\javafx-fxml\17.0.6\javafx-fxml-17.0.6.jar;C:\Users\andre\.m2\repository\org\openjfx\javafx-web\17.0.6\javafx-web-17.0.6.jar;C:\Users\andre\.m2\repository\org\openjfx\javafx-swing\17.0.6\javafx-swing-17.0.6.jar;C:\Users\andre\.m2\repository\org\openjfx\javafx-media\17.0.6\javafx-media-17.0.6.jar;C:\Users\andre\.m2\repository\org\jetbrains\kotlin\kotlin-stdlib-common\1.8.10\kotlin-stdlib-common-1.8.10.jar;C:\Users\andre\.m2\repository\org\jetbrains\annotations\13.0\annotations-13.0.jar;C:\Users\andre\.m2\repository\com\gluonhq\gluonfx-maven-plugin\1.0.26\gluonfx-maven-plugin-1.0.26.jar;C:\Users\andre\.m2\repository\com\gluonhq\substrate\0.0.66\substrate-0.0.66.jar;C:\Users\andre\.m2\repository\com\googlecode\plist\dd-plist\1.23\dd-plist-1.23.jar;C:\Users\andre\.m2\repository\org\bouncycastle\bcpkix-jdk15on\1.49\bcpkix-jdk15on-1.49.jar;C:\Users\andre\.m2\repository\org\bouncycastle\bcprov-jdk15on\1.49\bcprov-jdk15on-1.49.jar;C:\Users\andre\.m2\repository\org\graalvm\nativeimage\svm\21.1.0\svm-21.1.0.jar;C:\Users\andre\.m2\repository\org\graalvm\sdk\graal-sdk\21.1.0\graal-sdk-21.1.0.jar;C:\Users\andre\.m2\repository\org\graalvm\nativeimage\objectfile\21.1.0\objectfile-21.1.0.jar;C:\Users\andre\.m2\repository\org\graalvm\nativeimage\pointsto\21.1.0\pointsto-21.1.0.jar;C:\Users\andre\.m2\repository\org\graalvm\compiler\compiler\21.1.0\compiler-21.1.0.jar;C:\Users\andre\.m2\repository\org\graalvm\truffle\truffle-api\21.1.0\truffle-api-21.1.0.jar;C:\Users\andre\.m2\repository\org\apidesign\bck2brwsr\aot\0.53\aot-0.53.jar;C:\Users\andre\.m2\repository\org\apidesign\bck2brwsr\vm4brwsr\0.53\vm4brwsr-0.53.jar;C:\Users\andre\.m2\repository\org\apidesign\bck2brwsr\core\0.53\core-0.53.jar;C:\Users\andre\.m2\repository\com\google\javascript\closure-compiler\v20210601\closure-compiler-v20210601.jar;C:\Users\andre\.m2\repository\org\ow2\asm\asm\9.2\asm-9.2.jar;C:\Users\andre\.m2\repository\org\apache\maven\resolver\maven-resolver-util\2.0.1\maven-resolver-util-2.0.1.jar;C:\Users\andre\.m2\repository\org\apache\maven\resolver\maven-resolver-api\2.0.1\maven-resolver-api-2.0.1.jar;C:\Users\andre\.m2\repository\org\apache\maven\shared\maven-invoker\3.3.0\maven-invoker-3.3.0.jar;C:\Users\andre\.m2\repository\org\apache\maven\shared\maven-shared-utils\3.4.2\maven-shared-utils-3.4.2.jar;C:\Users\andre\.m2\repository\org\slf4j\slf4j-api\1.7.36\slf4j-api-1.7.36.jar;C:\Users\andre\.m2\repository\commons-io\commons-io\2.11.0\commons-io-2.11.0.jar;C:\Users\andre\.m2\repository\javax\inject\javax.inject\1\javax.inject-1.jar;C:\Users\andre\.m2\repository\org\apache\commons\commons-exec\1.4.0\commons-exec-1.4.0.jar;C:\Program Files\JetBrains\IntelliJ IDEA 2024.3.3\lib\idea_rt.jar
Launcher Type: SUN_STANDARD

[Global flags]
     intx CICompilerCount                          = 12                                        {product} {ergonomic}
     uint ConcGCThreads                            = 4                                         {product} {ergonomic}
     uint G1ConcRefinementThreads                  = 15                                        {product} {ergonomic}
   size_t G1HeapRegionSize                         = 4194304                                   {product} {ergonomic}
   size_t InitialHeapSize                          = 532676608                                 {product} {ergonomic}
   size_t MarkStackSize                            = 4194304                                   {product} {ergonomic}
   size_t MarkStackSizeMax                         = 536870912                                 {product} {ergonomic}
   size_t MaxHeapSize                              = 8497659904                                {product} {ergonomic}
   size_t MaxNewSize                               = 5096079360                                {product} {ergonomic}
   size_t MinHeapDeltaBytes                        = 4194304                                   {product} {ergonomic}
   size_t MinHeapSize                              = 8388608                                   {product} {ergonomic}
    uintx NonNMethodCodeHeapSize                   = 7602176                                {pd product} {ergonomic}
    uintx NonProfiledCodeHeapSize                  = 122093568                              {pd product} {ergonomic}
    uintx ProfiledCodeHeapSize                     = 121962496                              {pd product} {ergonomic}
    uintx ReservedCodeCacheSize                    = 251658240                              {pd product} {ergonomic}
     bool SegmentedCodeCache                       = true                                      {product} {ergonomic}
   size_t SoftMaxHeapSize                          = 8497659904                             {manageable} {ergonomic}
     bool UseCompressedOops                        = true                           {product lp64_product} {ergonomic}
     bool UseG1GC                                  = true                                      {product} {ergonomic}
     bool UseLargePagesIndividualAllocation        = false                                  {pd product} {ergonomic}

Logging:
Log output configuration:
 #0: stdout all=off uptime,level,tags foldmultilines=false
 #1: stderr all=off uptime,level,tags foldmultilines=false

Environment Variables:
JAVA_HOME=C:\Program Files\Java\jdk-23
PATH=C:\Program Files\Common Files\Oracle\Java\javapath;C:\Program Files (x86)\Common Files\Oracle\Java\java8path;C:\Program Files (x86)\Common Files\Oracle\Java\javapath;C:\WINDOWS\system32;C:\WINDOWS;C:\WINDOWS\System32\Wbem;C:\WINDOWS\System32\WindowsPowerShell\v1.0\;C:\WINDOWS\System32\OpenSSH\;C:\Program Files\Microsoft VS Code\bin;C:\Program Files (x86)\Microsoft SQL Server\160\Tools\Binn\;C:\Program Files\Microsoft SQL Server\160\Tools\Binn\;C:\Program Files\Microsoft SQL Server\Client SDK\ODBC\170\Tools\Binn\;C:\Program Files\Microsoft SQL Server\160\DTS\Binn\;C:\Program Files\Git\cmd;C:\Program Files\nodejs\;C:\Program Files\dotnet\;C:\Python\;;C:\Program Files\Docker\Docker\resources\bin;C:\Program Files\Portugal Identity Card\;C:\Program Files (x86)\Windows Kits\10\Windows Performance Toolkit\;C:\Users\andre\.pyenv\pyenv-win\bin;C:\Users\andre\.pyenv\pyenv-win\shims;C:\Users\andre\AppData\Local\Programs\Python\Python311\Scripts\;C:\Users\andre\AppData\Local\Programs\Python\Python311\;C:\Users\andre\AppData\Local\Programs\Python\Launcher\;C:\Users\andre\AppData\Local\Microsoft\WindowsApps;C:\Users\andre\AppData\Roaming\npm;C:\Users\andre\.dotnet\tools;C:\Users\andre\AppData\Local\Programs\mongosh\;C:\Python\;C:\Users\andre\AppData\Local\GitHubDesktop\bin;
USERNAME=andre
OS=Windows_NT
PROCESSOR_IDENTIFIER=Intel64 Family 6 Model 186 Stepping 2, GenuineIntel
TMP=C:\Users\andre\AppData\Local\Temp
TEMP=C:\Users\andre\AppData\Local\Temp




Periodic native trim disabled

---------------  S Y S T E M  ---------------

OS:
 Windows 11 , 64 bit Build 26100 (10.0.26100.3775)
OS uptime: 1 days 15:18 hours
Hyper-V role detected

CPU: total 20 (initial active 20) (10 cores per cpu, 2 threads per core) family 6 model 186 stepping 2 microcode 0x411f, cx8, cmov, fxsr, ht, mmx, 3dnowpref, sse, sse2, sse3, ssse3, sse4.1, sse4.2, popcnt, lzcnt, tsc, tscinvbit, avx, avx2, aes, erms, clmul, bmi1, bmi2, adx, sha, fma, vzeroupper, clflush, clflushopt, clwb, hv, serialize, rdtscp, rdpid, fsrm, gfni, f16c, cet_ibt, cet_ss
Processor Information for processor 0
  Max Mhz: 2400, Current Mhz: 2400, Mhz Limit: 2400
Processor Information for processor 1
  Max Mhz: 2400, Current Mhz: 1520, Mhz Limit: 2400
Processor Information for processor 2
  Max Mhz: 2400, Current Mhz: 2400, Mhz Limit: 2400
Processor Information for processor 3
  Max Mhz: 2400, Current Mhz: 1520, Mhz Limit: 2400
Processor Information for processor 4
  Max Mhz: 2400, Current Mhz: 1520, Mhz Limit: 2400
Processor Information for processor 5
  Max Mhz: 2400, Current Mhz: 2400, Mhz Limit: 2400
Processor Information for processor 6
  Max Mhz: 2400, Current Mhz: 2400, Mhz Limit: 2400
Processor Information for processor 7
  Max Mhz: 2400, Current Mhz: 1520, Mhz Limit: 2400
Processor Information for processor 8
  Max Mhz: 2400, Current Mhz: 2400, Mhz Limit: 2400
Processor Information for processor 9
  Max Mhz: 2400, Current Mhz: 2400, Mhz Limit: 2400
Processor Information for processor 10
  Max Mhz: 2400, Current Mhz: 2400, Mhz Limit: 2400
Processor Information for processor 11
  Max Mhz: 2400, Current Mhz: 2400, Mhz Limit: 2400
Processor Information for processor 12
  Max Mhz: 2400, Current Mhz: 1500, Mhz Limit: 1800
Processor Information for processor 13
  Max Mhz: 2400, Current Mhz: 1800, Mhz Limit: 1800
Processor Information for processor 14
  Max Mhz: 2400, Current Mhz: 1800, Mhz Limit: 1800
Processor Information for processor 15
  Max Mhz: 2400, Current Mhz: 1500, Mhz Limit: 1800
Processor Information for processor 16
  Max Mhz: 2400, Current Mhz: 1500, Mhz Limit: 1800
Processor Information for processor 17
  Max Mhz: 2400, Current Mhz: 1800, Mhz Limit: 1800
Processor Information for processor 18
  Max Mhz: 2400, Current Mhz: 1800, Mhz Limit: 1800
Processor Information for processor 19
  Max Mhz: 2400, Current Mhz: 1800, Mhz Limit: 1800

Memory: 4k page, system-wide physical 32400M (11916M free)
TotalPageFile size 34448M (AvailPageFile size 11237M)
current process WorkingSet (physical memory assigned to process): 945M, peak: 1456M
current process commit charge ("private bytes"): 1122M, peak: 1641M

vm_info: Java HotSpot(TM) 64-Bit Server VM (23+37-2369) for windows-amd64 JRE (23+37-2369), built on 2024-08-20T16:01:23Z with MS VC++ 17.6 (VS2022)

END.
