#
# A fatal error has been detected by the Java Runtime Environment:
#
#  EXCEPTION_ACCESS_VIOLATION (0xc0000005) at pc=0x00007ffc360b6b07, pid=45100, tid=24876
#
# JRE version: Java(TM) SE Runtime Environment (23.0+37) (build 23+37-2369)
# Java VM: Java HotSpot(TM) 64-Bit Server VM (23+37-2369, mixed mode, sharing, tiered, compressed oops, compressed class ptrs, g1 gc, windows-amd64)
# Problematic frame:
# C  [glass.dll+0x26b07]
#
# No core dump will be written. Minidumps are not enabled by default on client versions of Windows
#
# If you would like to submit a bug report, please visit:
#   https://bugreport.java.com/bugreport/crash.jsp
#

---------------  S U M M A R Y ------------

Command Line: -javaagent:C:\Program Files\JetBrains\IntelliJ IDEA 2024.3.3\lib\idea_rt.jar=60018 -Dfile.encoding=UTF-8 -Dsun.stdout.encoding=UTF-8 -Dsun.stderr.encoding=UTF-8 --module-path=C:\Users\andre\.m2\repository\com\fasterxml\jackson\core\jackson-annotations\2.14.2\jackson-annotations-2.14.2.jar;C:\Users\andre\.m2\repository\eu\hansolo\toolbox\21.0.5\toolbox-21.0.5.jar;C:\Users\andre\.m2\repository\com\gluonhq\attach\storage\4.0.17\storage-4.0.17.jar;C:\Users\andre\.m2\repository\com\github\almasb\fxgl-gameplay\17.3\fxgl-gameplay-17.3.jar;C:\Users\andre\.m2\repository\com\fasterxml\jackson\core\jackson-databind\2.14.2\jackson-databind-2.14.2.jar;C:\Users\andre\.m2\repository\com\github\almasb\fxgl-io\17.3\fxgl-io-17.3.jar;C:\Users\andre\.m2\repository\com\gluonhq\attach\util\4.0.17\util-4.0.17.jar;C:\Users\andre\.m2\repository\org\kordamp\bootstrapfx\bootstrapfx-core\0.4.0\bootstrapfx-core-0.4.0.jar;C:\Users\andre\.m2\repository\com\gluonhq\attach\audio\4.0.17\audio-4.0.17.jar;C:\Users\andre\.m2\repository\org\openjfx\javafx-web\17.0.6\javafx-web-17.0.6-win.jar;C:\Users\andre\.m2\repository\eu\hansolo\fx\heatmap\21.0.3\heatmap-21.0.3.jar;C:\Users\andre\Desktop\PROJ_2\DesktopApp\target\classes;C:\Users\andre\.m2\repository\com\github\almasb\fxgl-core\17.3\fxgl-core-17.3.jar;C:\Users\andre\.m2\repository\eu\hansolo\tilesfx\21.0.3\tilesfx-21.0.3.jar;C:\Users\andre\.m2\repository\org\jetbrains\kotlin\kotlin-stdlib\1.8.10\kotlin-stdlib-1.8.10.jar;C:\Users\andre\.m2\repository\org\openjfx\javafx-swing\17.0.6\javafx-swing-17.0.6-win.jar;C:\Users\andre\.m2\repository\com\gluonhq\attach\lifecycle\4.0.17\lifecycle-4.0.17.jar;C:\Users\andre\.m2\repository\net\synedra\validatorfx\0.5.0\validatorfx-0.5.0.jar;C:\Users\andre\.m2\repository\com\github\almasb\fxgl-entity\17.3\fxgl-entity-17.3.jar;C:\Users\andre\.m2\repository\org\openjfx\javafx-media\17.0.6\javafx-media-17.0.6-win.jar;C:\Users\andre\.m2\repository\eu\hansolo\fx\countries\21.0.3\countries-21.0.3.jar;C:\Users\andre\.m2\repository\eu\hansolo\toolboxfx\21.0.3\toolboxfx-21.0.3.jar;C:\Users\andre\.m2\repository\org\openjfx\javafx-base\17.0.6\javafx-base-17.0.6-win.jar;C:\Users\andre\.m-Djdk.module.main=com.dashboard.desktopapp com.dashboard.desktopapp/com.dashboard.desktopapp.StartApplication

Host: 13th Gen Intel(R) Core(TM) i7-13700H, 20 cores, 31G,  Windows 11 , 64 bit Build 26100 (10.0.26100.3775)
Time: Thu Apr 17 12:31:37 2025 Hora de Verão de GMT elapsed time: 126.279224 seconds (0d 0h 2m 6s)

---------------  T H R E A D  ---------------

Current thread (0x000001ae41704f40):  VMThread "VM Thread"          [id=24876, stack(0x00000032ff800000,0x00000032ff900000) (1024K)]

Stack: [0x00000032ff800000,0x00000032ff900000],  sp=0x00000032ff8fefc0,  free space=1019k
Native frames: (J=compiled Java code, j=interpreted, Vv=VM code, C=native code)
C  [glass.dll+0x26b07]  (no source info available)
C  [ucrtbase.dll+0x4bc75]  (no source info available)
C  [ucrtbase.dll+0x4b897]  (no source info available)
C  [ucrtbase.dll+0x4b84d]  (no source info available)
C  [glass.dll+0x24261]  (no source info available)
C  [glass.dll+0x24386]  (no source info available)
C  [ntdll.dll+0x38830]  (no source info available)
C  [ntdll.dll+0xb24f0]  (no source info available)
C  [ntdll.dll+0xb16b4]  (no source info available)
C  [KERNEL32.DLL+0x418ab]  (no source info available)
C  [ucrtbase.dll+0xa0093]  (no source info available)
V  [jvm.dll+0x6d98fc]  (no source info available)
V  [jvm.dll+0x6d9430]  (no source info available)
V  [jvm.dll+0x3da534]  (no source info available)
V  [jvm.dll+0x886500]  (no source info available)
V  [jvm.dll+0x887827]  (no source info available)
V  [jvm.dll+0x887d58]  (no source info available)
V  [jvm.dll+0x887ff3]  (no source info available)
V  [jvm.dll+0x824f1b]  (no source info available)
V  [jvm.dll+0x6df055]  (no source info available)
C  [ucrtbase.dll+0x37b0]  (no source info available)
C  [KERNEL32.DLL+0x2e8d7]  (no source info available)
C  [ntdll.dll+0xb14fc]  (no source info available)


siginfo: EXCEPTION_ACCESS_VIOLATION (0xc0000005), reading address 0x0000000000000000


Registers:
RAX=0x0000000000000000, RBX=0x000001ae4170c46a, RCX=0x000001ae41704f40, RDX=0x00000032ff8fefc0
RSP=0x00000032ff8fefc0, RBP=0x0000436390b493b5, RSI=0x000001ae8b54ee88, RDI=0x000001ae8b54ee60
R8 =0x0000000000010002, R9 =0x0000436390b493b5, R10=0x000001ae1ce40000, R11=0x00000032ff8ff0a8
R12=0x0000000000000001, R13=0x000000007ffe0385, R14=0x00000032ff8ff0c8, R15=0x000001ae8b54ee60
RIP=0x00007ffc360b6b07, EFLAGS=0x0000000000010206


Register to memory mapping:

RAX=0x0 is null
RBX=0x000001ae4170c46a is a global jni handle
RCX=0x000001ae41704f40 points into unknown readable memory: 0x00007ffbd665f698 | 98 f6 65 d6 fb 7f 00 00
RDX=0x00000032ff8fefc0 points into unknown readable memory: 0x0000000000000000 | 00 00 00 00 00 00 00 00
RSP=0x00000032ff8fefc0 points into unknown readable memory: 0x0000000000000000 | 00 00 00 00 00 00 00 00
RBP=0x0000436390b493b5 is an unknown value
RSI=0x000001ae8b54ee88 points into unknown readable memory: 0x0000436390b493b5 | b5 93 b4 90 63 43 00 00
RDI=0x000001ae8b54ee60 points into unknown readable memory: 0xdd80436c6f3252d2 | d2 52 32 6f 6c 43 80 dd
R8 =0x0000000000010002 is an unknown value
R9 =0x0000436390b493b5 is an unknown value
R10=0x000001ae1ce40000 points into unknown readable memory: 0x0000000000000000 | 00 00 00 00 00 00 00 00
R11=0x00000032ff8ff0a8 points into unknown readable memory: 0x00007ffc360b4261 | 61 42 0b 36 fc 7f 00 00
R12=0x0000000000000001 is an unknown value
R13=0x000000007ffe0385 points into unknown readable memory: 00 00 00
R14=0x00000032ff8ff0c8 points into unknown readable memory: 0x00000032ff8ff0b0 | b0 f0 8f ff 32 00 00 00
R15=0x000001ae8b54ee60 points into unknown readable memory: 0xdd80436c6f3252d2 | d2 52 32 6f 6c 43 80 dd

Top of Stack: (sp=0x00000032ff8fefc0)
0x00000032ff8fefc0:   0000000000000000 000001ae00000000
0x00000032ff8fefd0:   000001ae8b167f60 0000000000000001
0x00000032ff8fefe0:   000001ae8b54ee68 00007ffc5e3dbc75
0x00000032ff8feff0:   000001ae8b54ee60 000001ae00000000
0x00000032ff8ff000:   000001ae8b54ee80 0000436390b493b5
0x00000032ff8ff010:   fffffffffffffffe 00000032ff8ff098
0x00000032ff8ff020:   00007ffc36090000 00007ffc36090000
0x00000032ff8ff030:   00000032ff8ff0b8 00007ffc5e3db897
0x00000032ff8ff040:   00000032ff8ff000 00000032ff8ff0c8
0x00000032ff8ff050:   00000032ff8ff5f0 00007ffc5e4c88c0
0x00000032ff8ff060:   0000000000000001 00007ffc5e3db84d
0x00000032ff8ff070:   0000000000000000 0000000000000001
0x00000032ff8ff080:   00007ffc3fcb7720 00000032ff8ff0b8
0x00000032ff8ff090:   fffffffffffffffe 00000032ff8ff080
0x00000032ff8ff0a0:   0000000000000000 00007ffc360b4261
0x00000032ff8ff0b0:   00007ffc360ca138 0000000000000002
0x00000032ff8ff0c0:   0000000000000002 00000032ff8ff0b0
0x00000032ff8ff0d0:   0000000000000000 00007ffc5dfe0000
0x00000032ff8ff0e0:   0000000000000000 00007ffc360b4386
0x00000032ff8ff0f0:   0000000000000001 00000032ff8ff5f0
0x00000032ff8ff100:   0000000000000001 0000000000000000
0x00000032ff8ff110:   00007ffc5d096540 0000000000000000
0x00000032ff8ff120:   0000000000000001 00000000000000eb
0x00000032ff8ff130:   0000000000000000 0000000000000001
0x00000032ff8ff140:   00007ffc360b43d4 00007ffc60718830
0x00000032ff8ff150:   00007ffc36090000 00007ffc00000000
0x00000032ff8ff160:   0000000000000001 000000007ffe0384
0x00000032ff8ff170:   00000000000000bc 0000000000000000
0x00000032ff8ff180:   0000000000000000 0000000000000000
0x00000032ff8ff190:   00007ffc36090000 fffffe0200000000
0x00000032ff8ff1a0:   00000000000000e9 0000000000000000
0x00000032ff8ff1b0:   0000000000000000 000001ae1d086340 

Instructions: (pc=0x00007ffc360b6b07)
0x00007ffc360b6a07:   8b 4d 58 e8 01 cf ff ff 48 8b 4d 60 e8 f8 ce ff
0x00007ffc360b6a17:   ff 48 8b 95 80 00 00 00 48 8b 8d 18 01 00 00 e8
0x00007ffc360b6a27:   c6 c3 ff ff 33 d2 33 c9 e8 3c e1 ff ff 90 48 89
0x00007ffc360b6a37:   54 24 10 55 48 83 ec 20 48 8b ea 48 b8 00 00 00
0x00007ffc360b6a47:   00 00 00 00 00 48 83 c4 20 5d c3 cc 40 55 48 8b
0x00007ffc360b6a57:   ea 48 8b 01 33 c9 81 38 05 00 00 c0 0f 94 c1 8b
0x00007ffc360b6a67:   c1 5d c3 cc 40 55 48 83 ec 20 48 8b ea 8a 4d 40
0x00007ffc360b6a77:   48 83 c4 20 5d e9 f7 d2 ff ff cc 40 55 48 83 ec
0x00007ffc360b6a87:   20 48 8b ea 8a 4d 20 e8 e5 d2 ff ff 90 48 83 c4
0x00007ffc360b6a97:   20 5d c3 cc 40 55 48 83 ec 20 48 8b ea 48 83 c4
0x00007ffc360b6aa7:   20 5d e9 46 d1 ff ff cc 40 55 48 83 ec 30 48 8b
0x00007ffc360b6ab7:   ea 48 8b 01 8b 10 48 89 4c 24 28 89 54 24 20 4c
0x00007ffc360b6ac7:   8d 0d e7 d5 ff ff 4c 8b 45 70 8b 55 68 48 8b 4d
0x00007ffc360b6ad7:   60 e8 87 d0 ff ff 90 48 83 c4 30 5d c3 cc cc cc
0x00007ffc360b6ae7:   cc cc cc cc cc cc cc cc cc 40 53 48 83 ec 20 48
0x00007ffc360b6af7:   8b 1d 33 30 01 00 48 85 db 74 16 e8 09 8b ff ff
0x00007ffc360b6b07:   4c 8b 00 48 8b d3 48 8b c8 41 ff 90 b0 00 00 00
0x00007ffc360b6b17:   90 48 83 c4 20 5b c3 cc cc 40 53 48 83 ec 20 48
0x00007ffc360b6b27:   8b 1d ab 31 01 00 48 85 db 74 57 b8 ff ff ff ff
0x00007ffc360b6b37:   f0 0f c1 43 10 83 f8 01 75 3d 48 85 db 74 38 48
0x00007ffc360b6b47:   8b 0b 48 85 c9 74 0d ff 15 54 07 00 00 48 c7 03
0x00007ffc360b6b57:   00 00 00 00 48 8b 4b 08 48 85 c9 74 0d e8 a7 cd
0x00007ffc360b6b67:   ff ff 48 c7 43 08 00 00 00 00 ba 18 00 00 00 48
0x00007ffc360b6b77:   8b cb e8 92 cd ff ff 48 c7 05 4f 31 01 00 00 00
0x00007ffc360b6b87:   00 00 48 83 c4 20 5b c3 cc 40 53 48 83 ec 20 48
0x00007ffc360b6b97:   8b 1d 1b 31 01 00 48 85 db 74 57 b8 ff ff ff ff
0x00007ffc360b6ba7:   f0 0f c1 43 10 83 f8 01 75 3d 48 85 db 74 38 48
0x00007ffc360b6bb7:   8b 0b 48 85 c9 74 0d ff 15 e4 06 00 00 48 c7 03
0x00007ffc360b6bc7:   00 00 00 00 48 8b 4b 08 48 85 c9 74 0d e8 37 cd
0x00007ffc360b6bd7:   ff ff 48 c7 43 08 00 00 00 00 ba 18 00 00 00 48
0x00007ffc360b6be7:   8b cb e8 22 cd ff ff 48 c7 05 bf 30 01 00 00 00
0x00007ffc360b6bf7:   00 00 48 83 c4 20 5b c3 cc 40 53 48 83 ec 20 48 


Stack slot to memory mapping:

stack at sp + 0 slots: 0x0 is null
stack at sp + 1 slots: 0x000001ae00000000 is an unknown value
stack at sp + 2 slots: 0x000001ae8b167f60 points into unknown readable memory: 0x000001ae8b167d50 | 50 7d 16 8b ae 01 00 00
stack at sp + 3 slots: 0x0000000000000001 is an unknown value
stack at sp + 4 slots: 0x000001ae8b54ee68 points into unknown readable memory: 0x0000436390b493b5 | b5 93 b4 90 63 43 00 00
stack at sp + 5 slots: 0x00007ffc5e3dbc75 ucrtbase.dll
stack at sp + 6 slots: 0x000001ae8b54ee60 points into unknown readable memory: 0xdd80436c6f3252d2 | d2 52 32 6f 6c 43 80 dd
stack at sp + 7 slots: 0x000001ae00000000 is an unknown value

VM_Operation (0x00000032801ff190): Exit, mode: safepoint, requested by thread 0x000001ae8a0a3610


---------------  P R O C E S S  ---------------

Threads class SMR info:
_java_thread_list=0x000001ae967fffc0, length=24, elements={
0x000001ae1f316a50, 0x000001ae4171d720, 0x000001ae4171e380, 0x000001ae41724f40,
0x000001ae41725ad0, 0x000001ae41726790, 0x000001ae41727320, 0x000001ae41733760,
0x000001ae41755360, 0x000001ae44921ec0, 0x000001ae8a50b400, 0x000001ae8a9bce80,
0x000001ae8aa48560, 0x000001ae8aa21d60, 0x000001ae8b2502b0, 0x000001ae8b16e940,
0x000001ae8aa45780, 0x000001ae8b61e970, 0x000001ae8b217700, 0x000001ae8b5eddb0,
0x000001ae8b5ee440, 0x000001ae8b5f0510, 0x000001ae8b5ed090, 0x000001ae8a0a3610
}

Java Threads: ( => current thread )
  0x000001ae1f316a50 JavaThread "main"                              [_thread_blocked, id=45960, stack(0x00000032ff100000,0x00000032ff200000) (1024K)]
  0x000001ae4171d720 JavaThread "Reference Handler"          daemon [_thread_blocked, id=7200, stack(0x00000032ff900000,0x00000032ffa00000) (1024K)]
  0x000001ae4171e380 JavaThread "Finalizer"                  daemon [_thread_blocked, id=32340, stack(0x00000032ffa00000,0x00000032ffb00000) (1024K)]
  0x000001ae41724f40 JavaThread "Signal Dispatcher"          daemon [_thread_blocked, id=33404, stack(0x00000032ffb00000,0x00000032ffc00000) (1024K)]
  0x000001ae41725ad0 JavaThread "Attach Listener"            daemon [_thread_blocked, id=46016, stack(0x00000032ffc00000,0x00000032ffd00000) (1024K)]
  0x000001ae41726790 JavaThread "Service Thread"             daemon [_thread_blocked, id=40764, stack(0x00000032ffd00000,0x00000032ffe00000) (1024K)]
  0x000001ae41727320 JavaThread "Monitor Deflation Thread"   daemon [_thread_blocked, id=37688, stack(0x00000032ffe00000,0x00000032fff00000) (1024K)]
  0x000001ae41733760 JavaThread "C2 CompilerThread0"         daemon [_thread_blocked, id=20560, stack(0x00000032fff00000,0x0000003300000000) (1024K)]
  0x000001ae41755360 JavaThread "C1 CompilerThread0"         daemon [_thread_blocked, id=38260, stack(0x0000003280000000,0x0000003280100000) (1024K)]
  0x000001ae44921ec0 JavaThread "Common-Cleaner"             daemon [_thread_blocked, id=43692, stack(0x0000003280200000,0x0000003280300000) (1024K)]
  0x000001ae8a50b400 JavaThread "Monitor Ctrl-Break"         daemon [_thread_in_native, id=44272, stack(0x0000003280c00000,0x0000003280d00000) (1024K)]
  0x000001ae8a9bce80 JavaThread "Notification Thread"        daemon [_thread_blocked, id=43532, stack(0x0000003280d00000,0x0000003280e00000) (1024K)]
  0x000001ae8aa48560 JavaThread "QuantumRenderer-0"          daemon [_thread_blocked, id=26904, stack(0x0000003281900000,0x0000003281a00000) (1024K)]
  0x000001ae8aa21d60 JavaThread "RMI TCP Accept-0"           daemon [_thread_in_native, id=8156, stack(0x0000003281a00000,0x0000003281b00000) (1024K)]
  0x000001ae8b2502b0 JavaThread "RMI TCP Connection(1)-172.25.16.1" daemon [_thread_blocked, id=41920, stack(0x0000003281b00000,0x0000003281c00000) (1024K)]
  0x000001ae8b16e940 JavaThread "InvokeLaterDispatcher"      daemon [_thread_blocked, id=21704, stack(0x0000003281c00000,0x0000003281d00000) (1024K)]
  0x000001ae8aa45780 JavaThread "JavaFX Application Thread"         [_thread_in_native, id=45676, stack(0x0000003281d00000,0x0000003281e00000) (1024K)]
  0x000001ae8b61e970 JavaThread "RMI Scheduler(0)"           daemon [_thread_blocked, id=23704, stack(0x0000003281e00000,0x0000003281f00000) (1024K)]
  0x000001ae8b217700 JavaThread "JMX server connection timeout 49" daemon [_thread_blocked, id=45500, stack(0x0000003281f00000,0x0000003282000000) (1024K)]
  0x000001ae8b5eddb0 JavaThread "JavaFX-Launcher"                   [_thread_blocked, id=45016, stack(0x0000003283800000,0x0000003283900000) (1024K)]
  0x000001ae8b5ee440 JavaThread "Thread-2"                   daemon [_thread_in_native, id=34184, stack(0x0000003283700000,0x0000003283800000) (1024K)]
  0x000001ae8b5f0510 JavaThread "Prism Font Disposer"        daemon [_thread_blocked, id=45916, stack(0x0000003283c00000,0x0000003283d00000) (1024K)]
  0x000001ae8b5ed090 JavaThread "Cleaner-0"                  daemon [_thread_blocked, id=35348, stack(0x0000003280500000,0x0000003280600000) (1024K)]
  0x000001ae8a0a3610 JavaThread "SIGINT handler"             daemon [_thread_blocked, id=29752, stack(0x0000003280100000,0x0000003280200000) (1024K)]
Total: 24

Other Threads:
=>0x000001ae41704f40 VMThread "VM Thread"                           [id=24876, stack(0x00000032ff800000,0x00000032ff900000) (1024K)]
  0x000001ae1f37eb30 WorkerThread "GC Thread#0"                     [id=39272, stack(0x00000032ff200000,0x00000032ff300000) (1024K)]
  0x000001ae8b0bc0a0 WorkerThread "GC Thread#1"                     [id=40796, stack(0x0000003280e00000,0x0000003280f00000) (1024K)]
  0x000001ae8b0bc860 WorkerThread "GC Thread#2"                     [id=44904, stack(0x0000003280f00000,0x0000003281000000) (1024K)]
  0x000001ae8ae6cb90 WorkerThread "GC Thread#3"                     [id=30944, stack(0x0000003281000000,0x0000003281100000) (1024K)]
  0x000001ae8afd3860 WorkerThread "GC Thread#4"                     [id=43100, stack(0x0000003281100000,0x0000003281200000) (1024K)]
  0x000001ae8afd4720 WorkerThread "GC Thread#5"                     [id=43456, stack(0x0000003281200000,0x0000003281300000) (1024K)]
  0x000001ae8afd3c10 WorkerThread "GC Thread#6"                     [id=44568, stack(0x0000003281300000,0x0000003281400000) (1024K)]
  0x000001ae8afd3fc0 WorkerThread "GC Thread#7"                     [id=18992, stack(0x0000003281400000,0x0000003281500000) (1024K)]
  0x000001ae8afd4ad0 WorkerThread "GC Thread#8"                     [id=44644, stack(0x0000003281500000,0x0000003281600000) (1024K)]
  0x000001ae8afd4370 WorkerThread "GC Thread#9"                     [id=42888, stack(0x0000003281600000,0x0000003281700000) (1024K)]
  0x000001ae8afd3100 WorkerThread "GC Thread#10"                    [id=42456, stack(0x0000003281700000,0x0000003281800000) (1024K)]
  0x000001ae8afd34b0 WorkerThread "GC Thread#11"                    [id=34112, stack(0x0000003281800000,0x0000003281900000) (1024K)]
  0x000001ae8b93fda0 WorkerThread "GC Thread#12"                    [id=31404, stack(0x0000003280800000,0x0000003280900000) (1024K)]
  0x000001ae8b9408b0 WorkerThread "GC Thread#13"                    [id=15340, stack(0x0000003280900000,0x0000003280a00000) (1024K)]
  0x000001ae8b940c60 WorkerThread "GC Thread#14"                    [id=43636, stack(0x0000003280a00000,0x0000003280b00000) (1024K)]
  0x000001ae1f393620 ConcurrentGCThread "G1 Main Marker"            terminated
  0x000001ae1f395050 WorkerThread "G1 Conc#0"                       [id=43660, stack(0x00000032ff400000,0x00000032ff500000) (1024K)]
  0x000001ae8b941010 WorkerThread "G1 Conc#1"                       [id=43716, stack(0x0000003280b00000,0x0000003280c00000) (1024K)]
  0x000001ae8b93d8c0 WorkerThread "G1 Conc#2"                       [id=43728, stack(0x0000003283900000,0x0000003283a00000) (1024K)]
  0x000001ae8b93e3d0 WorkerThread "G1 Conc#3"                       [id=30408, stack(0x0000003283a00000,0x0000003283b00000) (1024K)]
  0x000001ae4163f510 ConcurrentGCThread "G1 Refine#0"               terminated
  0x000001ae4163fd40 ConcurrentGCThread "G1 Service"                terminated
Total: 23

Threads with active compile tasks:
Total: 0

VM state: at safepoint (shutting down)

VM Mutex/Monitor currently owned by a thread:  ([mutex/lock_event])
[0x00007ffbd6833910] Threads_lock - owner thread: 0x000001ae41704f40
[0x00007ffbd6833a10] Heap_lock - owner thread: 0x000001ae8a0a3610

Heap address: 0x0000000605800000, size: 8104 MB, Compressed Oops mode: Zero based, Oop shift amount: 3

CDS archive(s) mapped at: [0x000001ae45000000-0x000001ae45d70000-0x000001ae45d70000), size 14090240, SharedBaseAddress: 0x000001ae45000000, ArchiveRelocationMode: 1.
Compressed class space mapped at: 0x000001ae46000000-0x000001ae86000000, reserved size: 1073741824
Narrow klass base: 0x000001ae45000000, Narrow klass shift: 0, Narrow klass range: 0x41000000

GC Precious Log:
 CardTable entry size: 512
 Card Set container configuration: InlinePtr #cards 4 size 8 Array Of Cards #cards 32 size 80 Howl #buckets 8 coarsen threshold 7372 Howl Bitmap #cards 1024 size 144 coarsen threshold 921 Card regions per heap region 1 cards per card region 8192
 CPUs: 20 total, 20 available
 Memory: 32400M
 Large Page Support: Disabled
 NUMA Support: Disabled
 Compressed Oops: Enabled (Zero based)
 Heap Region Size: 4M
 Heap Min Capacity: 8M
 Heap Initial Capacity: 508M
 Heap Max Capacity: 8104M
 Pre-touch: Disabled
 Parallel Workers: 15
 Concurrent Workers: 4
 Concurrent Refinement Workers: 15
 Periodic GC: Disabled

Heap:
 garbage-first heap   total reserved 8298496K, committed 626688K, used 360101K [0x0000000605800000, 0x0000000800000000)
  region size 4096K, 7 young (28672K), 3 survivors (12288K)
 Metaspace       used 30796K, committed 31232K, reserved 1114112K
  class space    used 4226K, committed 4416K, reserved 1048576K

Heap Regions: E=young(eden), S=young(survivor), O=old, HS=humongous(starts), HC=humongous(continues), CS=collection set, F=free, TAMS=top-at-mark-start, PB=parsable bottom
|   0|0x0000000605800000, 0x0000000605bd4ac0, 0x0000000605c00000| 95%| O|  |TAMS 0x0000000605800000| PB 0x0000000605800000| Untracked |  0
|   1|0x0000000605c00000, 0x0000000606000000, 0x0000000606000000|100%|HS|  |TAMS 0x0000000605c00000| PB 0x0000000605c00000| Complete |  0
|   2|0x0000000606000000, 0x0000000606400000, 0x0000000606400000|100%|HC|  |TAMS 0x0000000606000000| PB 0x0000000606000000| Complete |  0
|   3|0x0000000606400000, 0x0000000606800000, 0x0000000606800000|100%|HC|  |TAMS 0x0000000606400000| PB 0x0000000606400000| Complete |  0
|   4|0x0000000606800000, 0x0000000606c00000, 0x0000000606c00000|100%|HC|  |TAMS 0x0000000606800000| PB 0x0000000606800000| Complete |  0
|   5|0x0000000606c00000, 0x0000000607000000, 0x0000000607000000|100%|HC|  |TAMS 0x0000000606c00000| PB 0x0000000606c00000| Complete |  0
|   6|0x0000000607000000, 0x0000000607400000, 0x0000000607400000|100%|HC|  |TAMS 0x0000000607000000| PB 0x0000000607000000| Complete |  0
|   7|0x0000000607400000, 0x0000000607800000, 0x0000000607800000|100%|HC|  |TAMS 0x0000000607400000| PB 0x0000000607400000| Complete |  0
|   8|0x0000000607800000, 0x0000000607c00000, 0x0000000607c00000|100%|HC|  |TAMS 0x0000000607800000| PB 0x0000000607800000| Complete |  0
|   9|0x0000000607c00000, 0x0000000608000000, 0x0000000608000000|100%|HC|  |TAMS 0x0000000607c00000| PB 0x0000000607c00000| Complete |  0
|  10|0x0000000608000000, 0x0000000608400000, 0x0000000608400000|100%| O|  |TAMS 0x0000000608000000| PB 0x0000000608000000| Untracked |  0
|  11|0x0000000608400000, 0x0000000608800000, 0x0000000608800000|100%|HS|  |TAMS 0x0000000608400000| PB 0x0000000608400000| Complete |  0
|  12|0x0000000608800000, 0x0000000608c00000, 0x0000000608c00000|100%|HC|  |TAMS 0x0000000608800000| PB 0x0000000608800000| Complete |  0
|  13|0x0000000608c00000, 0x0000000609000000, 0x0000000609000000|100%|HC|  |TAMS 0x0000000608c00000| PB 0x0000000608c00000| Complete |  0
|  14|0x0000000609000000, 0x0000000609400000, 0x0000000609400000|100%|HC|  |TAMS 0x0000000609000000| PB 0x0000000609000000| Complete |  0
|  15|0x0000000609400000, 0x0000000609800000, 0x0000000609800000|100%|HC|  |TAMS 0x0000000609400000| PB 0x0000000609400000| Complete |  0
|  16|0x0000000609800000, 0x0000000609c00000, 0x0000000609c00000|100%|HC|  |TAMS 0x0000000609800000| PB 0x0000000609800000| Complete |  0
|  17|0x0000000609c00000, 0x000000060a000000, 0x000000060a000000|100%|HC|  |TAMS 0x0000000609c00000| PB 0x0000000609c00000| Complete |  0
|  18|0x000000060a000000, 0x000000060a400000, 0x000000060a400000|100%|HC|  |TAMS 0x000000060a000000| PB 0x000000060a000000| Complete |  0
|  19|0x000000060a400000, 0x000000060a800000, 0x000000060a800000|100%|HC|  |TAMS 0x000000060a400000| PB 0x000000060a400000| Complete |  0
|  20|0x000000060a800000, 0x000000060ac00000, 0x000000060ac00000|100%|HC|  |TAMS 0x000000060a800000| PB 0x000000060a800000| Complete |  0
|  21|0x000000060ac00000, 0x000000060b000000, 0x000000060b000000|100%|HS|  |TAMS 0x000000060ac00000| PB 0x000000060ac00000| Complete |  0
|  22|0x000000060b000000, 0x000000060b400000, 0x000000060b400000|100%|HC|  |TAMS 0x000000060b000000| PB 0x000000060b000000| Complete |  0
|  23|0x000000060b400000, 0x000000060b800000, 0x000000060b800000|100%|HC|  |TAMS 0x000000060b400000| PB 0x000000060b400000| Complete |  0
|  24|0x000000060b800000, 0x000000060bc00000, 0x000000060bc00000|100%|HC|  |TAMS 0x000000060b800000| PB 0x000000060b800000| Complete |  0
|  25|0x000000060bc00000, 0x000000060c000000, 0x000000060c000000|100%|HC|  |TAMS 0x000000060bc00000| PB 0x000000060bc00000| Complete |  0
|  26|0x000000060c000000, 0x000000060c400000, 0x000000060c400000|100%|HC|  |TAMS 0x000000060c000000| PB 0x000000060c000000| Complete |  0
|  27|0x000000060c400000, 0x000000060c800000, 0x000000060c800000|100%|HC|  |TAMS 0x000000060c400000| PB 0x000000060c400000| Complete |  0
|  28|0x000000060c800000, 0x000000060cc00000, 0x000000060cc00000|100%|HC|  |TAMS 0x000000060c800000| PB 0x000000060c800000| Complete |  0
|  29|0x000000060cc00000, 0x000000060d000000, 0x000000060d000000|100%|HC|  |TAMS 0x000000060cc00000| PB 0x000000060cc00000| Complete |  0
|  30|0x000000060d000000, 0x000000060d400000, 0x000000060d400000|100%|HC|  |TAMS 0x000000060d000000| PB 0x000000060d000000| Complete |  0
|  31|0x000000060d400000, 0x000000060d800000, 0x000000060d800000|100%|HC|  |TAMS 0x000000060d400000| PB 0x000000060d400000| Complete |  0
|  32|0x000000060d800000, 0x000000060dc00000, 0x000000060dc00000|100%|HC|  |TAMS 0x000000060d800000| PB 0x000000060d800000| Complete |  0
|  33|0x000000060dc00000, 0x000000060df38618, 0x000000060e000000| 80%| O|  |TAMS 0x000000060dc00000| PB 0x000000060dc00000| Untracked |  0
|  34|0x000000060e000000, 0x000000060e400000, 0x000000060e400000|100%|HS|  |TAMS 0x000000060e000000| PB 0x000000060e000000| Complete |  0
|  35|0x000000060e400000, 0x000000060e800000, 0x000000060e800000|100%|HC|  |TAMS 0x000000060e400000| PB 0x000000060e400000| Complete |  0
|  36|0x000000060e800000, 0x000000060ec00000, 0x000000060ec00000|100%|HC|  |TAMS 0x000000060e800000| PB 0x000000060e800000| Complete |  0
|  37|0x000000060ec00000, 0x000000060f000000, 0x000000060f000000|100%|HC|  |TAMS 0x000000060ec00000| PB 0x000000060ec00000| Complete |  0
|  38|0x000000060f000000, 0x000000060f400000, 0x000000060f400000|100%|HC|  |TAMS 0x000000060f000000| PB 0x000000060f000000| Complete |  0
|  39|0x000000060f400000, 0x000000060f800000, 0x000000060f800000|100%|HC|  |TAMS 0x000000060f400000| PB 0x000000060f400000| Complete |  0
|  40|0x000000060f800000, 0x000000060fc00000, 0x000000060fc00000|100%|HC|  |TAMS 0x000000060f800000| PB 0x000000060f800000| Complete |  0
|  41|0x000000060fc00000, 0x0000000610000000, 0x0000000610000000|100%|HC|  |TAMS 0x000000060fc00000| PB 0x000000060fc00000| Complete |  0
|  42|0x0000000610000000, 0x0000000610400000, 0x0000000610400000|100%|HC|  |TAMS 0x0000000610000000| PB 0x0000000610000000| Complete |  0
|  43|0x0000000610400000, 0x0000000610800000, 0x0000000610800000|100%|HC|  |TAMS 0x0000000610400000| PB 0x0000000610400000| Complete |  0
|  44|0x0000000610800000, 0x0000000610800000, 0x0000000610c00000|  0%| F|  |TAMS 0x0000000610800000| PB 0x0000000610800000| Untracked |  0
|  45|0x0000000610c00000, 0x0000000610c00000, 0x0000000611000000|  0%| F|  |TAMS 0x0000000610c00000| PB 0x0000000610c00000| Untracked |  0
|  46|0x0000000611000000, 0x0000000611000000, 0x0000000611400000|  0%| F|  |TAMS 0x0000000611000000| PB 0x0000000611000000| Untracked |  0
|  47|0x0000000611400000, 0x0000000611400000, 0x0000000611800000|  0%| F|  |TAMS 0x0000000611400000| PB 0x0000000611400000| Untracked |  0
|  48|0x0000000611800000, 0x0000000611800000, 0x0000000611c00000|  0%| F|  |TAMS 0x0000000611800000| PB 0x0000000611800000| Untracked |  0
|  49|0x0000000611c00000, 0x0000000611c00000, 0x0000000612000000|  0%| F|  |TAMS 0x0000000611c00000| PB 0x0000000611c00000| Untracked |  0
|  50|0x0000000612000000, 0x0000000612000000, 0x0000000612400000|  0%| F|  |TAMS 0x0000000612000000| PB 0x0000000612000000| Untracked |  0
|  51|0x0000000612400000, 0x0000000612400000, 0x0000000612800000|  0%| F|  |TAMS 0x0000000612400000| PB 0x0000000612400000| Untracked |  0
|  52|0x0000000612800000, 0x0000000612800000, 0x0000000612c00000|  0%| F|  |TAMS 0x0000000612800000| PB 0x0000000612800000| Untracked |  0
|  53|0x0000000612c00000, 0x0000000613000000, 0x0000000613000000|100%|HS|  |TAMS 0x0000000612c00000| PB 0x0000000612c00000| Complete |  0
|  54|0x0000000613000000, 0x0000000613400000, 0x0000000613400000|100%|HC|  |TAMS 0x0000000613000000| PB 0x0000000613000000| Complete |  0
|  55|0x0000000613400000, 0x0000000613800000, 0x0000000613800000|100%|HC|  |TAMS 0x0000000613400000| PB 0x0000000613400000| Complete |  0
|  56|0x0000000613800000, 0x0000000613c00000, 0x0000000613c00000|100%|HC|  |TAMS 0x0000000613800000| PB 0x0000000613800000| Complete |  0
|  57|0x0000000613c00000, 0x0000000614000000, 0x0000000614000000|100%|HC|  |TAMS 0x0000000613c00000| PB 0x0000000613c00000| Complete |  0
|  58|0x0000000614000000, 0x0000000614400000, 0x0000000614400000|100%|HC|  |TAMS 0x0000000614000000| PB 0x0000000614000000| Complete |  0
|  59|0x0000000614400000, 0x0000000614800000, 0x0000000614800000|100%|HC|  |TAMS 0x0000000614400000| PB 0x0000000614400000| Complete |  0
|  60|0x0000000614800000, 0x0000000614c00000, 0x0000000614c00000|100%|HC|  |TAMS 0x0000000614800000| PB 0x0000000614800000| Complete |  0
|  61|0x0000000614c00000, 0x0000000615000000, 0x0000000615000000|100%|HC|  |TAMS 0x0000000614c00000| PB 0x0000000614c00000| Complete |  0
|  62|0x0000000615000000, 0x0000000615400000, 0x0000000615400000|100%|HS|  |TAMS 0x0000000615000000| PB 0x0000000615000000| Complete |  0
|  63|0x0000000615400000, 0x0000000615800000, 0x0000000615800000|100%|HC|  |TAMS 0x0000000615400000| PB 0x0000000615400000| Complete |  0
|  64|0x0000000615800000, 0x0000000615c00000, 0x0000000615c00000|100%|HC|  |TAMS 0x0000000615800000| PB 0x0000000615800000| Complete |  0
|  65|0x0000000615c00000, 0x0000000616000000, 0x0000000616000000|100%|HC|  |TAMS 0x0000000615c00000| PB 0x0000000615c00000| Complete |  0
|  66|0x0000000616000000, 0x0000000616400000, 0x0000000616400000|100%|HC|  |TAMS 0x0000000616000000| PB 0x0000000616000000| Complete |  0
|  67|0x0000000616400000, 0x0000000616800000, 0x0000000616800000|100%|HC|  |TAMS 0x0000000616400000| PB 0x0000000616400000| Complete |  0
|  68|0x0000000616800000, 0x0000000616c00000, 0x0000000616c00000|100%|HC|  |TAMS 0x0000000616800000| PB 0x0000000616800000| Complete |  0
|  69|0x0000000616c00000, 0x0000000617000000, 0x0000000617000000|100%|HC|  |TAMS 0x0000000616c00000| PB 0x0000000616c00000| Complete |  0
|  70|0x0000000617000000, 0x0000000617400000, 0x0000000617400000|100%|HC|  |TAMS 0x0000000617000000| PB 0x0000000617000000| Complete |  0
|  71|0x0000000617400000, 0x0000000617800000, 0x0000000617800000|100%|HC|  |TAMS 0x0000000617400000| PB 0x0000000617400000| Complete |  0
|  72|0x0000000617800000, 0x0000000617c00000, 0x0000000617c00000|100%|HS|  |TAMS 0x0000000617800000| PB 0x0000000617800000| Complete |  0
|  73|0x0000000617c00000, 0x0000000618000000, 0x0000000618000000|100%|HC|  |TAMS 0x0000000617c00000| PB 0x0000000617c00000| Complete |  0
|  74|0x0000000618000000, 0x0000000618400000, 0x0000000618400000|100%|HC|  |TAMS 0x0000000618000000| PB 0x0000000618000000| Complete |  0
|  75|0x0000000618400000, 0x0000000618800000, 0x0000000618800000|100%|HC|  |TAMS 0x0000000618400000| PB 0x0000000618400000| Complete |  0
|  76|0x0000000618800000, 0x0000000618c00000, 0x0000000618c00000|100%|HC|  |TAMS 0x0000000618800000| PB 0x0000000618800000| Complete |  0
|  77|0x0000000618c00000, 0x0000000619000000, 0x0000000619000000|100%|HC|  |TAMS 0x0000000618c00000| PB 0x0000000618c00000| Complete |  0
|  78|0x0000000619000000, 0x0000000619400000, 0x0000000619400000|100%|HC|  |TAMS 0x0000000619000000| PB 0x0000000619000000| Complete |  0
|  79|0x0000000619400000, 0x0000000619800000, 0x0000000619800000|100%|HC|  |TAMS 0x0000000619400000| PB 0x0000000619400000| Complete |  0
|  80|0x0000000619800000, 0x0000000619c00000, 0x0000000619c00000|100%|HC|  |TAMS 0x0000000619800000| PB 0x0000000619800000| Complete |  0
|  81|0x0000000619c00000, 0x000000061a000000, 0x000000061a000000|100%|HC|  |TAMS 0x0000000619c00000| PB 0x0000000619c00000| Complete |  0
|  82|0x000000061a000000, 0x000000061a400000, 0x000000061a400000|100%|HS|  |TAMS 0x000000061a000000| PB 0x000000061a000000| Complete |  0
|  83|0x000000061a400000, 0x000000061a800000, 0x000000061a800000|100%|HC|  |TAMS 0x000000061a400000| PB 0x000000061a400000| Complete |  0
|  84|0x000000061a800000, 0x000000061ac00000, 0x000000061ac00000|100%|HC|  |TAMS 0x000000061a800000| PB 0x000000061a800000| Complete |  0
|  85|0x000000061ac00000, 0x000000061b000000, 0x000000061b000000|100%|HC|  |TAMS 0x000000061ac00000| PB 0x000000061ac00000| Complete |  0
|  86|0x000000061b000000, 0x000000061b400000, 0x000000061b400000|100%|HC|  |TAMS 0x000000061b000000| PB 0x000000061b000000| Complete |  0
|  87|0x000000061b400000, 0x000000061b800000, 0x000000061b800000|100%|HC|  |TAMS 0x000000061b400000| PB 0x000000061b400000| Complete |  0
|  88|0x000000061b800000, 0x000000061bc00000, 0x000000061bc00000|100%|HC|  |TAMS 0x000000061b800000| PB 0x000000061b800000| Complete |  0
|  89|0x000000061bc00000, 0x000000061c000000, 0x000000061c000000|100%|HC|  |TAMS 0x000000061bc00000| PB 0x000000061bc00000| Complete |  0
|  90|0x000000061c000000, 0x000000061c400000, 0x000000061c400000|100%|HC|  |TAMS 0x000000061c000000| PB 0x000000061c000000| Complete |  0
|  91|0x000000061c400000, 0x000000061c800000, 0x000000061c800000|100%|HC|  |TAMS 0x000000061c400000| PB 0x000000061c400000| Complete |  0
|  92|0x000000061c800000, 0x000000061c800000, 0x000000061cc00000|  0%| F|  |TAMS 0x000000061c800000| PB 0x000000061c800000| Untracked |  0
|  93|0x000000061cc00000, 0x000000061cc00000, 0x000000061d000000|  0%| F|  |TAMS 0x000000061cc00000| PB 0x000000061cc00000| Untracked |  0
|  94|0x000000061d000000, 0x000000061d000000, 0x000000061d400000|  0%| F|  |TAMS 0x000000061d000000| PB 0x000000061d000000| Untracked |  0
|  95|0x000000061d400000, 0x000000061d400000, 0x000000061d800000|  0%| F|  |TAMS 0x000000061d400000| PB 0x000000061d400000| Untracked |  0
|  96|0x000000061d800000, 0x000000061d800000, 0x000000061dc00000|  0%| F|  |TAMS 0x000000061d800000| PB 0x000000061d800000| Untracked |  0
|  97|0x000000061dc00000, 0x000000061dc00000, 0x000000061e000000|  0%| F|  |TAMS 0x000000061dc00000| PB 0x000000061dc00000| Untracked |  0
|  98|0x000000061e000000, 0x000000061e000000, 0x000000061e400000|  0%| F|  |TAMS 0x000000061e000000| PB 0x000000061e000000| Untracked |  0
|  99|0x000000061e400000, 0x000000061e400000, 0x000000061e800000|  0%| F|  |TAMS 0x000000061e400000| PB 0x000000061e400000| Untracked |  0
| 100|0x000000061e800000, 0x000000061e800000, 0x000000061ec00000|  0%| F|  |TAMS 0x000000061e800000| PB 0x000000061e800000| Untracked |  0
| 101|0x000000061ec00000, 0x000000061ec00000, 0x000000061f000000|  0%| F|  |TAMS 0x000000061ec00000| PB 0x000000061ec00000| Untracked |  0
| 102|0x000000061f000000, 0x000000061f000000, 0x000000061f400000|  0%| F|  |TAMS 0x000000061f000000| PB 0x000000061f000000| Untracked |  0
| 103|0x000000061f400000, 0x000000061f400000, 0x000000061f800000|  0%| F|  |TAMS 0x000000061f400000| PB 0x000000061f400000| Untracked |  0
| 104|0x000000061f800000, 0x000000061f800000, 0x000000061fc00000|  0%| F|  |TAMS 0x000000061f800000| PB 0x000000061f800000| Untracked |  0
| 105|0x000000061fc00000, 0x000000061fc00000, 0x0000000620000000|  0%| F|  |TAMS 0x000000061fc00000| PB 0x000000061fc00000| Untracked |  0
| 106|0x0000000620000000, 0x0000000620000000, 0x0000000620400000|  0%| F|  |TAMS 0x0000000620000000| PB 0x0000000620000000| Untracked |  0
| 107|0x0000000620400000, 0x0000000620400000, 0x0000000620800000|  0%| F|  |TAMS 0x0000000620400000| PB 0x0000000620400000| Untracked |  0
| 108|0x0000000620800000, 0x0000000620800000, 0x0000000620c00000|  0%| F|  |TAMS 0x0000000620800000| PB 0x0000000620800000| Untracked |  0
| 109|0x0000000620c00000, 0x0000000620c00000, 0x0000000621000000|  0%| F|  |TAMS 0x0000000620c00000| PB 0x0000000620c00000| Untracked |  0
| 110|0x0000000621000000, 0x0000000621000000, 0x0000000621400000|  0%| F|  |TAMS 0x0000000621000000| PB 0x0000000621000000| Untracked |  0
| 111|0x0000000621400000, 0x0000000621400000, 0x0000000621800000|  0%| F|  |TAMS 0x0000000621400000| PB 0x0000000621400000| Untracked |  0
| 112|0x0000000621800000, 0x0000000621800000, 0x0000000621c00000|  0%| F|  |TAMS 0x0000000621800000| PB 0x0000000621800000| Untracked |  0
| 113|0x0000000621c00000, 0x0000000621c00000, 0x0000000622000000|  0%| F|  |TAMS 0x0000000621c00000| PB 0x0000000621c00000| Untracked |  0
| 114|0x0000000622000000, 0x0000000622000000, 0x0000000622400000|  0%| F|  |TAMS 0x0000000622000000| PB 0x0000000622000000| Untracked |  0
| 115|0x0000000622400000, 0x0000000622400000, 0x0000000622800000|  0%| F|  |TAMS 0x0000000622400000| PB 0x0000000622400000| Untracked |  0
| 116|0x0000000622800000, 0x0000000622800000, 0x0000000622c00000|  0%| F|  |TAMS 0x0000000622800000| PB 0x0000000622800000| Untracked |  0
| 117|0x0000000622c00000, 0x0000000622c00000, 0x0000000623000000|  0%| F|  |TAMS 0x0000000622c00000| PB 0x0000000622c00000| Untracked |  0
| 118|0x0000000623000000, 0x0000000623000000, 0x0000000623400000|  0%| F|  |TAMS 0x0000000623000000| PB 0x0000000623000000| Untracked |  0
| 119|0x0000000623400000, 0x0000000623400000, 0x0000000623800000|  0%| F|  |TAMS 0x0000000623400000| PB 0x0000000623400000| Untracked |  0
| 120|0x0000000623800000, 0x000000062389c5e0, 0x0000000623c00000| 15%| S|CS|TAMS 0x0000000623800000| PB 0x0000000623800000| Complete |  0
| 121|0x0000000623c00000, 0x0000000624000000, 0x0000000624000000|100%| S|CS|TAMS 0x0000000623c00000| PB 0x0000000623c00000| Complete |  0
| 122|0x0000000624000000, 0x0000000624000000, 0x0000000624400000|  0%| F|  |TAMS 0x0000000624000000| PB 0x0000000624000000| Untracked |  0
| 123|0x0000000624400000, 0x0000000624400000, 0x0000000624800000|  0%| F|  |TAMS 0x0000000624400000| PB 0x0000000624400000| Untracked |  0
| 124|0x0000000624800000, 0x0000000624800000, 0x0000000624c00000|  0%| F|  |TAMS 0x0000000624800000| PB 0x0000000624800000| Untracked |  0
| 125|0x0000000624c00000, 0x0000000625000000, 0x0000000625000000|100%| S|CS|TAMS 0x0000000624c00000| PB 0x0000000624c00000| Complete |  0
| 126|0x0000000625000000, 0x0000000625000000, 0x0000000625400000|  0%| F|  |TAMS 0x0000000625000000| PB 0x0000000625000000| Untracked |  0
| 127|0x0000000625400000, 0x0000000625400000, 0x0000000625800000|  0%| F|  |TAMS 0x0000000625400000| PB 0x0000000625400000| Untracked |  0
| 128|0x0000000625800000, 0x0000000625800000, 0x0000000625c00000|  0%| F|  |TAMS 0x0000000625800000| PB 0x0000000625800000| Untracked |  0
| 129|0x0000000625c00000, 0x0000000625c00000, 0x0000000626000000|  0%| F|  |TAMS 0x0000000625c00000| PB 0x0000000625c00000| Untracked |  0
| 130|0x0000000626000000, 0x0000000626000000, 0x0000000626400000|  0%| F|  |TAMS 0x0000000626000000| PB 0x0000000626000000| Untracked |  0
| 131|0x0000000626400000, 0x0000000626400000, 0x0000000626800000|  0%| F|  |TAMS 0x0000000626400000| PB 0x0000000626400000| Untracked |  0
| 132|0x0000000626800000, 0x0000000626800000, 0x0000000626c00000|  0%| F|  |TAMS 0x0000000626800000| PB 0x0000000626800000| Untracked |  0
| 133|0x0000000626c00000, 0x0000000626c00000, 0x0000000627000000|  0%| F|  |TAMS 0x0000000626c00000| PB 0x0000000626c00000| Untracked |  0
| 134|0x0000000627000000, 0x0000000627000000, 0x0000000627400000|  0%| F|  |TAMS 0x0000000627000000| PB 0x0000000627000000| Untracked |  0
| 135|0x0000000627400000, 0x0000000627400000, 0x0000000627800000|  0%| F|  |TAMS 0x0000000627400000| PB 0x0000000627400000| Untracked |  0
| 136|0x0000000627800000, 0x0000000627800000, 0x0000000627c00000|  0%| F|  |TAMS 0x0000000627800000| PB 0x0000000627800000| Untracked |  0
| 137|0x0000000627c00000, 0x0000000627c00000, 0x0000000628000000|  0%| F|  |TAMS 0x0000000627c00000| PB 0x0000000627c00000| Untracked |  0
| 138|0x0000000628000000, 0x0000000628000000, 0x0000000628400000|  0%| F|  |TAMS 0x0000000628000000| PB 0x0000000628000000| Untracked |  0
| 139|0x0000000628400000, 0x0000000628400000, 0x0000000628800000|  0%| F|  |TAMS 0x0000000628400000| PB 0x0000000628400000| Untracked |  0
| 140|0x0000000628800000, 0x0000000628800000, 0x0000000628c00000|  0%| F|  |TAMS 0x0000000628800000| PB 0x0000000628800000| Untracked |  0
| 141|0x0000000628c00000, 0x0000000628c00000, 0x0000000629000000|  0%| F|  |TAMS 0x0000000628c00000| PB 0x0000000628c00000| Untracked |  0
| 142|0x0000000629000000, 0x0000000629000000, 0x0000000629400000|  0%| F|  |TAMS 0x0000000629000000| PB 0x0000000629000000| Untracked |  0
| 143|0x0000000629400000, 0x0000000629400000, 0x0000000629800000|  0%| F|  |TAMS 0x0000000629400000| PB 0x0000000629400000| Untracked |  0
| 144|0x0000000629800000, 0x0000000629800000, 0x0000000629c00000|  0%| F|  |TAMS 0x0000000629800000| PB 0x0000000629800000| Untracked |  0
| 145|0x0000000629c00000, 0x0000000629c00000, 0x000000062a000000|  0%| F|  |TAMS 0x0000000629c00000| PB 0x0000000629c00000| Untracked |  0
| 146|0x000000062a000000, 0x000000062a000000, 0x000000062a400000|  0%| F|  |TAMS 0x000000062a000000| PB 0x000000062a000000| Untracked |  0
| 147|0x000000062a400000, 0x000000062a400000, 0x000000062a800000|  0%| F|  |TAMS 0x000000062a400000| PB 0x000000062a400000| Untracked |  0
| 148|0x000000062a800000, 0x000000062a800000, 0x000000062ac00000|  0%| F|  |TAMS 0x000000062a800000| PB 0x000000062a800000| Untracked |  0
| 149|0x000000062ac00000, 0x000000062ae51f10, 0x000000062b000000| 58%| E|  |TAMS 0x000000062ac00000| PB 0x000000062ac00000| Complete |  0
| 150|0x000000062b000000, 0x000000062b400000, 0x000000062b400000|100%| E|CS|TAMS 0x000000062b000000| PB 0x000000062b000000| Complete |  0
| 151|0x000000062b400000, 0x000000062b800000, 0x000000062b800000|100%| E|CS|TAMS 0x000000062b400000| PB 0x000000062b400000| Complete |  0
| 152|0x000000062b800000, 0x000000062bc00000, 0x000000062bc00000|100%| E|CS|TAMS 0x000000062b800000| PB 0x000000062b800000| Complete |  0

Card table byte_map: [0x000001ae385d0000,0x000001ae395b0000] _byte_map_base: 0x000001ae355a4000

Marking Bits: (CMBitMap*) 0x000001ae1f37f050
 Bits: [0x000001ae395b0000, 0x000001ae41450000)

Polling page: 0x000001ae1d060000

Metaspace:

Usage:
  Non-class:     25.95 MB used.
      Class:      4.13 MB used.
       Both:     30.08 MB used.

Virtual space:
  Non-class space:       64.00 MB reserved,      26.19 MB ( 41%) committed,  1 nodes.
      Class space:        1.00 GB reserved,       4.31 MB ( <1%) committed,  1 nodes.
             Both:        1.06 GB reserved,      30.50 MB (  3%) committed. 

Chunk freelists:
   Non-Class:  5.68 MB
       Class:  11.69 MB
        Both:  17.37 MB

MaxMetaspaceSize: unlimited
CompressedClassSpaceSize: 1.00 GB
Initial GC threshold: 21.00 MB
Current GC threshold: 50.25 MB
CDS: on
 - commit_granule_bytes: 65536.
 - commit_granule_words: 8192.
 - virtual_space_node_default_size: 8388608.
 - enlarge_chunks_in_place: 1.
 - use_allocation_guard: 0.


Internal statistics:

num_allocs_failed_limit: 3.
num_arena_births: 536.
num_arena_deaths: 0.
num_vsnodes_births: 2.
num_vsnodes_deaths: 0.
num_space_committed: 488.
num_space_uncommitted: 0.
num_chunks_returned_to_freelist: 3.
num_chunks_taken_from_freelist: 1286.
num_chunk_merges: 0.
num_chunk_splits: 846.
num_chunks_enlarged: 556.
num_inconsistent_stats: 0.

CodeHeap 'non-profiled nmethods': size=119232Kb used=1771Kb max_used=1771Kb free=117460Kb
 bounds [0x000001ae2f5d0000, 0x000001ae2f840000, 0x000001ae36a40000]
CodeHeap 'profiled nmethods': size=119104Kb used=8436Kb max_used=8436Kb free=110667Kb
 bounds [0x000001ae27a40000, 0x000001ae28280000, 0x000001ae2ee90000]
CodeHeap 'non-nmethods': size=7424Kb used=1924Kb max_used=3652Kb free=5499Kb
 bounds [0x000001ae2ee90000, 0x000001ae2f230000, 0x000001ae2f5d0000]
CodeCache: size=245760Kb, used=12131Kb, max_used=13859Kb, free=233626Kb
 total_blobs=6302, nmethods=5366, adapters=841, full_count=0
Compilation: enabled, stopped_count=0, restarted_count=0

Compilation events (20 events):
Event: 98.559 Thread 0x000001ae41733760 6070       4       java.io.ObjectOutputStream$BlockDataOutputStream::writeUTF (46 bytes)
Event: 98.572 Thread 0x000001ae41733760 nmethod 6070 0x000001ae2f788c88 code [0x000001ae2f788de0, 0x000001ae2f7895e0]
Event: 100.628 Thread 0x000001ae41755360 6071       3       java.io.ObjectStreamClass::getClassDataLayout0 (297 bytes)
Event: 100.631 Thread 0x000001ae41755360 nmethod 6071 0x000001ae28270e08 code [0x000001ae28271280, 0x000001ae28273e48]
Event: 103.876 Thread 0x000001ae41755360 6072   !   3       java.io.ObjectInputStream::readOrdinaryObject (373 bytes)
Event: 103.878 Thread 0x000001ae41755360 nmethod 6072 0x000001ae28273f08 code [0x000001ae28274360, 0x000001ae28276180]
Event: 108.109 Thread 0x000001ae41733760 6073       4       java.io.ObjectInputStream$BlockDataInputStream::setBlockDataMode (74 bytes)
Event: 108.109 Thread 0x000001ae41733760 nmethod 6073 0x000001ae2f789708 code [0x000001ae2f789800, 0x000001ae2f7898d0]
Event: 109.154 Thread 0x000001ae41733760 6074       4       java.io.ObjectStreamClass::forClass (52 bytes)
Event: 109.154 Thread 0x000001ae41733760 nmethod 6074 0x000001ae2f789a08 code [0x000001ae2f789b00, 0x000001ae2f789bc0]
Event: 110.156 Thread 0x000001ae41733760 6075       4       java.lang.reflect.Method::invoke (108 bytes)
Event: 110.165 Thread 0x000001ae41733760 nmethod 6075 0x000001ae2f789d08 code [0x000001ae2f789f60, 0x000001ae2f78a968]
Event: 113.404 Thread 0x000001ae41733760 6076       4       java.io.BufferedOutputStream::growIfNeeded (59 bytes)
Event: 113.405 Thread 0x000001ae41733760 nmethod 6076 0x000001ae2f78aa88 code [0x000001ae2f78ab80, 0x000001ae2f78ac60]
Event: 119.718 Thread 0x000001ae41755360 6077   !   3       sun.rmi.server.UnicastServerRef::dispatch (492 bytes)
Event: 119.720 Thread 0x000001ae41755360 nmethod 6077 0x000001ae28276208 code [0x000001ae282768e0, 0x000001ae2827a400]
Event: 124.003 Thread 0x000001ae41755360 6078       3       java.io.ObjectStreamClass::initNonProxy (628 bytes)
Event: 124.005 Thread 0x000001ae41755360 nmethod 6078 0x000001ae2827a588 code [0x000001ae2827a9c0, 0x000001ae2827cdd8]
Event: 125.762 Thread 0x000001ae41755360 6079       3       java.util.Collections$3::nextElement (10 bytes)
Event: 125.763 Thread 0x000001ae41755360 nmethod 6079 0x000001ae2827ce88 code [0x000001ae2827cfa0, 0x000001ae2827d180]

GC Heap History (20 events):
Event: 2.160 GC heap before
{Heap before GC invocations=4 (full 0):
 garbage-first heap   total reserved 8298496K, committed 163840K, used 56226K [0x0000000605800000, 0x0000000800000000)
  region size 4096K, 5 young (20480K), 2 survivors (8192K)
 Metaspace       used 22146K, committed 22592K, reserved 1114112K
  class space    used 2812K, committed 3008K, reserved 1048576K
}
Event: 2.164 GC heap after
{Heap after GC invocations=5 (full 0):
 garbage-first heap   total reserved 8298496K, committed 163840K, used 48526K [0x0000000605800000, 0x0000000800000000)
  region size 4096K, 2 young (8192K), 2 survivors (8192K)
 Metaspace       used 22146K, committed 22592K, reserved 1114112K
  class space    used 2812K, committed 3008K, reserved 1048576K
}
Event: 2.428 GC heap before
{Heap before GC invocations=5 (full 0):
 garbage-first heap   total reserved 8298496K, committed 163840K, used 93582K [0x0000000605800000, 0x0000000800000000)
  region size 4096K, 4 young (16384K), 2 survivors (8192K)
 Metaspace       used 22878K, committed 23232K, reserved 1114112K
  class space    used 2928K, committed 3072K, reserved 1048576K
}
Event: 2.431 GC heap after
{Heap after GC invocations=6 (full 0):
 garbage-first heap   total reserved 8298496K, committed 163840K, used 89303K [0x0000000605800000, 0x0000000800000000)
  region size 4096K, 2 young (8192K), 2 survivors (8192K)
 Metaspace       used 22878K, committed 23232K, reserved 1114112K
  class space    used 2928K, committed 3072K, reserved 1048576K
}
Event: 2.602 GC heap before
{Heap before GC invocations=7 (full 0):
 garbage-first heap   total reserved 8298496K, committed 241664K, used 138455K [0x0000000605800000, 0x0000000800000000)
  region size 4096K, 3 young (12288K), 2 survivors (8192K)
 Metaspace       used 22879K, committed 23232K, reserved 1114112K
  class space    used 2928K, committed 3072K, reserved 1048576K
}
Event: 2.606 GC heap after
{Heap after GC invocations=8 (full 0):
 garbage-first heap   total reserved 8298496K, committed 241664K, used 139027K [0x0000000605800000, 0x0000000800000000)
  region size 4096K, 1 young (4096K), 1 survivors (4096K)
 Metaspace       used 22879K, committed 23232K, reserved 1114112K
  class space    used 2928K, committed 3072K, reserved 1048576K
}
Event: 3.232 GC heap before
{Heap before GC invocations=9 (full 0):
 garbage-first heap   total reserved 8298496K, committed 307200K, used 188179K [0x0000000605800000, 0x0000000800000000)
  region size 4096K, 5 young (20480K), 1 survivors (4096K)
 Metaspace       used 25763K, committed 26176K, reserved 1114112K
  class space    used 3537K, committed 3712K, reserved 1048576K
}
Event: 3.236 GC heap after
{Heap after GC invocations=10 (full 0):
 garbage-first heap   total reserved 8298496K, committed 307200K, used 180308K [0x0000000605800000, 0x0000000800000000)
  region size 4096K, 1 young (4096K), 1 survivors (4096K)
 Metaspace       used 25763K, committed 26176K, reserved 1114112K
  class space    used 3537K, committed 3712K, reserved 1048576K
}
Event: 3.742 GC heap before
{Heap before GC invocations=11 (full 0):
 garbage-first heap   total reserved 8298496K, committed 376832K, used 225364K [0x0000000605800000, 0x0000000800000000)
  region size 4096K, 3 young (12288K), 1 survivors (4096K)
 Metaspace       used 26550K, committed 26944K, reserved 1114112K
  class space    used 3617K, committed 3776K, reserved 1048576K
}
Event: 3.744 GC heap after
{Heap after GC invocations=12 (full 0):
 garbage-first heap   total reserved 8298496K, committed 376832K, used 181843K [0x0000000605800000, 0x0000000800000000)
  region size 4096K, 1 young (4096K), 1 survivors (4096K)
 Metaspace       used 26550K, committed 26944K, reserved 1114112K
  class space    used 3617K, committed 3776K, reserved 1048576K
}
Event: 4.441 GC heap before
{Heap before GC invocations=13 (full 0):
 garbage-first heap   total reserved 8298496K, committed 376832K, used 222803K [0x0000000605800000, 0x0000000800000000)
  region size 4096K, 4 young (16384K), 1 survivors (4096K)
 Metaspace       used 27153K, committed 27584K, reserved 1114112K
  class space    used 3666K, committed 3840K, reserved 1048576K
}
Event: 4.444 GC heap after
{Heap after GC invocations=14 (full 0):
 garbage-first heap   total reserved 8298496K, committed 376832K, used 223838K [0x0000000605800000, 0x0000000800000000)
  region size 4096K, 3 young (12288K), 3 survivors (12288K)
 Metaspace       used 27153K, committed 27584K, reserved 1114112K
  class space    used 3666K, committed 3840K, reserved 1048576K
}
Event: 5.307 GC heap before
{Heap before GC invocations=15 (full 0):
 garbage-first heap   total reserved 8298496K, committed 446464K, used 277086K [0x0000000605800000, 0x0000000800000000)
  region size 4096K, 9 young (36864K), 3 survivors (12288K)
 Metaspace       used 29492K, committed 29952K, reserved 1114112K
  class space    used 4079K, committed 4288K, reserved 1048576K
}
Event: 5.311 GC heap after
{Heap after GC invocations=16 (full 0):
 garbage-first heap   total reserved 8298496K, committed 446464K, used 223832K [0x0000000605800000, 0x0000000800000000)
  region size 4096K, 3 young (12288K), 3 survivors (12288K)
 Metaspace       used 29492K, committed 29952K, reserved 1114112K
  class space    used 4079K, committed 4288K, reserved 1048576K
}
Event: 5.590 GC heap before
{Heap before GC invocations=17 (full 0):
 garbage-first heap   total reserved 8298496K, committed 450560K, used 268888K [0x0000000605800000, 0x0000000800000000)
  region size 4096K, 5 young (20480K), 3 survivors (12288K)
 Metaspace       used 30208K, committed 30656K, reserved 1114112K
  class space    used 4212K, committed 4416K, reserved 1048576K
}
Event: 5.593 GC heap after
{Heap after GC invocations=18 (full 0):
 garbage-first heap   total reserved 8298496K, committed 450560K, used 266922K [0x0000000605800000, 0x0000000800000000)
  region size 4096K, 3 young (12288K), 3 survivors (12288K)
 Metaspace       used 30208K, committed 30656K, reserved 1114112K
  class space    used 4212K, committed 4416K, reserved 1048576K
}
Event: 6.196 GC heap before
{Heap before GC invocations=19 (full 0):
 garbage-first heap   total reserved 8298496K, committed 520192K, used 311978K [0x0000000605800000, 0x0000000800000000)
  region size 4096K, 5 young (20480K), 3 survivors (12288K)
 Metaspace       used 30365K, committed 30848K, reserved 1114112K
  class space    used 4214K, committed 4416K, reserved 1048576K
}
Event: 6.203 GC heap after
{Heap after GC invocations=20 (full 0):
 garbage-first heap   total reserved 8298496K, committed 520192K, used 268626K [0x0000000605800000, 0x0000000800000000)
  region size 4096K, 3 young (12288K), 3 survivors (12288K)
 Metaspace       used 30365K, committed 30848K, reserved 1114112K
  class space    used 4214K, committed 4416K, reserved 1048576K
}
Event: 6.379 GC heap before
{Heap before GC invocations=21 (full 0):
 garbage-first heap   total reserved 8298496K, committed 520192K, used 309586K [0x0000000605800000, 0x0000000800000000)
  region size 4096K, 4 young (16384K), 3 survivors (12288K)
 Metaspace       used 30367K, committed 30848K, reserved 1114112K
  class space    used 4214K, committed 4416K, reserved 1048576K
}
Event: 6.386 GC heap after
{Heap after GC invocations=22 (full 0):
 garbage-first heap   total reserved 8298496K, committed 626688K, used 306853K [0x0000000605800000, 0x0000000800000000)
  region size 4096K, 3 young (12288K), 3 survivors (12288K)
 Metaspace       used 30367K, committed 30848K, reserved 1114112K
  class space    used 4214K, committed 4416K, reserved 1048576K
}

Dll operation events (20 events):
Event: 0.488 Loaded shared library C:\Users\andre\.openjfx\cache\17.0.6\api-ms-win-crt-locale-l1-1-0.dll
Event: 0.495 Loaded shared library C:\Users\andre\.openjfx\cache\17.0.6\api-ms-win-crt-math-l1-1-0.dll
Event: 0.498 Loaded shared library C:\Users\andre\.openjfx\cache\17.0.6\api-ms-win-crt-multibyte-l1-1-0.dll
Event: 0.503 Loaded shared library C:\Users\andre\.openjfx\cache\17.0.6\api-ms-win-crt-private-l1-1-0.dll
Event: 0.506 Loaded shared library C:\Users\andre\.openjfx\cache\17.0.6\api-ms-win-crt-process-l1-1-0.dll
Event: 0.508 Loaded shared library C:\Users\andre\.openjfx\cache\17.0.6\api-ms-win-crt-runtime-l1-1-0.dll
Event: 0.511 Loaded shared library C:\Users\andre\.openjfx\cache\17.0.6\api-ms-win-crt-stdio-l1-1-0.dll
Event: 0.513 Loaded shared library C:\Users\andre\.openjfx\cache\17.0.6\api-ms-win-crt-string-l1-1-0.dll
Event: 0.517 Loaded shared library C:\Users\andre\.openjfx\cache\17.0.6\api-ms-win-crt-time-l1-1-0.dll
Event: 0.520 Loaded shared library C:\Users\andre\.openjfx\cache\17.0.6\api-ms-win-crt-utility-l1-1-0.dll
Event: 0.535 Loaded shared library C:\Users\andre\.openjfx\cache\17.0.6\ucrtbase.dll
Event: 0.538 Loaded shared library C:\Users\andre\.openjfx\cache\17.0.6\vcruntime140.dll
Event: 0.541 Loaded shared library C:\Users\andre\.openjfx\cache\17.0.6\vcruntime140_1.dll
Event: 0.548 Loaded shared library C:\Users\andre\.openjfx\cache\17.0.6\msvcp140.dll
Event: 0.553 Loaded shared library C:\Users\andre\.openjfx\cache\17.0.6\msvcp140_1.dll
Event: 0.557 Loaded shared library C:\Users\andre\.openjfx\cache\17.0.6\msvcp140_2.dll
Event: 0.611 Loaded shared library C:\Users\andre\.openjfx\cache\17.0.6\prism_d3d.dll
Event: 0.686 Loaded shared library C:\Users\andre\.openjfx\cache\17.0.6\glass.dll
Event: 1.204 Loaded shared library C:\Users\andre\.openjfx\cache\17.0.6\javafx_font.dll
Event: 1.523 Loaded shared library C:\Program Files\Java\jdk-23\bin\sunmscapi.dll

Deoptimization events (20 events):
Event: 7.486 Thread 0x000001ae8aa45780 Uncommon trap: trap_request=0xffffffd6 fr.pc=0x000001ae2f770b84 relative=0x0000000000000624
Event: 7.486 Thread 0x000001ae8aa45780 Uncommon trap: reason=array_check action=maybe_recompile pc=0x000001ae2f770b84 method=com.sun.javafx.event.EventDispatchChainImpl.prepend(Ljavafx/event/EventDispatcher;)Ljavafx/event/EventDispatchChain; @ 33 c2
Event: 7.486 Thread 0x000001ae8aa45780 DEOPT PACKING pc=0x000001ae2f770b84 sp=0x0000003281df8a40
Event: 7.486 Thread 0x000001ae8aa45780 DEOPT UNPACKING pc=0x000001ae2eee4402 sp=0x0000003281df8a00 mode 2
Event: 7.486 Thread 0x000001ae8aa45780 Uncommon trap: trap_request=0xffffffd6 fr.pc=0x000001ae2f770b84 relative=0x0000000000000624
Event: 7.486 Thread 0x000001ae8aa45780 Uncommon trap: reason=array_check action=maybe_recompile pc=0x000001ae2f770b84 method=com.sun.javafx.event.EventDispatchChainImpl.prepend(Ljavafx/event/EventDispatcher;)Ljavafx/event/EventDispatchChain; @ 33 c2
Event: 7.486 Thread 0x000001ae8aa45780 DEOPT PACKING pc=0x000001ae2f770b84 sp=0x0000003281df8a40
Event: 7.486 Thread 0x000001ae8aa45780 DEOPT UNPACKING pc=0x000001ae2eee4402 sp=0x0000003281df8a00 mode 2
Event: 7.486 Thread 0x000001ae8aa45780 Uncommon trap: trap_request=0xffffffd6 fr.pc=0x000001ae2f770b84 relative=0x0000000000000624
Event: 7.486 Thread 0x000001ae8aa45780 Uncommon trap: reason=array_check action=maybe_recompile pc=0x000001ae2f770b84 method=com.sun.javafx.event.EventDispatchChainImpl.prepend(Ljavafx/event/EventDispatcher;)Ljavafx/event/EventDispatchChain; @ 33 c2
Event: 7.486 Thread 0x000001ae8aa45780 DEOPT PACKING pc=0x000001ae2f770b84 sp=0x0000003281df89c0
Event: 7.486 Thread 0x000001ae8aa45780 DEOPT UNPACKING pc=0x000001ae2eee4402 sp=0x0000003281df8980 mode 2
Event: 7.486 Thread 0x000001ae8aa45780 Uncommon trap: trap_request=0xffffffd6 fr.pc=0x000001ae2f770b84 relative=0x0000000000000624
Event: 7.486 Thread 0x000001ae8aa45780 Uncommon trap: reason=array_check action=maybe_recompile pc=0x000001ae2f770b84 method=com.sun.javafx.event.EventDispatchChainImpl.prepend(Ljavafx/event/EventDispatcher;)Ljavafx/event/EventDispatchChain; @ 33 c2
Event: 7.486 Thread 0x000001ae8aa45780 DEOPT PACKING pc=0x000001ae2f770b84 sp=0x0000003281df89c0
Event: 7.486 Thread 0x000001ae8aa45780 DEOPT UNPACKING pc=0x000001ae2eee4402 sp=0x0000003281df8980 mode 2
Event: 7.536 Thread 0x000001ae8aa45780 Uncommon trap: trap_request=0xffffff45 fr.pc=0x000001ae2f7698ec relative=0x0000000000000f2c
Event: 7.536 Thread 0x000001ae8aa45780 Uncommon trap: reason=unstable_if action=reinterpret pc=0x000001ae2f7698ec method=javafx.scene.Node.intersectsBounds(Lcom/sun/javafx/geom/PickRay;)D @ 902 c2
Event: 7.536 Thread 0x000001ae8aa45780 DEOPT PACKING pc=0x000001ae2f7698ec sp=0x0000003281df8710
Event: 7.536 Thread 0x000001ae8aa45780 DEOPT UNPACKING pc=0x000001ae2eee4402 sp=0x0000003281df85e8 mode 2

Classes loaded (20 events):
Event: 5.528 Loading class java/util/stream/IntPipeline$1
Event: 5.528 Loading class java/util/stream/IntPipeline$1 done
Event: 5.528 Loading class java/util/stream/IntPipeline$1$1
Event: 5.528 Loading class java/util/stream/Sink$ChainedInt
Event: 5.528 Loading class java/util/stream/Sink$OfInt
Event: 5.528 Loading class java/util/stream/Sink$OfInt done
Event: 5.528 Loading class java/util/stream/Sink$ChainedInt done
Event: 5.528 Loading class java/util/stream/IntPipeline$1$1 done
Event: 11.859 Loading class sun/security/ssl/Alert
Event: 11.859 Loading class sun/security/ssl/Alert done
Event: 11.860 Loading class sun/security/ssl/Alert$AlertConsumer
Event: 11.860 Loading class sun/security/ssl/Alert$AlertConsumer done
Event: 11.860 Loading class sun/security/ssl/Alert$Level
Event: 11.860 Loading class sun/security/ssl/Alert$Level done
Event: 11.862 Loading class java/net/SocketTimeoutException
Event: 11.862 Loading class java/io/InterruptedIOException
Event: 11.862 Loading class java/io/InterruptedIOException done
Event: 11.862 Loading class java/net/SocketTimeoutException done
Event: 125.761 Loading class jdk/internal/misc/Signal$1
Event: 125.761 Loading class jdk/internal/misc/Signal$1 done

Classes unloaded (0 events):
No events

Classes redefined (0 events):
No events

Internal exceptions (20 events):
Event: 1.259 Thread 0x000001ae8aa45780 Exception <a 'java/lang/NoSuchMethodError'{0x00000006241c6d28}: 'java.lang.Object java.lang.invoke.DirectMethodHandle$Holder.invokeStatic(java.lang.Object, java.lang.Object, int)'> (0x00000006241c6d28) 
thrown [s\open\src\hotspot\share\interpreter\linkResolver.cpp, line 796]
Event: 1.260 Thread 0x000001ae8aa45780 Exception <a 'java/lang/NoSuchMethodError'{0x00000006241cb2b8}: 'void java.lang.invoke.DirectMethodHandle$Holder.invokeStatic(java.lang.Object, java.lang.Object, int, java.lang.Object)'> (0x00000006241cb2b8) 
thrown [s\open\src\hotspot\share\interpreter\linkResolver.cpp, line 796]
Event: 1.260 Thread 0x000001ae8aa45780 Exception <a 'java/lang/NoSuchMethodError'{0x00000006241d1e18}: 'void java.lang.invoke.DelegatingMethodHandle$Holder.delegate(java.lang.Object, java.lang.Object, int, java.lang.Object)'> (0x00000006241d1e18) 
thrown [s\open\src\hotspot\share\interpreter\linkResolver.cpp, line 796]
Event: 1.356 Thread 0x000001ae8aa45780 Exception <a 'java/io/FileNotFoundException'{0x0000000623994b30}> (0x0000000623994b30) 
thrown [s\open\src\hotspot\share\prims\jni.cpp, line 520]
Event: 1.368 Thread 0x000001ae8aa45780 Exception <a 'sun/nio/fs/WindowsException'{0x0000000623a77d50}> (0x0000000623a77d50) 
thrown [s\open\src\hotspot\share\prims\jni.cpp, line 520]
Event: 1.392 Thread 0x000001ae8aa45780 Exception <a 'sun/nio/fs/WindowsException'{0x0000000623b626d8}> (0x0000000623b626d8) 
thrown [s\open\src\hotspot\share\prims\jni.cpp, line 520]
Event: 1.707 Thread 0x000001ae8aa45780 Exception <a 'java/lang/NoSuchMethodError'{0x0000000623358d20}: 'void java.lang.invoke.DirectMethodHandle$Holder.invokeStaticInit(java.lang.Object, java.lang.Object, java.lang.Object)'> (0x0000000623358d20) 
thrown [s\open\src\hotspot\share\interpreter\linkResolver.cpp, line 796]
Event: 2.746 Thread 0x000001ae8aa45780 Exception <a 'sun/nio/fs/WindowsException'{0x00000006250a34e0}> (0x00000006250a34e0) 
thrown [s\open\src\hotspot\share\prims\jni.cpp, line 520]
Event: 2.758 Thread 0x000001ae8aa45780 Exception <a 'java/lang/IncompatibleClassChangeError'{0x000000062520dc20}: Found class java.lang.Object, but interface was expected> (0x000000062520dc20) 
thrown [s\open\src\hotspot\share\interpreter\linkResolver.cpp, line 863]
Event: 2.782 Thread 0x000001ae8aa45780 Exception <a 'java/lang/ClassNotFoundException'{0x0000000622915538}: com/sun/javafx/scene/control/skin/resources/controls> (0x0000000622915538) 
thrown [s\open\src\hotspot\share\prims\jni.cpp, line 539]
Event: 2.783 Thread 0x000001ae8aa45780 Exception <a 'java/lang/ClassNotFoundException'{0x00000006229232a8}: com/sun/javafx/scene/control/skin/resources/controls_pt> (0x00000006229232a8) 
thrown [s\open\src\hotspot\share\prims\jni.cpp, line 539]
Event: 2.783 Thread 0x000001ae8aa45780 Exception <a 'java/lang/ClassNotFoundException'{0x0000000622924250}: com/sun/javafx/scene/control/skin/resources/controls_pt_PT> (0x0000000622924250) 
thrown [s\open\src\hotspot\share\prims\jni.cpp, line 539]
Event: 2.799 Thread 0x000001ae8aa45780 Exception <a 'java/lang/NoSuchMethodError'{0x0000000622afca08}: 'void java.lang.invoke.DirectMethodHandle$Holder.invokeSpecial(java.lang.Object, java.lang.Object, java.lang.Object, java.lang.Object, java.lang.Object, java.lang.Object)'> (0x0000000622afca08) 
thrown [s\open\src\hotspot\share\interpreter\linkResolver.cpp, line 796]
Event: 2.833 Thread 0x000001ae8aa45780 Exception <a 'java/lang/NoSuchMethodError'{0x00000006177d7940}: 'int java.lang.invoke.DirectMethodHandle$Holder.invokeSpecial(java.lang.Object, java.lang.Object, int)'> (0x00000006177d7940) 
thrown [s\open\src\hotspot\share\interpreter\linkResolver.cpp, line 796]
Event: 2.843 Thread 0x000001ae8aa45780 Exception <a 'java/lang/NoSuchMethodError'{0x0000000617026f68}: 'java.lang.Object java.lang.invoke.DirectMethodHandle$Holder.newInvokeSpecial(java.lang.Object, java.lang.Object, int)'> (0x0000000617026f68) 
thrown [s\open\src\hotspot\share\interpreter\linkResolver.cpp, line 796]
Event: 3.063 Thread 0x000001ae8aa48560 Exception <a 'java/lang/NoSuchMethodError'{0x00000006172756e8}: 'java.lang.Object java.lang.invoke.DirectMethodHandle$Holder.invokeStaticInit(java.lang.Object, int)'> (0x00000006172756e8) 
thrown [s\open\src\hotspot\share\interpreter\linkResolver.cpp, line 796]
Event: 3.341 Thread 0x000001ae8aa45780 Exception <a 'java/lang/NoSuchMethodError'{0x00000006251d6580}: 'long java.lang.invoke.DirectMethodHandle$Holder.invokeStatic(java.lang.Object, java.lang.Object, java.lang.Object)'> (0x00000006251d6580) 
thrown [s\open\src\hotspot\share\interpreter\linkResolver.cpp, line 796]
Event: 3.341 Thread 0x000001ae8aa45780 Exception <a 'java/lang/NoSuchMethodError'{0x00000006251d9968}: 'long java.lang.invoke.DirectMethodHandle$Holder.invokeStaticInit(java.lang.Object, java.lang.Object, java.lang.Object)'> (0x00000006251d9968) 
thrown [s\open\src\hotspot\share\interpreter\linkResolver.cpp, line 796]
Event: 3.342 Thread 0x000001ae8aa45780 Exception <a 'java/lang/NoSuchMethodError'{0x00000006251ee148}: 'java.lang.Object java.lang.invoke.DirectMethodHandle$Holder.newInvokeSpecial(java.lang.Object, java.lang.Object, long)'> (0x00000006251ee148) 
thrown [s\open\src\hotspot\share\interpreter\linkResolver.cpp, line 796]
Event: 5.535 Thread 0x000001ae8aa45780 Exception <a 'java/lang/NoSuchMethodError'{0x0000000622d3b020}: 'void java.lang.invoke.DirectMethodHandle$Holder.invokeSpecialIFC(java.lang.Object, java.lang.Object, java.lang.Object, java.lang.Object)'> (0x0000000622d3b020) 
thrown [s\open\src\hotspot\share\interpreter\linkResolver.cpp, line 796]

VM Operations (20 events):
Event: 5.613 Executing VM operation: G1PauseRemark done
Event: 5.618 Executing VM operation: G1PauseCleanup
Event: 5.618 Executing VM operation: G1PauseCleanup done
Event: 6.196 Executing VM operation: G1TryInitiateConcMark (G1 Humongous Allocation)
Event: 6.203 Executing VM operation: G1TryInitiateConcMark (G1 Humongous Allocation) done
Event: 6.212 Executing VM operation: G1PauseRemark
Event: 6.215 Executing VM operation: G1PauseRemark done
Event: 6.217 Executing VM operation: G1PauseCleanup
Event: 6.217 Executing VM operation: G1PauseCleanup done
Event: 6.379 Executing VM operation: G1TryInitiateConcMark (G1 Humongous Allocation)
Event: 6.386 Executing VM operation: G1TryInitiateConcMark (G1 Humongous Allocation) done
Event: 6.397 Executing VM operation: G1PauseRemark
Event: 6.404 Executing VM operation: G1PauseRemark done
Event: 6.408 Executing VM operation: G1PauseCleanup
Event: 6.408 Executing VM operation: G1PauseCleanup done
Event: 60.225 Executing VM operation: HandshakeAllThreads (HandshakeForDeflation)
Event: 60.225 Executing VM operation: HandshakeAllThreads (HandshakeForDeflation) done
Event: 60.225 Executing VM operation: RendezvousGCThreads
Event: 60.225 Executing VM operation: RendezvousGCThreads done
Event: 125.766 Executing VM operation: Exit

Memory protections (0 events):
No events

Nmethod flushes (20 events):
Event: 6.403 Thread 0x000001ae41704f40 flushing  nmethod 0x000001ae27f01a08
Event: 6.403 Thread 0x000001ae41704f40 flushing  nmethod 0x000001ae27e8b688
Event: 6.403 Thread 0x000001ae41704f40 flushing  nmethod 0x000001ae27eee408
Event: 6.403 Thread 0x000001ae41704f40 flushing  nmethod 0x000001ae27b70d08
Event: 6.403 Thread 0x000001ae41704f40 flushing  nmethod 0x000001ae27cb3d88
Event: 6.403 Thread 0x000001ae41704f40 flushing  nmethod 0x000001ae27cfa008
Event: 6.403 Thread 0x000001ae41704f40 flushing  nmethod 0x000001ae27a94708
Event: 6.403 Thread 0x000001ae41704f40 flushing  nmethod 0x000001ae27a94a08
Event: 6.403 Thread 0x000001ae41704f40 flushing  nmethod 0x000001ae27afc688
Event: 6.403 Thread 0x000001ae41704f40 flushing  nmethod 0x000001ae27af9788
Event: 6.403 Thread 0x000001ae41704f40 flushing  nmethod 0x000001ae27a7ab08
Event: 6.403 Thread 0x000001ae41704f40 flushing  nmethod 0x000001ae27ace788
Event: 6.403 Thread 0x000001ae41704f40 flushing  nmethod 0x000001ae27acf108
Event: 6.403 Thread 0x000001ae41704f40 flushing  nmethod 0x000001ae27b5c608
Event: 6.403 Thread 0x000001ae41704f40 flushing  nmethod 0x000001ae2f687c08
Event: 6.403 Thread 0x000001ae41704f40 flushing  nmethod 0x000001ae27af2c08
Event: 6.403 Thread 0x000001ae41704f40 flushing  nmethod 0x000001ae27bd5e88
Event: 6.403 Thread 0x000001ae41704f40 flushing  nmethod 0x000001ae27ec3c08
Event: 6.403 Thread 0x000001ae41704f40 flushing  nmethod 0x000001ae28040908
Event: 6.403 Thread 0x000001ae41704f40 flushing  nmethod 0x000001ae27b1d488

Events (20 events):
Event: 5.056 Thread 0x000001ae8c3d79f0 Thread exited: 0x000001ae8c3d79f0
Event: 5.069 Thread 0x000001ae8c3db070 Thread exited: 0x000001ae8c3db070
Event: 5.069 Thread 0x000001ae8c3d7320 Thread exited: 0x000001ae8c3d7320
Event: 5.435 Thread 0x000001ae8c3da2d0 Thread exited: 0x000001ae8c3da2d0
Event: 5.453 Thread 0x000001ae41755360 Thread added: 0x000001ae8c3da2d0
Event: 5.513 Thread 0x000001ae44a12c80 Thread added: 0x000001ae8c3d79f0
Event: 5.853 Thread 0x000001ae8c3d79f0 Thread exited: 0x000001ae8c3d79f0
Event: 5.853 Thread 0x000001ae8c3da2d0 Thread exited: 0x000001ae8c3da2d0
Event: 7.172 Thread 0x000001ae44a12c80 Thread exited: 0x000001ae44a12c80
Event: 7.172 Thread 0x000001ae44a12270 Thread exited: 0x000001ae44a12270
Event: 7.259 Thread 0x000001ae448507a0 Thread exited: 0x000001ae448507a0
Event: 16.865 Thread 0x000001ae8b5efe80 Thread exited: 0x000001ae8b5efe80
Event: 125.761 Thread 0x000001ae41724f40 Thread added: 0x000001ae8a0a3610
Event: 125.762 Thread 0x000001ae8a0a3610 Thread added: 0x000001ae8a0a7120
Event: 125.762 Thread 0x000001ae8a0a3610 Thread added: 0x000001ae8a0a5050
Event: 125.762 Thread 0x000001ae8a0a3610 Thread added: 0x000001ae8a0a4330
Event: 125.763 Thread 0x000001ae8a0a7120 Thread exited: 0x000001ae8a0a7120
Event: 125.764 Thread 0x000001ae8a0a5050 Thread exited: 0x000001ae8a0a5050
Event: 125.766 Thread 0x000001ae8a0a4330 Thread exited: 0x000001ae8a0a4330
Event: 125.766 Thread 0x000001ae8a0a3610 Before exit entered


Dynamic libraries:
0x00007ff6860e0000 - 0x00007ff6860f0000 	C:\Program Files\Java\jdk-23\bin\java.exe
0x00007ffc606e0000 - 0x00007ffc60940000 	C:\WINDOWS\SYSTEM32\ntdll.dll
0x00007ffc60030000 - 0x00007ffc600f7000 	C:\WINDOWS\System32\KERNEL32.DLL
0x00007ffc5dad0000 - 0x00007ffc5de9a000 	C:\WINDOWS\System32\KERNELBASE.dll
0x00007ffc5e390000 - 0x00007ffc5e4db000 	C:\WINDOWS\System32\ucrtbase.dll
0x00007ffc59be0000 - 0x00007ffc59bf7000 	C:\Program Files\Java\jdk-23\bin\jli.dll
0x00007ffc4cd50000 - 0x00007ffc4cd6b000 	C:\Program Files\Java\jdk-23\bin\VCRUNTIME140.dll
0x00007ffc5ead0000 - 0x00007ffc5ec9c000 	C:\WINDOWS\System32\USER32.dll
0x00007ffc408d0000 - 0x00007ffc40b67000 	C:\WINDOWS\WinSxS\amd64_microsoft.windows.common-controls_6595b64144ccf1df_6.0.26100.3624_none_3e086962e3345f24\COMCTL32.dll
0x00007ffc5e160000 - 0x00007ffc5e187000 	C:\WINDOWS\System32\win32u.dll
0x00007ffc5f850000 - 0x00007ffc5f8f9000 	C:\WINDOWS\System32\msvcrt.dll
0x00007ffc5ed60000 - 0x00007ffc5ed8a000 	C:\WINDOWS\System32\GDI32.dll
0x00007ffc5dea0000 - 0x00007ffc5dfd1000 	C:\WINDOWS\System32\gdi32full.dll
0x00007ffc5e190000 - 0x00007ffc5e233000 	C:\WINDOWS\System32\msvcp_win.dll
0x00007ffc5e640000 - 0x00007ffc5e66f000 	C:\WINDOWS\System32\IMM32.DLL
0x00007ffc59b50000 - 0x00007ffc59b5c000 	C:\Program Files\Java\jdk-23\bin\vcruntime140_1.dll
0x00007ffc46160000 - 0x00007ffc461ee000 	C:\Program Files\Java\jdk-23\bin\msvcp140.dll
0x00007ffbd5bc0000 - 0x00007ffbd690f000 	C:\Program Files\Java\jdk-23\bin\server\jvm.dll
0x00007ffc605e0000 - 0x00007ffc60692000 	C:\WINDOWS\System32\ADVAPI32.dll
0x00007ffc5eca0000 - 0x00007ffc5ed46000 	C:\WINDOWS\System32\sechost.dll
0x00007ffc5e940000 - 0x00007ffc5ea56000 	C:\WINDOWS\System32\RPCRT4.dll
0x00007ffc5e680000 - 0x00007ffc5e6f4000 	C:\WINDOWS\System32\WS2_32.dll
0x00007ffc5d710000 - 0x00007ffc5d76e000 	C:\WINDOWS\SYSTEM32\POWRPROF.dll
0x00007ffc40bc0000 - 0x00007ffc40bcb000 	C:\WINDOWS\SYSTEM32\VERSION.dll
0x00007ffc51ff0000 - 0x00007ffc52026000 	C:\WINDOWS\SYSTEM32\WINMM.dll
0x00007ffc5d6f0000 - 0x00007ffc5d704000 	C:\WINDOWS\SYSTEM32\UMPDC.dll
0x00007ffc5c6d0000 - 0x00007ffc5c6ea000 	C:\WINDOWS\SYSTEM32\kernel.appcore.dll
0x00007ffc55420000 - 0x00007ffc5542a000 	C:\Program Files\Java\jdk-23\bin\jimage.dll
0x00007ffc5b1e0000 - 0x00007ffc5b421000 	C:\WINDOWS\SYSTEM32\DBGHELP.DLL
0x00007ffc60110000 - 0x00007ffc60492000 	C:\WINDOWS\System32\combase.dll
0x00007ffc5f3e0000 - 0x00007ffc5f4b6000 	C:\WINDOWS\System32\OLEAUT32.dll
0x00007ffc3c4c0000 - 0x00007ffc3c4f9000 	C:\WINDOWS\SYSTEM32\dbgcore.DLL
0x00007ffc5d8c0000 - 0x00007ffc5d959000 	C:\WINDOWS\System32\bcryptPrimitives.dll
0x00007ffc4d000000 - 0x00007ffc4d00f000 	C:\Program Files\Java\jdk-23\bin\instrument.dll
0x00007ffc49680000 - 0x00007ffc4969e000 	C:\Program Files\Java\jdk-23\bin\java.dll
0x00007ffc5f240000 - 0x00007ffc5f3d6000 	C:\WINDOWS\System32\ole32.dll
0x00007ffc5f900000 - 0x00007ffc60029000 	C:\WINDOWS\System32\SHELL32.dll
0x00007ffc5d960000 - 0x00007ffc5dac8000 	C:\WINDOWS\System32\wintypes.dll
0x00007ffc5b530000 - 0x00007ffc5bd82000 	C:\WINDOWS\SYSTEM32\windows.storage.dll
0x00007ffc5e700000 - 0x00007ffc5e7ed000 	C:\WINDOWS\System32\SHCORE.dll
0x00007ffc60570000 - 0x00007ffc605d4000 	C:\WINDOWS\System32\shlwapi.dll
0x00007ffc5d7d0000 - 0x00007ffc5d7ff000 	C:\WINDOWS\SYSTEM32\profapi.dll
0x00007ffc45ea0000 - 0x00007ffc45f77000 	C:\Program Files\Java\jdk-23\bin\jsvml.dll
0x00007ffc4cf50000 - 0x00007ffc4cf60000 	C:\Program Files\Java\jdk-23\bin\net.dll
0x00007ffc5cbf0000 - 0x00007ffc5cc5a000 	C:\WINDOWS\system32\mswsock.dll
0x00007ffc47400000 - 0x00007ffc47416000 	C:\Program Files\Java\jdk-23\bin\nio.dll
0x00007ffc45e80000 - 0x00007ffc45e97000 	C:\Program Files\Java\jdk-23\bin\zip.dll
0x00007ffc5c1b0000 - 0x00007ffc5c2d5000 	C:\WINDOWS\SYSTEM32\DNSAPI.dll
0x00007ffc5c170000 - 0x00007ffc5c1a3000 	C:\WINDOWS\SYSTEM32\IPHLPAPI.DLL
0x00007ffc60560000 - 0x00007ffc6056a000 	C:\WINDOWS\System32\NSI.dll
0x00007ffc51ec0000 - 0x00007ffc51ecb000 	C:\Windows\System32\rasadhlp.dll
0x00007ffc555c0000 - 0x00007ffc55645000 	C:\WINDOWS\System32\fwpuclnt.dll
0x00007ffc47f70000 - 0x00007ffc47f7a000 	C:\Program Files\Java\jdk-23\bin\management.dll
0x000001ae1e920000 - 0x000001ae1e923000 	C:\Users\andre\.openjfx\cache\17.0.6\api-ms-win-core-console-l1-1-0.dll
0x000001ae1e930000 - 0x000001ae1e933000 	C:\Users\andre\.openjfx\cache\17.0.6\api-ms-win-core-console-l1-2-0.dll
0x000001ae1e940000 - 0x000001ae1e943000 	C:\Users\andre\.openjfx\cache\17.0.6\api-ms-win-core-datetime-l1-1-0.dll
0x00007ffc477a0000 - 0x00007ffc477ab000 	C:\Program Files\Java\jdk-23\bin\management_ext.dll
0x00007ffc5ed50000 - 0x00007ffc5ed58000 	C:\WINDOWS\System32\PSAPI.DLL
0x000001ae1e950000 - 0x000001ae1e953000 	C:\Users\andre\.openjfx\cache\17.0.6\api-ms-win-core-debug-l1-1-0.dll
0x000001ae1e960000 - 0x000001ae1e963000 	C:\Users\andre\.openjfx\cache\17.0.6\api-ms-win-core-errorhandling-l1-1-0.dll
0x000001ae1e970000 - 0x000001ae1e974000 	C:\Users\andre\.openjfx\cache\17.0.6\api-ms-win-core-file-l1-1-0.dll
0x000001ae1e980000 - 0x000001ae1e983000 	C:\Users\andre\.openjfx\cache\17.0.6\api-ms-win-core-file-l1-2-0.dll
0x000001ae1f270000 - 0x000001ae1f273000 	C:\Users\andre\.openjfx\cache\17.0.6\api-ms-win-core-file-l2-1-0.dll
0x000001ae1f280000 - 0x000001ae1f283000 	C:\Users\andre\.openjfx\cache\17.0.6\api-ms-win-core-handle-l1-1-0.dll
0x000001ae1f290000 - 0x000001ae1f293000 	C:\Users\andre\.openjfx\cache\17.0.6\api-ms-win-core-heap-l1-1-0.dll
0x000001ae1f2a0000 - 0x000001ae1f2a3000 	C:\Users\andre\.openjfx\cache\17.0.6\api-ms-win-core-interlocked-l1-1-0.dll
0x000001ae1f2b0000 - 0x000001ae1f2b3000 	C:\Users\andre\.openjfx\cache\17.0.6\api-ms-win-core-libraryloader-l1-1-0.dll
0x000001ae1f2c0000 - 0x000001ae1f2c3000 	C:\Users\andre\.openjfx\cache\17.0.6\api-ms-win-core-localization-l1-2-0.dll
0x000001ae44ea0000 - 0x000001ae44ea3000 	C:\Users\andre\.openjfx\cache\17.0.6\api-ms-win-core-memory-l1-1-0.dll
0x000001ae44eb0000 - 0x000001ae44eb3000 	C:\Users\andre\.openjfx\cache\17.0.6\api-ms-win-core-namedpipe-l1-1-0.dll
0x000001ae44ec0000 - 0x000001ae44ec3000 	C:\Users\andre\.openjfx\cache\17.0.6\api-ms-win-core-processenvironment-l1-1-0.dll
0x000001ae44ed0000 - 0x000001ae44ed3000 	C:\Users\andre\.openjfx\cache\17.0.6\api-ms-win-core-processthreads-l1-1-0.dll
0x000001ae44ee0000 - 0x000001ae44ee3000 	C:\Users\andre\.openjfx\cache\17.0.6\api-ms-win-core-processthreads-l1-1-1.dll
0x000001ae44ef0000 - 0x000001ae44ef3000 	C:\Users\andre\.openjfx\cache\17.0.6\api-ms-win-core-profile-l1-1-0.dll
0x000001ae44f00000 - 0x000001ae44f03000 	C:\Users\andre\.openjfx\cache\17.0.6\api-ms-win-core-rtlsupport-l1-1-0.dll
0x000001ae44f10000 - 0x000001ae44f13000 	C:\Users\andre\.openjfx\cache\17.0.6\api-ms-win-core-string-l1-1-0.dll
0x000001ae44f20000 - 0x000001ae44f23000 	C:\Users\andre\.openjfx\cache\17.0.6\api-ms-win-core-synch-l1-1-0.dll
0x000001ae44f30000 - 0x000001ae44f33000 	C:\Users\andre\.openjfx\cache\17.0.6\api-ms-win-core-synch-l1-2-0.dll
0x000001ae44f40000 - 0x000001ae44f43000 	C:\Users\andre\.openjfx\cache\17.0.6\api-ms-win-core-sysinfo-l1-1-0.dll
0x000001ae44f50000 - 0x000001ae44f53000 	C:\Users\andre\.openjfx\cache\17.0.6\api-ms-win-core-timezone-l1-1-0.dll
0x000001ae44f60000 - 0x000001ae44f63000 	C:\Users\andre\.openjfx\cache\17.0.6\api-ms-win-core-util-l1-1-0.dll
0x000001ae44f70000 - 0x000001ae44f73000 	C:\Users\andre\.openjfx\cache\17.0.6\api-ms-win-crt-conio-l1-1-0.dll
0x000001ae44f80000 - 0x000001ae44f84000 	C:\Users\andre\.openjfx\cache\17.0.6\api-ms-win-crt-convert-l1-1-0.dll
0x000001ae44f90000 - 0x000001ae44f93000 	C:\Users\andre\.openjfx\cache\17.0.6\api-ms-win-crt-environment-l1-1-0.dll
0x000001ae44fa0000 - 0x000001ae44fa3000 	C:\Users\andre\.openjfx\cache\17.0.6\api-ms-win-crt-filesystem-l1-1-0.dll
0x000001ae44fb0000 - 0x000001ae44fb3000 	C:\Users\andre\.openjfx\cache\17.0.6\api-ms-win-crt-heap-l1-1-0.dll
0x000001ae44fc0000 - 0x000001ae44fc3000 	C:\Users\andre\.openjfx\cache\17.0.6\api-ms-win-crt-locale-l1-1-0.dll
0x000001ae44fd0000 - 0x000001ae44fd5000 	C:\Users\andre\.openjfx\cache\17.0.6\api-ms-win-crt-math-l1-1-0.dll
0x000001ae44fe0000 - 0x000001ae44fe5000 	C:\Users\andre\.openjfx\cache\17.0.6\api-ms-win-crt-multibyte-l1-1-0.dll
0x000001ae44ff0000 - 0x000001ae45000000 	C:\Users\andre\.openjfx\cache\17.0.6\api-ms-win-crt-private-l1-1-0.dll
0x000001ae8b7d0000 - 0x000001ae8b7d3000 	C:\Users\andre\.openjfx\cache\17.0.6\api-ms-win-crt-process-l1-1-0.dll
0x000001ae8b7e0000 - 0x000001ae8b7e4000 	C:\Users\andre\.openjfx\cache\17.0.6\api-ms-win-crt-runtime-l1-1-0.dll
0x000001ae8b7f0000 - 0x000001ae8b7f4000 	C:\Users\andre\.openjfx\cache\17.0.6\api-ms-win-crt-stdio-l1-1-0.dll
0x000001ae8b800000 - 0x000001ae8b804000 	C:\Users\andre\.openjfx\cache\17.0.6\api-ms-win-crt-string-l1-1-0.dll
0x000001ae8b810000 - 0x000001ae8b813000 	C:\Users\andre\.openjfx\cache\17.0.6\api-ms-win-crt-time-l1-1-0.dll
0x000001ae8b820000 - 0x000001ae8b823000 	C:\Users\andre\.openjfx\cache\17.0.6\api-ms-win-crt-utility-l1-1-0.dll
0x00007ffc18330000 - 0x00007ffc1842c000 	C:\Users\andre\.openjfx\cache\17.0.6\ucrtbase.dll
0x00007ffc45e60000 - 0x00007ffc45e7a000 	C:\Users\andre\.openjfx\cache\17.0.6\vcruntime140.dll
0x00007ffc47590000 - 0x00007ffc4759c000 	C:\Users\andre\.openjfx\cache\17.0.6\vcruntime140_1.dll
0x00007ffc18860000 - 0x00007ffc188ed000 	C:\Users\andre\.openjfx\cache\17.0.6\msvcp140.dll
0x00007ffc473f0000 - 0x00007ffc473f9000 	C:\Users\andre\.openjfx\cache\17.0.6\msvcp140_1.dll
0x00007ffc45e30000 - 0x00007ffc45e5f000 	C:\Users\andre\.openjfx\cache\17.0.6\msvcp140_2.dll
0x00007ffc45e00000 - 0x00007ffc45e2a000 	C:\Users\andre\.openjfx\cache\17.0.6\prism_d3d.dll
0x00007ffc33320000 - 0x00007ffc334cc000 	C:\WINDOWS\system32\d3d9.dll
0x00007ffc5a850000 - 0x00007ffc5a886000 	C:\WINDOWS\SYSTEM32\dwmapi.dll
0x00007ffc5a7e0000 - 0x00007ffc5a827000 	C:\WINDOWS\SYSTEM32\dxcore.dll
0x00007ffc5a4e0000 - 0x00007ffc5a58e000 	C:\WINDOWS\system32\uxtheme.dll
0x00007ffc5ce90000 - 0x00007ffc5ceac000 	C:\WINDOWS\SYSTEM32\CRYPTSP.dll
0x00007ffc5c630000 - 0x00007ffc5c66a000 	C:\WINDOWS\system32\rsaenh.dll
0x00007ffc5cc90000 - 0x00007ffc5ccbb000 	C:\WINDOWS\SYSTEM32\USERENV.dll
0x00007ffc5d7a0000 - 0x00007ffc5d7c6000 	C:\WINDOWS\SYSTEM32\bcrypt.dll
0x00007ffc5ceb0000 - 0x00007ffc5cebc000 	C:\WINDOWS\SYSTEM32\CRYPTBASE.dll
0x00007ffc5a630000 - 0x00007ffc5a68e000 	C:\WINDOWS\SYSTEM32\directxdatabasehelper.dll
0x00007ffc5d420000 - 0x00007ffc5d47f000 	C:\WINDOWS\SYSTEM32\cfgmgr32.dll
0x00007ffc37db0000 - 0x00007ffc37dc8000 	C:\WINDOWS\system32\napinsp.dll
0x00007ffc37610000 - 0x00007ffc37622000 	C:\WINDOWS\System32\winrnr.dll
0x00007ffc375d0000 - 0x00007ffc37600000 	C:\WINDOWS\system32\nlansp_c.dll
0x00007ffc3c1b0000 - 0x00007ffc3c1c6000 	C:\WINDOWS\system32\wshbth.dll
0x00007ffc36090000 - 0x00007ffc360d2000 	C:\Users\andre\.openjfx\cache\17.0.6\glass.dll
0x00007ffc5f750000 - 0x00007ffc5f844000 	C:\WINDOWS\System32\COMDLG32.dll
0x00007ffc5e4e0000 - 0x00007ffc5e63d000 	C:\WINDOWS\System32\MSCTF.dll
0x00007ffc3fc70000 - 0x00007ffc3fcbe000 	C:\WINDOWS\SYSTEM32\pdh.dll
0x00007ffc59b10000 - 0x00007ffc59b22000 	C:\WINDOWS\System32\perfproc.dll
0x00007ffc45de0000 - 0x00007ffc45df4000 	C:\Users\andre\.openjfx\cache\17.0.6\javafx_font.dll
0x00007ffc58da0000 - 0x00007ffc59009000 	C:\WINDOWS\SYSTEM32\dwrite.dll
0x00007ffc4cc70000 - 0x00007ffc4cc7e000 	C:\Program Files\Java\jdk-23\bin\sunmscapi.dll
0x00007ffc5dfe0000 - 0x00007ffc5e157000 	C:\WINDOWS\System32\CRYPT32.dll
0x00007ffc5d090000 - 0x00007ffc5d0c0000 	C:\WINDOWS\SYSTEM32\ncrypt.dll

dbghelp: loaded successfully - version: 4.0.5 - missing functions: none
symbol engine: initialized successfully - sym options: 0x614 - pdb path: .;C:\Program Files\Java\jdk-23\bin;C:\WINDOWS\SYSTEM32;C:\WINDOWS\WinSxS\amd64_microsoft.windows.common-controls_6595b64144ccf1df_6.0.26100.3624_none_3e086962e3345f24;C:\Program Files\Java\jdk-23\bin\server;C:\Users\andre\.openjfx\cache\17.0.6;C:\WINDOWS\System32\DriverStore\FileRepository\iigd_dch.inf_amd64_c2201cfb126f0796;C:\Program Files\Common Files\Microsoft Shared\Ink

VM Arguments:
jvm_args: -javaagent:C:\Program Files\JetBrains\IntelliJ IDEA 2024.3.3\lib\idea_rt.jar=60018 -Dfile.encoding=UTF-8 -Dsun.stdout.encoding=UTF-8 -Dsun.stderr.encoding=UTF-8 --module-path=C:\Users\andre\.m2\repository\com\fasterxml\jackson\core\jackson-annotations\2.14.2\jackson-annotations-2.14.2.jar;C:\Users\andre\.m2\repository\eu\hansolo\toolbox\21.0.5\toolbox-21.0.5.jar;C:\Users\andre\.m2\repository\com\gluonhq\attach\storage\4.0.17\storage-4.0.17.jar;C:\Users\andre\.m2\repository\com\github\almasb\fxgl-gameplay\17.3\fxgl-gameplay-17.3.jar;C:\Users\andre\.m2\repository\com\fasterxml\jackson\core\jackson-databind\2.14.2\jackson-databind-2.14.2.jar;C:\Users\andre\.m2\repository\com\github\almasb\fxgl-io\17.3\fxgl-io-17.3.jar;C:\Users\andre\.m2\repository\com\gluonhq\attach\util\4.0.17\util-4.0.17.jar;C:\Users\andre\.m2\repository\org\kordamp\bootstrapfx\bootstrapfx-core\0.4.0\bootstrapfx-core-0.4.0.jar;C:\Users\andre\.m2\repository\com\gluonhq\attach\audio\4.0.17\audio-4.0.17.jar;C:\Users\andre\.m2\repository\org\openjfx\javafx-web\17.0.6\javafx-web-17.0.6-win.jar;C:\Users\andre\.m2\repository\eu\hansolo\fx\heatmap\21.0.3\heatmap-21.0.3.jar;C:\Users\andre\Desktop\PROJ_2\DesktopApp\target\classes;C:\Users\andre\.m2\repository\com\github\almasb\fxgl-core\17.3\fxgl-core-17.3.jar;C:\Users\andre\.m2\repository\eu\hansolo\tilesfx\21.0.3\tilesfx-21.0.3.jar;C:\Users\andre\.m2\repository\org\jetbrains\kotlin\kotlin-stdlib\1.8.10\kotlin-stdlib-1.8.10.jar;C:\Users\andre\.m2\repository\org\openjfx\javafx-swing\17.0.6\javafx-swing-17.0.6-win.jar;C:\Users\andre\.m2\repository\com\gluonhq\attach\lifecycle\4.0.17\lifecycle-4.0.17.jar;C:\Users\andre\.m2\repository\net\synedra\validatorfx\0.5.0\validatorfx-0.5.0.jar;C:\Users\andre\.m2\repository\com\github\almasb\fxgl-entity\17.3\fxgl-entity-17.3.jar;C:\Users\andre\.m2\repository\org\openjfx\javafx-media\17.0.6\javafx-media-17.0.6-win.jar;C:\Users\andre\.m2\repository\eu\hansolo\fx\countries\21.0.3\countries-21.0.3.jar;C:\Users\andre\.m2\repository\eu\hansolo\toolboxfx\21.0.3\toolboxfx-21.0.3.jar;C:\Users\andre\.m2\repository\org\openjfx\javafx-base\17.0.6\javafx-base-17.0.6-win.jar;C:\Users\andre\.m-Djdk.module.main=com.dashboard.desktopapp 
java_command: com.dashboard.desktopapp/com.dashboard.desktopapp.StartApplication
java_class_path (initial): C:\Users\andre\.m2\repository\org\openjfx\javafx-controls\17.0.6\javafx-controls-17.0.6.jar;C:\Users\andre\.m2\repository\org\openjfx\javafx-graphics\17.0.6\javafx-graphics-17.0.6.jar;C:\Users\andre\.m2\repository\org\openjfx\javafx-base\17.0.6\javafx-base-17.0.6.jar;C:\Users\andre\.m2\repository\org\openjfx\javafx-fxml\17.0.6\javafx-fxml-17.0.6.jar;C:\Users\andre\.m2\repository\org\openjfx\javafx-web\17.0.6\javafx-web-17.0.6.jar;C:\Users\andre\.m2\repository\org\openjfx\javafx-swing\17.0.6\javafx-swing-17.0.6.jar;C:\Users\andre\.m2\repository\org\openjfx\javafx-media\17.0.6\javafx-media-17.0.6.jar;C:\Users\andre\.m2\repository\org\jetbrains\kotlin\kotlin-stdlib-common\1.8.10\kotlin-stdlib-common-1.8.10.jar;C:\Users\andre\.m2\repository\org\jetbrains\annotations\13.0\annotations-13.0.jar
Launcher Type: SUN_STANDARD

[Global flags]
     intx CICompilerCount                          = 12                                        {product} {ergonomic}
     uint ConcGCThreads                            = 4                                         {product} {ergonomic}
     uint G1ConcRefinementThreads                  = 15                                        {product} {ergonomic}
   size_t G1HeapRegionSize                         = 4194304                                   {product} {ergonomic}
   size_t InitialHeapSize                          = 532676608                                 {product} {ergonomic}
   size_t MarkStackSize                            = 4194304                                   {product} {ergonomic}
   size_t MarkStackSizeMax                         = 536870912                                 {product} {ergonomic}
   size_t MaxHeapSize                              = 8497659904                                {product} {ergonomic}
   size_t MaxNewSize                               = 5096079360                                {product} {ergonomic}
   size_t MinHeapDeltaBytes                        = 4194304                                   {product} {ergonomic}
   size_t MinHeapSize                              = 8388608                                   {product} {ergonomic}
    uintx NonNMethodCodeHeapSize                   = 7602176                                {pd product} {ergonomic}
    uintx NonProfiledCodeHeapSize                  = 122093568                              {pd product} {ergonomic}
    uintx ProfiledCodeHeapSize                     = 121962496                              {pd product} {ergonomic}
    uintx ReservedCodeCacheSize                    = 251658240                              {pd product} {ergonomic}
     bool SegmentedCodeCache                       = true                                      {product} {ergonomic}
   size_t SoftMaxHeapSize                          = 8497659904                             {manageable} {ergonomic}
     bool UseCompressedOops                        = true                           {product lp64_product} {ergonomic}
     bool UseG1GC                                  = true                                      {product} {ergonomic}
     bool UseLargePagesIndividualAllocation        = false                                  {pd product} {ergonomic}

Logging:
Log output configuration:
 #0: stdout all=off uptime,level,tags foldmultilines=false
 #1: stderr all=off uptime,level,tags foldmultilines=false

Environment Variables:
JAVA_HOME=C:\Program Files\Java\jdk-23
PATH=C:\Program Files\Common Files\Oracle\Java\javapath;C:\Program Files (x86)\Common Files\Oracle\Java\java8path;C:\Program Files (x86)\Common Files\Oracle\Java\javapath;C:\WINDOWS\system32;C:\WINDOWS;C:\WINDOWS\System32\Wbem;C:\WINDOWS\System32\WindowsPowerShell\v1.0\;C:\WINDOWS\System32\OpenSSH\;C:\Program Files\Microsoft VS Code\bin;C:\Program Files (x86)\Microsoft SQL Server\160\Tools\Binn\;C:\Program Files\Microsoft SQL Server\160\Tools\Binn\;C:\Program Files\Microsoft SQL Server\Client SDK\ODBC\170\Tools\Binn\;C:\Program Files\Microsoft SQL Server\160\DTS\Binn\;C:\Program Files\Git\cmd;C:\Program Files\nodejs\;C:\Program Files\dotnet\;C:\Python\;;C:\Program Files\Docker\Docker\resources\bin;C:\Program Files\Portugal Identity Card\;C:\Users\andre\.pyenv\pyenv-win\bin;C:\Users\andre\.pyenv\pyenv-win\shims;C:\Users\andre\AppData\Local\Programs\Python\Python311\Scripts\;C:\Users\andre\AppData\Local\Programs\Python\Python311\;C:\Users\andre\AppData\Local\Programs\Python\Launcher\;C:\Users\andre\AppData\Local\Microsoft\WindowsApps;C:\Users\andre\AppData\Roaming\npm;C:\Users\andre\.dotnet\tools;C:\Users\andre\AppData\Local\Programs\mongosh\;C:\Python\;C:\Users\andre\AppData\Local\GitHubDesktop\bin;
USERNAME=andre
OS=Windows_NT
PROCESSOR_IDENTIFIER=Intel64 Family 6 Model 186 Stepping 2, GenuineIntel
TMP=C:\Users\andre\AppData\Local\Temp
TEMP=C:\Users\andre\AppData\Local\Temp




Periodic native trim disabled

---------------  S Y S T E M  ---------------

OS:
 Windows 11 , 64 bit Build 26100 (10.0.26100.3775)
OS uptime: 6 days 21:51 hours
Hyper-V role detected

CPU: total 20 (initial active 20) (10 cores per cpu, 2 threads per core) family 6 model 186 stepping 2 microcode 0x411f, cx8, cmov, fxsr, ht, mmx, 3dnowpref, sse, sse2, sse3, ssse3, sse4.1, sse4.2, popcnt, lzcnt, tsc, tscinvbit, avx, avx2, aes, erms, clmul, bmi1, bmi2, adx, sha, fma, vzeroupper, clflush, clflushopt, clwb, hv, serialize, rdtscp, rdpid, fsrm, gfni, f16c, cet_ibt, cet_ss
Processor Information for processor 0
  Max Mhz: 2400, Current Mhz: 2400, Mhz Limit: 2400
Processor Information for processor 1
  Max Mhz: 2400, Current Mhz: 2400, Mhz Limit: 2400
Processor Information for processor 2
  Max Mhz: 2400, Current Mhz: 2400, Mhz Limit: 2400
Processor Information for processor 3
  Max Mhz: 2400, Current Mhz: 2400, Mhz Limit: 2400
Processor Information for processor 4
  Max Mhz: 2400, Current Mhz: 2400, Mhz Limit: 2400
Processor Information for processor 5
  Max Mhz: 2400, Current Mhz: 2400, Mhz Limit: 2400
Processor Information for processor 6
  Max Mhz: 2400, Current Mhz: 2400, Mhz Limit: 2400
Processor Information for processor 7
  Max Mhz: 2400, Current Mhz: 2400, Mhz Limit: 2400
Processor Information for processor 8
  Max Mhz: 2400, Current Mhz: 2400, Mhz Limit: 2400
Processor Information for processor 9
  Max Mhz: 2400, Current Mhz: 2400, Mhz Limit: 2400
Processor Information for processor 10
  Max Mhz: 2400, Current Mhz: 2400, Mhz Limit: 2400
Processor Information for processor 11
  Max Mhz: 2400, Current Mhz: 2400, Mhz Limit: 2400
Processor Information for processor 12
  Max Mhz: 2400, Current Mhz: 1500, Mhz Limit: 1800
Processor Information for processor 13
  Max Mhz: 2400, Current Mhz: 1800, Mhz Limit: 1800
Processor Information for processor 14
  Max Mhz: 2400, Current Mhz: 1500, Mhz Limit: 1800
Processor Information for processor 15
  Max Mhz: 2400, Current Mhz: 1500, Mhz Limit: 1800
Processor Information for processor 16
  Max Mhz: 2400, Current Mhz: 1500, Mhz Limit: 1800
Processor Information for processor 17
  Max Mhz: 2400, Current Mhz: 1800, Mhz Limit: 1800
Processor Information for processor 18
  Max Mhz: 2400, Current Mhz: 1500, Mhz Limit: 1800
Processor Information for processor 19
  Max Mhz: 2400, Current Mhz: 1500, Mhz Limit: 1800

Memory: 4k page, system-wide physical 32400M (14123M free)
TotalPageFile size 35327M (AvailPageFile size 11754M)
current process WorkingSet (physical memory assigned to process): 936M, peak: 1425M
current process commit charge ("private bytes"): 1173M, peak: 1672M

vm_info: Java HotSpot(TM) 64-Bit Server VM (23+37-2369) for windows-amd64 JRE (23+37-2369), built on 2024-08-20T16:01:23Z with MS VC++ 17.6 (VS2022)

END.
