#
# A fatal error has been detected by the Java Runtime Environment:
#
#  EXCEPTION_ACCESS_VIOLATION (0xc0000005) at pc=0x00007ffdb7446b07, pid=40956, tid=20036
#
# JRE version: Java(TM) SE Runtime Environment (23.0+37) (build 23+37-2369)
# Java VM: Java HotSpot(TM) 64-Bit Server VM (23+37-2369, mixed mode, sharing, tiered, compressed oops, compressed class ptrs, g1 gc, windows-amd64)
# Problematic frame:
# C  [glass.dll+0x26b07]
#
# No core dump will be written. Minidumps are not enabled by default on client versions of Windows
#
# If you would like to submit a bug report, please visit:
#   https://bugreport.java.com/bugreport/crash.jsp
#

---------------  S U M M A R Y ------------

Command Line: -agentlib:jdwp=transport=dt_socket,address=127.0.0.1:61750,suspend=y,server=n -agentpath:C:\Users\andre\AppData\Local\Temp\idea_libasyncProfiler_dll_temp_folder10\libasyncProfiler.dll=version,jfr,event=wall,interval=10ms,cstack=no,file=C:\Users\andre\IdeaSnapshots\StartApplication_2025_04_23_175040.jfr,dbghelppath=C:\Users\andre\AppData\Local\Temp\idea_dbghelp_dll_temp_folder1\dbghelp.dll,log=C:\Users\andre\AppData\Local\Temp\StartApplication_2025_04_23_175040.jfr.log.txt,logLevel=DEBUG -javaagent:C:\Users\andre\AppData\Local\JetBrains\IntelliJIdea2024.3\captureAgent\debugger-agent.jar -Dkotlinx.coroutines.debug.enable.creation.stack.trace=false -Ddebugger.agent.enable.coroutines=true -Dkotlinx.coroutines.debug.enable.flows.stack.trace=true -Dkotlinx.coroutines.debug.enable.mutable.state.flows.stack.trace=true -Dfile.encoding=UTF-8 -Dsun.stdout.encoding=UTF-8 -Dsun.stderr.encoding=UTF-8 --module-path=C:\Users\andre\.m2\repository\com\github\almasb\fxgl-core\17.3\fxgl-core-17.3.jar;C:\Users\andre\.m2\repository\com\github\almasb\fxgl-scene\17.3\fxgl-scene-17.3.jar;C:\Users\andre\.m2\repository\com\github\almasb\fxgl-io\17.3\fxgl-io-17.3.jar;C:\Users\andre\.m2\repository\org\openjfx\javafx-base\17.0.6\javafx-base-17.0.6-win.jar;C:\Users\andre\.m2\repository\org\openjfx\javafx-fxml\17.0.6\javafx-fxml-17.0.6-win.jar;C:\Users\andre\.m2\repository\org\openjfx\javafx-controls\17.0.6\javafx-controls-17.0.6-win.jar;C:\Users\andre\.m2\repository\com\fasterxml\jackson\core\jackson-core\2.15.2\jackson-core-2.15.2.jar;C:\Users\andre\.m2\repository\org\openjfx\javafx-swing\17.0.6\javafx-swing-17.0.6-win.jar;C:\Users\andre\.m2\repository\com\fasterxml\jackson\core\jackson-annotations\2.15.2\jackson-annotations-2.15.2.jar;C:\Users\andre\.m2\repository\eu\hansolo\fx\countries\21.0.3\countries-21.0.3.jar;C:\Users\andre\.m2\repository\eu\hansolo\tilesfx\21.0.3\tilesfx-21.0.3.jar;C:\Users\andre\.m2\repository\com\gluonhq\attach\util\4.0.17\util-4.0.17.jar;C:\Users\andre\.m2\repository\com\github\almasb\fxgl\17.3\fxgl-17.3.jar;C:\Users\andre\.m2\repository\eu\hansolo\toolboxfx\21.0.3\toolboxfx-21.0.3.jar;C:\Users\andre\.m2\repository\eu\hansolo\toolbox\21.0.5\toolbox-21.0.5.jar;C:\Users\andre\.m2\repository\com\dlsc\formsfx\formsfx-core\11.6.0\formsfx-core-11.6.0.jar;C:\Users\andre\.m2\repository\org\json\json\20231013\json-20231013.jar;C:\Users\andre\.m2\repository\org\openjfx\javafx-web\17.0.6\javafx-web-17.0.6-win.jar;C:\Users\andre\.m2\repository\com\gluonhq\attach\lifecycle\4.0.17\lifecycle-4.0.17.jar;C:\Users\andre\.m2\repository\com\github\almasb\fxgl-entity\17.3\fxgl-entity-17.3.jar;C:\Users\andre\.m2\repository\com\github\almasb\fxgl-gameplay\17.3\fxgl-gameplay-17.3.jar;C:\Users\andre\.m2\repository\org\kordamp\bootstrapfx\bootstrapfx-core\0.4.0\bootstrapfx-core-0.4.0.jar;C:\Users\andre\.m2\repository\net\synedra\validatorfx\0.5.0\validatorfx-0.5.0.jar;C:\Use-Djdk.module.main=com.dashboard.desktopapp com.dashboard.desktopapp/com.dashboard.desktopapp.StartApplication

Host: 13th Gen Intel(R) Core(TM) i7-13700H, 20 cores, 31G,  Windows 11 , 64 bit Build 26100 (10.0.26100.3775)
Time: Wed Apr 23 17:51:12 2025 Hora de Verão de GMT elapsed time: 32.310926 seconds (0d 0h 0m 32s)

---------------  T H R E A D  ---------------

Current thread (0x000002a3c3820fb0):  VMThread "VM Thread"          [id=20036, stack(0x000000fcc5400000,0x000000fcc5500000) (1024K)]

Stack: [0x000000fcc5400000,0x000000fcc5500000],  sp=0x000000fcc54fefc0,  free space=1019k
Native frames: (J=compiled Java code, j=interpreted, Vv=VM code, C=native code)
C  [glass.dll+0x26b07]  (no source info available)
C  [ucrtbase.dll+0x4bc75]  (no source info available)
C  [ucrtbase.dll+0x4b897]  (no source info available)
C  [ucrtbase.dll+0x4b84d]  (no source info available)
C  [glass.dll+0x24261]  (no source info available)
C  [glass.dll+0x24386]  (no source info available)
C  [ntdll.dll+0x38830]  (no source info available)
C  [ntdll.dll+0xb24f0]  (no source info available)
C  [ntdll.dll+0xb16b4]  (no source info available)
C  [KERNEL32.DLL+0x418ab]  (no source info available)
C  [ucrtbase.dll+0xa0093]  (no source info available)
V  [jvm.dll+0x6d98fc]  (no source info available)
V  [jvm.dll+0x6d9430]  (no source info available)
V  [jvm.dll+0x3da534]  (no source info available)
V  [jvm.dll+0x886500]  (no source info available)
V  [jvm.dll+0x887827]  (no source info available)
V  [jvm.dll+0x887d58]  (no source info available)
V  [jvm.dll+0x887ff3]  (no source info available)
V  [jvm.dll+0x824f1b]  (no source info available)
V  [jvm.dll+0x6df055]  (no source info available)
C  [ucrtbase.dll+0x37b0]  (no source info available)
C  [KERNEL32.DLL+0x2e8d7]  (no source info available)
C  [ntdll.dll+0xb14fc]  (no source info available)


siginfo: EXCEPTION_ACCESS_VIOLATION (0xc0000005), reading address 0x0000000000000000


Registers:
RAX=0x0000000000000000, RBX=0x000002a40acad322, RCX=0x000002a3c3820fb0, RDX=0x000000fcc54fefc0
RSP=0x000000fcc54fefc0, RBP=0x000086e432a694e7, RSI=0x000002a40a4f5d88, RDI=0x000002a40a4f5d60
R8 =0x0000000000010002, R9 =0x000086e432a694e7, R10=0x000002a39b210000, R11=0x000002a40ad14330
R12=0x0000000000000001, R13=0x000000007ffe0385, R14=0x000000fcc54ff0c8, R15=0x000002a40a4f5d60
RIP=0x00007ffdb7446b07, EFLAGS=0x0000000000010206


Register to memory mapping:

RAX=0x0 is null
RBX=0x000002a40acad322 is a global jni handle
RCX=0x000002a3c3820fb0 points into unknown readable memory: 0x00007ffd9ec4f698 | 98 f6 c4 9e fd 7f 00 00
RDX=0x000000fcc54fefc0 points into unknown readable memory: 0x0000000000000000 | 00 00 00 00 00 00 00 00
RSP=0x000000fcc54fefc0 points into unknown readable memory: 0x0000000000000000 | 00 00 00 00 00 00 00 00
RBP=0x000086e432a694e7 is an unknown value
RSI=0x000002a40a4f5d88 points into unknown readable memory: 0x000086e432a694e7 | e7 94 a6 32 e4 86 00 00
RDI=0x000002a40a4f5d60 points into unknown readable memory: 0xa21ff0e432996a3c | 3c 6a 99 32 e4 f0 1f a2
R8 =0x0000000000010002 is an unknown value
R9 =0x000086e432a694e7 is an unknown value
R10=0x000002a39b210000 points into unknown readable memory: 0x0000000000000000 | 00 00 00 00 00 00 00 00
R11=0x000002a40ad14330 points into unknown readable memory: 0x000002a40ad144b0 | b0 44 d1 0a a4 02 00 00
R12=0x0000000000000001 is an unknown value
R13=0x000000007ffe0385 points into unknown readable memory: 00 00 00
R14=0x000000fcc54ff0c8 points into unknown readable memory: 0x000000fcc54ff0b0 | b0 f0 4f c5 fc 00 00 00
R15=0x000002a40a4f5d60 points into unknown readable memory: 0xa21ff0e432996a3c | 3c 6a 99 32 e4 f0 1f a2

Top of Stack: (sp=0x000000fcc54fefc0)
0x000000fcc54fefc0:   0000000000000000 000002a400000000
0x000000fcc54fefd0:   000002a40acee4a0 0000000000000001
0x000000fcc54fefe0:   000002a40a4f5d68 00007ffe24a0bc75
0x000000fcc54feff0:   000002a40a4f5d60 000002a400000000
0x000000fcc54ff000:   000002a40a4f5d80 000086e432a694e7
0x000000fcc54ff010:   fffffffffffffffe 00007ffdef9c0000
0x000000fcc54ff020:   00007ffdb7420000 00007ffdb7420000
0x000000fcc54ff030:   000000fcc54ff0b8 00007ffe24a0b897
0x000000fcc54ff040:   000000fcc54ff000 000000fcc54ff0c8
0x000000fcc54ff050:   000000fcc54ff5f0 00007ffe24af88c0
0x000000fcc54ff060:   0000000000000001 00007ffe24a0b84d
0x000000fcc54ff070:   0000000000000000 0000000000000001
0x000000fcc54ff080:   00007ffe1fe6cd80 000000fcc54ff0b8
0x000000fcc54ff090:   fffffffffffffffe 000000fcc54ff080
0x000000fcc54ff0a0:   0000000000000000 00007ffdb7444261
0x000000fcc54ff0b0:   00007ffdb745a138 0000000000000002
0x000000fcc54ff0c0:   00007ffe00000002 000000fcc54ff0b0
0x000000fcc54ff0d0:   0000000000000000 00007ffe23e25d97
0x000000fcc54ff0e0:   0000000000000000 00007ffdb7444386
0x000000fcc54ff0f0:   0000000000000001 0000000000000000
0x000000fcc54ff100:   0000000000000001 00007ffe23e28ed1
0x000000fcc54ff110:   00007ffe23e20000 000000fcc54ff5f0
0x000000fcc54ff120:   0000000000000001 0000000000000000
0x000000fcc54ff130:   0000000000000000 0000000000000001
0x000000fcc54ff140:   00007ffdb74443d4 00007ffe27698830
0x000000fcc54ff150:   00007ffdb7420000 00007ffd00000000
0x000000fcc54ff160:   0000000000000001 000000007ffe0384
0x000000fcc54ff170:   000000000000008d 0000000000000000
0x000000fcc54ff180:   0000000000000000 0000000000000000
0x000000fcc54ff190:   00007ffdb7420000 fffffd6b00000000
0x000000fcc54ff1a0:   00000000000000ba 0000000000000000
0x000000fcc54ff1b0:   0000000000000000 000002a39b6166d0 

Instructions: (pc=0x00007ffdb7446b07)
0x00007ffdb7446a07:   8b 4d 58 e8 01 cf ff ff 48 8b 4d 60 e8 f8 ce ff
0x00007ffdb7446a17:   ff 48 8b 95 80 00 00 00 48 8b 8d 18 01 00 00 e8
0x00007ffdb7446a27:   c6 c3 ff ff 33 d2 33 c9 e8 3c e1 ff ff 90 48 89
0x00007ffdb7446a37:   54 24 10 55 48 83 ec 20 48 8b ea 48 b8 00 00 00
0x00007ffdb7446a47:   00 00 00 00 00 48 83 c4 20 5d c3 cc 40 55 48 8b
0x00007ffdb7446a57:   ea 48 8b 01 33 c9 81 38 05 00 00 c0 0f 94 c1 8b
0x00007ffdb7446a67:   c1 5d c3 cc 40 55 48 83 ec 20 48 8b ea 8a 4d 40
0x00007ffdb7446a77:   48 83 c4 20 5d e9 f7 d2 ff ff cc 40 55 48 83 ec
0x00007ffdb7446a87:   20 48 8b ea 8a 4d 20 e8 e5 d2 ff ff 90 48 83 c4
0x00007ffdb7446a97:   20 5d c3 cc 40 55 48 83 ec 20 48 8b ea 48 83 c4
0x00007ffdb7446aa7:   20 5d e9 46 d1 ff ff cc 40 55 48 83 ec 30 48 8b
0x00007ffdb7446ab7:   ea 48 8b 01 8b 10 48 89 4c 24 28 89 54 24 20 4c
0x00007ffdb7446ac7:   8d 0d e7 d5 ff ff 4c 8b 45 70 8b 55 68 48 8b 4d
0x00007ffdb7446ad7:   60 e8 87 d0 ff ff 90 48 83 c4 30 5d c3 cc cc cc
0x00007ffdb7446ae7:   cc cc cc cc cc cc cc cc cc 40 53 48 83 ec 20 48
0x00007ffdb7446af7:   8b 1d 33 30 01 00 48 85 db 74 16 e8 09 8b ff ff
0x00007ffdb7446b07:   4c 8b 00 48 8b d3 48 8b c8 41 ff 90 b0 00 00 00
0x00007ffdb7446b17:   90 48 83 c4 20 5b c3 cc cc 40 53 48 83 ec 20 48
0x00007ffdb7446b27:   8b 1d ab 31 01 00 48 85 db 74 57 b8 ff ff ff ff
0x00007ffdb7446b37:   f0 0f c1 43 10 83 f8 01 75 3d 48 85 db 74 38 48
0x00007ffdb7446b47:   8b 0b 48 85 c9 74 0d ff 15 54 07 00 00 48 c7 03
0x00007ffdb7446b57:   00 00 00 00 48 8b 4b 08 48 85 c9 74 0d e8 a7 cd
0x00007ffdb7446b67:   ff ff 48 c7 43 08 00 00 00 00 ba 18 00 00 00 48
0x00007ffdb7446b77:   8b cb e8 92 cd ff ff 48 c7 05 4f 31 01 00 00 00
0x00007ffdb7446b87:   00 00 48 83 c4 20 5b c3 cc 40 53 48 83 ec 20 48
0x00007ffdb7446b97:   8b 1d 1b 31 01 00 48 85 db 74 57 b8 ff ff ff ff
0x00007ffdb7446ba7:   f0 0f c1 43 10 83 f8 01 75 3d 48 85 db 74 38 48
0x00007ffdb7446bb7:   8b 0b 48 85 c9 74 0d ff 15 e4 06 00 00 48 c7 03
0x00007ffdb7446bc7:   00 00 00 00 48 8b 4b 08 48 85 c9 74 0d e8 37 cd
0x00007ffdb7446bd7:   ff ff 48 c7 43 08 00 00 00 00 ba 18 00 00 00 48
0x00007ffdb7446be7:   8b cb e8 22 cd ff ff 48 c7 05 bf 30 01 00 00 00
0x00007ffdb7446bf7:   00 00 48 83 c4 20 5b c3 cc 40 53 48 83 ec 20 48 


Stack slot to memory mapping:

stack at sp + 0 slots: 0x0 is null
stack at sp + 1 slots: 0x000002a400000000 is an unknown value
stack at sp + 2 slots: 0x000002a40acee4a0 points into unknown readable memory: 0x000002a40acc4430 | 30 44 cc 0a a4 02 00 00
stack at sp + 3 slots: 0x0000000000000001 is an unknown value
stack at sp + 4 slots: 0x000002a40a4f5d68 points into unknown readable memory: 0x000086e432a694e7 | e7 94 a6 32 e4 86 00 00
stack at sp + 5 slots: 0x00007ffe24a0bc75 ucrtbase.dll
stack at sp + 6 slots: 0x000002a40a4f5d60 points into unknown readable memory: 0xa21ff0e432996a3c | 3c 6a 99 32 e4 f0 1f a2
stack at sp + 7 slots: 0x000002a400000000 is an unknown value

VM_Operation (0x000000fcc5dff090): Exit, mode: safepoint, requested by thread 0x000002a41638e160


---------------  P R O C E S S  ---------------

Threads class SMR info:
_java_thread_list=0x000002a41613f6c0, length=20, elements={
0x000002a39d84b250, 0x000002a3c383e2c0, 0x000002a3c3840150, 0x000002a3c3848700,
0x000002a3c384eff0, 0x000002a3c38598c0, 0x000002a3c385c3d0, 0x000002a3c385cbc0,
0x000002a3c385b300, 0x000002a3c385a5e0, 0x000002a3c3859230, 0x000002a3c3859f50,
0x000002a40ac76ab0, 0x000002a40ac75d90, 0x000002a40ac77140, 0x000002a40ac7b970,
0x000002a40ac7c690, 0x000002a40ac7cd20, 0x000002a415b25110, 0x000002a41638e160
}

Java Threads: ( => current thread )
  0x000002a39d84b250 JavaThread "main"                              [_thread_blocked, id=27364, stack(0x000000fcc4d00000,0x000000fcc4e00000) (1024K)]
  0x000002a3c383e2c0 JavaThread "Reference Handler"          daemon [_thread_blocked, id=41876, stack(0x000000fcc5500000,0x000000fcc5600000) (1024K)]
  0x000002a3c3840150 JavaThread "Finalizer"                  daemon [_thread_blocked, id=29380, stack(0x000000fcc5600000,0x000000fcc5700000) (1024K)]
  0x000002a3c3848700 JavaThread "Attach Listener"            daemon [_thread_blocked, id=22144, stack(0x000000fcc5800000,0x000000fcc5900000) (1024K)]
  0x000002a3c384eff0 JavaThread "Service Thread"             daemon [_thread_blocked, id=14004, stack(0x000000fcc5900000,0x000000fcc5a00000) (1024K)]
  0x000002a3c38598c0 JavaThread "Monitor Deflation Thread"   daemon [_thread_blocked, id=21196, stack(0x000000fcc5a00000,0x000000fcc5b00000) (1024K)]
  0x000002a3c385c3d0 JavaThread "C2 CompilerThread0"         daemon [_thread_blocked, id=41008, stack(0x000000fcc5b00000,0x000000fcc5c00000) (1024K)]
  0x000002a3c385cbc0 JavaThread "C1 CompilerThread0"         daemon [_thread_blocked, id=40764, stack(0x000000fcc5c00000,0x000000fcc5d00000) (1024K)]
  0x000002a3c385b300 JavaThread "Common-Cleaner"             daemon [_thread_blocked, id=17512, stack(0x000000fcc5e00000,0x000000fcc5f00000) (1024K)]
  0x000002a3c385a5e0 JavaThread "JDWP Event Helper Thread"   daemon [_thread_blocked, id=14600, stack(0x000000fcc6900000,0x000000fcc6a00000) (1024K)]
  0x000002a3c3859230 JavaThread "Notification Thread"        daemon [_thread_blocked, id=37928, stack(0x000000fcc6b00000,0x000000fcc6c00000) (1024K)]
  0x000002a3c3859f50 JavaThread "QuantumRenderer-0"          daemon [_thread_blocked, id=35476, stack(0x000000fcc6100000,0x000000fcc6200000) (1024K)]
  0x000002a40ac76ab0 JavaThread "InvokeLaterDispatcher"      daemon [_thread_blocked, id=40564, stack(0x000000fcc7100000,0x000000fcc7200000) (1024K)]
  0x000002a40ac75d90 JavaThread "JavaFX Application Thread"         [_thread_blocked, id=40888, stack(0x000000fcc7200000,0x000000fcc7300000) (1024K)]
  0x000002a40ac77140 JavaThread "Thread-1"                   daemon [_thread_in_native, id=36588, stack(0x000000fcc8a00000,0x000000fcc8b00000) (1024K)]
  0x000002a40ac7b970 JavaThread "JavaFX-Launcher"                   [_thread_blocked, id=41808, stack(0x000000fcc8b00000,0x000000fcc8c00000) (1024K)]
  0x000002a40ac7c690 JavaThread "Keep-Alive-Timer"           daemon [_thread_blocked, id=11804, stack(0x000000fcc9500000,0x000000fcc9600000) (1024K)]
  0x000002a40ac7cd20 JavaThread "Prism Font Disposer"        daemon [_thread_blocked, id=41380, stack(0x000000fcc8d00000,0x000000fcc8e00000) (1024K)]
  0x000002a415b25110 JavaThread "Cleaner-0"                  daemon [_thread_blocked, id=22856, stack(0x000000fcc9700000,0x000000fcc9800000) (1024K)]
  0x000002a41638e160 JavaThread "SIGINT handler"             daemon [_thread_blocked, id=34392, stack(0x000000fcc5d00000,0x000000fcc5e00000) (1024K)]
Total: 20

Other Threads:
=>0x000002a3c3820fb0 VMThread "VM Thread"                           [id=20036, stack(0x000000fcc5400000,0x000000fcc5500000) (1024K)]
  0x000002a39d49ae30 WorkerThread "GC Thread#0"                     [id=24248, stack(0x000000fcc4e00000,0x000000fcc4f00000) (1024K)]
  0x000002a40955a350 WorkerThread "GC Thread#1"                     [id=41108, stack(0x000000fcc6200000,0x000000fcc6300000) (1024K)]
  0x000002a409559490 WorkerThread "GC Thread#2"                     [id=29312, stack(0x000000fcc6300000,0x000000fcc6400000) (1024K)]
  0x000002a40a7287b0 WorkerThread "GC Thread#3"                     [id=35088, stack(0x000000fcc6400000,0x000000fcc6500000) (1024K)]
  0x000002a40a72a180 WorkerThread "GC Thread#4"                     [id=2764, stack(0x000000fcc6500000,0x000000fcc6600000) (1024K)]
  0x000002a40a727540 WorkerThread "GC Thread#5"                     [id=38060, stack(0x000000fcc6600000,0x000000fcc6700000) (1024K)]
  0x000002a40a72a530 WorkerThread "GC Thread#6"                     [id=19752, stack(0x000000fcc6700000,0x000000fcc6800000) (1024K)]
  0x000002a40a728050 WorkerThread "GC Thread#7"                     [id=4304, stack(0x000000fcc6c00000,0x000000fcc6d00000) (1024K)]
  0x000002a40a7292c0 WorkerThread "GC Thread#8"                     [id=16616, stack(0x000000fcc6d00000,0x000000fcc6e00000) (1024K)]
  0x000002a40a72b040 WorkerThread "GC Thread#9"                     [id=39940, stack(0x000000fcc6e00000,0x000000fcc6f00000) (1024K)]
  0x000002a40a728b60 WorkerThread "GC Thread#10"                    [id=41180, stack(0x000000fcc6f00000,0x000000fcc7000000) (1024K)]
  0x000002a40a72ac90 WorkerThread "GC Thread#11"                    [id=35544, stack(0x000000fcc7000000,0x000000fcc7100000) (1024K)]
  0x000002a40a727ca0 WorkerThread "GC Thread#12"                    [id=35740, stack(0x000000fcc8e00000,0x000000fcc8f00000) (1024K)]
  0x000002a40a729670 WorkerThread "GC Thread#13"                    [id=7252, stack(0x000000fcc8f00000,0x000000fcc9000000) (1024K)]
  0x000002a40a728400 WorkerThread "GC Thread#14"                    [id=30028, stack(0x000000fcc9000000,0x000000fcc9100000) (1024K)]
  0x000002a39d4afac0 ConcurrentGCThread "G1 Main Marker"            terminated
  0x000002a39d4b2430 WorkerThread "G1 Conc#0"                       [id=31752, stack(0x000000fcc5000000,0x000000fcc5100000) (1024K)]
  0x000002a414806300 WorkerThread "G1 Conc#1"                       [id=40748, stack(0x000000fcc9200000,0x000000fcc9300000) (1024K)]
  0x000002a414807570 WorkerThread "G1 Conc#2"                       [id=29592, stack(0x000000fcc9300000,0x000000fcc9400000) (1024K)]
  0x000002a414808f40 WorkerThread "G1 Conc#3"                       [id=41836, stack(0x000000fcc9400000,0x000000fcc9500000) (1024K)]
  0x000002a3c36e0090 ConcurrentGCThread "G1 Refine#0"               terminated
  0x000002a3c36e05d0 ConcurrentGCThread "G1 Service"                terminated
Total: 23

Threads with active compile tasks:
C2 CompilerThread0  32934 6428       4       java.lang.String::<init> (98 bytes)
Total: 1

VM state: at safepoint (shutting down)

VM Mutex/Monitor currently owned by a thread:  ([mutex/lock_event])
[0x00007ffd9ee23910] Threads_lock - owner thread: 0x000002a3c3820fb0
[0x00007ffd9ee23a10] Heap_lock - owner thread: 0x000002a41638e160

Heap address: 0x0000000605800000, size: 8104 MB, Compressed Oops mode: Zero based, Oop shift amount: 3

CDS archive(s) mapped at: [0x000002a3c4000000-0x000002a3c4d70000-0x000002a3c4d70000), size 14090240, SharedBaseAddress: 0x000002a3c4000000, ArchiveRelocationMode: 1.
Compressed class space mapped at: 0x000002a3c5000000-0x000002a405000000, reserved size: 1073741824
Narrow klass base: 0x000002a3c4000000, Narrow klass shift: 0, Narrow klass range: 0x41000000

GC Precious Log:
 CardTable entry size: 512
 Card Set container configuration: InlinePtr #cards 4 size 8 Array Of Cards #cards 32 size 80 Howl #buckets 8 coarsen threshold 7372 Howl Bitmap #cards 1024 size 144 coarsen threshold 921 Card regions per heap region 1 cards per card region 8192
 CPUs: 20 total, 20 available
 Memory: 32400M
 Large Page Support: Disabled
 NUMA Support: Disabled
 Compressed Oops: Enabled (Zero based)
 Heap Region Size: 4M
 Heap Min Capacity: 8M
 Heap Initial Capacity: 508M
 Heap Max Capacity: 8104M
 Pre-touch: Disabled
 Parallel Workers: 15
 Concurrent Workers: 4
 Concurrent Refinement Workers: 15
 Periodic GC: Disabled

Heap:
 garbage-first heap   total reserved 8298496K, committed 446464K, used 323583K [0x0000000605800000, 0x0000000800000000)
  region size 4096K, 4 young (16384K), 2 survivors (8192K)
 Metaspace       used 36027K, committed 36416K, reserved 1114112K
  class space    used 4484K, committed 4608K, reserved 1048576K

Heap Regions: E=young(eden), S=young(survivor), O=old, HS=humongous(starts), HC=humongous(continues), CS=collection set, F=free, TAMS=top-at-mark-start, PB=parsable bottom
|   0|0x0000000605800000, 0x0000000605c00000, 0x0000000605c00000|100%| O|Cm|TAMS 0x0000000605800000| PB 0x0000000605800000| Complete |  0
|   1|0x0000000605c00000, 0x0000000605c00000, 0x0000000606000000|  0%| F|  |TAMS 0x0000000605c00000| PB 0x0000000605c00000| Untracked |  0
|   2|0x0000000606000000, 0x0000000606000000, 0x0000000606400000|  0%| F|  |TAMS 0x0000000606000000| PB 0x0000000606000000| Untracked |  0
|   3|0x0000000606400000, 0x0000000606400000, 0x0000000606800000|  0%| F|  |TAMS 0x0000000606400000| PB 0x0000000606400000| Untracked |  0
|   4|0x0000000606800000, 0x0000000606800000, 0x0000000606c00000|  0%| F|  |TAMS 0x0000000606800000| PB 0x0000000606800000| Untracked |  0
|   5|0x0000000606c00000, 0x0000000606c00000, 0x0000000607000000|  0%| F|  |TAMS 0x0000000606c00000| PB 0x0000000606c00000| Untracked |  0
|   6|0x0000000607000000, 0x0000000607000000, 0x0000000607400000|  0%| F|  |TAMS 0x0000000607000000| PB 0x0000000607000000| Untracked |  0
|   7|0x0000000607400000, 0x0000000607400000, 0x0000000607800000|  0%| F|  |TAMS 0x0000000607400000| PB 0x0000000607400000| Untracked |  0
|   8|0x0000000607800000, 0x0000000607800000, 0x0000000607c00000|  0%| F|  |TAMS 0x0000000607800000| PB 0x0000000607800000| Untracked |  0
|   9|0x0000000607c00000, 0x0000000607c00000, 0x0000000608000000|  0%| F|  |TAMS 0x0000000607c00000| PB 0x0000000607c00000| Untracked |  0
|  10|0x0000000608000000, 0x0000000608400000, 0x0000000608400000|100%| O|  |TAMS 0x0000000608000000| PB 0x0000000608000000| Untracked |  0
|  11|0x0000000608400000, 0x0000000608800000, 0x0000000608800000|100%| O|  |TAMS 0x0000000608400000| PB 0x0000000608400000| Untracked |  0
|  12|0x0000000608800000, 0x0000000608c00000, 0x0000000608c00000|100%|HS|  |TAMS 0x0000000608800000| PB 0x0000000608800000| Complete |  0
|  13|0x0000000608c00000, 0x0000000609000000, 0x0000000609000000|100%|HC|  |TAMS 0x0000000608c00000| PB 0x0000000608c00000| Complete |  0
|  14|0x0000000609000000, 0x0000000609400000, 0x0000000609400000|100%|HC|  |TAMS 0x0000000609000000| PB 0x0000000609000000| Complete |  0
|  15|0x0000000609400000, 0x0000000609800000, 0x0000000609800000|100%|HC|  |TAMS 0x0000000609400000| PB 0x0000000609400000| Complete |  0
|  16|0x0000000609800000, 0x0000000609c00000, 0x0000000609c00000|100%|HC|  |TAMS 0x0000000609800000| PB 0x0000000609800000| Complete |  0
|  17|0x0000000609c00000, 0x000000060a000000, 0x000000060a000000|100%|HC|  |TAMS 0x0000000609c00000| PB 0x0000000609c00000| Complete |  0
|  18|0x000000060a000000, 0x000000060a400000, 0x000000060a400000|100%|HC|  |TAMS 0x000000060a000000| PB 0x000000060a000000| Complete |  0
|  19|0x000000060a400000, 0x000000060a800000, 0x000000060a800000|100%|HC|  |TAMS 0x000000060a400000| PB 0x000000060a400000| Complete |  0
|  20|0x000000060a800000, 0x000000060ac00000, 0x000000060ac00000|100%|HC|  |TAMS 0x000000060a800000| PB 0x000000060a800000| Complete |  0
|  21|0x000000060ac00000, 0x000000060b000000, 0x000000060b000000|100%|HC|  |TAMS 0x000000060ac00000| PB 0x000000060ac00000| Complete |  0
|  22|0x000000060b000000, 0x000000060b400000, 0x000000060b400000|100%|HS|  |TAMS 0x000000060b000000| PB 0x000000060b000000| Complete |  0
|  23|0x000000060b400000, 0x000000060b800000, 0x000000060b800000|100%|HC|  |TAMS 0x000000060b400000| PB 0x000000060b400000| Complete |  0
|  24|0x000000060b800000, 0x000000060bc00000, 0x000000060bc00000|100%|HC|  |TAMS 0x000000060b800000| PB 0x000000060b800000| Complete |  0
|  25|0x000000060bc00000, 0x000000060c000000, 0x000000060c000000|100%|HC|  |TAMS 0x000000060bc00000| PB 0x000000060bc00000| Complete |  0
|  26|0x000000060c000000, 0x000000060c400000, 0x000000060c400000|100%|HC|  |TAMS 0x000000060c000000| PB 0x000000060c000000| Complete |  0
|  27|0x000000060c400000, 0x000000060c800000, 0x000000060c800000|100%|HC|  |TAMS 0x000000060c400000| PB 0x000000060c400000| Complete |  0
|  28|0x000000060c800000, 0x000000060cc00000, 0x000000060cc00000|100%|HC|  |TAMS 0x000000060c800000| PB 0x000000060c800000| Complete |  0
|  29|0x000000060cc00000, 0x000000060d000000, 0x000000060d000000|100%|HC|  |TAMS 0x000000060cc00000| PB 0x000000060cc00000| Complete |  0
|  30|0x000000060d000000, 0x000000060d400000, 0x000000060d400000|100%|HC|  |TAMS 0x000000060d000000| PB 0x000000060d000000| Complete |  0
|  31|0x000000060d400000, 0x000000060d800000, 0x000000060d800000|100%|HC|  |TAMS 0x000000060d400000| PB 0x000000060d400000| Complete |  0
|  32|0x000000060d800000, 0x000000060dc00000, 0x000000060dc00000|100%|HC|  |TAMS 0x000000060d800000| PB 0x000000060d800000| Complete |  0
|  33|0x000000060dc00000, 0x000000060e000000, 0x000000060e000000|100%|HC|  |TAMS 0x000000060dc00000| PB 0x000000060dc00000| Complete |  0
|  34|0x000000060e000000, 0x000000060e400000, 0x000000060e400000|100%|HS|  |TAMS 0x000000060e000000| PB 0x000000060e000000| Complete |  0
|  35|0x000000060e400000, 0x000000060e800000, 0x000000060e800000|100%|HC|  |TAMS 0x000000060e400000| PB 0x000000060e400000| Complete |  0
|  36|0x000000060e800000, 0x000000060ec00000, 0x000000060ec00000|100%|HC|  |TAMS 0x000000060e800000| PB 0x000000060e800000| Complete |  0
|  37|0x000000060ec00000, 0x000000060f000000, 0x000000060f000000|100%|HC|  |TAMS 0x000000060ec00000| PB 0x000000060ec00000| Complete |  0
|  38|0x000000060f000000, 0x000000060f400000, 0x000000060f400000|100%|HC|  |TAMS 0x000000060f000000| PB 0x000000060f000000| Complete |  0
|  39|0x000000060f400000, 0x000000060f800000, 0x000000060f800000|100%|HC|  |TAMS 0x000000060f400000| PB 0x000000060f400000| Complete |  0
|  40|0x000000060f800000, 0x000000060fc00000, 0x000000060fc00000|100%|HC|  |TAMS 0x000000060f800000| PB 0x000000060f800000| Complete |  0
|  41|0x000000060fc00000, 0x0000000610000000, 0x0000000610000000|100%|HC|  |TAMS 0x000000060fc00000| PB 0x000000060fc00000| Complete |  0
|  42|0x0000000610000000, 0x0000000610400000, 0x0000000610400000|100%|HC|  |TAMS 0x0000000610000000| PB 0x0000000610000000| Complete |  0
|  43|0x0000000610400000, 0x0000000610800000, 0x0000000610800000|100%|HC|  |TAMS 0x0000000610400000| PB 0x0000000610400000| Complete |  0
|  44|0x0000000610800000, 0x0000000610bffc00, 0x0000000610c00000| 99%| O|  |TAMS 0x0000000610800000| PB 0x0000000610800000| Untracked |  0
|  45|0x0000000610c00000, 0x0000000611000000, 0x0000000611000000|100%|HS|  |TAMS 0x0000000610c00000| PB 0x0000000610c00000| Complete |  0
|  46|0x0000000611000000, 0x0000000611400000, 0x0000000611400000|100%|HC|  |TAMS 0x0000000611000000| PB 0x0000000611000000| Complete |  0
|  47|0x0000000611400000, 0x0000000611800000, 0x0000000611800000|100%|HC|  |TAMS 0x0000000611400000| PB 0x0000000611400000| Complete |  0
|  48|0x0000000611800000, 0x0000000611c00000, 0x0000000611c00000|100%|HC|  |TAMS 0x0000000611800000| PB 0x0000000611800000| Complete |  0
|  49|0x0000000611c00000, 0x0000000612000000, 0x0000000612000000|100%|HC|  |TAMS 0x0000000611c00000| PB 0x0000000611c00000| Complete |  0
|  50|0x0000000612000000, 0x0000000612400000, 0x0000000612400000|100%|HC|  |TAMS 0x0000000612000000| PB 0x0000000612000000| Complete |  0
|  51|0x0000000612400000, 0x0000000612800000, 0x0000000612800000|100%|HC|  |TAMS 0x0000000612400000| PB 0x0000000612400000| Complete |  0
|  52|0x0000000612800000, 0x0000000612c00000, 0x0000000612c00000|100%|HC|  |TAMS 0x0000000612800000| PB 0x0000000612800000| Complete |  0
|  53|0x0000000612c00000, 0x0000000613000000, 0x0000000613000000|100%|HC|  |TAMS 0x0000000612c00000| PB 0x0000000612c00000| Complete |  0
|  54|0x0000000613000000, 0x0000000613400000, 0x0000000613400000|100%|HC|  |TAMS 0x0000000613000000| PB 0x0000000613000000| Complete |  0
|  55|0x0000000613400000, 0x0000000613400000, 0x0000000613800000|  0%| F|  |TAMS 0x0000000613400000| PB 0x0000000613400000| Untracked |  0
|  56|0x0000000613800000, 0x0000000613c00000, 0x0000000613c00000|100%|HS|  |TAMS 0x0000000613800000| PB 0x0000000613800000| Complete |  0
|  57|0x0000000613c00000, 0x0000000614000000, 0x0000000614000000|100%|HC|  |TAMS 0x0000000613c00000| PB 0x0000000613c00000| Complete |  0
|  58|0x0000000614000000, 0x0000000614400000, 0x0000000614400000|100%|HC|  |TAMS 0x0000000614000000| PB 0x0000000614000000| Complete |  0
|  59|0x0000000614400000, 0x0000000614800000, 0x0000000614800000|100%|HC|  |TAMS 0x0000000614400000| PB 0x0000000614400000| Complete |  0
|  60|0x0000000614800000, 0x0000000614c00000, 0x0000000614c00000|100%|HC|  |TAMS 0x0000000614800000| PB 0x0000000614800000| Complete |  0
|  61|0x0000000614c00000, 0x0000000615000000, 0x0000000615000000|100%|HC|  |TAMS 0x0000000614c00000| PB 0x0000000614c00000| Complete |  0
|  62|0x0000000615000000, 0x0000000615400000, 0x0000000615400000|100%|HC|  |TAMS 0x0000000615000000| PB 0x0000000615000000| Complete |  0
|  63|0x0000000615400000, 0x0000000615800000, 0x0000000615800000|100%|HC|  |TAMS 0x0000000615400000| PB 0x0000000615400000| Complete |  0
|  64|0x0000000615800000, 0x0000000615c00000, 0x0000000615c00000|100%|HC|  |TAMS 0x0000000615800000| PB 0x0000000615800000| Complete |  0
|  65|0x0000000615c00000, 0x0000000616000000, 0x0000000616000000|100%|HS|  |TAMS 0x0000000615c00000| PB 0x0000000615c00000| Complete |  0
|  66|0x0000000616000000, 0x0000000616400000, 0x0000000616400000|100%|HC|  |TAMS 0x0000000616000000| PB 0x0000000616000000| Complete |  0
|  67|0x0000000616400000, 0x0000000616800000, 0x0000000616800000|100%|HC|  |TAMS 0x0000000616400000| PB 0x0000000616400000| Complete |  0
|  68|0x0000000616800000, 0x0000000616c00000, 0x0000000616c00000|100%|HC|  |TAMS 0x0000000616800000| PB 0x0000000616800000| Complete |  0
|  69|0x0000000616c00000, 0x0000000617000000, 0x0000000617000000|100%|HC|  |TAMS 0x0000000616c00000| PB 0x0000000616c00000| Complete |  0
|  70|0x0000000617000000, 0x0000000617400000, 0x0000000617400000|100%|HC|  |TAMS 0x0000000617000000| PB 0x0000000617000000| Complete |  0
|  71|0x0000000617400000, 0x0000000617800000, 0x0000000617800000|100%|HC|  |TAMS 0x0000000617400000| PB 0x0000000617400000| Complete |  0
|  72|0x0000000617800000, 0x0000000617c00000, 0x0000000617c00000|100%|HC|  |TAMS 0x0000000617800000| PB 0x0000000617800000| Complete |  0
|  73|0x0000000617c00000, 0x0000000618000000, 0x0000000618000000|100%|HC|  |TAMS 0x0000000617c00000| PB 0x0000000617c00000| Complete |  0
|  74|0x0000000618000000, 0x0000000618400000, 0x0000000618400000|100%|HC|  |TAMS 0x0000000618000000| PB 0x0000000618000000| Complete |  0
|  75|0x0000000618400000, 0x0000000618800000, 0x0000000618800000|100%|HS|  |TAMS 0x0000000618400000| PB 0x0000000618400000| Complete |  0
|  76|0x0000000618800000, 0x0000000618c00000, 0x0000000618c00000|100%|HC|  |TAMS 0x0000000618800000| PB 0x0000000618800000| Complete |  0
|  77|0x0000000618c00000, 0x0000000619000000, 0x0000000619000000|100%|HC|  |TAMS 0x0000000618c00000| PB 0x0000000618c00000| Complete |  0
|  78|0x0000000619000000, 0x0000000619400000, 0x0000000619400000|100%|HC|  |TAMS 0x0000000619000000| PB 0x0000000619000000| Complete |  0
|  79|0x0000000619400000, 0x0000000619800000, 0x0000000619800000|100%|HC|  |TAMS 0x0000000619400000| PB 0x0000000619400000| Complete |  0
|  80|0x0000000619800000, 0x0000000619c00000, 0x0000000619c00000|100%|HC|  |TAMS 0x0000000619800000| PB 0x0000000619800000| Complete |  0
|  81|0x0000000619c00000, 0x000000061a000000, 0x000000061a000000|100%|HC|  |TAMS 0x0000000619c00000| PB 0x0000000619c00000| Complete |  0
|  82|0x000000061a000000, 0x000000061a400000, 0x000000061a400000|100%|HC|  |TAMS 0x000000061a000000| PB 0x000000061a000000| Complete |  0
|  83|0x000000061a400000, 0x000000061a800000, 0x000000061a800000|100%|HC|  |TAMS 0x000000061a400000| PB 0x000000061a400000| Complete |  0
|  84|0x000000061a800000, 0x000000061ac00000, 0x000000061ac00000|100%|HC|  |TAMS 0x000000061a800000| PB 0x000000061a800000| Complete |  0
|  85|0x000000061ac00000, 0x000000061ac00000, 0x000000061b000000|  0%| F|  |TAMS 0x000000061ac00000| PB 0x000000061ac00000| Untracked |  0
|  86|0x000000061b000000, 0x000000061b000000, 0x000000061b400000|  0%| F|  |TAMS 0x000000061b000000| PB 0x000000061b000000| Untracked |  0
|  87|0x000000061b400000, 0x000000061b400000, 0x000000061b800000|  0%| F|  |TAMS 0x000000061b400000| PB 0x000000061b400000| Untracked |  0
|  88|0x000000061b800000, 0x000000061b800000, 0x000000061bc00000|  0%| F|  |TAMS 0x000000061b800000| PB 0x000000061b800000| Untracked |  0
|  89|0x000000061bc00000, 0x000000061bc00000, 0x000000061c000000|  0%| F|  |TAMS 0x000000061bc00000| PB 0x000000061bc00000| Untracked |  0
|  90|0x000000061c000000, 0x000000061c000000, 0x000000061c400000|  0%| F|  |TAMS 0x000000061c000000| PB 0x000000061c000000| Untracked |  0
|  91|0x000000061c400000, 0x000000061c400000, 0x000000061c800000|  0%| F|  |TAMS 0x000000061c400000| PB 0x000000061c400000| Untracked |  0
|  92|0x000000061c800000, 0x000000061c800000, 0x000000061cc00000|  0%| F|  |TAMS 0x000000061c800000| PB 0x000000061c800000| Untracked |  0
|  93|0x000000061cc00000, 0x000000061cc00000, 0x000000061d000000|  0%| F|  |TAMS 0x000000061cc00000| PB 0x000000061cc00000| Untracked |  0
|  94|0x000000061d000000, 0x000000061d000000, 0x000000061d400000|  0%| F|  |TAMS 0x000000061d000000| PB 0x000000061d000000| Untracked |  0
|  95|0x000000061d400000, 0x000000061d400000, 0x000000061d800000|  0%| F|  |TAMS 0x000000061d400000| PB 0x000000061d400000| Untracked |  0
|  96|0x000000061d800000, 0x000000061d800000, 0x000000061dc00000|  0%| F|  |TAMS 0x000000061d800000| PB 0x000000061d800000| Untracked |  0
|  97|0x000000061dc00000, 0x000000061dc00000, 0x000000061e000000|  0%| F|  |TAMS 0x000000061dc00000| PB 0x000000061dc00000| Untracked |  0
|  98|0x000000061e000000, 0x000000061e000000, 0x000000061e400000|  0%| F|  |TAMS 0x000000061e000000| PB 0x000000061e000000| Untracked |  0
|  99|0x000000061e400000, 0x000000061e400000, 0x000000061e800000|  0%| F|  |TAMS 0x000000061e400000| PB 0x000000061e400000| Untracked |  0
| 100|0x000000061e800000, 0x000000061e800000, 0x000000061ec00000|  0%| F|  |TAMS 0x000000061e800000| PB 0x000000061e800000| Untracked |  0
| 101|0x000000061ec00000, 0x000000061ec00000, 0x000000061f000000|  0%| F|  |TAMS 0x000000061ec00000| PB 0x000000061ec00000| Untracked |  0
| 102|0x000000061f000000, 0x000000061f400000, 0x000000061f400000|100%| S|CS|TAMS 0x000000061f000000| PB 0x000000061f000000| Complete |  0
| 103|0x000000061f400000, 0x000000061f800000, 0x000000061f800000|100%| S|CS|TAMS 0x000000061f400000| PB 0x000000061f400000| Complete |  0
| 104|0x000000061f800000, 0x000000061f800000, 0x000000061fc00000|  0%| F|  |TAMS 0x000000061f800000| PB 0x000000061f800000| Untracked |  0
| 115|0x0000000622400000, 0x0000000622400000, 0x0000000622800000|  0%| F|  |TAMS 0x0000000622400000| PB 0x0000000622400000| Untracked |  0
| 116|0x0000000622800000, 0x0000000622c00000, 0x0000000622c00000|100%| E|  |TAMS 0x0000000622800000| PB 0x0000000622800000| Complete |  0
| 126|0x0000000625000000, 0x0000000625400000, 0x0000000625400000|100%| E|CS|TAMS 0x0000000625000000| PB 0x0000000625000000| Complete |  0
|2025|0x00000007ffc00000, 0x0000000800000000, 0x0000000800000000|100%| O|  |TAMS 0x00000007ffc00000| PB 0x00000007ffc00000| Untracked |  0

Card table byte_map: [0x000002a3b7740000,0x000002a3b8720000] _byte_map_base: 0x000002a3b4714000

Marking Bits: (CMBitMap*) 0x000002a39d49b450
 Bits: [0x000002a3b8720000, 0x000002a3c05c0000)

Polling page: 0x000002a39b360000

Metaspace:

Usage:
  Non-class:     30.80 MB used.
      Class:      4.38 MB used.
       Both:     35.18 MB used.

Virtual space:
  Non-class space:       64.00 MB reserved,      31.06 MB ( 49%) committed,  1 nodes.
      Class space:        1.00 GB reserved,       4.50 MB ( <1%) committed,  1 nodes.
             Both:        1.06 GB reserved,      35.56 MB (  3%) committed. 

Chunk freelists:
   Non-Class:  368.00 KB
       Class:  11.31 MB
        Both:  11.67 MB

MaxMetaspaceSize: unlimited
CompressedClassSpaceSize: 1.00 GB
Initial GC threshold: 21.00 MB
Current GC threshold: 58.88 MB
CDS: on
 - commit_granule_bytes: 65536.
 - commit_granule_words: 8192.
 - virtual_space_node_default_size: 8388608.
 - enlarge_chunks_in_place: 1.
 - use_allocation_guard: 0.


Internal statistics:

num_allocs_failed_limit: 3.
num_arena_births: 420.
num_arena_deaths: 0.
num_vsnodes_births: 2.
num_vsnodes_deaths: 0.
num_space_committed: 569.
num_space_uncommitted: 0.
num_chunks_returned_to_freelist: 3.
num_chunks_taken_from_freelist: 1254.
num_chunk_merges: 0.
num_chunk_splits: 874.
num_chunks_enlarged: 664.
num_inconsistent_stats: 0.

CodeHeap 'non-profiled nmethods': size=119232Kb used=2032Kb max_used=2032Kb free=117199Kb
 bounds [0x000002a3ae300000, 0x000002a3ae570000, 0x000002a3b5770000]
CodeHeap 'profiled nmethods': size=119104Kb used=9645Kb max_used=9645Kb free=109458Kb
 bounds [0x000002a3a6770000, 0x000002a3a70f0000, 0x000002a3adbc0000]
CodeHeap 'non-nmethods': size=7424Kb used=2007Kb max_used=3746Kb free=5417Kb
 bounds [0x000002a3adbc0000, 0x000002a3adf80000, 0x000002a3ae300000]
CodeCache: size=245760Kb, used=13684Kb, max_used=15423Kb, free=232074Kb
 total_blobs=6733, nmethods=5779, adapters=859, full_count=0
Compilation: enabled, stopped_count=0, restarted_count=0

Compilation events (20 events):
Event: 20.725 Thread 0x000002a3c385cbc0 6418       1       java.lang.StackStreamFactory$FrameBuffer::startIndex (2 bytes)
Event: 20.726 Thread 0x000002a3c385cbc0 nmethod 6418 0x000002a3ae46e288 code [0x000002a3ae46e3a0, 0x000002a3ae46e468]
Event: 20.726 Thread 0x000002a3c385c3d0 nmethod 6419 0x000002a3ae46df88 code [0x000002a3ae46e0a0, 0x000002a3ae46e1e8]
Event: 20.728 Thread 0x000002a3c385cbc0 6420       3       java.util.TreeSet::iterator (15 bytes)
Event: 20.728 Thread 0x000002a3c385cbc0 nmethod 6420 0x000002a3a6d00d08 code [0x000002a3a6d00e40, 0x000002a3a6d010e8]
Event: 20.728 Thread 0x000002a3c385cbc0 6421       3       java.util.TreeMap::navigableKeySet (27 bytes)
Event: 20.728 Thread 0x000002a3c385cbc0 nmethod 6421 0x000002a3a6d00788 code [0x000002a3a6d008c0, 0x000002a3a6d00cb0]
Event: 20.728 Thread 0x000002a3c385cbc0 6422       3       java.util.TreeMap$KeySet::iterator (32 bytes)
Event: 20.729 Thread 0x000002a3c385cbc0 nmethod 6422 0x000002a3a6d32588 code [0x000002a3a6d32700, 0x000002a3a6d32e28]
Event: 20.729 Thread 0x000002a3c385cbc0 6423       3       java.util.TreeMap::keyIterator (13 bytes)
Event: 20.729 Thread 0x000002a3c385cbc0 nmethod 6423 0x000002a3a6d31f08 code [0x000002a3a6d32060, 0x000002a3a6d32518]
Event: 20.729 Thread 0x000002a3c385cbc0 6424       3       java.util.TreeMap$KeyIterator::<init> (7 bytes)
Event: 20.729 Thread 0x000002a3c385cbc0 nmethod 6424 0x000002a3a67a8388 code [0x000002a3a67a84c0, 0x000002a3a67a8790]
Event: 20.731 Thread 0x000002a3c385c3d0 6425       4       com.sun.org.apache.xerces.internal.util.SymbolTable::hash (53 bytes)
Event: 20.733 Thread 0x000002a3c385cbc0 6426       3       java.io.FileDescriptor::<init> (17 bytes)
Event: 20.733 Thread 0x000002a3c385cbc0 nmethod 6426 0x000002a3a6909408 code [0x000002a3a6909520, 0x000002a3a6909698]
Event: 20.737 Thread 0x000002a3c385c3d0 nmethod 6425 0x000002a3ae46dc08 code [0x000002a3ae46dd00, 0x000002a3ae46df08]
Event: 20.941 Thread 0x000002a3c385cbc0 6427       3       com.sun.javafx.css.parser.LexerState::<init> (110 bytes)
Event: 20.942 Thread 0x000002a3c385cbc0 nmethod 6427 0x000002a3a67a7a08 code [0x000002a3a67a7b60, 0x000002a3a67a82e8]
Event: 31.782 Thread 0x000002a3c385c3d0 6428       4       java.lang.String::<init> (98 bytes)

GC Heap History (20 events):
Event: 1.187 GC heap before
{Heap before GC invocations=0 (full 0):
 garbage-first heap   total reserved 8298496K, committed 520192K, used 24576K [0x0000000605800000, 0x0000000800000000)
  region size 4096K, 6 young (24576K), 0 survivors (0K)
 Metaspace       used 3340K, committed 3520K, reserved 1114112K
  class space    used 335K, committed 448K, reserved 1048576K
}
Event: 1.192 GC heap after
{Heap after GC invocations=1 (full 0):
 garbage-first heap   total reserved 8298496K, committed 520192K, used 2281K [0x0000000605800000, 0x0000000800000000)
  region size 4096K, 1 young (4096K), 1 survivors (4096K)
 Metaspace       used 3340K, committed 3520K, reserved 1114112K
  class space    used 335K, committed 448K, reserved 1048576K
}
Event: 2.109 GC heap before
{Heap before GC invocations=1 (full 0):
 garbage-first heap   total reserved 8298496K, committed 520192K, used 22761K [0x0000000605800000, 0x0000000800000000)
  region size 4096K, 7 young (28672K), 1 survivors (4096K)
 Metaspace       used 12111K, committed 12416K, reserved 1114112K
  class space    used 1381K, committed 1536K, reserved 1048576K
}
Event: 2.115 GC heap after
{Heap after GC invocations=2 (full 0):
 garbage-first heap   total reserved 8298496K, committed 520192K, used 5087K [0x0000000605800000, 0x0000000800000000)
  region size 4096K, 1 young (4096K), 1 survivors (4096K)
 Metaspace       used 12111K, committed 12416K, reserved 1114112K
  class space    used 1381K, committed 1536K, reserved 1048576K
}
Event: 3.315 GC heap before
{Heap before GC invocations=2 (full 0):
 garbage-first heap   total reserved 8298496K, committed 520192K, used 70623K [0x0000000605800000, 0x0000000800000000)
  region size 4096K, 10 young (40960K), 1 survivors (4096K)
 Metaspace       used 21214K, committed 21504K, reserved 1114112K
  class space    used 2516K, committed 2624K, reserved 1048576K
}
Event: 3.322 GC heap after
{Heap after GC invocations=3 (full 0):
 garbage-first heap   total reserved 8298496K, committed 520192K, used 46366K [0x0000000605800000, 0x0000000800000000)
  region size 4096K, 2 young (8192K), 2 survivors (8192K)
 Metaspace       used 21214K, committed 21504K, reserved 1114112K
  class space    used 2516K, committed 2624K, reserved 1048576K
}
Event: 4.141 GC heap before
{Heap before GC invocations=4 (full 0):
 garbage-first heap   total reserved 8298496K, committed 163840K, used 50462K [0x0000000605800000, 0x0000000800000000)
  region size 4096K, 5 young (20480K), 2 survivors (8192K)
 Metaspace       used 22987K, committed 23360K, reserved 1114112K
  class space    used 2757K, committed 2944K, reserved 1048576K
}
Event: 4.147 GC heap after
{Heap after GC invocations=5 (full 0):
 garbage-first heap   total reserved 8298496K, committed 163840K, used 47627K [0x0000000605800000, 0x0000000800000000)
  region size 4096K, 1 young (4096K), 1 survivors (4096K)
 Metaspace       used 22987K, committed 23360K, reserved 1114112K
  class space    used 2757K, committed 2944K, reserved 1048576K
}
Event: 4.646 GC heap before
{Heap before GC invocations=5 (full 0):
 garbage-first heap   total reserved 8298496K, committed 163840K, used 92683K [0x0000000605800000, 0x0000000800000000)
  region size 4096K, 3 young (12288K), 1 survivors (4096K)
 Metaspace       used 23741K, committed 24064K, reserved 1114112K
  class space    used 2872K, committed 3008K, reserved 1048576K
}
Event: 4.648 GC heap after
{Heap after GC invocations=6 (full 0):
 garbage-first heap   total reserved 8298496K, committed 163840K, used 88318K [0x0000000605800000, 0x0000000800000000)
  region size 4096K, 1 young (4096K), 1 survivors (4096K)
 Metaspace       used 23741K, committed 24064K, reserved 1114112K
  class space    used 2872K, committed 3008K, reserved 1048576K
}
Event: 11.076 GC heap before
{Heap before GC invocations=7 (full 0):
 garbage-first heap   total reserved 8298496K, committed 282624K, used 264446K [0x0000000605800000, 0x0000000800000000)
  region size 4096K, 12 young (49152K), 1 survivors (4096K)
 Metaspace       used 31918K, committed 32320K, reserved 1114112K
  class space    used 3994K, committed 4160K, reserved 1048576K
}
Event: 11.079 GC heap after
{Heap after GC invocations=8 (full 0):
 garbage-first heap   total reserved 8298496K, committed 282624K, used 181603K [0x0000000605800000, 0x0000000800000000)
  region size 4096K, 2 young (8192K), 2 survivors (8192K)
 Metaspace       used 31918K, committed 32320K, reserved 1114112K
  class space    used 3994K, committed 4160K, reserved 1048576K
}
Event: 12.871 GC heap before
{Heap before GC invocations=8 (full 0):
 garbage-first heap   total reserved 8298496K, committed 282624K, used 271715K [0x0000000605800000, 0x0000000800000000)
  region size 4096K, 7 young (28672K), 2 survivors (8192K)
 Metaspace       used 34652K, committed 35008K, reserved 1114112K
  class space    used 4404K, committed 4544K, reserved 1048576K
}
Event: 12.879 GC heap after
{Heap after GC invocations=9 (full 0):
 garbage-first heap   total reserved 8298496K, committed 294912K, used 260895K [0x0000000605800000, 0x0000000800000000)
  region size 4096K, 2 young (8192K), 2 survivors (8192K)
 Metaspace       used 34652K, committed 35008K, reserved 1114112K
  class space    used 4404K, committed 4544K, reserved 1048576K
}
Event: 12.964 GC heap before
{Heap before GC invocations=9 (full 0):
 garbage-first heap   total reserved 8298496K, committed 294912K, used 264991K [0x0000000605800000, 0x0000000800000000)
  region size 4096K, 3 young (12288K), 2 survivors (8192K)
 Metaspace       used 34905K, committed 35264K, reserved 1114112K
  class space    used 4447K, committed 4608K, reserved 1048576K
}
Event: 12.969 GC heap after
{Heap after GC invocations=10 (full 0):
 garbage-first heap   total reserved 8298496K, committed 294912K, used 262948K [0x0000000605800000, 0x0000000800000000)
  region size 4096K, 1 young (4096K), 1 survivors (4096K)
 Metaspace       used 34905K, committed 35264K, reserved 1114112K
  class space    used 4447K, committed 4608K, reserved 1048576K
}
Event: 13.310 GC heap before
{Heap before GC invocations=11 (full 0):
 garbage-first heap   total reserved 8298496K, committed 446464K, used 267044K [0x0000000605800000, 0x0000000800000000)
  region size 4096K, 3 young (12288K), 1 survivors (4096K)
 Metaspace       used 35154K, committed 35520K, reserved 1114112K
  class space    used 4452K, committed 4608K, reserved 1048576K
}
Event: 13.313 GC heap after
{Heap after GC invocations=12 (full 0):
 garbage-first heap   total reserved 8298496K, committed 446464K, used 265160K [0x0000000605800000, 0x0000000800000000)
  region size 4096K, 1 young (4096K), 1 survivors (4096K)
 Metaspace       used 35154K, committed 35520K, reserved 1114112K
  class space    used 4452K, committed 4608K, reserved 1048576K
}
Event: 16.381 GC heap before
{Heap before GC invocations=12 (full 0):
 garbage-first heap   total reserved 8298496K, committed 446464K, used 269256K [0x0000000605800000, 0x0000000800000000)
  region size 4096K, 4 young (16384K), 1 survivors (4096K)
 Metaspace       used 35777K, committed 36160K, reserved 1114112K
  class space    used 4460K, committed 4608K, reserved 1048576K
}
Event: 16.386 GC heap after
{Heap after GC invocations=13 (full 0):
 garbage-first heap   total reserved 8298496K, committed 446464K, used 270335K [0x0000000605800000, 0x0000000800000000)
  region size 4096K, 2 young (8192K), 2 survivors (8192K)
 Metaspace       used 35777K, committed 36160K, reserved 1114112K
  class space    used 4460K, committed 4608K, reserved 1048576K
}

Dll operation events (20 events):
Event: 1.053 Loaded shared library C:\Users\andre\.openjfx\cache\17.0.6\api-ms-win-crt-math-l1-1-0.dll
Event: 1.060 Loaded shared library C:\Users\andre\.openjfx\cache\17.0.6\api-ms-win-crt-multibyte-l1-1-0.dll
Event: 1.064 Loaded shared library C:\Users\andre\.openjfx\cache\17.0.6\api-ms-win-crt-private-l1-1-0.dll
Event: 1.068 Loaded shared library C:\Users\andre\.openjfx\cache\17.0.6\api-ms-win-crt-process-l1-1-0.dll
Event: 1.075 Loaded shared library C:\Users\andre\.openjfx\cache\17.0.6\api-ms-win-crt-runtime-l1-1-0.dll
Event: 1.079 Loaded shared library C:\Users\andre\.openjfx\cache\17.0.6\api-ms-win-crt-stdio-l1-1-0.dll
Event: 1.085 Loaded shared library C:\Users\andre\.openjfx\cache\17.0.6\api-ms-win-crt-string-l1-1-0.dll
Event: 1.091 Loaded shared library C:\Users\andre\.openjfx\cache\17.0.6\api-ms-win-crt-time-l1-1-0.dll
Event: 1.095 Loaded shared library C:\Users\andre\.openjfx\cache\17.0.6\api-ms-win-crt-utility-l1-1-0.dll
Event: 1.123 Loaded shared library C:\Users\andre\.openjfx\cache\17.0.6\ucrtbase.dll
Event: 1.130 Loaded shared library C:\Users\andre\.openjfx\cache\17.0.6\vcruntime140.dll
Event: 1.135 Loaded shared library C:\Users\andre\.openjfx\cache\17.0.6\vcruntime140_1.dll
Event: 1.150 Loaded shared library C:\Users\andre\.openjfx\cache\17.0.6\msvcp140.dll
Event: 1.154 Loaded shared library C:\Users\andre\.openjfx\cache\17.0.6\msvcp140_1.dll
Event: 1.159 Loaded shared library C:\Users\andre\.openjfx\cache\17.0.6\msvcp140_2.dll
Event: 1.237 Loaded shared library C:\Users\andre\.openjfx\cache\17.0.6\prism_d3d.dll
Event: 1.352 Loaded shared library C:\Users\andre\.openjfx\cache\17.0.6\glass.dll
Event: 1.745 Loaded shared library C:\Program Files\Java\jdk-23\bin\jimage.dll
Event: 2.591 Loaded shared library C:\Users\andre\.openjfx\cache\17.0.6\javafx_font.dll
Event: 3.141 Loaded shared library C:\Program Files\Java\jdk-23\bin\sunmscapi.dll

Deoptimization events (20 events):
Event: 20.731 Thread 0x000002a40ac75d90 DEOPT PACKING pc=0x000002a3a6d97dcc sp=0x000000fcc72f9270
Event: 20.731 Thread 0x000002a40ac75d90 DEOPT UNPACKING pc=0x000002a3adc14b22 sp=0x000000fcc72f88c0 mode 1
Event: 20.731 Thread 0x000002a40ac75d90 DEOPT PACKING pc=0x000002a3a6d6b744 sp=0x000000fcc72f90b0
Event: 20.731 Thread 0x000002a40ac75d90 DEOPT UNPACKING pc=0x000002a3adc14b22 sp=0x000000fcc72f8610 mode 1
Event: 20.731 Thread 0x000002a40ac75d90 DEOPT PACKING pc=0x000002a3a6d97dcc sp=0x000000fcc72f91d0
Event: 20.731 Thread 0x000002a40ac75d90 DEOPT UNPACKING pc=0x000002a3adc14b22 sp=0x000000fcc72f8820 mode 1
Event: 20.732 Thread 0x000002a40ac75d90 DEOPT PACKING pc=0x000002a3a6a41324 sp=0x000000fcc72f98e0
Event: 20.732 Thread 0x000002a40ac75d90 DEOPT UNPACKING pc=0x000002a3adc14b22 sp=0x000000fcc72f8db8 mode 1
Event: 20.940 Thread 0x000002a40ac75d90 Uncommon trap: trap_request=0xffffffde fr.pc=0x000002a3ae4ad8a4 relative=0x0000000000000084
Event: 20.940 Thread 0x000002a40ac75d90 Uncommon trap: reason=class_check action=maybe_recompile pc=0x000002a3ae4ad8a4 method=com.sun.javafx.collections.VetoableListDecorator.size()I @ 4 c2
Event: 20.940 Thread 0x000002a40ac75d90 DEOPT PACKING pc=0x000002a3ae4ad8a4 sp=0x000000fcc72f9be0
Event: 20.940 Thread 0x000002a40ac75d90 DEOPT UNPACKING pc=0x000002a3adc14402 sp=0x000000fcc72f9b80 mode 2
Event: 20.940 Thread 0x000002a40ac75d90 Uncommon trap: trap_request=0xffffffde fr.pc=0x000002a3ae4ad8a4 relative=0x0000000000000084
Event: 20.940 Thread 0x000002a40ac75d90 Uncommon trap: reason=class_check action=maybe_recompile pc=0x000002a3ae4ad8a4 method=com.sun.javafx.collections.VetoableListDecorator.size()I @ 4 c2
Event: 20.940 Thread 0x000002a40ac75d90 DEOPT PACKING pc=0x000002a3ae4ad8a4 sp=0x000000fcc72f9be0
Event: 20.940 Thread 0x000002a40ac75d90 DEOPT UNPACKING pc=0x000002a3adc14402 sp=0x000000fcc72f9b80 mode 2
Event: 31.782 Thread 0x000002a3c3859f50 DEOPT PACKING pc=0x000002a3a6ca5c24 sp=0x000000fcc61feea0
Event: 31.782 Thread 0x000002a3c3859f50 DEOPT UNPACKING pc=0x000002a3adc14b22 sp=0x000000fcc61fe3d8 mode 1
Event: 31.782 Thread 0x000002a41638e7f0 DEOPT PACKING pc=0x000002a3a695bfdc sp=0x000000fcc60ff410
Event: 31.782 Thread 0x000002a41638e7f0 DEOPT UNPACKING pc=0x000002a3adc14b22 sp=0x000000fcc60fe870 mode 1

Classes loaded (20 events):
Event: 17.627 Loading class sun/text/SupplementaryCharacterData
Event: 17.627 Loading class sun/text/SupplementaryCharacterData done
Event: 20.717 Loading class com/sun/javafx/tk/quantum/WindowStage
Event: 20.717 Loading class com/sun/javafx/tk/quantum/WindowStage done
Event: 21.501 Loading class com/intellij/rt/debugger/BatchEvaluatorServer
Event: 21.501 Loading class com/intellij/rt/debugger/BatchEvaluatorServer done
Event: 21.501 Loading class jdk/internal/loader/URLClassPath$JarLoader$2
Event: 21.502 Loading class jdk/internal/loader/URLClassPath$JarLoader$2 done
Event: 22.285 Loading class java/io/DataOutputStream
Event: 22.285 Loading class java/io/DataOutputStream done
Event: 31.779 Loading class jdk/internal/misc/Signal$1
Event: 31.779 Loading class jdk/internal/misc/Signal$1 done
Event: 31.780 Loading class java/util/IdentityHashMap$KeyIterator
Event: 31.780 Loading class java/util/IdentityHashMap$KeyIterator done
Event: 31.781 Loading class com/sun/javafx/tk/quantum/QuantumRenderer
Event: 31.781 Loading class com/sun/javafx/tk/quantum/QuantumRenderer done
Event: 31.781 Loading class com/sun/javafx/font/PrismFontFile
Event: 31.781 Loading class com/sun/javafx/font/PrismFontFile done
Event: 31.782 Loading class com/sun/javafx/tk/quantum/QuantumToolkit
Event: 31.782 Loading class com/sun/javafx/tk/quantum/QuantumToolkit done

Classes unloaded (0 events):
No events

Classes redefined (1 events):
Event: 0.663 Thread 0x000002a3c3820fb0 redefined class name=java.lang.Throwable, count=1

Internal exceptions (20 events):
Event: 3.105 Thread 0x000002a40ac75d90 Exception <a 'java/lang/NoSuchMethodError'{0x0000000623146d20}: 'java.lang.Object java.lang.invoke.DirectMethodHandle$Holder.invokeStaticInit(java.lang.Object, java.lang.Object, int, int, int, int)'> (0x0000000623146d20) 
thrown [s\open\src\hotspot\share\interpreter\linkResolver.cpp, line 796]
Event: 3.171 Thread 0x000002a40ac75d90 Exception <a 'sun/nio/fs/WindowsException'{0x00000006232ecb30}> (0x00000006232ecb30) 
thrown [s\open\src\hotspot\share\prims\jni.cpp, line 520]
Event: 3.202 Thread 0x000002a40ac75d90 Exception <a 'java/lang/ClassNotFoundException'{0x0000000623314588}: jdk/net/ExtendedSocketOptions> (0x0000000623314588) 
thrown [s\open\src\hotspot\share\classfile\systemDictionary.cpp, line 313]
Event: 3.494 Thread 0x000002a40ac75d90 Exception <a 'java/lang/NoSuchMethodError'{0x000000062518d820}: 'void java.lang.invoke.DirectMethodHandle$Holder.invokeStaticInit(java.lang.Object, java.lang.Object, java.lang.Object)'> (0x000000062518d820) 
thrown [s\open\src\hotspot\share\interpreter\linkResolver.cpp, line 796]
Event: 5.269 Thread 0x000002a40ac75d90 Exception <a 'sun/nio/fs/WindowsException'{0x00000006250f9eb0}> (0x00000006250f9eb0) 
thrown [s\open\src\hotspot\share\prims\jni.cpp, line 520]
Event: 5.292 Thread 0x000002a40ac75d90 Exception <a 'java/lang/IncompatibleClassChangeError'{0x000000062528c3d8}: Found class java.lang.Object, but interface was expected> (0x000000062528c3d8) 
thrown [s\open\src\hotspot\share\interpreter\linkResolver.cpp, line 863]
Event: 5.356 Thread 0x000002a40ac75d90 Exception <a 'java/lang/ClassNotFoundException'{0x00000006229fc830}: com/sun/javafx/scene/control/skin/resources/controls> (0x00000006229fc830) 
thrown [s\open\src\hotspot\share\prims\jni.cpp, line 539]
Event: 5.357 Thread 0x000002a40ac75d90 Exception <a 'java/lang/ClassNotFoundException'{0x0000000622a0a600}: com/sun/javafx/scene/control/skin/resources/controls_pt> (0x0000000622a0a600) 
thrown [s\open\src\hotspot\share\prims\jni.cpp, line 539]
Event: 5.357 Thread 0x000002a40ac75d90 Exception <a 'java/lang/ClassNotFoundException'{0x0000000622a0b608}: com/sun/javafx/scene/control/skin/resources/controls_pt_PT> (0x0000000622a0b608) 
thrown [s\open\src\hotspot\share\prims\jni.cpp, line 539]
Event: 5.407 Thread 0x000002a40ac75d90 Exception <a 'java/lang/NoSuchMethodError'{0x0000000622bfc690}: 'void java.lang.invoke.DirectMethodHandle$Holder.invokeSpecial(java.lang.Object, java.lang.Object, java.lang.Object, java.lang.Object, java.lang.Object, java.lang.Object)'> (0x0000000622bfc690) 
thrown [s\open\src\hotspot\share\interpreter\linkResolver.cpp, line 796]
Event: 5.510 Thread 0x000002a40ac75d90 Exception <a 'java/lang/NoSuchMethodError'{0x00000006131073f8}: 'int java.lang.invoke.DirectMethodHandle$Holder.invokeSpecial(java.lang.Object, java.lang.Object, int)'> (0x00000006131073f8) 
thrown [s\open\src\hotspot\share\interpreter\linkResolver.cpp, line 796]
Event: 5.536 Thread 0x000002a40ac75d90 Exception <a 'java/lang/NoSuchMethodError'{0x000000061314bcb8}: 'java.lang.Object java.lang.invoke.DirectMethodHandle$Holder.newInvokeSpecial(java.lang.Object, java.lang.Object, int)'> (0x000000061314bcb8) 
thrown [s\open\src\hotspot\share\interpreter\linkResolver.cpp, line 796]
Event: 5.624 Thread 0x000002a3c3859f50 Exception <a 'java/lang/NoSuchMethodError'{0x00000006132c6a50}: 'int java.lang.invoke.DirectMethodHandle$Holder.invokeStaticInit(java.lang.Object, java.lang.Object)'> (0x00000006132c6a50) 
thrown [s\open\src\hotspot\share\interpreter\linkResolver.cpp, line 796]
Event: 5.915 Thread 0x000002a3c3859f50 Exception <a 'java/lang/NoSuchMethodError'{0x00000006133e3b70}: 'java.lang.Object java.lang.invoke.DirectMethodHandle$Holder.invokeStaticInit(java.lang.Object, int)'> (0x00000006133e3b70) 
thrown [s\open\src\hotspot\share\interpreter\linkResolver.cpp, line 796]
Event: 6.373 Thread 0x000002a40ac75d90 Exception <a 'java/lang/NoSuchMethodError'{0x0000000612dbe158}: 'long java.lang.invoke.DirectMethodHandle$Holder.invokeStatic(java.lang.Object, java.lang.Object, java.lang.Object)'> (0x0000000612dbe158) 
thrown [s\open\src\hotspot\share\interpreter\linkResolver.cpp, line 796]
Event: 6.373 Thread 0x000002a40ac75d90 Exception <a 'java/lang/NoSuchMethodError'{0x0000000612dc15a0}: 'long java.lang.invoke.DirectMethodHandle$Holder.invokeStaticInit(java.lang.Object, java.lang.Object, java.lang.Object)'> (0x0000000612dc15a0) 
thrown [s\open\src\hotspot\share\interpreter\linkResolver.cpp, line 796]
Event: 6.375 Thread 0x000002a40ac75d90 Exception <a 'java/lang/NoSuchMethodError'{0x0000000612dd5da0}: 'java.lang.Object java.lang.invoke.DirectMethodHandle$Holder.newInvokeSpecial(java.lang.Object, java.lang.Object, long)'> (0x0000000612dd5da0) 
thrown [s\open\src\hotspot\share\interpreter\linkResolver.cpp, line 796]
Event: 6.376 Thread 0x000002a40ac75d90 Exception <a 'java/lang/NoSuchMethodError'{0x0000000612dd9720}: 'java.lang.Object java.lang.invoke.Invokers$Holder.linkToTargetMethod(java.lang.Object, long, java.lang.Object)'> (0x0000000612dd9720) 
thrown [s\open\src\hotspot\share\interpreter\linkResolver.cpp, line 796]
Event: 13.071 Thread 0x000002a40ac75d90 Implicit null exception at 0x000002a3ae476d96 to 0x000002a3ae4776b8
Event: 16.603 Thread 0x000002a40ac75d90 Implicit null exception at 0x000002a3ae4d81a0 to 0x000002a3ae4df9a8

VM Operations (20 events):
Event: 29.571 Executing VM operation: get/set locals done
Event: 29.572 Executing VM operation: get/set locals
Event: 29.572 Executing VM operation: get/set locals done
Event: 29.572 Executing VM operation: get/set locals
Event: 29.572 Executing VM operation: get/set locals done
Event: 29.572 Executing VM operation: get/set locals
Event: 29.572 Executing VM operation: get/set locals done
Event: 29.572 Executing VM operation: get/set locals
Event: 29.572 Executing VM operation: get/set locals done
Event: 29.573 Executing VM operation: get/set locals
Event: 29.573 Executing VM operation: get/set locals done
Event: 31.728 Executing VM operation: ChangeBreakpoints
Event: 31.728 Executing VM operation: ChangeBreakpoints done
Event: 31.728 Executing VM operation: ChangeBreakpoints
Event: 31.728 Executing VM operation: ChangeBreakpoints done
Event: 31.728 Executing VM operation: ChangeBreakpoints
Event: 31.728 Executing VM operation: ChangeBreakpoints done
Event: 31.728 Executing VM operation: ChangeBreakpoints
Event: 31.729 Executing VM operation: ChangeBreakpoints done
Event: 31.788 Executing VM operation: Exit

Memory protections (0 events):
No events

Nmethod flushes (20 events):
Event: 16.403 Thread 0x000002a3c3820fb0 flushing  nmethod 0x000002a3a68b8188
Event: 16.403 Thread 0x000002a3c3820fb0 flushing  nmethod 0x000002a3a68f3d88
Event: 16.403 Thread 0x000002a3c3820fb0 flushing  nmethod 0x000002a3a69baa08
Event: 16.403 Thread 0x000002a3c3820fb0 flushing  nmethod 0x000002a3a6a0aa88
Event: 16.403 Thread 0x000002a3c3820fb0 flushing  nmethod 0x000002a3a6d31b08
Event: 16.403 Thread 0x000002a3c3820fb0 flushing  nmethod 0x000002a3a6d32488
Event: 16.403 Thread 0x000002a3c3820fb0 flushing  nmethod 0x000002a3a67fd708
Event: 16.403 Thread 0x000002a3c3820fb0 flushing  nmethod 0x000002a3a67fdc08
Event: 16.403 Thread 0x000002a3c3820fb0 flushing  nmethod 0x000002a3a6856508
Event: 16.403 Thread 0x000002a3c3820fb0 flushing  nmethod 0x000002a3a68ce688
Event: 16.403 Thread 0x000002a3c3820fb0 flushing  nmethod 0x000002a3a69ab488
Event: 16.403 Thread 0x000002a3c3820fb0 flushing  nmethod 0x000002a3a69add88
Event: 16.403 Thread 0x000002a3c3820fb0 flushing  nmethod 0x000002a3a69aeb08
Event: 16.403 Thread 0x000002a3c3820fb0 flushing  nmethod 0x000002a3a69af208
Event: 16.403 Thread 0x000002a3c3820fb0 flushing  nmethod 0x000002a3a69af508
Event: 16.403 Thread 0x000002a3c3820fb0 flushing  nmethod 0x000002a3a69afa08
Event: 16.403 Thread 0x000002a3c3820fb0 flushing  nmethod 0x000002a3a69f5488
Event: 16.403 Thread 0x000002a3c3820fb0 flushing  nmethod 0x000002a3a6a32c88
Event: 16.403 Thread 0x000002a3c3820fb0 flushing  nmethod 0x000002a3a6c2f408
Event: 16.403 Thread 0x000002a3c3820fb0 flushing  nmethod 0x000002a3a6c30788

Events (20 events):
Event: 13.664 Thread 0x000002a40a1f6c50 Thread exited: 0x000002a40a1f6c50
Event: 13.680 Thread 0x000002a40a1f79f0 Thread exited: 0x000002a40a1f79f0
Event: 15.140 Thread 0x000002a3c3a859f0 Thread added: 0x000002a44325a1b0
Event: 15.674 Thread 0x000002a44325a1b0 Thread exited: 0x000002a44325a1b0
Event: 16.718 Thread 0x000002a3c385cbc0 Thread added: 0x000002a40a1f6c50
Event: 16.956 Thread 0x000002a40a1f6c50 Thread exited: 0x000002a40a1f6c50
Event: 19.420 Thread 0x000002a3c3a859f0 Thread exited: 0x000002a3c3a859f0
Event: 19.420 Thread 0x000002a3c3a85330 Thread exited: 0x000002a3c3a85330
Event: 20.412 Thread 0x000002a3c38e5360 Thread exited: 0x000002a3c38e5360
Event: 31.728 Thread 0x000002a3c3858510 Thread exited: 0x000002a3c3858510
Event: 31.736 Thread 0x000002a3c3857e80 Thread exited: 0x000002a3c3857e80
Event: 31.779 Thread 0x000002a3c3847b50 Thread added: 0x000002a41638e160
Event: 31.780 Thread 0x000002a41638e160 Thread added: 0x000002a416390230
Event: 31.780 Thread 0x000002a41638e160 Thread added: 0x000002a41638e7f0
Event: 31.780 Thread 0x000002a41638e160 Thread added: 0x000002a3c385ac70
Event: 31.781 Thread 0x000002a416390230 Thread exited: 0x000002a416390230
Event: 31.783 Thread 0x000002a41638e7f0 Thread exited: 0x000002a41638e7f0
Event: 31.787 Thread 0x000002a3c385ac70 Thread exited: 0x000002a3c385ac70
Event: 31.787 Thread 0x000002a41638e160 Before exit entered
Event: 31.788 Thread 0x000002a3c3847b50 Thread exited: 0x000002a3c3847b50


Dynamic libraries:
0x00007ff7e3f70000 - 0x00007ff7e3f80000 	C:\Program Files\Java\jdk-23\bin\java.exe
0x00007ffe27660000 - 0x00007ffe278c0000 	C:\WINDOWS\SYSTEM32\ntdll.dll
0x00007ffe269a0000 - 0x00007ffe26a67000 	C:\WINDOWS\System32\KERNEL32.DLL
0x00007ffe24da0000 - 0x00007ffe2516a000 	C:\WINDOWS\System32\KERNELBASE.dll
0x00007ffe249c0000 - 0x00007ffe24b0b000 	C:\WINDOWS\System32\ucrtbase.dll
0x00007ffe13d00000 - 0x00007ffe13d17000 	C:\Program Files\Java\jdk-23\bin\jli.dll
0x00007ffe13d50000 - 0x00007ffe13d6b000 	C:\Program Files\Java\jdk-23\bin\VCRUNTIME140.dll
0x00007ffe25560000 - 0x00007ffe2572c000 	C:\WINDOWS\System32\USER32.dll
0x00007ffe09930000 - 0x00007ffe09bc7000 	C:\WINDOWS\WinSxS\amd64_microsoft.windows.common-controls_6595b64144ccf1df_6.0.26100.3624_none_3e086962e3345f24\COMCTL32.dll
0x00007ffe24900000 - 0x00007ffe24927000 	C:\WINDOWS\System32\win32u.dll
0x00007ffe27540000 - 0x00007ffe275e9000 	C:\WINDOWS\System32\msvcrt.dll
0x00007ffe275f0000 - 0x00007ffe2761a000 	C:\WINDOWS\System32\GDI32.dll
0x00007ffe24b10000 - 0x00007ffe24c41000 	C:\WINDOWS\System32\gdi32full.dll
0x00007ffe24cf0000 - 0x00007ffe24d93000 	C:\WINDOWS\System32\msvcp_win.dll
0x00007ffe26740000 - 0x00007ffe2676f000 	C:\WINDOWS\System32\IMM32.DLL
0x00007ffe1ae40000 - 0x00007ffe1ae4c000 	C:\Program Files\Java\jdk-23\bin\vcruntime140_1.dll
0x00007ffde0050000 - 0x00007ffde00de000 	C:\Program Files\Java\jdk-23\bin\msvcp140.dll
0x00007ffd9e1b0000 - 0x00007ffd9eeff000 	C:\Program Files\Java\jdk-23\bin\server\jvm.dll
0x00007ffe273e0000 - 0x00007ffe27492000 	C:\WINDOWS\System32\ADVAPI32.dll
0x00007ffe26a70000 - 0x00007ffe26b16000 	C:\WINDOWS\System32\sechost.dll
0x00007ffe26780000 - 0x00007ffe26896000 	C:\WINDOWS\System32\RPCRT4.dll
0x00007ffe254e0000 - 0x00007ffe25554000 	C:\WINDOWS\System32\WS2_32.dll
0x00007ffe24690000 - 0x00007ffe246ee000 	C:\WINDOWS\SYSTEM32\POWRPROF.dll
0x00007ffe110e0000 - 0x00007ffe110eb000 	C:\WINDOWS\SYSTEM32\VERSION.dll
0x00007ffe1b2e0000 - 0x00007ffe1b316000 	C:\WINDOWS\SYSTEM32\WINMM.dll
0x00007ffe24670000 - 0x00007ffe24684000 	C:\WINDOWS\SYSTEM32\UMPDC.dll
0x00007ffe23650000 - 0x00007ffe2366a000 	C:\WINDOWS\SYSTEM32\kernel.appcore.dll
0x00007ffe1ab10000 - 0x00007ffe1ab1a000 	C:\Program Files\Java\jdk-23\bin\jimage.dll
0x00007ffe21ee0000 - 0x00007ffe22121000 	C:\WINDOWS\SYSTEM32\DBGHELP.DLL
0x00007ffe26b20000 - 0x00007ffe26ea2000 	C:\WINDOWS\System32\combase.dll
0x00007ffe25d50000 - 0x00007ffe25e26000 	C:\WINDOWS\System32\OLEAUT32.dll
0x00007ffe07400000 - 0x00007ffe07439000 	C:\WINDOWS\SYSTEM32\dbgcore.DLL
0x00007ffe24c50000 - 0x00007ffe24ce9000 	C:\WINDOWS\System32\bcryptPrimitives.dll
0x00007ffe00ac0000 - 0x00007ffe00afc000 	C:\Program Files\Java\jdk-23\bin\jdwp.dll
0x00007ffdb4610000 - 0x00007ffdb481e000 	C:\Users\andre\AppData\Local\Temp\idea_libasyncProfiler_dll_temp_folder10\libasyncProfiler.dll
0x00007ffe1f310000 - 0x00007ffe1f31f000 	C:\Program Files\Java\jdk-23\bin\instrument.dll
0x00007ffe0ddb0000 - 0x00007ffe0ddce000 	C:\Program Files\Java\jdk-23\bin\java.dll
0x00007ffe27020000 - 0x00007ffe271b6000 	C:\WINDOWS\System32\ole32.dll
0x00007ffe25e30000 - 0x00007ffe26559000 	C:\WINDOWS\System32\SHELL32.dll
0x00007ffe252f0000 - 0x00007ffe25458000 	C:\WINDOWS\System32\wintypes.dll
0x00007ffe0d8b0000 - 0x00007ffe0d8c7000 	C:\Program Files\Java\jdk-23\bin\zip.dll
0x00007ffe22350000 - 0x00007ffe22ba2000 	C:\WINDOWS\SYSTEM32\windows.storage.dll
0x00007ffe26eb0000 - 0x00007ffe26f9d000 	C:\WINDOWS\System32\SHCORE.dll
0x00007ffe26fa0000 - 0x00007ffe27004000 	C:\WINDOWS\System32\shlwapi.dll
0x00007ffe24750000 - 0x00007ffe2477f000 	C:\WINDOWS\SYSTEM32\profapi.dll
0x00007ffe01250000 - 0x00007ffe01327000 	C:\Program Files\Java\jdk-23\bin\jsvml.dll
0x00007ffe0dcd0000 - 0x00007ffe0dce0000 	C:\Program Files\Java\jdk-23\bin\net.dll
0x00007ffe23b70000 - 0x00007ffe23bda000 	C:\WINDOWS\system32\mswsock.dll
0x00007ffe0d8d0000 - 0x00007ffe0d8e6000 	C:\Program Files\Java\jdk-23\bin\nio.dll
0x00007ffe0dda0000 - 0x00007ffe0ddac000 	C:\Program Files\Java\jdk-23\bin\dt_socket.dll
0x00007ffe230f0000 - 0x00007ffe23123000 	C:\WINDOWS\SYSTEM32\IPHLPAPI.DLL
0x000002a39b5a0000 - 0x000002a39b5a3000 	C:\Users\andre\.openjfx\cache\17.0.6\api-ms-win-core-console-l1-1-0.dll
0x000002a39b5b0000 - 0x000002a39b5b3000 	C:\Users\andre\.openjfx\cache\17.0.6\api-ms-win-core-console-l1-2-0.dll
0x000002a39b5c0000 - 0x000002a39b5c3000 	C:\Users\andre\.openjfx\cache\17.0.6\api-ms-win-core-datetime-l1-1-0.dll
0x000002a39b5d0000 - 0x000002a39b5d3000 	C:\Users\andre\.openjfx\cache\17.0.6\api-ms-win-core-debug-l1-1-0.dll
0x000002a39b5e0000 - 0x000002a39b5e3000 	C:\Users\andre\.openjfx\cache\17.0.6\api-ms-win-core-errorhandling-l1-1-0.dll
0x000002a39b5f0000 - 0x000002a39b5f4000 	C:\Users\andre\.openjfx\cache\17.0.6\api-ms-win-core-file-l1-1-0.dll
0x000002a39b600000 - 0x000002a39b603000 	C:\Users\andre\.openjfx\cache\17.0.6\api-ms-win-core-file-l1-2-0.dll
0x000002a39cfc0000 - 0x000002a39cfc3000 	C:\Users\andre\.openjfx\cache\17.0.6\api-ms-win-core-file-l2-1-0.dll
0x000002a39cfd0000 - 0x000002a39cfd3000 	C:\Users\andre\.openjfx\cache\17.0.6\api-ms-win-core-handle-l1-1-0.dll
0x000002a39cfe0000 - 0x000002a39cfe3000 	C:\Users\andre\.openjfx\cache\17.0.6\api-ms-win-core-heap-l1-1-0.dll
0x000002a39d770000 - 0x000002a39d773000 	C:\Users\andre\.openjfx\cache\17.0.6\api-ms-win-core-interlocked-l1-1-0.dll
0x000002a39d780000 - 0x000002a39d783000 	C:\Users\andre\.openjfx\cache\17.0.6\api-ms-win-core-libraryloader-l1-1-0.dll
0x000002a39d790000 - 0x000002a39d793000 	C:\Users\andre\.openjfx\cache\17.0.6\api-ms-win-core-localization-l1-2-0.dll
0x000002a39d7a0000 - 0x000002a39d7a3000 	C:\Users\andre\.openjfx\cache\17.0.6\api-ms-win-core-memory-l1-1-0.dll
0x000002a39d7b0000 - 0x000002a39d7b3000 	C:\Users\andre\.openjfx\cache\17.0.6\api-ms-win-core-namedpipe-l1-1-0.dll
0x000002a39d7c0000 - 0x000002a39d7c3000 	C:\Users\andre\.openjfx\cache\17.0.6\api-ms-win-core-processenvironment-l1-1-0.dll
0x000002a39d7d0000 - 0x000002a39d7d3000 	C:\Users\andre\.openjfx\cache\17.0.6\api-ms-win-core-processthreads-l1-1-0.dll
0x000002a39d7e0000 - 0x000002a39d7e3000 	C:\Users\andre\.openjfx\cache\17.0.6\api-ms-win-core-processthreads-l1-1-1.dll
0x000002a39d7f0000 - 0x000002a39d7f3000 	C:\Users\andre\.openjfx\cache\17.0.6\api-ms-win-core-profile-l1-1-0.dll
0x000002a3c3ad0000 - 0x000002a3c3ad3000 	C:\Users\andre\.openjfx\cache\17.0.6\api-ms-win-core-rtlsupport-l1-1-0.dll
0x000002a3c3ae0000 - 0x000002a3c3ae3000 	C:\Users\andre\.openjfx\cache\17.0.6\api-ms-win-core-string-l1-1-0.dll
0x000002a3c3af0000 - 0x000002a3c3af3000 	C:\Users\andre\.openjfx\cache\17.0.6\api-ms-win-core-synch-l1-1-0.dll
0x000002a3c3b00000 - 0x000002a3c3b03000 	C:\Users\andre\.openjfx\cache\17.0.6\api-ms-win-core-synch-l1-2-0.dll
0x000002a3c3b10000 - 0x000002a3c3b13000 	C:\Users\andre\.openjfx\cache\17.0.6\api-ms-win-core-sysinfo-l1-1-0.dll
0x000002a3c3b20000 - 0x000002a3c3b23000 	C:\Users\andre\.openjfx\cache\17.0.6\api-ms-win-core-timezone-l1-1-0.dll
0x000002a3c3b30000 - 0x000002a3c3b33000 	C:\Users\andre\.openjfx\cache\17.0.6\api-ms-win-core-util-l1-1-0.dll
0x000002a3c3b40000 - 0x000002a3c3b43000 	C:\Users\andre\.openjfx\cache\17.0.6\api-ms-win-crt-conio-l1-1-0.dll
0x000002a3c3b50000 - 0x000002a3c3b54000 	C:\Users\andre\.openjfx\cache\17.0.6\api-ms-win-crt-convert-l1-1-0.dll
0x000002a3c3b60000 - 0x000002a3c3b63000 	C:\Users\andre\.openjfx\cache\17.0.6\api-ms-win-crt-environment-l1-1-0.dll
0x000002a3c3b70000 - 0x000002a3c3b73000 	C:\Users\andre\.openjfx\cache\17.0.6\api-ms-win-crt-filesystem-l1-1-0.dll
0x000002a3c3b80000 - 0x000002a3c3b83000 	C:\Users\andre\.openjfx\cache\17.0.6\api-ms-win-crt-heap-l1-1-0.dll
0x000002a3c3b90000 - 0x000002a3c3b93000 	C:\Users\andre\.openjfx\cache\17.0.6\api-ms-win-crt-locale-l1-1-0.dll
0x000002a3c3ba0000 - 0x000002a3c3ba5000 	C:\Users\andre\.openjfx\cache\17.0.6\api-ms-win-crt-math-l1-1-0.dll
0x000002a3c3bb0000 - 0x000002a3c3bb5000 	C:\Users\andre\.openjfx\cache\17.0.6\api-ms-win-crt-multibyte-l1-1-0.dll
0x000002a3c3bc0000 - 0x000002a3c3bd0000 	C:\Users\andre\.openjfx\cache\17.0.6\api-ms-win-crt-private-l1-1-0.dll
0x000002a3c3bd0000 - 0x000002a3c3bd3000 	C:\Users\andre\.openjfx\cache\17.0.6\api-ms-win-crt-process-l1-1-0.dll
0x000002a3c3be0000 - 0x000002a3c3be4000 	C:\Users\andre\.openjfx\cache\17.0.6\api-ms-win-crt-runtime-l1-1-0.dll
0x000002a3c3bf0000 - 0x000002a3c3bf4000 	C:\Users\andre\.openjfx\cache\17.0.6\api-ms-win-crt-stdio-l1-1-0.dll
0x000002a3c3c00000 - 0x000002a3c3c04000 	C:\Users\andre\.openjfx\cache\17.0.6\api-ms-win-crt-string-l1-1-0.dll
0x000002a3c3c10000 - 0x000002a3c3c13000 	C:\Users\andre\.openjfx\cache\17.0.6\api-ms-win-crt-time-l1-1-0.dll
0x000002a3c3c20000 - 0x000002a3c3c23000 	C:\Users\andre\.openjfx\cache\17.0.6\api-ms-win-crt-utility-l1-1-0.dll
0x00007ffdb86f0000 - 0x00007ffdb87ec000 	C:\Users\andre\.openjfx\cache\17.0.6\ucrtbase.dll
0x00007ffe00a60000 - 0x00007ffe00a7a000 	C:\Users\andre\.openjfx\cache\17.0.6\vcruntime140.dll
0x00007ffe00a50000 - 0x00007ffe00a5c000 	C:\Users\andre\.openjfx\cache\17.0.6\vcruntime140_1.dll
0x00007ffdb7470000 - 0x00007ffdb74fd000 	C:\Users\andre\.openjfx\cache\17.0.6\msvcp140.dll
0x00007ffdfc330000 - 0x00007ffdfc339000 	C:\Users\andre\.openjfx\cache\17.0.6\msvcp140_1.dll
0x00007ffdf1170000 - 0x00007ffdf119f000 	C:\Users\andre\.openjfx\cache\17.0.6\msvcp140_2.dll
0x00007ffdc9ff0000 - 0x00007ffdca01a000 	C:\Users\andre\.openjfx\cache\17.0.6\prism_d3d.dll
0x00007ffde01b0000 - 0x00007ffde035c000 	C:\WINDOWS\system32\d3d9.dll
0x00007ffe218a0000 - 0x00007ffe218d6000 	C:\WINDOWS\SYSTEM32\dwmapi.dll
0x00007ffe218e0000 - 0x00007ffe21927000 	C:\WINDOWS\SYSTEM32\dxcore.dll
0x00007ffe214a0000 - 0x00007ffe2154e000 	C:\WINDOWS\system32\uxtheme.dll
0x00007ffe215d0000 - 0x00007ffe2162e000 	C:\WINDOWS\SYSTEM32\directxdatabasehelper.dll
0x00007ffe24380000 - 0x00007ffe243df000 	C:\WINDOWS\SYSTEM32\cfgmgr32.dll
0x00007ffdb7420000 - 0x00007ffdb7462000 	C:\Users\andre\.openjfx\cache\17.0.6\glass.dll
0x00007ffe268a0000 - 0x00007ffe26994000 	C:\WINDOWS\System32\COMDLG32.dll
0x00007ffe26560000 - 0x00007ffe266bd000 	C:\WINDOWS\System32\MSCTF.dll
0x00007ffdef9c0000 - 0x00007ffdef9d4000 	C:\Users\andre\.openjfx\cache\17.0.6\javafx_font.dll
0x00007ffe1fc40000 - 0x00007ffe1fea9000 	C:\WINDOWS\SYSTEM32\dwrite.dll
0x00007ffe23e20000 - 0x00007ffe23e3c000 	C:\WINDOWS\SYSTEM32\CRYPTSP.dll
0x00007ffe235b0000 - 0x00007ffe235ea000 	C:\WINDOWS\system32\rsaenh.dll
0x00007ffe23c10000 - 0x00007ffe23c3b000 	C:\WINDOWS\SYSTEM32\USERENV.dll
0x00007ffe24720000 - 0x00007ffe24746000 	C:\WINDOWS\SYSTEM32\bcrypt.dll
0x00007ffe23e10000 - 0x00007ffe23e1c000 	C:\WINDOWS\SYSTEM32\CRYPTBASE.dll
0x00007ffe27010000 - 0x00007ffe2701a000 	C:\WINDOWS\System32\NSI.dll
0x00007ffe0d730000 - 0x00007ffe0d73e000 	C:\Program Files\Java\jdk-23\bin\sunmscapi.dll
0x00007ffe25170000 - 0x00007ffe252e7000 	C:\WINDOWS\System32\CRYPT32.dll
0x00007ffe24010000 - 0x00007ffe24040000 	C:\WINDOWS\SYSTEM32\ncrypt.dll
0x00007ffe23fc0000 - 0x00007ffe23fff000 	C:\WINDOWS\SYSTEM32\NTASN1.dll
0x00007ffe23130000 - 0x00007ffe23255000 	C:\WINDOWS\SYSTEM32\DNSAPI.dll
0x00007ffe1c970000 - 0x00007ffe1c97b000 	C:\Windows\System32\rasadhlp.dll
0x00007ffe1e8f0000 - 0x00007ffe1e975000 	C:\WINDOWS\System32\fwpuclnt.dll
0x00007ffe25730000 - 0x00007ffe257d8000 	C:\WINDOWS\System32\clbcatq.dll
0x00007ffe1fa00000 - 0x00007ffe1fc2e000 	C:\WINDOWS\SYSTEM32\WindowsCodecs.dll
0x00007ffdfd340000 - 0x00007ffdfd39a000 	C:\WINDOWS\system32\dataexchange.dll
0x00007ffe131e0000 - 0x00007ffe1341b000 	C:\WINDOWS\system32\twinapi.appcore.dll
0x00007ffdca1a0000 - 0x00007ffdca1cc000 	C:\Program Files\Common Files\Microsoft Shared\Ink\rtscom.dll

dbghelp: loaded successfully - version: 4.0.5 - missing functions: none
symbol engine: initialized successfully - sym options: 0x614 - pdb path: .;C:\Program Files\Java\jdk-23\bin;C:\WINDOWS\SYSTEM32;C:\WINDOWS\WinSxS\amd64_microsoft.windows.common-controls_6595b64144ccf1df_6.0.26100.3624_none_3e086962e3345f24;C:\Program Files\Java\jdk-23\bin\server;C:\Users\andre\AppData\Local\Temp\idea_libasyncProfiler_dll_temp_folder10;C:\Users\andre\.openjfx\cache\17.0.6;C:\WINDOWS\System32\DriverStore\FileRepository\iigd_dch.inf_amd64_c2201cfb126f0796;C:\Program Files\Common Files\Microsoft Shared\Ink

VM Arguments:
jvm_args: -agentlib:jdwp=transport=dt_socket,address=127.0.0.1:61750,suspend=y,server=n -agentpath:C:\Users\andre\AppData\Local\Temp\idea_libasyncProfiler_dll_temp_folder10\libasyncProfiler.dll=version,jfr,event=wall,interval=10ms,cstack=no,file=C:\Users\andre\IdeaSnapshots\StartApplication_2025_04_23_175040.jfr,dbghelppath=C:\Users\andre\AppData\Local\Temp\idea_dbghelp_dll_temp_folder1\dbghelp.dll,log=C:\Users\andre\AppData\Local\Temp\StartApplication_2025_04_23_175040.jfr.log.txt,logLevel=DEBUG -javaagent:C:\Users\andre\AppData\Local\JetBrains\IntelliJIdea2024.3\captureAgent\debugger-agent.jar -Dkotlinx.coroutines.debug.enable.creation.stack.trace=false -Ddebugger.agent.enable.coroutines=true -Dkotlinx.coroutines.debug.enable.flows.stack.trace=true -Dkotlinx.coroutines.debug.enable.mutable.state.flows.stack.trace=true -Dfile.encoding=UTF-8 -Dsun.stdout.encoding=UTF-8 -Dsun.stderr.encoding=UTF-8 --module-path=C:\Users\andre\.m2\repository\com\github\almasb\fxgl-core\17.3\fxgl-core-17.3.jar;C:\Users\andre\.m2\repository\com\github\almasb\fxgl-scene\17.3\fxgl-scene-17.3.jar;C:\Users\andre\.m2\repository\com\github\almasb\fxgl-io\17.3\fxgl-io-17.3.jar;C:\Users\andre\.m2\repository\org\openjfx\javafx-base\17.0.6\javafx-base-17.0.6-win.jar;C:\Users\andre\.m2\repository\org\openjfx\javafx-fxml\17.0.6\javafx-fxml-17.0.6-win.jar;C:\Users\andre\.m2\repository\org\openjfx\javafx-controls\17.0.6\javafx-controls-17.0.6-win.jar;C:\Users\andre\.m2\repository\com\fasterxml\jackson\core\jackson-core\2.15.2\jackson-core-2.15.2.jar;C:\Users\andre\.m2\repository\org\openjfx\javafx-swing\17.0.6\javafx-swing-17.0.6-win.jar;C:\Users\andre\.m2\repository\com\fasterxml\jackson\core\jackson-annotations\2.15.2\jackson-annotations-2.15.2.jar;C:\Users\andre\.m2\repository\eu\hansolo\fx\countries\21.0.3\countries-21.0.3.jar;C:\Users\andre\.m2\repository\eu\hansolo\tilesfx\21.0.3\tilesfx-21.0.3.jar;C:\Users\andre\.m2\repository\com\gluonhq\attach\util\4.0.17\util-4.0.17.jar;C:\Users\andre\.m2\repository\com\github\almasb\fxgl\17.3\fxgl-17.3.jar;C:\Users\andre\.m2\repository\eu\hansolo\toolboxfx\21.0.3\toolboxfx-21.0.3.jar;C:\Users\andre\.m2\repository\eu\hansolo\toolbox\21.0.5\toolbox-21.0.5.jar;C:\Users\andre\.m2\repository\com\dlsc\formsfx\formsfx-core\11.6.0\formsfx-core-11.6.0.jar;C:\Users\andre\.m2\repository\org\json\json\20231013\json-20231013.jar;C:\Users\andre\.m2\repository\org\openjfx\javafx-web\17.0.6\javafx-web-17.0.6-win.jar;C:\Users\andre\.m2\repository\com\gluonhq\attach\lifecycle\4.0.17\lifecycle-4.0.17.jar;C:\Users\andre\.m2\repository\com\github\almasb\fxgl-entity\17.3\fxgl-entity-17.3.jar;C:\Users\andre\.m2\repository\com\github\almasb\fxgl-gameplay\17.3\fxgl-gameplay-17.3.jar;C:\Users\andre\.m2\repository\org\kordamp\bootstrapfx\bootstrapfx-core\0.4.0\bootstrapfx-core-0.4.0.jar;C:\Users\andre\.m2\repository\net\synedra\validatorfx\0.5.0\validatorfx-0.5.0.jar;C:\Use-Djdk.module.main=com.dashboard.desktopapp 
java_command: com.dashboard.desktopapp/com.dashboard.desktopapp.StartApplication
java_class_path (initial): C:\Users\andre\.m2\repository\org\openjfx\javafx-controls\17.0.6\javafx-controls-17.0.6.jar;C:\Users\andre\.m2\repository\org\openjfx\javafx-graphics\17.0.6\javafx-graphics-17.0.6.jar;C:\Users\andre\.m2\repository\org\openjfx\javafx-base\17.0.6\javafx-base-17.0.6.jar;C:\Users\andre\.m2\repository\org\openjfx\javafx-fxml\17.0.6\javafx-fxml-17.0.6.jar;C:\Users\andre\.m2\repository\org\openjfx\javafx-web\17.0.6\javafx-web-17.0.6.jar;C:\Users\andre\.m2\repository\org\openjfx\javafx-swing\17.0.6\javafx-swing-17.0.6.jar;C:\Users\andre\.m2\repository\org\openjfx\javafx-media\17.0.6\javafx-media-17.0.6.jar;C:\Users\andre\.m2\repository\org\jetbrains\kotlin\kotlin-stdlib-common\1.8.10\kotlin-stdlib-common-1.8.10.jar;C:\Users\andre\.m2\repository\org\jetbrains\annotations\13.0\annotations-13.0.jar;C:\Program Files\JetBrains\IntelliJ IDEA 2024.3.3\lib\idea_rt.jar
Launcher Type: SUN_STANDARD

[Global flags]
     intx CICompilerCount                          = 12                                        {product} {ergonomic}
     uint ConcGCThreads                            = 4                                         {product} {ergonomic}
     uint G1ConcRefinementThreads                  = 15                                        {product} {ergonomic}
   size_t G1HeapRegionSize                         = 4194304                                   {product} {ergonomic}
   size_t InitialHeapSize                          = 532676608                                 {product} {ergonomic}
   size_t MarkStackSize                            = 4194304                                   {product} {ergonomic}
   size_t MarkStackSizeMax                         = 536870912                                 {product} {ergonomic}
   size_t MaxHeapSize                              = 8497659904                                {product} {ergonomic}
   size_t MaxNewSize                               = 5096079360                                {product} {ergonomic}
   size_t MinHeapDeltaBytes                        = 4194304                                   {product} {ergonomic}
   size_t MinHeapSize                              = 8388608                                   {product} {ergonomic}
    uintx NonNMethodCodeHeapSize                   = 7602176                                {pd product} {ergonomic}
    uintx NonProfiledCodeHeapSize                  = 122093568                              {pd product} {ergonomic}
    uintx ProfiledCodeHeapSize                     = 121962496                              {pd product} {ergonomic}
    uintx ReservedCodeCacheSize                    = 251658240                              {pd product} {ergonomic}
     bool SegmentedCodeCache                       = true                                      {product} {ergonomic}
   size_t SoftMaxHeapSize                          = 8497659904                             {manageable} {ergonomic}
     bool UseCompressedOops                        = true                           {product lp64_product} {ergonomic}
     bool UseG1GC                                  = true                                      {product} {ergonomic}
     bool UseLargePagesIndividualAllocation        = false                                  {pd product} {ergonomic}

Logging:
Log output configuration:
 #0: stdout all=off uptime,level,tags foldmultilines=false
 #1: stderr all=off uptime,level,tags foldmultilines=false

Environment Variables:
JAVA_HOME=C:\Program Files\Java\jdk-23
PATH=C:\Program Files\Common Files\Oracle\Java\javapath;C:\Program Files (x86)\Common Files\Oracle\Java\java8path;C:\Program Files (x86)\Common Files\Oracle\Java\javapath;C:\WINDOWS\system32;C:\WINDOWS;C:\WINDOWS\System32\Wbem;C:\WINDOWS\System32\WindowsPowerShell\v1.0\;C:\WINDOWS\System32\OpenSSH\;C:\Program Files\Microsoft VS Code\bin;C:\Program Files (x86)\Microsoft SQL Server\160\Tools\Binn\;C:\Program Files\Microsoft SQL Server\160\Tools\Binn\;C:\Program Files\Microsoft SQL Server\Client SDK\ODBC\170\Tools\Binn\;C:\Program Files\Microsoft SQL Server\160\DTS\Binn\;C:\Program Files\Git\cmd;C:\Program Files\nodejs\;C:\Program Files\dotnet\;C:\Python\;;C:\Program Files\Docker\Docker\resources\bin;C:\Program Files\Portugal Identity Card\;C:\Program Files (x86)\Windows Kits\10\Windows Performance Toolkit\;C:\Users\andre\.pyenv\pyenv-win\bin;C:\Users\andre\.pyenv\pyenv-win\shims;C:\Users\andre\AppData\Local\Programs\Python\Python311\Scripts\;C:\Users\andre\AppData\Local\Programs\Python\Python311\;C:\Users\andre\AppData\Local\Programs\Python\Launcher\;C:\Users\andre\AppData\Local\Microsoft\WindowsApps;C:\Users\andre\AppData\Roaming\npm;C:\Users\andre\.dotnet\tools;C:\Users\andre\AppData\Local\Programs\mongosh\;C:\Python\;C:\Users\andre\AppData\Local\GitHubDesktop\bin;
USERNAME=andre
OS=Windows_NT
PROCESSOR_IDENTIFIER=Intel64 Family 6 Model 186 Stepping 2, GenuineIntel
TMP=C:\Users\andre\AppData\Local\Temp
TEMP=C:\Users\andre\AppData\Local\Temp




Periodic native trim disabled

---------------  S Y S T E M  ---------------

OS:
 Windows 11 , 64 bit Build 26100 (10.0.26100.3775)
OS uptime: 0 days 23:35 hours
Hyper-V role detected

CPU: total 20 (initial active 20) (10 cores per cpu, 2 threads per core) family 6 model 186 stepping 2 microcode 0x411f, cx8, cmov, fxsr, ht, mmx, 3dnowpref, sse, sse2, sse3, ssse3, sse4.1, sse4.2, popcnt, lzcnt, tsc, tscinvbit, avx, avx2, aes, erms, clmul, bmi1, bmi2, adx, sha, fma, vzeroupper, clflush, clflushopt, clwb, hv, serialize, rdtscp, rdpid, fsrm, gfni, f16c, cet_ibt, cet_ss
Processor Information for processor 0
  Max Mhz: 2400, Current Mhz: 2400, Mhz Limit: 2400
Processor Information for processor 1
  Max Mhz: 2400, Current Mhz: 2400, Mhz Limit: 2400
Processor Information for processor 2
  Max Mhz: 2400, Current Mhz: 2400, Mhz Limit: 2400
Processor Information for processor 3
  Max Mhz: 2400, Current Mhz: 2400, Mhz Limit: 2400
Processor Information for processor 4
  Max Mhz: 2400, Current Mhz: 2400, Mhz Limit: 2400
Processor Information for processor 5
  Max Mhz: 2400, Current Mhz: 2400, Mhz Limit: 2400
Processor Information for processor 6
  Max Mhz: 2400, Current Mhz: 2400, Mhz Limit: 2400
Processor Information for processor 7
  Max Mhz: 2400, Current Mhz: 2400, Mhz Limit: 2400
Processor Information for processor 8
  Max Mhz: 2400, Current Mhz: 2400, Mhz Limit: 2400
Processor Information for processor 9
  Max Mhz: 2400, Current Mhz: 2400, Mhz Limit: 2400
Processor Information for processor 10
  Max Mhz: 2400, Current Mhz: 2400, Mhz Limit: 2400
Processor Information for processor 11
  Max Mhz: 2400, Current Mhz: 2400, Mhz Limit: 2400
Processor Information for processor 12
  Max Mhz: 2400, Current Mhz: 1500, Mhz Limit: 1800
Processor Information for processor 13
  Max Mhz: 2400, Current Mhz: 1800, Mhz Limit: 1800
Processor Information for processor 14
  Max Mhz: 2400, Current Mhz: 1500, Mhz Limit: 1800
Processor Information for processor 15
  Max Mhz: 2400, Current Mhz: 1500, Mhz Limit: 1800
Processor Information for processor 16
  Max Mhz: 2400, Current Mhz: 1500, Mhz Limit: 1800
Processor Information for processor 17
  Max Mhz: 2400, Current Mhz: 1500, Mhz Limit: 1800
Processor Information for processor 18
  Max Mhz: 2400, Current Mhz: 1500, Mhz Limit: 1800
Processor Information for processor 19
  Max Mhz: 2400, Current Mhz: 1500, Mhz Limit: 1800

Memory: 4k page, system-wide physical 32400M (13181M free)
TotalPageFile size 34448M (AvailPageFile size 8864M)
current process WorkingSet (physical memory assigned to process): 907M, peak: 1361M
current process commit charge ("private bytes"): 1036M, peak: 1539M

vm_info: Java HotSpot(TM) 64-Bit Server VM (23+37-2369) for windows-amd64 JRE (23+37-2369), built on 2024-08-20T16:01:23Z with MS VC++ 17.6 (VS2022)

END.
